PRT
D037916DD75AE7ED
A9B04BB79B8B1583
{
[
m_Name
Energy Entity
]
[
m_Description
Very little is known about this entity, other than it feeds on energy sources.
]
[
m_Class
EF718E8F73C5093B
]
[
m_Type
E61E2947C36CFB37
]
[
m_Scene
monsters\\energy\\s_energy.prt
]
[
m_Mass
15.000000
]
[
m_bHullOverride
0
]
[
m_Hull
83E913C2E7A285C183E913C283E913421362864183E91342
]
[
m_Flags
0
]
[
m_Data
1
8EC3E5980911121D
6338333F30D46D54
{
[
m_sID
DESTROY
]
[
m_sPort
monsters\\energy\\s_destroy.prt
]
}
]
[
m_Resources
0
]
[
m_Drops
0
]
}
