PRT
BBE32C0F2208BFD2
9001C87AED84357A
{
[
m_Root
E98E268F2008D746
CA38333F30D46D54
{
[
m_NodeKey
07BF22E40BD07946
]
[
m_Class
231158F1834B35BB
]
[
m_Name
Node
]
[
m_pTemplate
231158F1834B35BB
CB38333F30D46D54
{
[
m_Name

]
[
m_nNodeFlags
0
]
[
m_Children
0
]
[
m_Position
000000000000000000000000
]
[
m_Frame
0000803F0000000000000000000000000000803F0000000000000000000000000000803F
]
}
]
[
m_Children
2
A7576C18F8579FE1
FA990706E9321A3C
{
[
m_NodeKey
339B26E40BD07946
]
[
m_Class
D47152A9AD198EFD
]
[
m_Name
Node
]
[
m_pTemplate
D47152A9AD198EFD
CC38333F30D46D54
{
[
m_Name

]
[
m_nNodeFlags
0
]
[
m_Children
0
]
[
m_Begin
0.000000
]
[
m_End
0.000000
]
[
m_Invert
0
]
[
m_WarpTime
1
]
[
m_Loop
0
]
[
m_LoopEnd
0.000000
]
}
]
[
m_Children
1
03E3385C4B2B3792
F6CFDB47F1321A3C
{
[
m_NodeKey
CB362AE40BD07946
]
[
m_Class
913518E22A23B936
]
[
m_Name
Node
]
[
m_pTemplate
913518E22A23B936
CD38333F30D46D54
{
[
m_Name

]
[
m_nNodeFlags
0
]
[
m_Children
0
]
[
m_Position
000000000000000000000000
]
[
m_Frame
0000803F0000000000000000000000000000803F0000000000000000000000000000803F
]
[
m_XV
0.000000
]
[
m_XA
0.000000
]
[
m_YV
0.000000
]
[
m_YA
0.000000
]
[
m_ZV
0.000000
]
[
m_ZA
0.000000
]
}
]
[
m_Children
1
23E338DC4B2BBF92
4AA1BE96F1321A3C
{
[
m_NodeKey
4FA62DE40BD07946
]
[
m_Class
913D1AE2AA2BB936
]
[
m_Name
Node
]
[
m_pTemplate
913D1AE2AA2BB936
CE38333F30D46D54
{
[
m_Name

]
[
m_nNodeFlags
0
]
[
m_Children
0
]
[
m_Position
000000000000000000000000
]
[
m_Frame
0000803F0000000000000000000000000000803F0000000000000000000000000000803F
]
[
m_pScene
0000000000000000
]
[
m_bNormalizeFrame
1
]
}
]
[
m_Children
0
]
[
m_Position
000000000000000000000000
]
[
m_Frame
0000803F0000000000000000000000000000803F0000000000000000000000000000803F
]
[
m_fFrameScale
1.000000
]
[
m_ScenePort
monsters\\energy\\s_energy.prt
]
[
m_NormalizeFrame
0
]
}
]
[
m_Position
000000000000000000000000
]
[
m_Frame
0000803F0000000000000000000000000000803F0000000000000000000000000000803F
]
[
m_fFrameScale
1.000000
]
[
m_XV
-0.100000
]
[
m_XA
0.000000
]
[
m_YV
-0.100000
]
[
m_YA
0.000000
]
[
m_ZV
-0.100000
]
[
m_ZA
0.000000
]
}
]
[
m_Begin
0.000000
]
[
m_End
10.000000
]
[
m_Invert
0
]
[
m_WarpTime
0
]
[
m_Loop
0
]
[
m_LoopTime
0.000000
]
}
A7576C18F8579FE1
CF38333F30D46D54
{
[
m_NodeKey
B038333F30D46D54
]
[
m_Class
D47152A9AD198EFD
]
[
m_Name
Node
]
[
m_pTemplate
D47152A9AD198EFD
D038333F30D46D54
{
[
m_Name

]
[
m_nNodeFlags
0
]
[
m_Children
0
]
[
m_Begin
0.000000
]
[
m_End
0.000000
]
[
m_Invert
0
]
[
m_WarpTime
1
]
[
m_Loop
0
]
[
m_LoopEnd
0.000000
]
}
]
[
m_Children
3
046C3ADC4B2B4F3D
D138333F30D46D54
{
[
m_NodeKey
B138333F30D46D54
]
[
m_Class
914DE8CAAAD4B336
]
[
m_Name
Node
]
[
m_pTemplate
914DE8CAAAD4B336
D238333F30D46D54
{
[
m_Name

]
[
m_nNodeFlags
0
]
[
m_Children
0
]
[
m_Position
000000000000000000000000
]
[
m_Frame
0000803F0000000000000000000000000000803F0000000000000000000000000000803F
]
[
m_Color
FFFFFFFF
]
[
m_Intensity
1.000000
]
[
m_IntensityV
0.000000
]
[
m_IntensityA
0.000000
]
[
m_Focus
0.000000
]
[
m_Falloff
0.000000
]
}
]
[
m_Children
0
]
[
m_Color
16777215
]
[
m_Intensity
1.000000
]
[
m_IntensityV
-1.000000
]
[
m_IntensityA
0.000000
]
[
m_Focus
0.000000
]
[
m_Range
32000.000000
]
}
9EE0BD55188E0467
D338333F30D46D54
{
[
m_NodeKey
B238333F30D46D54
]
[
m_Class
09E521B210708663
]
[
m_Name
Node
]
[
m_pTemplate
09E521B210708663
D438333F30D46D54
{
[
m_Name

]
[
m_nNodeFlags
2
]
[
m_Children
0
]
[
m_Position
000000000000000000000000
]
[
m_Frame
0000803F0000000000000000000000000000803F0000000000000000000000000000803F
]
[
m_Particles
0
]
[
m_Life
1.000000
]
[
m_ReverseTime
0
]
[
m_Material
0000000000000000
]
[
m_Visible
1.000000
]
[
m_VisibleV
0.000000
]
[
m_VisibleA
0.000000
]
[
m_Scale
1.000000
]
[
m_ScaleV
0.000000
]
[
m_ScaleA
0.000000
]
[
m_Alpha
0.500000
]
[
m_AlphaV
0.000000
]
[
m_AlphaA
0.000000
]
[
m_bLocalSpace
0
]
}
]
[
m_Children
0
]
[
m_Position
000000000000000000000000
]
[
m_Frame
0000803F0000000000000000000000000000803F0000000000000000000000000000803F
]
[
m_fFrameScale
1.000000
]
[
m_Seed
27961
]
[
m_ParticleCount
25
]
[
m_OriginType
0
]
[
m_MinOrigin
000048C2000048C2000048C2
]
[
m_MaxOrigin
000048420000484200004842
]
[
m_MinVelocity
000000000000000000000000
]
[
m_MaxVelocity
000000000000000000000000
]
[
m_MinAcceleration
000000000000000000000000
]
[
m_MaxAcceleration
000000000000000000000000
]
[
m_MinLife
2.000000
]
[
m_MaxLife
2.000000
]
[
m_ReverseTime
0
]
[
m_bLocalSpace
0
]
[
m_Life
2.000000
]
[
m_MaterialPort
effects\\materials\\blue exp part material.prt
]
[
m_Visible
1.000000
]
[
m_VisibleV
0.000000
]
[
m_VisibleA
0.000000
]
[
m_Scale
200.000000
]
[
m_ScaleV
0.000000
]
[
m_ScaleA
0.000000
]
[
m_ScaleVar
0.000000
]
[
m_Alpha
1.000000
]
[
m_AlphaV
-0.500000
]
[
m_AlphaA
0.000000
]
}
A3EF38DE4BABBF9C
D538333F30D46D54
{
[
m_NodeKey
C938333F30D46D54
]
[
m_Class
B13DD2E2A2CBB936
]
[
m_Name
NodeSound
]
[
m_pTemplate
B13DD2E2A2CBB936
D638333F30D46D54
{
[
m_Name

]
[
m_nNodeFlags
0
]
[
m_Children
0
]
[
m_Sound
0000000000000000
]
[
m_Falloff
0.020000
]
[
m_Loop
0
]
}
]
[
m_Children
0
]
[
m_SoundPort
sound\\neno\\explosion4.prt
]
[
m_Falloff
0.000000
]
[
m_Loop
0
]
}
]
[
m_Begin
7.000000
]
[
m_End
21.000000
]
[
m_Invert
0
]
[
m_WarpTime
1
]
[
m_Loop
0
]
[
m_LoopTime
0.000000
]
}
]
[
m_Position
000000000000000000000000
]
[
m_Frame
0000803F0000000000000000000000000000803F0000000000000000000000000000803F
]
[
m_fFrameScale
1.000000
]
}
]
[
m_Fps
15.000000
]
[
m_Segments
1
Effect
0.000000
11.000000
]
[
m_TargetPosition
000000000000000000000000
]
[
m_TargetDistance
432.631470
]
[
m_TargetFrame
F537473F32ABB1BD523B1F3FC21341BDD9C37A3F844A483ECB5120BFB6E339BE0E19423F
]
}
