PRT
BBE32C0F2208BFD2
9D5F5164577FD096
{
[
m_Root
E98E268F2008D746
CE0DC5BDFFFFFFFF
{
[
m_NodeKey
58E16485840EFF48
]
[
m_Class
231158F1834B35BB
]
[
m_Name
Node
]
[
m_pTemplate
BCD8C64E28ED4A4B
D77F2CDDDF252451
{
[
m_Name

]
[
m_nNodeFlags
0
]
[
m_Children
0
]
}
]
[
m_Children
22
ED42FB71490CD97A
63FE6485840EFF48
{
[
m_NodeKey
7B0C6585840EFF48
]
[
m_Class
3EA7FC67C2EC8639
]
[
m_Name
Barnard's Star
]
[
m_pTemplate
2D421BD9D08A9646
6BFDF4005DA27C51
{
[
m_Name

]
[
m_nNodeFlags
5
]
[
m_Children
0
]
[
m_Position
000000000000000000000000
]
[
m_Frame
0000803F0000000000000000000000000000803F0000000000000000000000000000803F
]
[
m_vOrientation
0
0
0
]
[
m_Flags
0
]
[
m_Tick
0
]
[
m_NounContext
0000000000000000
]
[
m_Traits
2
DD2D5A9AF73452D9
0
4F7B2D2FC7265684
{
}
]
[
m_nTeamId
0
]
[
m_nUserId
0
]
[
m_DetectionFlags
4294967295
]
}
]
[
m_Children
0
]
[
m_Position
000000000000000000000000
]
[
m_Frame
0000803F0000000000000000000000000000803F0000000000000000000000000000803F
]
[
m_fFrameScale
1.000000
]
[
m_NounContext
stars\\luyten 726-8 b.prt
]
[
m_nFleetId
-1
]
[
m_Orbiting

]
[
m_OrbitVelocity
0.000000
]
}
FA126F9B7A92FA29
2C3F6585840EFF48
{
[
m_NodeKey
B1476585840EFF48
]
[
m_Class
82BCCF41D3EC8639
]
[
m_Name
Vica
]
[
m_pTemplate
1FC7C8E9ABC93FF4
7AA227015DA27C51
{
[
m_Name

]
[
m_nNodeFlags
0
]
[
m_Children
0
]
[
m_Position
000000000000000000000000
]
[
m_Frame
0000803F0000000000000000000000000000803F0000000000000000000000000000803F
]
[
m_vOrientation
0
0
0
]
[
m_Flags
0
]
[
m_Tick
0
]
[
m_NounContext
0000000000000000
]
[
m_Traits
2
DD2D5A9AF73452D9
0
4F7B2D2FC7265684
{
}
]
[
m_nTeamId
0
]
[
m_nUserId
0
]
[
m_DetectionFlags
4294967295
]
[
m_fControl
0.000000
]
[
m_fPopulation
0.000000
]
[
m_fTechnology
0.000000
]
[
m_fMoral
1.000000
]
[
m_nAllegiance
0
]
[
m_nAllegianceXP
0
]
[
m_nAllegianceXPRequired
72000
]
[
m_fRotVelocity
0.003491
]
[
m_nLockRank
0
]
[
m_TradeRoutes
0
]
[
m_fResources
1000.000000
]
[
m_bImportStatus
1
]
[
m_bExportStatus
1
]
}
]
[
m_Children
0
]
[
m_Position
3DEA73C400000000C335E6C3
]
[
m_Frame
0000803F0000000000000000000000000000803F0000000000000000000000000000803F
]
[
m_fFrameScale
1.000000
]
[
m_NounContext
editor\\planets\\small inferno2.prt
]
[
m_nFleetId
-1
]
[
m_Orbiting
Barnard's Star
]
[
m_OrbitVelocity
0.000000
]
[
m_Population
0
]
[
m_bHydrogen
0
]
[
m_bOxygen
0
]
[
m_bMetals
0
]
[
m_bHeavyMetals
0
]
[
m_bCyroMetals
0
]
[
m_bHyperMatter
0
]
[
m_bDarkMatter
0
]
[
m_bUrdaniam
0
]
}
FA126F9B7A92FA29
20866585840EFF48
{
[
m_NodeKey
E2906585840EFF48
]
[
m_Class
C9013149DAEC8639
]
[
m_Name
Naul
]
[
m_pTemplate
759A0520BA12AD7E
5D0768015DA27C51
{
[
m_Name

]
[
m_nNodeFlags
0
]
[
m_Children
0
]
[
m_Position
000000000000000000000000
]
[
m_Frame
0000803F0000000000000000000000000000803F0000000000000000000000000000803F
]
[
m_vOrientation
0
0
0
]
[
m_Flags
0
]
[
m_Tick
0
]
[
m_NounContext
0000000000000000
]
[
m_Traits
2
DD2D5A9AF73452D9
0
4F7B2D2FC7265684
{
}
]
[
m_nTeamId
0
]
[
m_nUserId
0
]
[
m_DetectionFlags
4294967295
]
[
m_fControl
0.000000
]
[
m_fPopulation
0.000000
]
[
m_fTechnology
0.000000
]
[
m_fMoral
1.000000
]
[
m_nAllegiance
0
]
[
m_nAllegianceXP
0
]
[
m_nAllegianceXPRequired
72000
]
[
m_fRotVelocity
0.003491
]
[
m_nLockRank
0
]
[
m_TradeRoutes
0
]
[
m_fResources
1000.000000
]
[
m_bImportStatus
1
]
[
m_bExportStatus
1
]
}
]
[
m_Children
0
]
[
m_Position
52D8BF43000000001F9148C5
]
[
m_Frame
0000803F0000000000000000000000000000803F0000000000000000000000000000803F
]
[
m_fFrameScale
1.000000
]
[
m_NounContext
editor\\planets\\xlarge barren1.prt
]
[
m_nFleetId
-1
]
[
m_Orbiting
Barnard's Star
]
[
m_OrbitVelocity
0.000000
]
[
m_Population
0
]
[
m_bHydrogen
0
]
[
m_bOxygen
0
]
[
m_bMetals
1
]
[
m_bHeavyMetals
1
]
[
m_bCyroMetals
1
]
[
m_bHyperMatter
1
]
[
m_bDarkMatter
0
]
[
m_bUrdaniam
0
]
}
FA126F9B7A92FA29
ED176685840EFF48
{
[
m_NodeKey
4E256685840EFF48
]
[
m_Class
0ED8E5CFE5EC8639
]
[
m_Name
Fale
]
[
m_pTemplate
E1EF71ED76A4FA29
C6ECA0015DA27C51
{
[
m_Name

]
[
m_nNodeFlags
0
]
[
m_Children
0
]
[
m_Position
000000000000000000000000
]
[
m_Frame
0000803F0000000000000000000000000000803F0000000000000000000000000000803F
]
[
m_vOrientation
0
0
0
]
[
m_Flags
0
]
[
m_Tick
0
]
[
m_NounContext
0000000000000000
]
[
m_Traits
2
DD2D5A9AF73452D9
0
4F7B2D2FC7265684
{
}
]
[
m_nTeamId
0
]
[
m_nUserId
0
]
[
m_DetectionFlags
4294967295
]
[
m_fControl
0.000000
]
[
m_fPopulation
0.000000
]
[
m_fTechnology
0.000000
]
[
m_fMoral
1.000000
]
[
m_nAllegiance
0
]
[
m_nAllegianceXP
0
]
[
m_nAllegianceXPRequired
72000
]
[
m_fRotVelocity
0.003491
]
[
m_nLockRank
0
]
[
m_TradeRoutes
0
]
[
m_fResources
1000.000000
]
[
m_bImportStatus
1
]
[
m_bExportStatus
1
]
}
]
[
m_Children
0
]
[
m_Position
E46BDA4400000000B63891C5
]
[
m_Frame
0000803F0000000000000000000000000000803F0000000000000000000000000000803F
]
[
m_fFrameScale
1.000000
]
[
m_NounContext
editor\\planets\\medium arid2.prt
]
[
m_nFleetId
-1
]
[
m_Orbiting
Naul
]
[
m_OrbitVelocity
0.000000
]
[
m_Population
0
]
[
m_bHydrogen
1
]
[
m_bOxygen
1
]
[
m_bMetals
1
]
[
m_bHeavyMetals
1
]
[
m_bCyroMetals
0
]
[
m_bHyperMatter
0
]
[
m_bDarkMatter
1
]
[
m_bUrdaniam
0
]
}
FA126F9B7A92FA29
DD656685840EFF48
{
[
m_NodeKey
B9706685840EFF48
]
[
m_Class
C9013149DAEC8639
]
[
m_Name
Qyce
]
[
m_pTemplate
759A0520BA12AD7E
22FED1015DA27C51
{
[
m_Name

]
[
m_nNodeFlags
0
]
[
m_Children
0
]
[
m_Position
000000000000000000000000
]
[
m_Frame
0000803F0000000000000000000000000000803F0000000000000000000000000000803F
]
[
m_vOrientation
0
0
0
]
[
m_Flags
0
]
[
m_Tick
0
]
[
m_NounContext
0000000000000000
]
[
m_Traits
2
DD2D5A9AF73452D9
0
4F7B2D2FC7265684
{
}
]
[
m_nTeamId
0
]
[
m_nUserId
0
]
[
m_DetectionFlags
4294967295
]
[
m_fControl
0.000000
]
[
m_fPopulation
0.000000
]
[
m_fTechnology
0.000000
]
[
m_fMoral
1.000000
]
[
m_nAllegiance
0
]
[
m_nAllegianceXP
0
]
[
m_nAllegianceXPRequired
72000
]
[
m_fRotVelocity
0.003491
]
[
m_nLockRank
0
]
[
m_TradeRoutes
0
]
[
m_fResources
1000.000000
]
[
m_bImportStatus
1
]
[
m_bExportStatus
1
]
}
]
[
m_Children
0
]
[
m_Position
D71B8DC4000000007B283FC5
]
[
m_Frame
0000803F0000000000000000000000000000803F0000000000000000000000000000803F
]
[
m_fFrameScale
1.000000
]
[
m_NounContext
editor\\planets\\large barren3.prt
]
[
m_nFleetId
-1
]
[
m_Orbiting
Naul
]
[
m_OrbitVelocity
0.000000
]
[
m_Population
0
]
[
m_bHydrogen
0
]
[
m_bOxygen
0
]
[
m_bMetals
1
]
[
m_bHeavyMetals
1
]
[
m_bCyroMetals
0
]
[
m_bHyperMatter
0
]
[
m_bDarkMatter
0
]
[
m_bUrdaniam
0
]
}
FA126F9B7A92FA29
B5FE6685840EFF48
{
[
m_NodeKey
520B6785840EFF48
]
[
m_Class
BF1C93F1D5EC8639
]
[
m_Name
Maurbon
]
[
m_pTemplate
708A05A8BA13F77E
52B800025DA27C51
{
[
m_Name

]
[
m_nNodeFlags
0
]
[
m_Children
0
]
[
m_Position
000000000000000000000000
]
[
m_Frame
0000803F0000000000000000000000000000803F0000000000000000000000000000803F
]
[
m_vOrientation
0
0
0
]
[
m_Flags
0
]
[
m_Tick
0
]
[
m_NounContext
0000000000000000
]
[
m_Traits
2
DD2D5A9AF73452D9
0
4F7B2D2FC7265684
{
}
]
[
m_nTeamId
0
]
[
m_nUserId
0
]
[
m_DetectionFlags
4294967295
]
[
m_fControl
0.000000
]
[
m_fPopulation
0.000000
]
[
m_fTechnology
0.000000
]
[
m_fMoral
1.000000
]
[
m_nAllegiance
0
]
[
m_nAllegianceXP
0
]
[
m_nAllegianceXPRequired
72000
]
[
m_fRotVelocity
0.003491
]
[
m_nLockRank
0
]
[
m_TradeRoutes
0
]
[
m_fResources
1000.000000
]
[
m_bImportStatus
1
]
[
m_bExportStatus
1
]
}
]
[
m_Children
0
]
[
m_Position
CD3A7346000000001F7606C6
]
[
m_Frame
0000803F0000000000000000000000000000803F0000000000000000000000000000803F
]
[
m_fFrameScale
1.000000
]
[
m_NounContext
editor\\planets\\xlarge terran1.prt
]
[
m_nFleetId
-1
]
[
m_Orbiting
Barnard's Star
]
[
m_OrbitVelocity
0.000000
]
[
m_Population
0
]
[
m_bHydrogen
0
]
[
m_bOxygen
1
]
[
m_bMetals
1
]
[
m_bHeavyMetals
1
]
[
m_bCyroMetals
1
]
[
m_bHyperMatter
0
]
[
m_bDarkMatter
0
]
[
m_bUrdaniam
0
]
}
FA126F9B7A92FA29
4D486785840EFF48
{
[
m_NodeKey
0D536785840EFF48
]
[
m_Class
C9013149DAEC8639
]
[
m_Name
Jaber
]
[
m_pTemplate
759A0520BA12AD7E
18B52F025DA27C51
{
[
m_Name

]
[
m_nNodeFlags
0
]
[
m_Children
0
]
[
m_Position
000000000000000000000000
]
[
m_Frame
0000803F0000000000000000000000000000803F0000000000000000000000000000803F
]
[
m_vOrientation
0
0
0
]
[
m_Flags
0
]
[
m_Tick
0
]
[
m_NounContext
0000000000000000
]
[
m_Traits
2
DD2D5A9AF73452D9
0
4F7B2D2FC7265684
{
}
]
[
m_nTeamId
0
]
[
m_nUserId
0
]
[
m_DetectionFlags
4294967295
]
[
m_fControl
0.000000
]
[
m_fPopulation
0.000000
]
[
m_fTechnology
0.000000
]
[
m_fMoral
1.000000
]
[
m_nAllegiance
0
]
[
m_nAllegianceXP
0
]
[
m_nAllegianceXPRequired
72000
]
[
m_fRotVelocity
0.003491
]
[
m_nLockRank
0
]
[
m_TradeRoutes
0
]
[
m_fResources
1000.000000
]
[
m_bImportStatus
1
]
[
m_bExportStatus
1
]
}
]
[
m_Children
0
]
[
m_Position
C2EF6B460000000066D50DC6
]
[
m_Frame
0000803F0000000000000000000000000000803F0000000000000000000000000000803F
]
[
m_fFrameScale
1.000000
]
[
m_NounContext
editor\\planets\\small barren3.prt
]
[
m_nFleetId
-1
]
[
m_Orbiting
Maurbon
]
[
m_OrbitVelocity
0.000000
]
[
m_Population
0
]
[
m_bHydrogen
0
]
[
m_bOxygen
0
]
[
m_bMetals
1
]
[
m_bHeavyMetals
1
]
[
m_bCyroMetals
0
]
[
m_bHyperMatter
0
]
[
m_bDarkMatter
0
]
[
m_bUrdaniam
0
]
}
FA126F9B7A92FA29
4B906785840EFF48
{
[
m_NodeKey
EA9B6785840EFF48
]
[
m_Class
C9013149DAEC8639
]
[
m_Name
Jago
]
[
m_pTemplate
759A0520BA12AD7E
A2FE5E025DA27C51
{
[
m_Name

]
[
m_nNodeFlags
0
]
[
m_Children
0
]
[
m_Position
000000000000000000000000
]
[
m_Frame
0000803F0000000000000000000000000000803F0000000000000000000000000000803F
]
[
m_vOrientation
0
0
0
]
[
m_Flags
0
]
[
m_Tick
0
]
[
m_NounContext
0000000000000000
]
[
m_Traits
2
DD2D5A9AF73452D9
0
4F7B2D2FC7265684
{
}
]
[
m_nTeamId
0
]
[
m_nUserId
0
]
[
m_DetectionFlags
4294967295
]
[
m_fControl
0.000000
]
[
m_fPopulation
0.000000
]
[
m_fTechnology
0.000000
]
[
m_fMoral
1.000000
]
[
m_nAllegiance
0
]
[
m_nAllegianceXP
0
]
[
m_nAllegianceXPRequired
72000
]
[
m_fRotVelocity
0.003491
]
[
m_nLockRank
0
]
[
m_TradeRoutes
0
]
[
m_fResources
1000.000000
]
[
m_bImportStatus
1
]
[
m_bExportStatus
1
]
}
]
[
m_Children
0
]
[
m_Position
6D3B724600000000229015C6
]
[
m_Frame
0000803F0000000000000000000000000000803F0000000000000000000000000000803F
]
[
m_fFrameScale
1.000000
]
[
m_NounContext
editor\\planets\\small barren2.prt
]
[
m_nFleetId
-1
]
[
m_Orbiting
Maurbon
]
[
m_OrbitVelocity
0.000000
]
[
m_Population
0
]
[
m_bHydrogen
0
]
[
m_bOxygen
0
]
[
m_bMetals
1
]
[
m_bHeavyMetals
0
]
[
m_bCyroMetals
0
]
[
m_bHyperMatter
0
]
[
m_bDarkMatter
0
]
[
m_bUrdaniam
0
]
}
FA126F9B7A92FA29
7ADD6785840EFF48
{
[
m_NodeKey
52E96785840EFF48
]
[
m_Class
C9013149DAEC8639
]
[
m_Name
Jahvet
]
[
m_pTemplate
759A0520BA12AD7E
658E8E025DA27C51
{
[
m_Name

]
[
m_nNodeFlags
0
]
[
m_Children
0
]
[
m_Position
000000000000000000000000
]
[
m_Frame
0000803F0000000000000000000000000000803F0000000000000000000000000000803F
]
[
m_vOrientation
0
0
0
]
[
m_Flags
0
]
[
m_Tick
0
]
[
m_NounContext
0000000000000000
]
[
m_Traits
2
DD2D5A9AF73452D9
0
4F7B2D2FC7265684
{
}
]
[
m_nTeamId
0
]
[
m_nUserId
0
]
[
m_DetectionFlags
4294967295
]
[
m_fControl
0.000000
]
[
m_fPopulation
0.000000
]
[
m_fTechnology
0.000000
]
[
m_fMoral
1.000000
]
[
m_nAllegiance
0
]
[
m_nAllegianceXP
0
]
[
m_nAllegianceXPRequired
72000
]
[
m_fRotVelocity
0.003491
]
[
m_nLockRank
0
]
[
m_TradeRoutes
0
]
[
m_fResources
1000.000000
]
[
m_bImportStatus
1
]
[
m_bExportStatus
1
]
}
]
[
m_Children
0
]
[
m_Position
3D4D6746000000001D3CF9C5
]
[
m_Frame
0000803F0000000000000000000000000000803F0000000000000000000000000000803F
]
[
m_fFrameScale
1.000000
]
[
m_NounContext
editor\\planets\\small barren1.prt
]
[
m_nFleetId
-1
]
[
m_Orbiting
Maurbon
]
[
m_OrbitVelocity
0.000000
]
[
m_Population
0
]
[
m_bHydrogen
0
]
[
m_bOxygen
0
]
[
m_bMetals
1
]
[
m_bHeavyMetals
0
]
[
m_bCyroMetals
0
]
[
m_bHyperMatter
0
]
[
m_bDarkMatter
0
]
[
m_bUrdaniam
0
]
}
FA126F9B7A92FA29
5E296885840EFF48
{
[
m_NodeKey
5D356885840EFF48
]
[
m_Class
5E4AE7A1D7EC8639
]
[
m_Name
Jasha
]
[
m_pTemplate
FDE12BB38128D34F
E23FBC025DA27C51
{
[
m_Name

]
[
m_nNodeFlags
0
]
[
m_Children
0
]
[
m_Position
000000000000000000000000
]
[
m_Frame
0000803F0000000000000000000000000000803F0000000000000000000000000000803F
]
[
m_vOrientation
0
0
0
]
[
m_Flags
0
]
[
m_Tick
0
]
[
m_NounContext
0000000000000000
]
[
m_Traits
2
DD2D5A9AF73452D9
0
4F7B2D2FC7265684
{
}
]
[
m_nTeamId
0
]
[
m_nUserId
0
]
[
m_DetectionFlags
4294967295
]
[
m_fControl
0.000000
]
[
m_fPopulation
0.000000
]
[
m_fTechnology
0.000000
]
[
m_fMoral
1.000000
]
[
m_nAllegiance
0
]
[
m_nAllegianceXP
0
]
[
m_nAllegianceXPRequired
72000
]
[
m_fRotVelocity
0.003491
]
[
m_nLockRank
0
]
[
m_TradeRoutes
0
]
[
m_fResources
1000.000000
]
[
m_bImportStatus
1
]
[
m_bExportStatus
1
]
}
]
[
m_Children
0
]
[
m_Position
EC1B8146000000009C7AFCC5
]
[
m_Frame
0000803F0000000000000000000000000000803F0000000000000000000000000000803F
]
[
m_fFrameScale
1.000000
]
[
m_NounContext
editor\\planets\\small ocean1.prt
]
[
m_nFleetId
-1
]
[
m_Orbiting
Maurbon
]
[
m_OrbitVelocity
0.000000
]
[
m_Population
0
]
[
m_bHydrogen
1
]
[
m_bOxygen
1
]
[
m_bMetals
1
]
[
m_bHeavyMetals
0
]
[
m_bCyroMetals
0
]
[
m_bHyperMatter
0
]
[
m_bDarkMatter
1
]
[
m_bUrdaniam
0
]
}
FA126F9B7A92FA29
03726885840EFF48
{
[
m_NodeKey
4D7C6885840EFF48
]
[
m_Class
C9013149DAEC8639
]
[
m_Name
Javin
]
[
m_pTemplate
759A0520BA12AD7E
1351EA025DA27C51
{
[
m_Name

]
[
m_nNodeFlags
0
]
[
m_Children
0
]
[
m_Position
000000000000000000000000
]
[
m_Frame
0000803F0000000000000000000000000000803F0000000000000000000000000000803F
]
[
m_vOrientation
0
0
0
]
[
m_Flags
0
]
[
m_Tick
0
]
[
m_NounContext
0000000000000000
]
[
m_Traits
2
DD2D5A9AF73452D9
0
4F7B2D2FC7265684
{
}
]
[
m_nTeamId
0
]
[
m_nUserId
0
]
[
m_DetectionFlags
4294967295
]
[
m_fControl
0.000000
]
[
m_fPopulation
0.000000
]
[
m_fTechnology
0.000000
]
[
m_fMoral
1.000000
]
[
m_nAllegiance
0
]
[
m_nAllegianceXP
0
]
[
m_nAllegianceXPRequired
72000
]
[
m_fRotVelocity
0.003491
]
[
m_nLockRank
0
]
[
m_TradeRoutes
0
]
[
m_fResources
1000.000000
]
[
m_bImportStatus
1
]
[
m_bExportStatus
1
]
}
]
[
m_Children
0
]
[
m_Position
60F6824600000000858E07C6
]
[
m_Frame
0000803F0000000000000000000000000000803F0000000000000000000000000000803F
]
[
m_fFrameScale
1.000000
]
[
m_NounContext
editor\\planets\\medium barren1.prt
]
[
m_nFleetId
-1
]
[
m_Orbiting
Maurbon
]
[
m_OrbitVelocity
0.000000
]
[
m_Population
0
]
[
m_bHydrogen
0
]
[
m_bOxygen
0
]
[
m_bMetals
1
]
[
m_bHeavyMetals
0
]
[
m_bCyroMetals
0
]
[
m_bHyperMatter
0
]
[
m_bDarkMatter
0
]
[
m_bUrdaniam
0
]
}
FA126F9B7A92FA29
DDBA6885840EFF48
{
[
m_NodeKey
79C56885840EFF48
]
[
m_Class
C9013149DAEC8639
]
[
m_Name
Jiro
]
[
m_pTemplate
759A0520BA12AD7E
E52D17035DA27C51
{
[
m_Name

]
[
m_nNodeFlags
0
]
[
m_Children
0
]
[
m_Position
000000000000000000000000
]
[
m_Frame
0000803F0000000000000000000000000000803F0000000000000000000000000000803F
]
[
m_vOrientation
0
0
0
]
[
m_Flags
0
]
[
m_Tick
0
]
[
m_NounContext
0000000000000000
]
[
m_Traits
2
DD2D5A9AF73452D9
0
4F7B2D2FC7265684
{
}
]
[
m_nTeamId
0
]
[
m_nUserId
0
]
[
m_DetectionFlags
4294967295
]
[
m_fControl
0.000000
]
[
m_fPopulation
0.000000
]
[
m_fTechnology
0.000000
]
[
m_fMoral
1.000000
]
[
m_nAllegiance
0
]
[
m_nAllegianceXP
0
]
[
m_nAllegianceXPRequired
72000
]
[
m_fRotVelocity
0.003491
]
[
m_nLockRank
0
]
[
m_TradeRoutes
0
]
[
m_fResources
1000.000000
]
[
m_bImportStatus
1
]
[
m_bExportStatus
1
]
}
]
[
m_Children
0
]
[
m_Position
80DF874600000000B775FAC5
]
[
m_Frame
0000803F0000000000000000000000000000803F0000000000000000000000000000803F
]
[
m_fFrameScale
1.000000
]
[
m_NounContext
editor\\planets\\small barren2.prt
]
[
m_nFleetId
-1
]
[
m_Orbiting
Maurbon
]
[
m_OrbitVelocity
0.000000
]
[
m_Population
0
]
[
m_bHydrogen
0
]
[
m_bOxygen
0
]
[
m_bMetals
1
]
[
m_bHeavyMetals
0
]
[
m_bCyroMetals
0
]
[
m_bHyperMatter
0
]
[
m_bDarkMatter
0
]
[
m_bUrdaniam
0
]
}
FA126F9B7A92FA29
F4036985840EFF48
{
[
m_NodeKey
7A126985840EFF48
]
[
m_Class
66B0749DD9EC8639
]
[
m_Name
Eamon
]
[
m_pTemplate
7BC0680FDA5C3FC5
F29637035DA27C51
{
[
m_Name

]
[
m_nNodeFlags
0
]
[
m_Children
0
]
[
m_Position
000000000000000000000000
]
[
m_Frame
0000803F0000000000000000000000000000803F0000000000000000000000000000803F
]
[
m_vOrientation
0
0
0
]
[
m_Flags
0
]
[
m_Tick
0
]
[
m_NounContext
0000000000000000
]
[
m_Traits
2
DD2D5A9AF73452D9
0
4F7B2D2FC7265684
{
}
]
[
m_nTeamId
0
]
[
m_nUserId
0
]
[
m_DetectionFlags
4294967295
]
[
m_fControl
0.000000
]
[
m_fPopulation
0.000000
]
[
m_fTechnology
0.000000
]
[
m_fMoral
1.000000
]
[
m_nAllegiance
0
]
[
m_nAllegianceXP
0
]
[
m_nAllegianceXPRequired
72000
]
[
m_fRotVelocity
0.003491
]
[
m_nLockRank
0
]
[
m_TradeRoutes
0
]
[
m_fResources
1000.000000
]
[
m_bImportStatus
1
]
[
m_bExportStatus
1
]
}
]
[
m_Children
0
]
[
m_Position
B3534C4700000000AECDCEC5
]
[
m_Frame
0000803F0000000000000000000000000000803F0000000000000000000000000000803F
]
[
m_fFrameScale
1.000000
]
[
m_NounContext
editor\\planets\\xlarge gas2.prt
]
[
m_nFleetId
-1
]
[
m_Orbiting
Barnard's Star
]
[
m_OrbitVelocity
0.000000
]
[
m_Population
0
]
[
m_bHydrogen
1
]
[
m_bOxygen
0
]
[
m_bMetals
0
]
[
m_bHeavyMetals
0
]
[
m_bCyroMetals
0
]
[
m_bHyperMatter
0
]
[
m_bDarkMatter
0
]
[
m_bUrdaniam
0
]
}
FA126F9B7A92FA29
D54F6985840EFF48
{
[
m_NodeKey
135B6985840EFF48
]
[
m_Class
F2429FF4DCEC8639
]
[
m_Name
Ianthae
]
[
m_pTemplate
BBCA6F0FEA403FC5
4B3F64035DA27C51
{
[
m_Name

]
[
m_nNodeFlags
0
]
[
m_Children
0
]
[
m_Position
000000000000000000000000
]
[
m_Frame
0000803F0000000000000000000000000000803F0000000000000000000000000000803F
]
[
m_vOrientation
0
0
0
]
[
m_Flags
0
]
[
m_Tick
0
]
[
m_NounContext
0000000000000000
]
[
m_Traits
2
DD2D5A9AF73452D9
0
4F7B2D2FC7265684
{
}
]
[
m_nTeamId
0
]
[
m_nUserId
0
]
[
m_DetectionFlags
4294967295
]
[
m_fControl
0.000000
]
[
m_fPopulation
0.000000
]
[
m_fTechnology
0.000000
]
[
m_fMoral
1.000000
]
[
m_nAllegiance
0
]
[
m_nAllegianceXP
0
]
[
m_nAllegianceXPRequired
72000
]
[
m_fRotVelocity
0.003491
]
[
m_nLockRank
0
]
[
m_TradeRoutes
0
]
[
m_fResources
1000.000000
]
[
m_bImportStatus
1
]
[
m_bExportStatus
1
]
}
]
[
m_Children
0
]
[
m_Position
E62F4F4700000000B8E2B9C5
]
[
m_Frame
0000803F0000000000000000000000000000803F0000000000000000000000000000803F
]
[
m_fFrameScale
1.000000
]
[
m_NounContext
editor\\planets\\small ice1.prt
]
[
m_nFleetId
-1
]
[
m_Orbiting
Eamon
]
[
m_OrbitVelocity
0.000000
]
[
m_Population
0
]
[
m_bHydrogen
1
]
[
m_bOxygen
0
]
[
m_bMetals
1
]
[
m_bHeavyMetals
1
]
[
m_bCyroMetals
0
]
[
m_bHyperMatter
1
]
[
m_bDarkMatter
0
]
[
m_bUrdaniam
1
]
}
FA126F9B7A92FA29
20996985840EFF48
{
[
m_NodeKey
9BA36985840EFF48
]
[
m_Class
F2429FF4DCEC8639
]
[
m_Name
Ilsa
]
[
m_pTemplate
BBCA6F0FEA403FC5
FA6594035DA27C51
{
[
m_Name

]
[
m_nNodeFlags
0
]
[
m_Children
0
]
[
m_Position
000000000000000000000000
]
[
m_Frame
0000803F0000000000000000000000000000803F0000000000000000000000000000803F
]
[
m_vOrientation
0
0
0
]
[
m_Flags
0
]
[
m_Tick
0
]
[
m_NounContext
0000000000000000
]
[
m_Traits
2
DD2D5A9AF73452D9
0
4F7B2D2FC7265684
{
}
]
[
m_nTeamId
0
]
[
m_nUserId
0
]
[
m_DetectionFlags
4294967295
]
[
m_fControl
0.000000
]
[
m_fPopulation
0.000000
]
[
m_fTechnology
0.000000
]
[
m_fMoral
1.000000
]
[
m_nAllegiance
0
]
[
m_nAllegianceXP
0
]
[
m_nAllegianceXPRequired
72000
]
[
m_fRotVelocity
0.003491
]
[
m_nLockRank
0
]
[
m_TradeRoutes
0
]
[
m_fResources
1000.000000
]
[
m_bImportStatus
1
]
[
m_bExportStatus
1
]
}
]
[
m_Children
0
]
[
m_Position
B354504700000000A3AEE5C5
]
[
m_Frame
0000803F0000000000000000000000000000803F0000000000000000000000000000803F
]
[
m_fFrameScale
1.000000
]
[
m_NounContext
editor\\planets\\small ice2.prt
]
[
m_nFleetId
-1
]
[
m_Orbiting
Eamon
]
[
m_OrbitVelocity
0.000000
]
[
m_Population
0
]
[
m_bHydrogen
1
]
[
m_bOxygen
1
]
[
m_bMetals
1
]
[
m_bHeavyMetals
1
]
[
m_bCyroMetals
0
]
[
m_bHyperMatter
0
]
[
m_bDarkMatter
0
]
[
m_bUrdaniam
1
]
}
FA126F9B7A92FA29
F9DD6985840EFF48
{
[
m_NodeKey
7AEF6985840EFF48
]
[
m_Class
F2429FF4DCEC8639
]
[
m_Name
Ilani
]
[
m_pTemplate
BBCA6F0FEA403FC5
6060BF035DA27C51
{
[
m_Name

]
[
m_nNodeFlags
0
]
[
m_Children
0
]
[
m_Position
000000000000000000000000
]
[
m_Frame
0000803F0000000000000000000000000000803F0000000000000000000000000000803F
]
[
m_vOrientation
0
0
0
]
[
m_Flags
0
]
[
m_Tick
0
]
[
m_NounContext
0000000000000000
]
[
m_Traits
2
DD2D5A9AF73452D9
0
4F7B2D2FC7265684
{
}
]
[
m_nTeamId
0
]
[
m_nUserId
0
]
[
m_DetectionFlags
4294967295
]
[
m_fControl
0.000000
]
[
m_fPopulation
0.000000
]
[
m_fTechnology
0.000000
]
[
m_fMoral
1.000000
]
[
m_nAllegiance
0
]
[
m_nAllegianceXP
0
]
[
m_nAllegianceXPRequired
72000
]
[
m_fRotVelocity
0.003491
]
[
m_nLockRank
0
]
[
m_TradeRoutes
0
]
[
m_fResources
1000.000000
]
[
m_bImportStatus
1
]
[
m_bExportStatus
1
]
}
]
[
m_Children
0
]
[
m_Position
E62E4B47000000008F8203C6
]
[
m_Frame
0000803F0000000000000000000000000000803F0000000000000000000000000000803F
]
[
m_fFrameScale
1.000000
]
[
m_NounContext
editor\\planets\\large ice1 ringed.prt
]
[
m_nFleetId
-1
]
[
m_Orbiting
Eamon
]
[
m_OrbitVelocity
0.000000
]
[
m_Population
0
]
[
m_bHydrogen
1
]
[
m_bOxygen
1
]
[
m_bMetals
1
]
[
m_bHeavyMetals
0
]
[
m_bCyroMetals
0
]
[
m_bHyperMatter
0
]
[
m_bDarkMatter
0
]
[
m_bUrdaniam
1
]
}
FA126F9B7A92FA29
0C2D6A85840EFF48
{
[
m_NodeKey
DF386A85840EFF48
]
[
m_Class
C9013149DAEC8639
]
[
m_Name
Irina
]
[
m_pTemplate
759A0520BA12AD7E
F87DEE035DA27C51
{
[
m_Name

]
[
m_nNodeFlags
0
]
[
m_Children
0
]
[
m_Position
000000000000000000000000
]
[
m_Frame
0000803F0000000000000000000000000000803F0000000000000000000000000000803F
]
[
m_vOrientation
0
0
0
]
[
m_Flags
0
]
[
m_Tick
0
]
[
m_NounContext
0000000000000000
]
[
m_Traits
2
DD2D5A9AF73452D9
0
4F7B2D2FC7265684
{
}
]
[
m_nTeamId
0
]
[
m_nUserId
0
]
[
m_DetectionFlags
4294967295
]
[
m_fControl
0.000000
]
[
m_fPopulation
0.000000
]
[
m_fTechnology
0.000000
]
[
m_fMoral
1.000000
]
[
m_nAllegiance
0
]
[
m_nAllegianceXP
0
]
[
m_nAllegianceXPRequired
72000
]
[
m_fRotVelocity
0.003491
]
[
m_nLockRank
0
]
[
m_TradeRoutes
0
]
[
m_fResources
1000.000000
]
[
m_bImportStatus
1
]
[
m_bExportStatus
1
]
}
]
[
m_Children
0
]
[
m_Position
E62052470000000000070BC6
]
[
m_Frame
0000803F0000000000000000000000000000803F0000000000000000000000000000803F
]
[
m_fFrameScale
1.000000
]
[
m_NounContext
editor\\planets\\medium barren2.prt
]
[
m_nFleetId
-1
]
[
m_Orbiting
Eamon
]
[
m_OrbitVelocity
0.000000
]
[
m_Population
0
]
[
m_bHydrogen
0
]
[
m_bOxygen
0
]
[
m_bMetals
1
]
[
m_bHeavyMetals
0
]
[
m_bCyroMetals
0
]
[
m_bHyperMatter
0
]
[
m_bDarkMatter
0
]
[
m_bUrdaniam
0
]
}
FA126F9B7A92FA29
1E766A85840EFF48
{
[
m_NodeKey
5A816A85840EFF48
]
[
m_Class
C9013149DAEC8639
]
[
m_Name
Isemene
]
[
m_pTemplate
759A0520BA12AD7E
A08F1C045DA27C51
{
[
m_Name

]
[
m_nNodeFlags
0
]
[
m_Children
0
]
[
m_Position
000000000000000000000000
]
[
m_Frame
0000803F0000000000000000000000000000803F0000000000000000000000000000803F
]
[
m_vOrientation
0
0
0
]
[
m_Flags
0
]
[
m_Tick
0
]
[
m_NounContext
0000000000000000
]
[
m_Traits
2
DD2D5A9AF73452D9
0
4F7B2D2FC7265684
{
}
]
[
m_nTeamId
0
]
[
m_nUserId
0
]
[
m_DetectionFlags
4294967295
]
[
m_fControl
0.000000
]
[
m_fPopulation
0.000000
]
[
m_fTechnology
0.000000
]
[
m_fMoral
1.000000
]
[
m_nAllegiance
0
]
[
m_nAllegianceXP
0
]
[
m_nAllegianceXPRequired
72000
]
[
m_fRotVelocity
0.003491
]
[
m_nLockRank
0
]
[
m_TradeRoutes
0
]
[
m_fResources
1000.000000
]
[
m_bImportStatus
1
]
[
m_bExportStatus
1
]
}
]
[
m_Children
0
]
[
m_Position
80706C470000000028C118C6
]
[
m_Frame
0000803F0000000000000000000000000000803F0000000000000000000000000000803F
]
[
m_fFrameScale
1.000000
]
[
m_NounContext
editor\\planets\\xlarge barren2.prt
]
[
m_nFleetId
-1
]
[
m_Orbiting
Eamon
]
[
m_OrbitVelocity
0.000000
]
[
m_Population
0
]
[
m_bHydrogen
0
]
[
m_bOxygen
0
]
[
m_bMetals
1
]
[
m_bHeavyMetals
1
]
[
m_bCyroMetals
0
]
[
m_bHyperMatter
0
]
[
m_bDarkMatter
0
]
[
m_bUrdaniam
0
]
}
45EAD4043B9F118E
00C06A85840EFF48
{
[
m_NodeKey
10C76A85840EFF48
]
[
m_Class
1F508C2241E1B871
]
[
m_Name
Barnard's Gate - 1
]
[
m_pTemplate
1F508C2241E1B871
8081D24EC0252451
{
[
m_Name

]
[
m_nNodeFlags
0
]
[
m_Children
0
]
[
m_Position
000000000000000000000000
]
[
m_Frame
0000803F0000000000000000000000000000803F0000000000000000000000000000803F
]
[
m_vOrientation
0
0
0
]
[
m_Flags
0
]
[
m_Tick
0
]
[
m_NounContext
0000000000000000
]
[
m_Traits
2
DD2D5A9AF73452D9
0
4F7B2D2FC7265684
{
}
]
[
m_nTeamId
0
]
[
m_nUserId
0
]
[
m_DetectionFlags
4294967295
]
[
m_bActive
1
]
[
m_bAutoActivate
0
]
[
m_bRemoteServer
0
]
[
m_sAddress

]
[
m_nPort
0
]
[
m_pDestination
0000000000000000
]
[
m_sDestination

]
[
m_bSafeZone
0
]
[
m_fSafeZoneDistance
0.000000
]
[
m_bDuration
0
]
[
m_nDuration
0
]
[
m_bInterval
0
]
[
m_nInterval
0
]
[
m_nGateTick
0
]
}
]
[
m_Children
0
]
[
m_Position
0050C3C60000000000C82FC7
]
[
m_Frame
0000803F0000000000000000000000000000803F0000000000000000000000000000803F
]
[
m_fFrameScale
1.000000
]
[
m_NounContext
misc\\ugto jump gate.prt
]
[
m_nFleetId
-1
]
[
m_Orbiting
Barnard's Star
]
[
m_OrbitVelocity
0.000000
]
[
m_Destination
BD+43 Gate - 2
]
[
m_bActive
1
]
[
m_bAutoActivate
0
]
[
m_bSafeZone
0
]
[
m_fSafeZoneDistance
1000.000000
]
[
m_bDuration
0
]
[
m_nDuration
0
]
[
m_bInterval
0
]
[
m_nInterval
0
]
}
45EAD4043B9F118E
7F54D9DB0C760349
{
[
m_NodeKey
F785D9DB0C760349
]
[
m_Class
1F508C2241E1B871
]
[
m_Name
Barnard's Gate - 2
]
[
m_pTemplate
1F508C2241E1B871
9158194FC0252451
{
[
m_Name

]
[
m_nNodeFlags
0
]
[
m_Children
0
]
[
m_Position
000000000000000000000000
]
[
m_Frame
0000803F0000000000000000000000000000803F0000000000000000000000000000803F
]
[
m_vOrientation
0
0
0
]
[
m_Flags
0
]
[
m_Tick
0
]
[
m_NounContext
0000000000000000
]
[
m_Traits
2
DD2D5A9AF73452D9
0
4F7B2D2FC7265684
{
}
]
[
m_nTeamId
0
]
[
m_nUserId
0
]
[
m_DetectionFlags
4294967295
]
[
m_bActive
1
]
[
m_bAutoActivate
0
]
[
m_bRemoteServer
0
]
[
m_sAddress

]
[
m_nPort
0
]
[
m_pDestination
0000000000000000
]
[
m_sDestination

]
[
m_bSafeZone
0
]
[
m_fSafeZoneDistance
0.000000
]
[
m_bDuration
0
]
[
m_nDuration
0
]
[
m_bInterval
0
]
[
m_nInterval
0
]
[
m_nGateTick
0
]
}
]
[
m_Children
0
]
[
m_Position
24F3B54600000000800448C6
]
[
m_Frame
0000803F0000000000000000000000000000803F0000000000000000000000000000803F
]
[
m_fFrameScale
1.000000
]
[
m_NounContext
misc\\ugto jump gate.prt
]
[
m_nFleetId
-1
]
[
m_Orbiting
Barnard's Star
]
[
m_OrbitVelocity
0.000000
]
[
m_Destination
Caranie Gate - 2
]
[
m_bActive
1
]
[
m_bAutoActivate
0
]
[
m_bSafeZone
0
]
[
m_fSafeZoneDistance
1000.000000
]
[
m_bDuration
0
]
[
m_nDuration
0
]
[
m_bInterval
0
]
[
m_nInterval
0
]
}
45EAD4043B9F118E
8384AD19737F0549
{
[
m_NodeKey
5FC6AD19737F0549
]
[
m_Class
1F508C2241E1B871
]
[
m_Name
Barnard's Gate - 3
]
[
m_pTemplate
1F508C2241E1B871
5F954C4FC0252451
{
[
m_Name

]
[
m_nNodeFlags
0
]
[
m_Children
0
]
[
m_Position
000000000000000000000000
]
[
m_Frame
0000803F0000000000000000000000000000803F0000000000000000000000000000803F
]
[
m_vOrientation
0
0
0
]
[
m_Flags
0
]
[
m_Tick
0
]
[
m_NounContext
0000000000000000
]
[
m_Traits
2
DD2D5A9AF73452D9
0
4F7B2D2FC7265684
{
}
]
[
m_nTeamId
0
]
[
m_nUserId
0
]
[
m_DetectionFlags
4294967295
]
[
m_bActive
1
]
[
m_bAutoActivate
0
]
[
m_bRemoteServer
0
]
[
m_sAddress

]
[
m_nPort
0
]
[
m_pDestination
0000000000000000
]
[
m_sDestination

]
[
m_bSafeZone
0
]
[
m_fSafeZoneDistance
0.000000
]
[
m_bDuration
0
]
[
m_nDuration
0
]
[
m_bInterval
0
]
[
m_nInterval
0
]
[
m_nGateTick
0
]
}
]
[
m_Children
0
]
[
m_Position
8904D24200000000CAEC42C6
]
[
m_Frame
0000803F0000000000000000000000000000803F0000000000000000000000000000803F
]
[
m_fFrameScale
1.000000
]
[
m_NounContext
misc\\ugto jump gate.prt
]
[
m_nFleetId
-1
]
[
m_Orbiting
Barnard's Star
]
[
m_OrbitVelocity
0.000000
]
[
m_Destination
Ind Gate - 4
]
[
m_bActive
1
]
[
m_bAutoActivate
0
]
[
m_bSafeZone
0
]
[
m_fSafeZoneDistance
1000.000000
]
[
m_bDuration
0
]
[
m_nDuration
0
]
[
m_bInterval
0
]
[
m_nInterval
0
]
}
45EAD4043B9F118E
4CD3103F737F0549
{
[
m_NodeKey
341F113F737F0549
]
[
m_Class
1F508C2241E1B871
]
[
m_Name
Barnard's Gate - 4
]
[
m_pTemplate
1F508C2241E1B871
9DD8A24FC0252451
{
[
m_Name

]
[
m_nNodeFlags
0
]
[
m_Children
0
]
[
m_Position
000000000000000000000000
]
[
m_Frame
0000803F0000000000000000000000000000803F0000000000000000000000000000803F
]
[
m_vOrientation
0
0
0
]
[
m_Flags
0
]
[
m_Tick
0
]
[
m_NounContext
0000000000000000
]
[
m_Traits
2
DD2D5A9AF73452D9
0
4F7B2D2FC7265684
{
}
]
[
m_nTeamId
0
]
[
m_nUserId
0
]
[
m_DetectionFlags
4294967295
]
[
m_bActive
1
]
[
m_bAutoActivate
0
]
[
m_bRemoteServer
0
]
[
m_sAddress

]
[
m_nPort
0
]
[
m_pDestination
0000000000000000
]
[
m_sDestination

]
[
m_bSafeZone
0
]
[
m_fSafeZoneDistance
0.000000
]
[
m_bDuration
0
]
[
m_nDuration
0
]
[
m_bInterval
0
]
[
m_nInterval
0
]
[
m_nGateTick
0
]
}
]
[
m_Children
0
]
[
m_Position
ECE34B47000000002D4B55C5
]
[
m_Frame
0000803F0000000000000000000000000000803F0000000000000000000000000000803F
]
[
m_fFrameScale
1.000000
]
[
m_NounContext
misc\\ugto jump gate.prt
]
[
m_nFleetId
-1
]
[
m_Orbiting
Barnard's Star
]
[
m_OrbitVelocity
0.000000
]
[
m_Destination
Eri Gate - 5
]
[
m_bActive
1
]
[
m_bAutoActivate
0
]
[
m_bSafeZone
0
]
[
m_fSafeZoneDistance
1000.000000
]
[
m_bDuration
0
]
[
m_nDuration
0
]
[
m_bInterval
0
]
[
m_nInterval
0
]
}
]
[
m_Position
000000000000000000000000
]
[
m_Frame
0000803F0000000000000000000000000000803F0000000000000000000000000000803F
]
[
m_fFrameScale
1.000000
]
}
]
[
m_Fps
15.000000
]
[
m_Segments
0
]
[
m_TargetPosition
52D8BF43000000005CC903C6
]
[
m_TargetDistance
20901.083984
]
[
m_TargetFrame
0000803F000000000000000000000000000000000000803F00000000000080BF00000000
]
}
