PRT
BBE32C0F2208BFD2
14664B04557F3033
{
[
m_Root
E98E268F2008D746
E70DC5BDFFFFFFFF
{
[
m_NodeKey
82B96DF29F05454C
]
[
m_Class
231158F1834B35BB
]
[
m_Name
Node
]
[
m_pTemplate
BCD8C64E28ED4A4B
5414CE8CD1A62351
{
[
m_Name

]
[
m_nNodeFlags
0
]
[
m_Children
0
]
}
]
[
m_Children
21
ED42FB71490CD97A
74F76DF29F05454C
{
[
m_NodeKey
0BEB6DF29F05454C
]
[
m_Class
3EA7FC67C2EC8639
]
[
m_Name
BD+4344
]
[
m_pTemplate
2D421BD9D08A9646
AC79D498C4069951
{
[
m_Name

]
[
m_nNodeFlags
5
]
[
m_Children
0
]
[
m_Position
000000000000000000000000
]
[
m_Frame
0000803F0000000000000000000000000000803F0000000000000000000000000000803F
]
[
m_vOrientation
0
0
0
]
[
m_Flags
0
]
[
m_Tick
0
]
[
m_NounContext
0000000000000000
]
[
m_Traits
2
DD2D5A9AF73452D9
0
4F7B2D2FC7265684
{
}
]
[
m_nTeamId
0
]
[
m_nUserId
0
]
[
m_DetectionFlags
4294967295
]
}
]
[
m_Children
0
]
[
m_Position
000000000000000000000000
]
[
m_Frame
0000803F0000000000000000000000000000803F0000000000000000000000000000803F
]
[
m_fFrameScale
1.000000
]
[
m_NounContext
stars\\luyten 726-8 b.prt
]
[
m_nFleetId
-1
]
[
m_Orbiting

]
[
m_OrbitVelocity
0.000000
]
}
FA126F9B7A92FA29
CB306EF29F05454C
{
[
m_NodeKey
E9246EF29F05454C
]
[
m_Class
C9013149DAEC8639
]
[
m_Name
Ahwa
]
[
m_pTemplate
759A0520BA12AD7E
3C0CFD98C4069951
{
[
m_Name

]
[
m_nNodeFlags
0
]
[
m_Children
0
]
[
m_Position
000000000000000000000000
]
[
m_Frame
0000803F0000000000000000000000000000803F0000000000000000000000000000803F
]
[
m_vOrientation
0
0
0
]
[
m_Flags
0
]
[
m_Tick
0
]
[
m_NounContext
0000000000000000
]
[
m_Traits
2
DD2D5A9AF73452D9
0
4F7B2D2FC7265684
{
}
]
[
m_nTeamId
0
]
[
m_nUserId
0
]
[
m_DetectionFlags
4294967295
]
[
m_fControl
0.000000
]
[
m_fPopulation
0.000000
]
[
m_fTechnology
0.000000
]
[
m_fMoral
1.000000
]
[
m_nAllegiance
0
]
[
m_nAllegianceXP
0
]
[
m_nAllegianceXPRequired
72000
]
[
m_fRotVelocity
0.003491
]
[
m_nLockRank
0
]
[
m_TradeRoutes
0
]
[
m_fResources
1000.000000
]
[
m_bImportStatus
1
]
[
m_bExportStatus
1
]
}
]
[
m_Children
0
]
[
m_Position
00406C450000000000803B45
]
[
m_Frame
0000803F0000000000000000000000000000803F0000000000000000000000000000803F
]
[
m_fFrameScale
1.000000
]
[
m_NounContext
planets\\ahwa.prt
]
[
m_nFleetId
-1
]
[
m_Orbiting
BD+4344
]
[
m_OrbitVelocity
0.000000
]
[
m_Population
0
]
[
m_bHydrogen
0
]
[
m_bOxygen
0
]
[
m_bMetals
1
]
[
m_bHeavyMetals
1
]
[
m_bCyroMetals
1
]
[
m_bHyperMatter
1
]
[
m_bDarkMatter
0
]
[
m_bUrdaniam
0
]
}
FA126F9B7A92FA29
A67F6EF29F05454C
{
[
m_NodeKey
2B736EF29F05454C
]
[
m_Class
C9013149DAEC8639
]
[
m_Name
Andy's Planet
]
[
m_pTemplate
759A0520BA12AD7E
30902299C4069951
{
[
m_Name

]
[
m_nNodeFlags
0
]
[
m_Children
0
]
[
m_Position
000000000000000000000000
]
[
m_Frame
0000803F0000000000000000000000000000803F0000000000000000000000000000803F
]
[
m_vOrientation
0
0
0
]
[
m_Flags
0
]
[
m_Tick
0
]
[
m_NounContext
0000000000000000
]
[
m_Traits
2
DD2D5A9AF73452D9
0
4F7B2D2FC7265684
{
}
]
[
m_nTeamId
0
]
[
m_nUserId
0
]
[
m_DetectionFlags
4294967295
]
[
m_fControl
0.000000
]
[
m_fPopulation
0.000000
]
[
m_fTechnology
0.000000
]
[
m_fMoral
1.000000
]
[
m_nAllegiance
0
]
[
m_nAllegianceXP
0
]
[
m_nAllegianceXPRequired
72000
]
[
m_fRotVelocity
0.003491
]
[
m_nLockRank
0
]
[
m_TradeRoutes
0
]
[
m_fResources
1000.000000
]
[
m_bImportStatus
1
]
[
m_bExportStatus
1
]
}
]
[
m_Children
0
]
[
m_Position
7B8050450000000014FA6C45
]
[
m_Frame
0000803F0000000000000000000000000000803F0000000000000000000000000000803F
]
[
m_fFrameScale
1.000000
]
[
m_NounContext
planets\\andy's planet.prt
]
[
m_nFleetId
-1
]
[
m_Orbiting
BD+4344
]
[
m_OrbitVelocity
0.000000
]
[
m_Population
0
]
[
m_bHydrogen
0
]
[
m_bOxygen
0
]
[
m_bMetals
1
]
[
m_bHeavyMetals
1
]
[
m_bCyroMetals
0
]
[
m_bHyperMatter
0
]
[
m_bDarkMatter
0
]
[
m_bUrdaniam
0
]
}
FA126F9B7A92FA29
E2CA6EF29F05454C
{
[
m_NodeKey
B9C06EF29F05454C
]
[
m_Class
82BCCF41D3EC8639
]
[
m_Name
Fae
]
[
m_pTemplate
1FC7C8E9ABC93FF4
B4493D99C4069951
{
[
m_Name

]
[
m_nNodeFlags
0
]
[
m_Children
0
]
[
m_Position
000000000000000000000000
]
[
m_Frame
0000803F0000000000000000000000000000803F0000000000000000000000000000803F
]
[
m_vOrientation
0
0
0
]
[
m_Flags
0
]
[
m_Tick
0
]
[
m_NounContext
0000000000000000
]
[
m_Traits
2
DD2D5A9AF73452D9
0
4F7B2D2FC7265684
{
}
]
[
m_nTeamId
0
]
[
m_nUserId
0
]
[
m_DetectionFlags
4294967295
]
[
m_fControl
0.000000
]
[
m_fPopulation
0.000000
]
[
m_fTechnology
0.000000
]
[
m_fMoral
1.000000
]
[
m_nAllegiance
0
]
[
m_nAllegianceXP
0
]
[
m_nAllegianceXPRequired
72000
]
[
m_fRotVelocity
0.003491
]
[
m_nLockRank
0
]
[
m_TradeRoutes
0
]
[
m_fResources
1000.000000
]
[
m_bImportStatus
1
]
[
m_bExportStatus
1
]
}
]
[
m_Children
0
]
[
m_Position
8F1AD54400000000E1CACD44
]
[
m_Frame
0000803F0000000000000000000000000000803F0000000000000000000000000000803F
]
[
m_fFrameScale
1.000000
]
[
m_NounContext
planets\\fae.prt
]
[
m_nFleetId
-1
]
[
m_Orbiting
BD+4344
]
[
m_OrbitVelocity
0.000000
]
[
m_Population
0
]
[
m_bHydrogen
0
]
[
m_bOxygen
0
]
[
m_bMetals
0
]
[
m_bHeavyMetals
0
]
[
m_bCyroMetals
0
]
[
m_bHyperMatter
0
]
[
m_bDarkMatter
0
]
[
m_bUrdaniam
0
]
}
FA126F9B7A92FA29
45136FF29F05454C
{
[
m_NodeKey
B0086FF29F05454C
]
[
m_Class
C9013149DAEC8639
]
[
m_Name
Evast
]
[
m_pTemplate
759A0520BA12AD7E
0D796499C4069951
{
[
m_Name

]
[
m_nNodeFlags
0
]
[
m_Children
0
]
[
m_Position
000000000000000000000000
]
[
m_Frame
0000803F0000000000000000000000000000803F0000000000000000000000000000803F
]
[
m_vOrientation
0
0
0
]
[
m_Flags
0
]
[
m_Tick
0
]
[
m_NounContext
0000000000000000
]
[
m_Traits
2
DD2D5A9AF73452D9
0
4F7B2D2FC7265684
{
}
]
[
m_nTeamId
0
]
[
m_nUserId
0
]
[
m_DetectionFlags
4294967295
]
[
m_fControl
0.000000
]
[
m_fPopulation
0.000000
]
[
m_fTechnology
0.000000
]
[
m_fMoral
1.000000
]
[
m_nAllegiance
0
]
[
m_nAllegianceXP
0
]
[
m_nAllegianceXPRequired
72000
]
[
m_fRotVelocity
0.003491
]
[
m_nLockRank
0
]
[
m_TradeRoutes
0
]
[
m_fResources
1000.000000
]
[
m_bImportStatus
1
]
[
m_bExportStatus
1
]
}
]
[
m_Children
0
]
[
m_Position
3DA2A9440000000066D6BB44
]
[
m_Frame
0000803F0000000000000000000000000000803F0000000000000000000000000000803F
]
[
m_fFrameScale
1.000000
]
[
m_NounContext
planets\\evast.prt
]
[
m_nFleetId
-1
]
[
m_Orbiting
Fae
]
[
m_OrbitVelocity
0.000000
]
[
m_Population
0
]
[
m_bHydrogen
0
]
[
m_bOxygen
0
]
[
m_bMetals
1
]
[
m_bHeavyMetals
1
]
[
m_bCyroMetals
1
]
[
m_bHyperMatter
0
]
[
m_bDarkMatter
0
]
[
m_bUrdaniam
0
]
}
FA126F9B7A92FA29
7C5D6FF29F05454C
{
[
m_NodeKey
2F536FF29F05454C
]
[
m_Class
C9013149DAEC8639
]
[
m_Name
Foesta
]
[
m_pTemplate
759A0520BA12AD7E
181D8699C4069951
{
[
m_Name

]
[
m_nNodeFlags
0
]
[
m_Children
0
]
[
m_Position
000000000000000000000000
]
[
m_Frame
0000803F0000000000000000000000000000803F0000000000000000000000000000803F
]
[
m_vOrientation
0
0
0
]
[
m_Flags
0
]
[
m_Tick
0
]
[
m_NounContext
0000000000000000
]
[
m_Traits
2
DD2D5A9AF73452D9
0
4F7B2D2FC7265684
{
}
]
[
m_nTeamId
0
]
[
m_nUserId
0
]
[
m_DetectionFlags
4294967295
]
[
m_fControl
0.000000
]
[
m_fPopulation
0.000000
]
[
m_fTechnology
0.000000
]
[
m_fMoral
1.000000
]
[
m_nAllegiance
0
]
[
m_nAllegianceXP
0
]
[
m_nAllegianceXPRequired
72000
]
[
m_fRotVelocity
0.003491
]
[
m_nLockRank
0
]
[
m_TradeRoutes
0
]
[
m_fResources
1000.000000
]
[
m_bImportStatus
1
]
[
m_bExportStatus
1
]
}
]
[
m_Children
0
]
[
m_Position
48BD59450000000021D5DE44
]
[
m_Frame
0000803F0000000000000000000000000000803F0000000000000000000000000000803F
]
[
m_fFrameScale
1.000000
]
[
m_NounContext
planets\\foesta.prt
]
[
m_nFleetId
-1
]
[
m_Orbiting
BD+4344
]
[
m_OrbitVelocity
0.000000
]
[
m_Population
0
]
[
m_bHydrogen
0
]
[
m_bOxygen
0
]
[
m_bMetals
1
]
[
m_bHeavyMetals
1
]
[
m_bCyroMetals
0
]
[
m_bHyperMatter
0
]
[
m_bDarkMatter
0
]
[
m_bUrdaniam
0
]
}
FA126F9B7A92FA29
94A86FF29F05454C
{
[
m_NodeKey
B29C6FF29F05454C
]
[
m_Class
C9013149DAEC8639
]
[
m_Name
Ghext
]
[
m_pTemplate
759A0520BA12AD7E
C607AB99C4069951
{
[
m_Name

]
[
m_nNodeFlags
0
]
[
m_Children
0
]
[
m_Position
000000000000000000000000
]
[
m_Frame
0000803F0000000000000000000000000000803F0000000000000000000000000000803F
]
[
m_vOrientation
0
0
0
]
[
m_Flags
0
]
[
m_Tick
0
]
[
m_NounContext
0000000000000000
]
[
m_Traits
2
DD2D5A9AF73452D9
0
4F7B2D2FC7265684
{
}
]
[
m_nTeamId
0
]
[
m_nUserId
0
]
[
m_DetectionFlags
4294967295
]
[
m_fControl
0.000000
]
[
m_fPopulation
0.000000
]
[
m_fTechnology
0.000000
]
[
m_fMoral
1.000000
]
[
m_nAllegiance
0
]
[
m_nAllegianceXP
0
]
[
m_nAllegianceXPRequired
72000
]
[
m_fRotVelocity
0.003491
]
[
m_nLockRank
0
]
[
m_TradeRoutes
0
]
[
m_fResources
1000.000000
]
[
m_bImportStatus
1
]
[
m_bExportStatus
1
]
}
]
[
m_Children
0
]
[
m_Position
FF6703C5000000003D9A63C5
]
[
m_Frame
0000803F0000000000000000000000000000803F0000000000000000000000000000803F
]
[
m_fFrameScale
1.000000
]
[
m_NounContext
planets\\ghext.prt
]
[
m_nFleetId
-1
]
[
m_Orbiting
BD+4344
]
[
m_OrbitVelocity
0.000000
]
[
m_Population
0
]
[
m_bHydrogen
0
]
[
m_bOxygen
0
]
[
m_bMetals
1
]
[
m_bHeavyMetals
0
]
[
m_bCyroMetals
0
]
[
m_bHyperMatter
0
]
[
m_bDarkMatter
0
]
[
m_bUrdaniam
0
]
}
FA126F9B7A92FA29
C6F16FF29F05454C
{
[
m_NodeKey
70E76FF29F05454C
]
[
m_Class
C9013149DAEC8639
]
[
m_Name
Nhezack
]
[
m_pTemplate
759A0520BA12AD7E
FC5ED299C4069951
{
[
m_Name

]
[
m_nNodeFlags
0
]
[
m_Children
0
]
[
m_Position
000000000000000000000000
]
[
m_Frame
0000803F0000000000000000000000000000803F0000000000000000000000000000803F
]
[
m_vOrientation
0
0
0
]
[
m_Flags
0
]
[
m_Tick
0
]
[
m_NounContext
0000000000000000
]
[
m_Traits
2
DD2D5A9AF73452D9
0
4F7B2D2FC7265684
{
}
]
[
m_nTeamId
0
]
[
m_nUserId
0
]
[
m_DetectionFlags
4294967295
]
[
m_fControl
0.000000
]
[
m_fPopulation
0.000000
]
[
m_fTechnology
0.000000
]
[
m_fMoral
1.000000
]
[
m_nAllegiance
0
]
[
m_nAllegianceXP
0
]
[
m_nAllegianceXPRequired
72000
]
[
m_fRotVelocity
0.003491
]
[
m_nLockRank
0
]
[
m_TradeRoutes
0
]
[
m_fResources
1000.000000
]
[
m_bImportStatus
1
]
[
m_bExportStatus
1
]
}
]
[
m_Children
0
]
[
m_Position
00D087C500000000E1BAC5C4
]
[
m_Frame
0000803F0000000000000000000000000000803F0000000000000000000000000000803F
]
[
m_fFrameScale
1.000000
]
[
m_NounContext
planets\\nhezack.prt
]
[
m_nFleetId
-1
]
[
m_Orbiting
BD+4344
]
[
m_OrbitVelocity
0.000000
]
[
m_Population
0
]
[
m_bHydrogen
0
]
[
m_bOxygen
0
]
[
m_bMetals
0
]
[
m_bHeavyMetals
0
]
[
m_bCyroMetals
0
]
[
m_bHyperMatter
0
]
[
m_bDarkMatter
0
]
[
m_bUrdaniam
0
]
}
FA126F9B7A92FA29
E73C70F29F05454C
{
[
m_NodeKey
C23170F29F05454C
]
[
m_Class
66B0749DD9EC8639
]
[
m_Name
Ghixty
]
[
m_pTemplate
7BC0680FDA5C3FC5
A501F699C4069951
{
[
m_Name

]
[
m_nNodeFlags
0
]
[
m_Children
0
]
[
m_Position
000000000000000000000000
]
[
m_Frame
0000803F0000000000000000000000000000803F0000000000000000000000000000803F
]
[
m_vOrientation
0
0
0
]
[
m_Flags
0
]
[
m_Tick
0
]
[
m_NounContext
0000000000000000
]
[
m_Traits
2
DD2D5A9AF73452D9
0
4F7B2D2FC7265684
{
}
]
[
m_nTeamId
0
]
[
m_nUserId
0
]
[
m_DetectionFlags
4294967295
]
[
m_fControl
0.000000
]
[
m_fPopulation
0.000000
]
[
m_fTechnology
0.000000
]
[
m_fMoral
1.000000
]
[
m_nAllegiance
0
]
[
m_nAllegianceXP
0
]
[
m_nAllegianceXPRequired
72000
]
[
m_fRotVelocity
0.003491
]
[
m_nLockRank
0
]
[
m_TradeRoutes
0
]
[
m_fResources
1000.000000
]
[
m_bImportStatus
1
]
[
m_bExportStatus
1
]
}
]
[
m_Children
0
]
[
m_Position
00940E47000000000000C842
]
[
m_Frame
0000803F0000000000000000000000000000803F0000000000000000000000000000803F
]
[
m_fFrameScale
1.000000
]
[
m_NounContext
planets\\ghixty.prt
]
[
m_nFleetId
-1
]
[
m_Orbiting
BD+4344
]
[
m_OrbitVelocity
0.000000
]
[
m_Population
0
]
[
m_bHydrogen
1
]
[
m_bOxygen
0
]
[
m_bMetals
0
]
[
m_bHeavyMetals
0
]
[
m_bCyroMetals
0
]
[
m_bHyperMatter
0
]
[
m_bDarkMatter
0
]
[
m_bUrdaniam
0
]
}
FA126F9B7A92FA29
E28370F29F05454C
{
[
m_NodeKey
D47970F29F05454C
]
[
m_Class
C9013149DAEC8639
]
[
m_Name
Mhaon
]
[
m_pTemplate
759A0520BA12AD7E
F533169AC4069951
{
[
m_Name

]
[
m_nNodeFlags
0
]
[
m_Children
0
]
[
m_Position
000000000000000000000000
]
[
m_Frame
0000803F0000000000000000000000000000803F0000000000000000000000000000803F
]
[
m_vOrientation
0
0
0
]
[
m_Flags
0
]
[
m_Tick
0
]
[
m_NounContext
0000000000000000
]
[
m_Traits
2
DD2D5A9AF73452D9
0
4F7B2D2FC7265684
{
}
]
[
m_nTeamId
0
]
[
m_nUserId
0
]
[
m_DetectionFlags
4294967295
]
[
m_fControl
0.000000
]
[
m_fPopulation
0.000000
]
[
m_fTechnology
0.000000
]
[
m_fMoral
1.000000
]
[
m_nAllegiance
0
]
[
m_nAllegianceXP
0
]
[
m_nAllegianceXPRequired
72000
]
[
m_fRotVelocity
0.003491
]
[
m_nLockRank
0
]
[
m_TradeRoutes
0
]
[
m_fResources
1000.000000
]
[
m_bImportStatus
1
]
[
m_bExportStatus
1
]
}
]
[
m_Children
0
]
[
m_Position
9AD80A4700000000226E1044
]
[
m_Frame
0000803F0000000000000000000000000000803F0000000000000000000000000000803F
]
[
m_fFrameScale
1.000000
]
[
m_NounContext
planets\\mhaon.prt
]
[
m_nFleetId
-1
]
[
m_Orbiting
Ghixty
]
[
m_OrbitVelocity
0.000000
]
[
m_Population
0
]
[
m_bHydrogen
0
]
[
m_bOxygen
0
]
[
m_bMetals
1
]
[
m_bHeavyMetals
1
]
[
m_bCyroMetals
0
]
[
m_bHyperMatter
0
]
[
m_bDarkMatter
0
]
[
m_bUrdaniam
0
]
}
FA126F9B7A92FA29
B81971F29F05454C
{
[
m_NodeKey
A00D71F29F05454C
]
[
m_Class
C9013149DAEC8639
]
[
m_Name
Isquasam
]
[
m_pTemplate
759A0520BA12AD7E
981B3A9AC4069951
{
[
m_Name

]
[
m_nNodeFlags
0
]
[
m_Children
0
]
[
m_Position
000000000000000000000000
]
[
m_Frame
0000803F0000000000000000000000000000803F0000000000000000000000000000803F
]
[
m_vOrientation
0
0
0
]
[
m_Flags
0
]
[
m_Tick
0
]
[
m_NounContext
0000000000000000
]
[
m_Traits
2
DD2D5A9AF73452D9
0
4F7B2D2FC7265684
{
}
]
[
m_nTeamId
0
]
[
m_nUserId
0
]
[
m_DetectionFlags
4294967295
]
[
m_fControl
0.000000
]
[
m_fPopulation
0.000000
]
[
m_fTechnology
0.000000
]
[
m_fMoral
1.000000
]
[
m_nAllegiance
0
]
[
m_nAllegianceXP
0
]
[
m_nAllegianceXPRequired
72000
]
[
m_fRotVelocity
0.003491
]
[
m_nLockRank
0
]
[
m_TradeRoutes
0
]
[
m_fResources
1000.000000
]
[
m_bImportStatus
1
]
[
m_bExportStatus
1
]
}
]
[
m_Children
0
]
[
m_Position
66101847000000008A6F6645
]
[
m_Frame
0000803F0000000000000000000000000000803F0000000000000000000000000000803F
]
[
m_fFrameScale
1.000000
]
[
m_NounContext
planets\\isquasam.prt
]
[
m_nFleetId
-1
]
[
m_Orbiting
Ghixty
]
[
m_OrbitVelocity
0.000000
]
[
m_Population
0
]
[
m_bHydrogen
0
]
[
m_bOxygen
0
]
[
m_bMetals
1
]
[
m_bHeavyMetals
0
]
[
m_bCyroMetals
0
]
[
m_bHyperMatter
0
]
[
m_bDarkMatter
0
]
[
m_bUrdaniam
0
]
}
FA126F9B7A92FA29
0D6171F29F05454C
{
[
m_NodeKey
F65671F29F05454C
]
[
m_Class
5E4AE7A1D7EC8639
]
[
m_Name
Queenie
]
[
m_pTemplate
FDE12BB38128D34F
3C26609AC4069951
{
[
m_Name

]
[
m_nNodeFlags
0
]
[
m_Children
0
]
[
m_Position
000000000000000000000000
]
[
m_Frame
0000803F0000000000000000000000000000803F0000000000000000000000000000803F
]
[
m_vOrientation
0
0
0
]
[
m_Flags
0
]
[
m_Tick
0
]
[
m_NounContext
0000000000000000
]
[
m_Traits
2
DD2D5A9AF73452D9
0
4F7B2D2FC7265684
{
}
]
[
m_nTeamId
0
]
[
m_nUserId
0
]
[
m_DetectionFlags
4294967295
]
[
m_fControl
0.000000
]
[
m_fPopulation
0.000000
]
[
m_fTechnology
0.000000
]
[
m_fMoral
1.000000
]
[
m_nAllegiance
0
]
[
m_nAllegianceXP
0
]
[
m_nAllegianceXPRequired
72000
]
[
m_fRotVelocity
0.003491
]
[
m_nLockRank
0
]
[
m_TradeRoutes
0
]
[
m_fResources
1000.000000
]
[
m_bImportStatus
1
]
[
m_bExportStatus
1
]
}
]
[
m_Children
0
]
[
m_Position
B303294700000000C3558B43
]
[
m_Frame
0000803F0000000000000000000000000000803F0000000000000000000000000000803F
]
[
m_fFrameScale
1.000000
]
[
m_NounContext
planets\\queenie.prt
]
[
m_nFleetId
-1
]
[
m_Orbiting
Ghixty
]
[
m_OrbitVelocity
-0.000000
]
[
m_Population
0
]
[
m_bHydrogen
1
]
[
m_bOxygen
1
]
[
m_bMetals
1
]
[
m_bHeavyMetals
1
]
[
m_bCyroMetals
0
]
[
m_bHyperMatter
1
]
[
m_bDarkMatter
0
]
[
m_bUrdaniam
1
]
}
FA126F9B7A92FA29
C4AF71F29F05454C
{
[
m_NodeKey
B1A471F29F05454C
]
[
m_Class
F2429FF4DCEC8639
]
[
m_Name
Loakmay
]
[
m_pTemplate
BBCA6F0FEA403FC5
A368829AC4069951
{
[
m_Name

]
[
m_nNodeFlags
0
]
[
m_Children
0
]
[
m_Position
000000000000000000000000
]
[
m_Frame
0000803F0000000000000000000000000000803F0000000000000000000000000000803F
]
[
m_vOrientation
0
0
0
]
[
m_Flags
0
]
[
m_Tick
0
]
[
m_NounContext
0000000000000000
]
[
m_Traits
2
DD2D5A9AF73452D9
0
4F7B2D2FC7265684
{
}
]
[
m_nTeamId
0
]
[
m_nUserId
0
]
[
m_DetectionFlags
4294967295
]
[
m_fControl
0.000000
]
[
m_fPopulation
0.000000
]
[
m_fTechnology
0.000000
]
[
m_fMoral
1.000000
]
[
m_nAllegiance
0
]
[
m_nAllegianceXP
0
]
[
m_nAllegianceXPRequired
72000
]
[
m_fRotVelocity
0.003491
]
[
m_nLockRank
0
]
[
m_TradeRoutes
0
]
[
m_fResources
1000.000000
]
[
m_bImportStatus
1
]
[
m_bExportStatus
1
]
}
]
[
m_Children
0
]
[
m_Position
00F23047000000001F2533C5
]
[
m_Frame
0000803F0000000000000000000000000000803F0000000000000000000000000000803F
]
[
m_fFrameScale
1.000000
]
[
m_NounContext
planets\\loakmay.prt
]
[
m_nFleetId
-1
]
[
m_Orbiting
Ghixty
]
[
m_OrbitVelocity
0.000000
]
[
m_Population
0
]
[
m_bHydrogen
1
]
[
m_bOxygen
0
]
[
m_bMetals
1
]
[
m_bHeavyMetals
0
]
[
m_bCyroMetals
0
]
[
m_bHyperMatter
0
]
[
m_bDarkMatter
0
]
[
m_bUrdaniam
0
]
}
FA126F9B7A92FA29
A90072F29F05454C
{
[
m_NodeKey
D9F471F29F05454C
]
[
m_Class
C9013149DAEC8639
]
[
m_Name
Awaiad
]
[
m_pTemplate
759A0520BA12AD7E
7736A59AC4069951
{
[
m_Name

]
[
m_nNodeFlags
0
]
[
m_Children
0
]
[
m_Position
000000000000000000000000
]
[
m_Frame
0000803F0000000000000000000000000000803F0000000000000000000000000000803F
]
[
m_vOrientation
0
0
0
]
[
m_Flags
0
]
[
m_Tick
0
]
[
m_NounContext
0000000000000000
]
[
m_Traits
2
DD2D5A9AF73452D9
0
4F7B2D2FC7265684
{
}
]
[
m_nTeamId
0
]
[
m_nUserId
0
]
[
m_DetectionFlags
4294967295
]
[
m_fControl
0.000000
]
[
m_fPopulation
0.000000
]
[
m_fTechnology
0.000000
]
[
m_fMoral
1.000000
]
[
m_nAllegiance
0
]
[
m_nAllegianceXP
0
]
[
m_nAllegianceXPRequired
72000
]
[
m_fRotVelocity
0.003491
]
[
m_nLockRank
0
]
[
m_TradeRoutes
0
]
[
m_fResources
1000.000000
]
[
m_bImportStatus
1
]
[
m_bExportStatus
1
]
}
]
[
m_Children
0
]
[
m_Position
33F91D4700000000FF8B2DC6
]
[
m_Frame
0000803F0000000000000000000000000000803F0000000000000000000000000000803F
]
[
m_fFrameScale
1.000000
]
[
m_NounContext
planets\\awaiad.prt
]
[
m_nFleetId
-1
]
[
m_Orbiting
Ghixty
]
[
m_OrbitVelocity
0.000000
]
[
m_Population
0
]
[
m_bHydrogen
0
]
[
m_bOxygen
0
]
[
m_bMetals
1
]
[
m_bHeavyMetals
0
]
[
m_bCyroMetals
0
]
[
m_bHyperMatter
0
]
[
m_bDarkMatter
0
]
[
m_bUrdaniam
0
]
}
FA126F9B7A92FA29
914E72F29F05454C
{
[
m_NodeKey
514372F29F05454C
]
[
m_Class
C9013149DAEC8639
]
[
m_Name
Rhalago
]
[
m_pTemplate
759A0520BA12AD7E
D23CC89AC4069951
{
[
m_Name

]
[
m_nNodeFlags
0
]
[
m_Children
0
]
[
m_Position
000000000000000000000000
]
[
m_Frame
0000803F0000000000000000000000000000803F0000000000000000000000000000803F
]
[
m_vOrientation
0
0
0
]
[
m_Flags
0
]
[
m_Tick
0
]
[
m_NounContext
0000000000000000
]
[
m_Traits
2
DD2D5A9AF73452D9
0
4F7B2D2FC7265684
{
}
]
[
m_nTeamId
0
]
[
m_nUserId
0
]
[
m_DetectionFlags
4294967295
]
[
m_fControl
0.000000
]
[
m_fPopulation
0.000000
]
[
m_fTechnology
0.000000
]
[
m_fMoral
1.000000
]
[
m_nAllegiance
0
]
[
m_nAllegianceXP
0
]
[
m_nAllegianceXPRequired
72000
]
[
m_fRotVelocity
0.003491
]
[
m_nLockRank
0
]
[
m_TradeRoutes
0
]
[
m_fResources
1000.000000
]
[
m_bImportStatus
1
]
[
m_bExportStatus
1
]
}
]
[
m_Children
0
]
[
m_Position
CD74F84600000000323F52C6
]
[
m_Frame
0000803F0000000000000000000000000000803F0000000000000000000000000000803F
]
[
m_fFrameScale
1.000000
]
[
m_NounContext
planets\\rhalago.prt
]
[
m_nFleetId
-1
]
[
m_Orbiting
Ghixty
]
[
m_OrbitVelocity
0.000000
]
[
m_Population
0
]
[
m_bHydrogen
0
]
[
m_bOxygen
0
]
[
m_bMetals
1
]
[
m_bHeavyMetals
0
]
[
m_bCyroMetals
0
]
[
m_bHyperMatter
0
]
[
m_bDarkMatter
1
]
[
m_bUrdaniam
0
]
}
ED42FB71490CD97A
A19B72F29F05454C
{
[
m_NodeKey
DF9072F29F05454C
]
[
m_Class
430F3A0F191BDEA5
]
[
m_Name
Bards Frost
]
[
m_pTemplate
430F3A0F191BDEA5
B4FFECEFD1A62351
{
[
m_Name

]
[
m_nNodeFlags
4
]
[
m_Children
0
]
[
m_Position
000000000000000000000000
]
[
m_Frame
0000803F0000000000000000000000000000803F0000000000000000000000000000803F
]
[
m_vOrientation
0
0
0
]
[
m_Flags
0
]
[
m_Tick
0
]
[
m_NounContext
0000000000000000
]
[
m_Traits
2
DD2D5A9AF73452D9
0
4F7B2D2FC7265684
{
}
]
[
m_nTeamId
0
]
[
m_nUserId
0
]
[
m_DetectionFlags
4294967295
]
}
]
[
m_Children
0
]
[
m_Position
00940EC7000000000000C8C2
]
[
m_Frame
0000803F0000000000000000000000000000803F0000000000000000000000000000803F
]
[
m_fFrameScale
1.000000
]
[
m_NounContext
editor\\misc\\gas cloud2.prt
]
[
m_nFleetId
-1
]
[
m_Orbiting
BD+4344
]
[
m_OrbitVelocity
0.000000
]
}
45EAD4043B9F118E
E9DA72F29F05454C
{
[
m_NodeKey
F0CD72F29F05454C
]
[
m_Class
1F508C2241E1B871
]
[
m_Name
BD+43 Gate - 1
]
[
m_pTemplate
1F508C2241E1B871
335752FCD1A62351
{
[
m_Name

]
[
m_nNodeFlags
0
]
[
m_Children
0
]
[
m_Position
000000000000000000000000
]
[
m_Frame
0000803F0000000000000000000000000000803F0000000000000000000000000000803F
]
[
m_vOrientation
0
0
0
]
[
m_Flags
0
]
[
m_Tick
0
]
[
m_NounContext
0000000000000000
]
[
m_Traits
2
DD2D5A9AF73452D9
0
4F7B2D2FC7265684
{
}
]
[
m_nTeamId
0
]
[
m_nUserId
0
]
[
m_DetectionFlags
4294967295
]
[
m_bActive
1
]
[
m_bAutoActivate
0
]
[
m_bRemoteServer
0
]
[
m_sAddress

]
[
m_nPort
0
]
[
m_pDestination
0000000000000000
]
[
m_sDestination

]
[
m_bSafeZone
0
]
[
m_fSafeZoneDistance
0.000000
]
[
m_bDuration
0
]
[
m_nDuration
0
]
[
m_bInterval
0
]
[
m_nInterval
0
]
[
m_nGateTick
0
]
}
]
[
m_Children
0
]
[
m_Position
00E0ABC50000000000609F45
]
[
m_Frame
0000803F0000000000000000000000000000803F0000000000000000000000000000803F
]
[
m_fFrameScale
1.000000
]
[
m_NounContext
misc\\icc jump gate.prt
]
[
m_nFleetId
-1
]
[
m_Orbiting
BD+4344
]
[
m_OrbitVelocity
0.000000
]
[
m_Destination
Ind Gate - 2
]
[
m_bActive
1
]
[
m_bAutoActivate
0
]
[
m_bSafeZone
0
]
[
m_fSafeZoneDistance
1000.000000
]
[
m_bDuration
0
]
[
m_nDuration
0
]
[
m_bInterval
0
]
[
m_nInterval
0
]
}
45EAD4043B9F118E
D02F73F29F05454C
{
[
m_NodeKey
4B2173F29F05454C
]
[
m_Class
1F508C2241E1B871
]
[
m_Name
BD+43 Gate - 2
]
[
m_pTemplate
1F508C2241E1B871
BC546D00D0A62351
{
[
m_Name

]
[
m_nNodeFlags
0
]
[
m_Children
0
]
[
m_Position
000000000000000000000000
]
[
m_Frame
0000803F0000000000000000000000000000803F0000000000000000000000000000803F
]
[
m_vOrientation
0
0
0
]
[
m_Flags
0
]
[
m_Tick
0
]
[
m_NounContext
0000000000000000
]
[
m_Traits
2
DD2D5A9AF73452D9
0
4F7B2D2FC7265684
{
}
]
[
m_nTeamId
0
]
[
m_nUserId
0
]
[
m_DetectionFlags
4294967295
]
[
m_bActive
1
]
[
m_bAutoActivate
0
]
[
m_bRemoteServer
0
]
[
m_sAddress

]
[
m_nPort
0
]
[
m_pDestination
0000000000000000
]
[
m_sDestination

]
[
m_bSafeZone
0
]
[
m_fSafeZoneDistance
0.000000
]
[
m_bDuration
0
]
[
m_nDuration
0
]
[
m_bInterval
0
]
[
m_nInterval
0
]
[
m_nGateTick
0
]
}
]
[
m_Children
0
]
[
m_Position
002C33470000000000009E42
]
[
m_Frame
0000803F0000000000000000000000000000803F0000000000000000000000000000803F
]
[
m_fFrameScale
1.000000
]
[
m_NounContext
misc\\icc jump gate.prt
]
[
m_nFleetId
-1
]
[
m_Orbiting
Queenie
]
[
m_OrbitVelocity
0.000000
]
[
m_Destination
Barnard's Gate - 1
]
[
m_bActive
1
]
[
m_bAutoActivate
0
]
[
m_bSafeZone
0
]
[
m_fSafeZoneDistance
1000.000000
]
[
m_bDuration
0
]
[
m_nDuration
0
]
[
m_bInterval
0
]
[
m_nInterval
0
]
}
FA126F9B7A92FA29
C67E73F29F05454C
{
[
m_NodeKey
A17373F29F05454C
]
[
m_Class
708A05A8BA13F77E
]
[
m_Name
Avalon
]
[
m_pTemplate
708A05A8BA13F77E
8603A000D0A62351
{
[
m_Name

]
[
m_nNodeFlags
0
]
[
m_Children
0
]
[
m_Position
000000000000000000000000
]
[
m_Frame
0000803F0000000000000000000000000000803F0000000000000000000000000000803F
]
[
m_vOrientation
0
0
0
]
[
m_Flags
0
]
[
m_Tick
0
]
[
m_NounContext
0000000000000000
]
[
m_Traits
2
DD2D5A9AF73452D9
0
4F7B2D2FC7265684
{
}
]
[
m_nTeamId
0
]
[
m_nUserId
0
]
[
m_DetectionFlags
4294967295
]
[
m_fControl
0.000000
]
[
m_fPopulation
0.000000
]
[
m_fTechnology
0.000000
]
[
m_fMoral
1.000000
]
[
m_nAllegiance
0
]
[
m_nAllegianceXP
0
]
[
m_nAllegianceXPRequired
72000
]
[
m_fRotVelocity
0.003491
]
[
m_nLockRank
0
]
[
m_TradeRoutes
0
]
[
m_fResources
1000.000000
]
[
m_bImportStatus
1
]
[
m_bExportStatus
1
]
}
]
[
m_Children
0
]
[
m_Position
B333214700000000C355EF43
]
[
m_Frame
0000803F0000000000000000000000000000803F0000000000000000000000000000803F
]
[
m_fFrameScale
1.000000
]
[
m_NounContext
editor\\planets\\medium terran1.prt
]
[
m_nFleetId
-1
]
[
m_Orbiting
Queenie
]
[
m_OrbitVelocity
0.000000
]
[
m_Population
25
]
[
m_bHydrogen
1
]
[
m_bOxygen
1
]
[
m_bMetals
1
]
[
m_bHeavyMetals
1
]
[
m_bCyroMetals
0
]
[
m_bHyperMatter
0
]
[
m_bDarkMatter
1
]
[
m_bUrdaniam
1
]
}
45EAD4043B9F118E
4EE2192B17A92351
{
[
m_NodeKey
1F121A2B17A92351
]
[
m_Class
1F508C2241E1B871
]
[
m_Name
BD+43 Gate - 3
]
[
m_pTemplate
1F508C2241E1B871
3C621B2B17A92351
{
[
m_Name

]
[
m_nNodeFlags
0
]
[
m_Children
0
]
[
m_Position
000000000000000000000000
]
[
m_Frame
0000803F0000000000000000000000000000803F0000000000000000000000000000803F
]
[
m_vOrientation
0
0
0
]
[
m_Flags
0
]
[
m_Tick
0
]
[
m_NounContext
0000000000000000
]
[
m_Traits
2
DD2D5A9AF73452D9
0
4F7B2D2FC7265684
{
}
]
[
m_nTeamId
0
]
[
m_nUserId
0
]
[
m_DetectionFlags
4294967295
]
[
m_bActive
1
]
[
m_bAutoActivate
0
]
[
m_bRemoteServer
0
]
[
m_sAddress

]
[
m_nPort
0
]
[
m_pDestination
0000000000000000
]
[
m_sDestination

]
[
m_bSafeZone
0
]
[
m_fSafeZoneDistance
0.000000
]
[
m_bDuration
0
]
[
m_nDuration
0
]
[
m_bInterval
0
]
[
m_nInterval
0
]
[
m_nGateTick
0
]
}
]
[
m_Children
0
]
[
m_Position
00101847000000000050C5C5
]
[
m_Frame
0000803F0000000000000000000000000000803F0000000000000000000000000000803F
]
[
m_fFrameScale
1.000000
]
[
m_NounContext
editor\\misc\\jump gate.prt
]
[
m_nFleetId
-1
]
[
m_Orbiting
BD+4344
]
[
m_OrbitVelocity
0.000000
]
[
m_Destination
Eri Gate - 4
]
[
m_bActive
1
]
[
m_bAutoActivate
0
]
[
m_bSafeZone
0
]
[
m_fSafeZoneDistance
1000.000000
]
[
m_bDuration
0
]
[
m_nDuration
0
]
[
m_bInterval
0
]
[
m_nInterval
0
]
}
45EAD4043B9F118E
C8F3DE4426A92351
{
[
m_NodeKey
7721DF4426A92351
]
[
m_Class
1F508C2241E1B871
]
[
m_Name
BD+43 Gate - 4
]
[
m_pTemplate
1F508C2241E1B871
B76CE04426A92351
{
[
m_Name

]
[
m_nNodeFlags
0
]
[
m_Children
0
]
[
m_Position
000000000000000000000000
]
[
m_Frame
0000803F0000000000000000000000000000803F0000000000000000000000000000803F
]
[
m_vOrientation
0
0
0
]
[
m_Flags
0
]
[
m_Tick
0
]
[
m_NounContext
0000000000000000
]
[
m_Traits
2
DD2D5A9AF73452D9
0
4F7B2D2FC7265684
{
}
]
[
m_nTeamId
0
]
[
m_nUserId
0
]
[
m_DetectionFlags
4294967295
]
[
m_bActive
1
]
[
m_bAutoActivate
0
]
[
m_bRemoteServer
0
]
[
m_sAddress

]
[
m_nPort
0
]
[
m_pDestination
0000000000000000
]
[
m_sDestination

]
[
m_bSafeZone
0
]
[
m_fSafeZoneDistance
0.000000
]
[
m_bDuration
0
]
[
m_nDuration
0
]
[
m_bInterval
0
]
[
m_nInterval
0
]
[
m_nGateTick
0
]
}
]
[
m_Children
0
]
[
m_Position
00E0AB450000000000609FC5
]
[
m_Frame
0000803F0000000000000000000000000000803F0000000000000000000000000000803F
]
[
m_fFrameScale
1.000000
]
[
m_NounContext
misc\\icc jump gate.prt
]
[
m_nFleetId
-1
]
[
m_Orbiting
BD+4344
]
[
m_OrbitVelocity
0.000000
]
[
m_Destination
Lalande Gate - 2
]
[
m_bActive
1
]
[
m_bAutoActivate
0
]
[
m_bSafeZone
0
]
[
m_fSafeZoneDistance
1000.000000
]
[
m_bDuration
0
]
[
m_nDuration
0
]
[
m_bInterval
0
]
[
m_nInterval
0
]
}
]
[
m_Position
000000000000000000000000
]
[
m_Frame
0000803F0000000000000000000000000000803F0000000000000000000000000000803F
]
[
m_fFrameScale
1.000000
]
}
]
[
m_Fps
15.000000
]
[
m_Segments
0
]
[
m_TargetPosition
00940EC700000000DCFFC7C2
]
[
m_TargetDistance
212.762146
]
[
m_TargetFrame
0000803F000000000000000000000000000000000000803F00000000000080BF00000000
]
}
