PRT
BBE32C0F2208BFD2
7F75EAB7A00B591B
{
[
m_Root
E98E268F2008D746
22B4FC1FEF5E5D52
{
[
m_NodeKey
A5FD8F8A840EFF48
]
[
m_Class
231158F1834B35BB
]
[
m_Name
Node
]
[
m_pTemplate
231158F1834B35BB
399C192AEF5E5D52
{
[
m_Name

]
[
m_nNodeFlags
0
]
[
m_Children
0
]
[
m_Position
000000000000000000000000
]
[
m_Frame
0000803F0000000000000000000000000000803F0000000000000000000000000000803F
]
}
]
[
m_Children
22
ED42FB71490CD97A
6C46908A840EFF48
{
[
m_NodeKey
3567908A840EFF48
]
[
m_Class
3EA7FC67C2EC8639
]
[
m_Name
Epsilon Eri
]
[
m_pTemplate
2D421BD9D08A9646
2DD21A2AEF5E5D52
{
[
m_Name

]
[
m_nNodeFlags
5
]
[
m_Children
0
]
[
m_Position
000000000000000000000000
]
[
m_Frame
0000803F0000000000000000000000000000803F0000000000000000000000000000803F
]
[
m_vOrientation
0
0
0
]
[
m_Flags
0
]
[
m_Tick
0
]
[
m_NounContext
0000000000000000
]
[
m_Traits
2
DD2D5A9AF73452D9
0
4F7B2D2FC7265684
{
}
]
[
m_nTeamId
0
]
[
m_nUserId
0
]
[
m_DetectionFlags
4294967295
]
}
]
[
m_Children
0
]
[
m_Position
000000000000000000000000
]
[
m_Frame
0000803F0000000000000000000000000000803F0000000000000000000000000000803F
]
[
m_fFrameScale
1.000000
]
[
m_NounContext
stars\\epsilon eri.prt
]
[
m_nFleetId
-1
]
[
m_Orbiting

]
[
m_OrbitVelocity
774665188204305330000000000.000000
]
}
FA126F9B7A92FA29
D951918A840EFF48
{
[
m_NodeKey
9A64918A840EFF48
]
[
m_Class
0ED8E5CFE5EC8639
]
[
m_Name
Abzeckoteck
]
[
m_pTemplate
E1EF71ED76A4FA29
EFDE6630EF5E5D52
{
[
m_Name

]
[
m_nNodeFlags
0
]
[
m_Children
0
]
[
m_Position
000000000000000000000000
]
[
m_Frame
0000803F0000000000000000000000000000803F0000000000000000000000000000803F
]
[
m_vOrientation
0
0
0
]
[
m_Flags
0
]
[
m_Tick
0
]
[
m_NounContext
0000000000000000
]
[
m_Traits
2
DD2D5A9AF73452D9
0
4F7B2D2FC7265684
{
}
]
[
m_nTeamId
0
]
[
m_nUserId
0
]
[
m_DetectionFlags
4294967295
]
[
m_fControl
0.000000
]
[
m_fPopulation
0.000000
]
[
m_fTechnology
0.000000
]
[
m_fMoral
1.000000
]
[
m_nAllegiance
0
]
[
m_nAllegianceXP
0
]
[
m_nAllegianceXPRequired
72000
]
[
m_fRotVelocity
0.003491
]
[
m_nLockRank
0
]
[
m_TradeRoutes
0
]
[
m_fResources
1000.000000
]
[
m_bImportStatus
1
]
[
m_bExportStatus
1
]
}
]
[
m_Children
0
]
[
m_Position
9A0973C500000000AE873F43
]
[
m_Frame
0000803F0000000000000000000000000000803F0000000000000000000000000000803F
]
[
m_fFrameScale
1.000000
]
[
m_NounContext
planets\\abzeckoteck.prt
]
[
m_nFleetId
-1
]
[
m_Orbiting
Epsilon Eri
]
[
m_OrbitVelocity
0.000000
]
[
m_Population
0
]
[
m_bHydrogen
0
]
[
m_bOxygen
0
]
[
m_bMetals
1
]
[
m_bHeavyMetals
1
]
[
m_bCyroMetals
1
]
[
m_bHyperMatter
0
]
[
m_bDarkMatter
0
]
[
m_bUrdaniam
0
]
}
FA126F9B7A92FA29
00AE918A840EFF48
{
[
m_NodeKey
8ABB918A840EFF48
]
[
m_Class
C9013149DAEC8639
]
[
m_Name
Eyma
]
[
m_pTemplate
759A0520BA12AD7E
37A29F34EF5E5D52
{
[
m_Name

]
[
m_nNodeFlags
0
]
[
m_Children
0
]
[
m_Position
000000000000000000000000
]
[
m_Frame
0000803F0000000000000000000000000000803F0000000000000000000000000000803F
]
[
m_vOrientation
0
0
0
]
[
m_Flags
0
]
[
m_Tick
0
]
[
m_NounContext
0000000000000000
]
[
m_Traits
2
DD2D5A9AF73452D9
0
4F7B2D2FC7265684
{
}
]
[
m_nTeamId
0
]
[
m_nUserId
0
]
[
m_DetectionFlags
4294967295
]
[
m_fControl
0.000000
]
[
m_fPopulation
0.000000
]
[
m_fTechnology
0.000000
]
[
m_fMoral
1.000000
]
[
m_nAllegiance
0
]
[
m_nAllegianceXP
0
]
[
m_nAllegianceXPRequired
72000
]
[
m_fRotVelocity
0.003491
]
[
m_nLockRank
0
]
[
m_TradeRoutes
0
]
[
m_fResources
1000.000000
]
[
m_bImportStatus
1
]
[
m_bExportStatus
1
]
}
]
[
m_Children
0
]
[
m_Position
295A8EC50000000052387343
]
[
m_Frame
0000803F0000000000000000000000000000803F0000000000000000000000000000803F
]
[
m_fFrameScale
1.000000
]
[
m_NounContext
planets\\eyma.prt
]
[
m_nFleetId
-1
]
[
m_Orbiting
Abzeckoteck
]
[
m_OrbitVelocity
0.000000
]
[
m_Population
0
]
[
m_bHydrogen
0
]
[
m_bOxygen
0
]
[
m_bMetals
1
]
[
m_bHeavyMetals
1
]
[
m_bCyroMetals
0
]
[
m_bHyperMatter
0
]
[
m_bDarkMatter
0
]
[
m_bUrdaniam
0
]
}
FA126F9B7A92FA29
F3F8918A840EFF48
{
[
m_NodeKey
DA07928A840EFF48
]
[
m_Class
BF1C93F1D5EC8639
]
[
m_Name
Rafraue
]
[
m_pTemplate
708A05A8BA13F77E
78BE613AEF5E5D52
{
[
m_Name

]
[
m_nNodeFlags
0
]
[
m_Children
0
]
[
m_Position
000000000000000000000000
]
[
m_Frame
0000803F0000000000000000000000000000803F0000000000000000000000000000803F
]
[
m_vOrientation
0
0
0
]
[
m_Flags
0
]
[
m_Tick
0
]
[
m_NounContext
0000000000000000
]
[
m_Traits
2
DD2D5A9AF73452D9
0
4F7B2D2FC7265684
{
}
]
[
m_nTeamId
0
]
[
m_nUserId
0
]
[
m_DetectionFlags
4294967295
]
[
m_fControl
0.000000
]
[
m_fPopulation
0.000000
]
[
m_fTechnology
0.000000
]
[
m_fMoral
1.000000
]
[
m_nAllegiance
0
]
[
m_nAllegianceXP
0
]
[
m_nAllegianceXPRequired
72000
]
[
m_fRotVelocity
0.003491
]
[
m_nLockRank
0
]
[
m_TradeRoutes
0
]
[
m_fResources
1000.000000
]
[
m_bImportStatus
1
]
[
m_bExportStatus
1
]
}
]
[
m_Children
0
]
[
m_Position
E1C2B3C4000000007163AB45
]
[
m_Frame
0000803F0000000000000000000000000000803F0000000000000000000000000000803F
]
[
m_fFrameScale
1.000000
]
[
m_NounContext
planets\\rafraue.prt
]
[
m_nFleetId
-1
]
[
m_Orbiting
Epsilon Eri
]
[
m_OrbitVelocity
0.000000
]
[
m_Population
0
]
[
m_bHydrogen
1
]
[
m_bOxygen
1
]
[
m_bMetals
1
]
[
m_bHeavyMetals
1
]
[
m_bCyroMetals
0
]
[
m_bHyperMatter
0
]
[
m_bDarkMatter
0
]
[
m_bUrdaniam
0
]
}
FA126F9B7A92FA29
1C4C928A840EFF48
{
[
m_NodeKey
425A928A840EFF48
]
[
m_Class
C9013149DAEC8639
]
[
m_Name
Hwagathi
]
[
m_pTemplate
759A0520BA12AD7E
823A8640EF5E5D52
{
[
m_Name

]
[
m_nNodeFlags
0
]
[
m_Children
0
]
[
m_Position
000000000000000000000000
]
[
m_Frame
0000803F0000000000000000000000000000803F0000000000000000000000000000803F
]
[
m_vOrientation
0
0
0
]
[
m_Flags
0
]
[
m_Tick
0
]
[
m_NounContext
0000000000000000
]
[
m_Traits
2
DD2D5A9AF73452D9
0
4F7B2D2FC7265684
{
}
]
[
m_nTeamId
0
]
[
m_nUserId
0
]
[
m_DetectionFlags
4294967295
]
[
m_fControl
0.000000
]
[
m_fPopulation
0.000000
]
[
m_fTechnology
0.000000
]
[
m_fMoral
1.000000
]
[
m_nAllegiance
0
]
[
m_nAllegianceXP
0
]
[
m_nAllegianceXPRequired
72000
]
[
m_fRotVelocity
0.003491
]
[
m_nLockRank
0
]
[
m_TradeRoutes
0
]
[
m_fResources
1000.000000
]
[
m_bImportStatus
1
]
[
m_bExportStatus
1
]
}
]
[
m_Children
0
]
[
m_Position
AB7CEBC2000000003757A0C5
]
[
m_Frame
0000803F0000000000000000000000000000803F0000000000000000000000000000803F
]
[
m_fFrameScale
1.000000
]
[
m_NounContext
planets\\hwagathi.prt
]
[
m_nFleetId
-1
]
[
m_Orbiting
Epsilon Eri
]
[
m_OrbitVelocity
-0.000000
]
[
m_Population
0
]
[
m_bHydrogen
0
]
[
m_bOxygen
0
]
[
m_bMetals
0
]
[
m_bHeavyMetals
0
]
[
m_bCyroMetals
0
]
[
m_bHyperMatter
0
]
[
m_bDarkMatter
0
]
[
m_bUrdaniam
0
]
}
FA126F9B7A92FA29
30A0928A840EFF48
{
[
m_NodeKey
81AD928A840EFF48
]
[
m_Class
66B0749DD9EC8639
]
[
m_Name
Kasma
]
[
m_pTemplate
7BC0680FDA5C3FC5
4C0D5946EF5E5D52
{
[
m_Name

]
[
m_nNodeFlags
0
]
[
m_Children
0
]
[
m_Position
000000000000000000000000
]
[
m_Frame
0000803F0000000000000000000000000000803F0000000000000000000000000000803F
]
[
m_vOrientation
0
0
0
]
[
m_Flags
0
]
[
m_Tick
0
]
[
m_NounContext
0000000000000000
]
[
m_Traits
2
DD2D5A9AF73452D9
0
4F7B2D2FC7265684
{
}
]
[
m_nTeamId
0
]
[
m_nUserId
0
]
[
m_DetectionFlags
4294967295
]
[
m_fControl
0.000000
]
[
m_fPopulation
0.000000
]
[
m_fTechnology
0.000000
]
[
m_fMoral
1.000000
]
[
m_nAllegiance
0
]
[
m_nAllegianceXP
0
]
[
m_nAllegianceXPRequired
72000
]
[
m_fRotVelocity
0.003491
]
[
m_nLockRank
0
]
[
m_TradeRoutes
0
]
[
m_fResources
1000.000000
]
[
m_bImportStatus
1
]
[
m_bExportStatus
1
]
}
]
[
m_Children
0
]
[
m_Position
00409C460000000009007A44
]
[
m_Frame
0000803F0000000000000000000000000000803F0000000000000000000000000000803F
]
[
m_fFrameScale
1.000000
]
[
m_NounContext
planets\\kasma.prt
]
[
m_nFleetId
-1
]
[
m_Orbiting
Epsilon Eri
]
[
m_OrbitVelocity
0.000000
]
[
m_Population
0
]
[
m_bHydrogen
0
]
[
m_bOxygen
0
]
[
m_bMetals
0
]
[
m_bHeavyMetals
0
]
[
m_bCyroMetals
0
]
[
m_bHyperMatter
0
]
[
m_bDarkMatter
0
]
[
m_bUrdaniam
0
]
}
FA126F9B7A92FA29
5FEA928A840EFF48
{
[
m_NodeKey
DAFD928A840EFF48
]
[
m_Class
C9013149DAEC8639
]
[
m_Name
Krycheck
]
[
m_pTemplate
759A0520BA12AD7E
844CCB4BEF5E5D52
{
[
m_Name

]
[
m_nNodeFlags
0
]
[
m_Children
0
]
[
m_Position
000000000000000000000000
]
[
m_Frame
0000803F0000000000000000000000000000803F0000000000000000000000000000803F
]
[
m_vOrientation
0
0
0
]
[
m_Flags
0
]
[
m_Tick
0
]
[
m_NounContext
0000000000000000
]
[
m_Traits
2
DD2D5A9AF73452D9
0
4F7B2D2FC7265684
{
}
]
[
m_nTeamId
0
]
[
m_nUserId
0
]
[
m_DetectionFlags
4294967295
]
[
m_fControl
0.000000
]
[
m_fPopulation
0.000000
]
[
m_fTechnology
0.000000
]
[
m_fMoral
1.000000
]
[
m_nAllegiance
0
]
[
m_nAllegianceXP
0
]
[
m_nAllegianceXPRequired
72000
]
[
m_fRotVelocity
0.003491
]
[
m_nLockRank
0
]
[
m_TradeRoutes
0
]
[
m_fResources
1000.000000
]
[
m_bImportStatus
1
]
[
m_bExportStatus
1
]
}
]
[
m_Children
0
]
[
m_Position
00FF934600000000E6529844
]
[
m_Frame
0000803F0000000000000000000000000000803F0000000000000000000000000000803F
]
[
m_fFrameScale
1.000000
]
[
m_NounContext
planets\\krycheck.prt
]
[
m_nFleetId
-1
]
[
m_Orbiting
Kasma
]
[
m_OrbitVelocity
-0.000000
]
[
m_Population
0
]
[
m_bHydrogen
0
]
[
m_bOxygen
0
]
[
m_bMetals
1
]
[
m_bHeavyMetals
1
]
[
m_bCyroMetals
0
]
[
m_bHyperMatter
0
]
[
m_bDarkMatter
0
]
[
m_bUrdaniam
0
]
}
FA126F9B7A92FA29
DC42938A840EFF48
{
[
m_NodeKey
EF51938A840EFF48
]
[
m_Class
C9013149DAEC8639
]
[
m_Name
Baiuse
]
[
m_pTemplate
759A0520BA12AD7E
BEF05151EF5E5D52
{
[
m_Name

]
[
m_nNodeFlags
0
]
[
m_Children
0
]
[
m_Position
000000000000000000000000
]
[
m_Frame
0000803F0000000000000000000000000000803F0000000000000000000000000000803F
]
[
m_vOrientation
0
0
0
]
[
m_Flags
0
]
[
m_Tick
0
]
[
m_NounContext
0000000000000000
]
[
m_Traits
2
DD2D5A9AF73452D9
0
4F7B2D2FC7265684
{
}
]
[
m_nTeamId
0
]
[
m_nUserId
0
]
[
m_DetectionFlags
4294967295
]
[
m_fControl
0.000000
]
[
m_fPopulation
0.000000
]
[
m_fTechnology
0.000000
]
[
m_fMoral
1.000000
]
[
m_nAllegiance
0
]
[
m_nAllegianceXP
0
]
[
m_nAllegianceXPRequired
72000
]
[
m_fRotVelocity
0.003491
]
[
m_nLockRank
0
]
[
m_TradeRoutes
0
]
[
m_fResources
1000.000000
]
[
m_bImportStatus
1
]
[
m_bExportStatus
1
]
}
]
[
m_Children
0
]
[
m_Position
00C2AC460000000068023E45
]
[
m_Frame
0000803F0000000000000000000000000000803F0000000000000000000000000000803F
]
[
m_fFrameScale
1.000000
]
[
m_NounContext
planets\\baiuse.prt
]
[
m_nFleetId
-1
]
[
m_Orbiting
Kasma
]
[
m_OrbitVelocity
-0.000000
]
[
m_Population
0
]
[
m_bHydrogen
0
]
[
m_bOxygen
0
]
[
m_bMetals
1
]
[
m_bHeavyMetals
0
]
[
m_bCyroMetals
0
]
[
m_bHyperMatter
0
]
[
m_bDarkMatter
0
]
[
m_bUrdaniam
0
]
}
FA126F9B7A92FA29
4891938A840EFF48
{
[
m_NodeKey
C99C938A840EFF48
]
[
m_Class
0ED8E5CFE5EC8639
]
[
m_Name
Maat
]
[
m_pTemplate
E1EF71ED76A4FA29
F88C4656EF5E5D52
{
[
m_Name

]
[
m_nNodeFlags
0
]
[
m_Children
0
]
[
m_Position
000000000000000000000000
]
[
m_Frame
0000803F0000000000000000000000000000803F0000000000000000000000000000803F
]
[
m_vOrientation
0
0
0
]
[
m_Flags
0
]
[
m_Tick
0
]
[
m_NounContext
0000000000000000
]
[
m_Traits
2
DD2D5A9AF73452D9
0
4F7B2D2FC7265684
{
}
]
[
m_nTeamId
0
]
[
m_nUserId
0
]
[
m_DetectionFlags
4294967295
]
[
m_fControl
0.000000
]
[
m_fPopulation
0.000000
]
[
m_fTechnology
0.000000
]
[
m_fMoral
1.000000
]
[
m_nAllegiance
0
]
[
m_nAllegianceXP
0
]
[
m_nAllegianceXPRequired
72000
]
[
m_fRotVelocity
0.003491
]
[
m_nLockRank
0
]
[
m_TradeRoutes
0
]
[
m_fResources
1000.000000
]
[
m_bImportStatus
1
]
[
m_bExportStatus
1
]
}
]
[
m_Children
0
]
[
m_Position
00BC8D46000000009A5947C5
]
[
m_Frame
0000803F0000000000000000000000000000803F0000000000000000000000000000803F
]
[
m_fFrameScale
1.000000
]
[
m_NounContext
planets\\maat.prt
]
[
m_nFleetId
-1
]
[
m_Orbiting
Kasma
]
[
m_OrbitVelocity
-0.000000
]
[
m_Population
0
]
[
m_bHydrogen
0
]
[
m_bOxygen
1
]
[
m_bMetals
1
]
[
m_bHeavyMetals
0
]
[
m_bCyroMetals
0
]
[
m_bHyperMatter
0
]
[
m_bDarkMatter
0
]
[
m_bUrdaniam
1
]
}
FA126F9B7A92FA29
882E948A840EFF48
{
[
m_NodeKey
553D948A840EFF48
]
[
m_Class
C9013149DAEC8639
]
[
m_Name
Roacliff
]
[
m_pTemplate
759A0520BA12AD7E
B62ED85BEF5E5D52
{
[
m_Name

]
[
m_nNodeFlags
0
]
[
m_Children
0
]
[
m_Position
000000000000000000000000
]
[
m_Frame
0000803F0000000000000000000000000000803F0000000000000000000000000000803F
]
[
m_vOrientation
0
0
0
]
[
m_Flags
0
]
[
m_Tick
0
]
[
m_NounContext
0000000000000000
]
[
m_Traits
2
DD2D5A9AF73452D9
0
4F7B2D2FC7265684
{
}
]
[
m_nTeamId
0
]
[
m_nUserId
0
]
[
m_DetectionFlags
4294967295
]
[
m_fControl
0.000000
]
[
m_fPopulation
0.000000
]
[
m_fTechnology
0.000000
]
[
m_fMoral
1.000000
]
[
m_nAllegiance
0
]
[
m_nAllegianceXP
0
]
[
m_nAllegianceXPRequired
72000
]
[
m_fRotVelocity
0.003491
]
[
m_nLockRank
0
]
[
m_TradeRoutes
0
]
[
m_fResources
1000.000000
]
[
m_bImportStatus
1
]
[
m_bExportStatus
1
]
}
]
[
m_Children
0
]
[
m_Position
3395A44600000000CD728FC5
]
[
m_Frame
0000803F0000000000000000000000000000803F0000000000000000000000000000803F
]
[
m_fFrameScale
1.000000
]
[
m_NounContext
planets\\roacliff.prt
]
[
m_nFleetId
-1
]
[
m_Orbiting
Kasma
]
[
m_OrbitVelocity
0.000000
]
[
m_Population
0
]
[
m_bHydrogen
0
]
[
m_bOxygen
0
]
[
m_bMetals
1
]
[
m_bHeavyMetals
0
]
[
m_bCyroMetals
0
]
[
m_bHyperMatter
0
]
[
m_bDarkMatter
1
]
[
m_bUrdaniam
0
]
}
FA126F9B7A92FA29
16D1948A840EFF48
{
[
m_NodeKey
68DF948A840EFF48
]
[
m_Class
66B0749DD9EC8639
]
[
m_Name
Aa
]
[
m_pTemplate
7BC0680FDA5C3FC5
E269B160EF5E5D52
{
[
m_Name

]
[
m_nNodeFlags
0
]
[
m_Children
0
]
[
m_Position
000000000000000000000000
]
[
m_Frame
0000803F0000000000000000000000000000803F0000000000000000000000000000803F
]
[
m_vOrientation
0
0
0
]
[
m_Flags
0
]
[
m_Tick
0
]
[
m_NounContext
0000000000000000
]
[
m_Traits
2
DD2D5A9AF73452D9
0
4F7B2D2FC7265684
{
}
]
[
m_nTeamId
0
]
[
m_nUserId
0
]
[
m_DetectionFlags
4294967295
]
[
m_fControl
0.000000
]
[
m_fPopulation
0.000000
]
[
m_fTechnology
0.000000
]
[
m_fMoral
1.000000
]
[
m_nAllegiance
0
]
[
m_nAllegianceXP
0
]
[
m_nAllegianceXPRequired
72000
]
[
m_fRotVelocity
0.003491
]
[
m_nLockRank
0
]
[
m_TradeRoutes
0
]
[
m_fResources
1000.000000
]
[
m_bImportStatus
1
]
[
m_bExportStatus
1
]
}
]
[
m_Children
0
]
[
m_Position
AA5F14C700000000E39E99C2
]
[
m_Frame
0000803F0000000000000000000000000000803F0000000000000000000000000000803F
]
[
m_fFrameScale
1.000000
]
[
m_NounContext
planets\\aa.prt
]
[
m_nFleetId
-1
]
[
m_Orbiting
Epsilon Eri
]
[
m_OrbitVelocity
0.000000
]
[
m_Population
0
]
[
m_bHydrogen
1
]
[
m_bOxygen
0
]
[
m_bMetals
0
]
[
m_bHeavyMetals
0
]
[
m_bCyroMetals
0
]
[
m_bHyperMatter
0
]
[
m_bDarkMatter
0
]
[
m_bUrdaniam
0
]
}
FA126F9B7A92FA29
EF21958A840EFF48
{
[
m_NodeKey
CA2D958A840EFF48
]
[
m_Class
C9013149DAEC8639
]
[
m_Name
Olaf
]
[
m_pTemplate
759A0520BA12AD7E
24283566EF5E5D52
{
[
m_Name

]
[
m_nNodeFlags
0
]
[
m_Children
0
]
[
m_Position
000000000000000000000000
]
[
m_Frame
0000803F0000000000000000000000000000803F0000000000000000000000000000803F
]
[
m_vOrientation
0
0
0
]
[
m_Flags
0
]
[
m_Tick
0
]
[
m_NounContext
0000000000000000
]
[
m_Traits
2
DD2D5A9AF73452D9
0
4F7B2D2FC7265684
{
}
]
[
m_nTeamId
0
]
[
m_nUserId
0
]
[
m_DetectionFlags
4294967295
]
[
m_fControl
0.000000
]
[
m_fPopulation
0.000000
]
[
m_fTechnology
0.000000
]
[
m_fMoral
1.000000
]
[
m_nAllegiance
0
]
[
m_nAllegianceXP
0
]
[
m_nAllegianceXPRequired
72000
]
[
m_fRotVelocity
0.003491
]
[
m_nLockRank
0
]
[
m_TradeRoutes
0
]
[
m_fResources
1000.000000
]
[
m_bImportStatus
1
]
[
m_bExportStatus
1
]
}
]
[
m_Children
0
]
[
m_Position
E67415C70000000098412E44
]
[
m_Frame
0000803F0000000000000000000000000000803F0000000000000000000000000000803F
]
[
m_fFrameScale
1.000000
]
[
m_NounContext
planets\\olaf.prt
]
[
m_nFleetId
-1
]
[
m_Orbiting
Aa
]
[
m_OrbitVelocity
0.000000
]
[
m_Population
0
]
[
m_bHydrogen
0
]
[
m_bOxygen
0
]
[
m_bMetals
1
]
[
m_bHeavyMetals
1
]
[
m_bCyroMetals
1
]
[
m_bHyperMatter
0
]
[
m_bDarkMatter
0
]
[
m_bUrdaniam
0
]
}
FA126F9B7A92FA29
5F70958A840EFF48
{
[
m_NodeKey
8381958A840EFF48
]
[
m_Class
C9013149DAEC8639
]
[
m_Name
Guiddy
]
[
m_pTemplate
759A0520BA12AD7E
081D7D6FEF5E5D52
{
[
m_Name

]
[
m_nNodeFlags
0
]
[
m_Children
0
]
[
m_Position
000000000000000000000000
]
[
m_Frame
0000803F0000000000000000000000000000803F0000000000000000000000000000803F
]
[
m_vOrientation
0
0
0
]
[
m_Flags
0
]
[
m_Tick
0
]
[
m_NounContext
0000000000000000
]
[
m_Traits
2
DD2D5A9AF73452D9
0
4F7B2D2FC7265684
{
}
]
[
m_nTeamId
0
]
[
m_nUserId
0
]
[
m_DetectionFlags
4294967295
]
[
m_fControl
0.000000
]
[
m_fPopulation
0.000000
]
[
m_fTechnology
0.000000
]
[
m_fMoral
1.000000
]
[
m_nAllegiance
0
]
[
m_nAllegianceXP
0
]
[
m_nAllegianceXPRequired
72000
]
[
m_fRotVelocity
0.003491
]
[
m_nLockRank
0
]
[
m_TradeRoutes
0
]
[
m_fResources
1000.000000
]
[
m_bImportStatus
1
]
[
m_bExportStatus
1
]
}
]
[
m_Children
0
]
[
m_Position
1A6B11C700000000C766AD44
]
[
m_Frame
0000803F0000000000000000000000000000803F0000000000000000000000000000803F
]
[
m_fFrameScale
1.000000
]
[
m_NounContext
planets\\guiddy.prt
]
[
m_nFleetId
-1
]
[
m_Orbiting
Aa
]
[
m_OrbitVelocity
0.000000
]
[
m_Population
0
]
[
m_bHydrogen
0
]
[
m_bOxygen
0
]
[
m_bMetals
1
]
[
m_bHeavyMetals
1
]
[
m_bCyroMetals
0
]
[
m_bHyperMatter
0
]
[
m_bDarkMatter
0
]
[
m_bUrdaniam
0
]
}
FA126F9B7A92FA29
415C968A840EFF48
{
[
m_NodeKey
116A968A840EFF48
]
[
m_Class
F2429FF4DCEC8639
]
[
m_Name
Oymvre
]
[
m_pTemplate
BBCA6F0FEA403FC5
B7662475EF5E5D52
{
[
m_Name

]
[
m_nNodeFlags
0
]
[
m_Children
0
]
[
m_Position
000000000000000000000000
]
[
m_Frame
0000803F0000000000000000000000000000803F0000000000000000000000000000803F
]
[
m_vOrientation
0
0
0
]
[
m_Flags
0
]
[
m_Tick
0
]
[
m_NounContext
0000000000000000
]
[
m_Traits
2
DD2D5A9AF73452D9
0
4F7B2D2FC7265684
{
}
]
[
m_nTeamId
0
]
[
m_nUserId
0
]
[
m_DetectionFlags
4294967295
]
[
m_fControl
0.000000
]
[
m_fPopulation
0.000000
]
[
m_fTechnology
0.000000
]
[
m_fMoral
1.000000
]
[
m_nAllegiance
0
]
[
m_nAllegianceXP
0
]
[
m_nAllegianceXPRequired
72000
]
[
m_fRotVelocity
0.003491
]
[
m_nLockRank
0
]
[
m_TradeRoutes
0
]
[
m_fResources
1000.000000
]
[
m_bImportStatus
1
]
[
m_bExportStatus
1
]
}
]
[
m_Children
0
]
[
m_Position
B3BC0AC7000000008F1AA544
]
[
m_Frame
0000803F0000000000000000000000000000803F0000000000000000000000000000803F
]
[
m_fFrameScale
1.000000
]
[
m_NounContext
planets\\oymvre.prt
]
[
m_nFleetId
-1
]
[
m_Orbiting
Aa
]
[
m_OrbitVelocity
0.000000
]
[
m_Population
0
]
[
m_bHydrogen
1
]
[
m_bOxygen
0
]
[
m_bMetals
1
]
[
m_bHeavyMetals
1
]
[
m_bCyroMetals
0
]
[
m_bHyperMatter
0
]
[
m_bDarkMatter
0
]
[
m_bUrdaniam
1
]
}
FA126F9B7A92FA29
91AB968A840EFF48
{
[
m_NodeKey
77B7968A840EFF48
]
[
m_Class
66B0749DD9EC8639
]
[
m_Name
Izzy
]
[
m_pTemplate
7BC0680FDA5C3FC5
A952097BEF5E5D52
{
[
m_Name

]
[
m_nNodeFlags
0
]
[
m_Children
0
]
[
m_Position
000000000000000000000000
]
[
m_Frame
0000803F0000000000000000000000000000803F0000000000000000000000000000803F
]
[
m_vOrientation
0
0
0
]
[
m_Flags
0
]
[
m_Tick
0
]
[
m_NounContext
0000000000000000
]
[
m_Traits
2
DD2D5A9AF73452D9
0
4F7B2D2FC7265684
{
}
]
[
m_nTeamId
0
]
[
m_nUserId
0
]
[
m_DetectionFlags
4294967295
]
[
m_fControl
0.000000
]
[
m_fPopulation
0.000000
]
[
m_fTechnology
0.000000
]
[
m_fMoral
1.000000
]
[
m_nAllegiance
0
]
[
m_nAllegianceXP
0
]
[
m_nAllegianceXPRequired
72000
]
[
m_fRotVelocity
0.003491
]
[
m_nLockRank
0
]
[
m_TradeRoutes
0
]
[
m_fResources
1000.000000
]
[
m_bImportStatus
1
]
[
m_bExportStatus
1
]
}
]
[
m_Children
0
]
[
m_Position
00B808470000000000401C47
]
[
m_Frame
0000803F0000000000000000000000000000803F0000000000000000000000000000803F
]
[
m_fFrameScale
1.000000
]
[
m_NounContext
planets\\izzy.prt
]
[
m_nFleetId
-1
]
[
m_Orbiting
Epsilon Eri
]
[
m_OrbitVelocity
0.000000
]
[
m_Population
0
]
[
m_bHydrogen
1
]
[
m_bOxygen
0
]
[
m_bMetals
0
]
[
m_bHeavyMetals
0
]
[
m_bCyroMetals
0
]
[
m_bHyperMatter
0
]
[
m_bDarkMatter
0
]
[
m_bUrdaniam
0
]
}
FA126F9B7A92FA29
99F5968A840EFF48
{
[
m_NodeKey
F208978A840EFF48
]
[
m_Class
C9013149DAEC8639
]
[
m_Name
Gofagac
]
[
m_pTemplate
759A0520BA12AD7E
31488B80EF5E5D52
{
[
m_Name

]
[
m_nNodeFlags
0
]
[
m_Children
0
]
[
m_Position
000000000000000000000000
]
[
m_Frame
0000803F0000000000000000000000000000803F0000000000000000000000000000803F
]
[
m_vOrientation
0
0
0
]
[
m_Flags
0
]
[
m_Tick
0
]
[
m_NounContext
0000000000000000
]
[
m_Traits
2
DD2D5A9AF73452D9
0
4F7B2D2FC7265684
{
}
]
[
m_nTeamId
0
]
[
m_nUserId
0
]
[
m_DetectionFlags
4294967295
]
[
m_fControl
0.000000
]
[
m_fPopulation
0.000000
]
[
m_fTechnology
0.000000
]
[
m_fMoral
1.000000
]
[
m_nAllegiance
0
]
[
m_nAllegianceXP
0
]
[
m_nAllegianceXPRequired
72000
]
[
m_fRotVelocity
0.003491
]
[
m_nLockRank
0
]
[
m_TradeRoutes
0
]
[
m_fResources
1000.000000
]
[
m_bImportStatus
1
]
[
m_bExportStatus
1
]
}
]
[
m_Children
0
]
[
m_Position
33AB0647000000009A5F1F47
]
[
m_Frame
0000803F0000000000000000000000000000803F0000000000000000000000000000803F
]
[
m_fFrameScale
1.000000
]
[
m_NounContext
planets\\gofagac.prt
]
[
m_nFleetId
-1
]
[
m_Orbiting
Izzy
]
[
m_OrbitVelocity
0.000000
]
[
m_Population
0
]
[
m_bHydrogen
0
]
[
m_bOxygen
0
]
[
m_bMetals
1
]
[
m_bHeavyMetals
1
]
[
m_bCyroMetals
0
]
[
m_bHyperMatter
0
]
[
m_bDarkMatter
0
]
[
m_bUrdaniam
0
]
}
FA126F9B7A92FA29
2B4F978A840EFF48
{
[
m_NodeKey
365A978A840EFF48
]
[
m_Class
BF1C93F1D5EC8639
]
[
m_Name
Okag
]
[
m_pTemplate
708A05A8BA13F77E
429AF583EF5E5D52
{
[
m_Name

]
[
m_nNodeFlags
0
]
[
m_Children
0
]
[
m_Position
000000000000000000000000
]
[
m_Frame
0000803F0000000000000000000000000000803F0000000000000000000000000000803F
]
[
m_vOrientation
0
0
0
]
[
m_Flags
0
]
[
m_Tick
0
]
[
m_NounContext
0000000000000000
]
[
m_Traits
2
DD2D5A9AF73452D9
0
4F7B2D2FC7265684
{
}
]
[
m_nTeamId
0
]
[
m_nUserId
0
]
[
m_DetectionFlags
4294967295
]
[
m_fControl
0.000000
]
[
m_fPopulation
0.000000
]
[
m_fTechnology
0.000000
]
[
m_fMoral
1.000000
]
[
m_nAllegiance
0
]
[
m_nAllegianceXP
0
]
[
m_nAllegianceXPRequired
72000
]
[
m_fRotVelocity
0.003491
]
[
m_nLockRank
0
]
[
m_TradeRoutes
0
]
[
m_fResources
1000.000000
]
[
m_bImportStatus
1
]
[
m_bExportStatus
1
]
}
]
[
m_Children
0
]
[
m_Position
80350D47000000004D022247
]
[
m_Frame
0000803F0000000000000000000000000000803F0000000000000000000000000000803F
]
[
m_fFrameScale
1.000000
]
[
m_NounContext
planets\\okag.prt
]
[
m_nFleetId
-1
]
[
m_Orbiting
Izzy
]
[
m_OrbitVelocity
0.000000
]
[
m_Population
0
]
[
m_bHydrogen
1
]
[
m_bOxygen
1
]
[
m_bMetals
1
]
[
m_bHeavyMetals
1
]
[
m_bCyroMetals
0
]
[
m_bHyperMatter
0
]
[
m_bDarkMatter
1
]
[
m_bUrdaniam
0
]
}
45EAD4043B9F118E
1907B2114EB54449
{
[
m_NodeKey
C189B2114EB54449
]
[
m_Class
1F508C2241E1B871
]
[
m_Name
Eri Gate - 1
]
[
m_pTemplate
1F508C2241E1B871
F324AFDFA6BBEE4E
{
[
m_Name

]
[
m_nNodeFlags
0
]
[
m_Children
0
]
[
m_Position
000000000000000000000000
]
[
m_Frame
0000803F0000000000000000000000000000803F0000000000000000000000000000803F
]
[
m_vOrientation
0
0
0
]
[
m_Flags
0
]
[
m_Tick
0
]
[
m_NounContext
0000000000000000
]
[
m_Traits
2
DD2D5A9AF73452D9
0
4F7B2D2FC7265684
{
}
]
[
m_nTeamId
0
]
[
m_nUserId
0
]
[
m_DetectionFlags
4294967295
]
[
m_bActive
1
]
[
m_bAutoActivate
0
]
[
m_bRemoteServer
0
]
[
m_sAddress

]
[
m_nPort
0
]
[
m_pDestination
0000000000000000
]
[
m_sDestination

]
[
m_bSafeZone
0
]
[
m_fSafeZoneDistance
0.000000
]
[
m_bDuration
0
]
[
m_nDuration
0
]
[
m_bInterval
0
]
[
m_nInterval
0
]
[
m_nGateTick
0
]
}
]
[
m_Children
0
]
[
m_Position
0090E2460000000000401CC5
]
[
m_Frame
0000803F0000000000000000000000000000803F0000000000000000000000000000803F
]
[
m_fFrameScale
1.000000
]
[
m_NounContext
misc\\icc jump gate.prt
]
[
m_nFleetId
-1
]
[
m_Orbiting
Epsilon Eri
]
[
m_OrbitVelocity
0.000000
]
[
m_Destination
Procyon Gate - 1
]
[
m_bActive
1
]
[
m_bAutoActivate
0
]
[
m_bSafeZone
0
]
[
m_fSafeZoneDistance
300.000000
]
[
m_bDuration
0
]
[
m_nDuration
0
]
[
m_bInterval
0
]
[
m_nInterval
0
]
}
45EAD4043B9F118E
2F093D841A445D4C
{
[
m_NodeKey
CBC73C841A445D4C
]
[
m_Class
1F508C2241E1B871
]
[
m_Name
Eri Gate - 2
]
[
m_pTemplate
1F508C2241E1B871
E0E3C0DFA6BBEE4E
{
[
m_Name

]
[
m_nNodeFlags
0
]
[
m_Children
0
]
[
m_Position
000000000000000000000000
]
[
m_Frame
0000803F0000000000000000000000000000803F0000000000000000000000000000803F
]
[
m_vOrientation
0
0
0
]
[
m_Flags
0
]
[
m_Tick
0
]
[
m_NounContext
0000000000000000
]
[
m_Traits
2
DD2D5A9AF73452D9
0
4F7B2D2FC7265684
{
}
]
[
m_nTeamId
0
]
[
m_nUserId
0
]
[
m_DetectionFlags
4294967295
]
[
m_bActive
1
]
[
m_bAutoActivate
0
]
[
m_bRemoteServer
0
]
[
m_sAddress

]
[
m_nPort
0
]
[
m_pDestination
0000000000000000
]
[
m_sDestination

]
[
m_bSafeZone
0
]
[
m_fSafeZoneDistance
0.000000
]
[
m_bDuration
0
]
[
m_nDuration
0
]
[
m_bInterval
0
]
[
m_nInterval
0
]
[
m_nGateTick
0
]
}
]
[
m_Children
0
]
[
m_Position
3CC712C600000000B7F0ABC5
]
[
m_Frame
0000803F0000000000000000000000000000803F0000000000000000000000000000803F
]
[
m_fFrameScale
1.000000
]
[
m_NounContext
misc\\izzy jump gate.prt
]
[
m_nFleetId
-1
]
[
m_Orbiting
Epsilon Eri
]
[
m_OrbitVelocity
0.000000
]
[
m_Destination
Pavonis Gate - 1
]
[
m_bActive
1
]
[
m_bAutoActivate
0
]
[
m_bSafeZone
0
]
[
m_fSafeZoneDistance
1000.000000
]
[
m_bDuration
0
]
[
m_nDuration
0
]
[
m_bInterval
0
]
[
m_nInterval
0
]
}
45EAD4043B9F118E
D43F37A32CAF2351
{
[
m_NodeKey
2E8B37A32CAF2351
]
[
m_Class
1F508C2241E1B871
]
[
m_Name
Eri Gate - 3
]
[
m_pTemplate
1F508C2241E1B871
070139A32CAF2351
{
[
m_Name

]
[
m_nNodeFlags
0
]
[
m_Children
0
]
[
m_Position
000000000000000000000000
]
[
m_Frame
0000803F0000000000000000000000000000803F0000000000000000000000000000803F
]
[
m_vOrientation
0
0
0
]
[
m_Flags
0
]
[
m_Tick
0
]
[
m_NounContext
0000000000000000
]
[
m_Traits
2
DD2D5A9AF73452D9
0
4F7B2D2FC7265684
{
}
]
[
m_nTeamId
0
]
[
m_nUserId
0
]
[
m_DetectionFlags
4294967295
]
[
m_bActive
1
]
[
m_bAutoActivate
0
]
[
m_bRemoteServer
0
]
[
m_sAddress

]
[
m_nPort
0
]
[
m_pDestination
0000000000000000
]
[
m_sDestination

]
[
m_bSafeZone
0
]
[
m_fSafeZoneDistance
0.000000
]
[
m_bDuration
0
]
[
m_nDuration
0
]
[
m_bInterval
0
]
[
m_nInterval
0
]
[
m_nGateTick
0
]
}
]
[
m_Children
0
]
[
m_Position
070116C700000000FEADF044
]
[
m_Frame
0000803F0000000000000000000000000000803F0000000000000000000000000000803F
]
[
m_fFrameScale
1.000000
]
[
m_NounContext
misc\\aa jump gate.prt
]
[
m_nFleetId
-1
]
[
m_Orbiting
Aa
]
[
m_OrbitVelocity
0.000000
]
[
m_Destination
Lalande Gate - 3
]
[
m_bActive
1
]
[
m_bAutoActivate
0
]
[
m_bSafeZone
0
]
[
m_fSafeZoneDistance
0.000000
]
[
m_bDuration
0
]
[
m_nDuration
0
]
[
m_bInterval
0
]
[
m_nInterval
0
]
}
45EAD4043B9F118E
07BF326F2BAF2351
{
[
m_NodeKey
D7F1326F2BAF2351
]
[
m_Class
1F508C2241E1B871
]
[
m_Name
Eri Gate - 4
]
[
m_pTemplate
1F508C2241E1B871
372F346F2BAF2351
{
[
m_Name

]
[
m_nNodeFlags
0
]
[
m_Children
0
]
[
m_Position
000000000000000000000000
]
[
m_Frame
0000803F0000000000000000000000000000803F0000000000000000000000000000803F
]
[
m_vOrientation
0
0
0
]
[
m_Flags
0
]
[
m_Tick
0
]
[
m_NounContext
0000000000000000
]
[
m_Traits
2
DD2D5A9AF73452D9
0
4F7B2D2FC7265684
{
}
]
[
m_nTeamId
0
]
[
m_nUserId
0
]
[
m_DetectionFlags
4294967295
]
[
m_bActive
1
]
[
m_bAutoActivate
0
]
[
m_bRemoteServer
0
]
[
m_sAddress

]
[
m_nPort
0
]
[
m_pDestination
0000000000000000
]
[
m_sDestination

]
[
m_bSafeZone
0
]
[
m_fSafeZoneDistance
0.000000
]
[
m_bDuration
0
]
[
m_nDuration
0
]
[
m_bInterval
0
]
[
m_nInterval
0
]
[
m_nGateTick
0
]
}
]
[
m_Children
0
]
[
m_Position
CDD5EB460000000033FE1E47
]
[
m_Frame
0000803F0000000000000000000000000000803F0000000000000000000000000000803F
]
[
m_fFrameScale
1.000000
]
[
m_NounContext
misc\\izzy jump gate.prt
]
[
m_nFleetId
-1
]
[
m_Orbiting
Izzy
]
[
m_OrbitVelocity
0.000000
]
[
m_Destination
BD+43 Gate - 3
]
[
m_bActive
1
]
[
m_bAutoActivate
0
]
[
m_bSafeZone
0
]
[
m_fSafeZoneDistance
0.000000
]
[
m_bDuration
0
]
[
m_nDuration
0
]
[
m_bInterval
0
]
[
m_nInterval
0
]
}
45EAD4043B9F118E
22C3225640AF2351
{
[
m_NodeKey
12E4225640AF2351
]
[
m_Class
1F508C2241E1B871
]
[
m_Name
Eri Gate - 5
]
[
m_pTemplate
1F508C2241E1B871
0E9B235640AF2351
{
[
m_Name

]
[
m_nNodeFlags
0
]
[
m_Children
0
]
[
m_Position
000000000000000000000000
]
[
m_Frame
0000803F0000000000000000000000000000803F0000000000000000000000000000803F
]
[
m_vOrientation
0
0
0
]
[
m_Flags
0
]
[
m_Tick
0
]
[
m_NounContext
0000000000000000
]
[
m_Traits
2
DD2D5A9AF73452D9
0
4F7B2D2FC7265684
{
}
]
[
m_nTeamId
0
]
[
m_nUserId
0
]
[
m_DetectionFlags
4294967295
]
[
m_bActive
1
]
[
m_bAutoActivate
0
]
[
m_bRemoteServer
0
]
[
m_sAddress

]
[
m_nPort
0
]
[
m_pDestination
0000000000000000
]
[
m_sDestination

]
[
m_bSafeZone
0
]
[
m_fSafeZoneDistance
0.000000
]
[
m_bDuration
0
]
[
m_nDuration
0
]
[
m_bInterval
0
]
[
m_nInterval
0
]
[
m_nGateTick
0
]
}
]
[
m_Children
0
]
[
m_Position
00350D470000000000E4F546
]
[
m_Frame
0000803F0000000000000000000000000000803F0000000000000000000000000000803F
]
[
m_fFrameScale
1.000000
]
[
m_NounContext
misc\\k'luth jump gate.prt
]
[
m_nFleetId
-1
]
[
m_Orbiting
Izzy
]
[
m_OrbitVelocity
0.000000
]
[
m_Destination
Barnard's Gate - 4
]
[
m_bActive
1
]
[
m_bAutoActivate
0
]
[
m_bSafeZone
0
]
[
m_fSafeZoneDistance
1000.000000
]
[
m_bDuration
0
]
[
m_nDuration
0
]
[
m_bInterval
0
]
[
m_nInterval
0
]
}
]
[
m_Position
000000000000000000000000
]
[
m_Frame
0000803F0000000000000000000000000000803F0000000000000000000000000000803F
]
[
m_fFrameScale
1.000000
]
}
]
[
m_Fps
15.000000
]
[
m_Segments
0
]
[
m_TargetPosition
863C0D477FCE204000E4F546
]
[
m_TargetDistance
188.445267
]
[
m_TargetFrame
EC74733F3873AE3B26479E3E0D55CCBC49777F3F4DE7733D11C99DBEA2C483BD9AFB723F
]
}
