PRT
BBE32C0F2208BFD2
E09052E14BFF6868
{
[
m_Root
E98E268F2008D746
1B0FC5BDFFFFFFFF
{
[
m_NodeKey
11C8C98D840EFF48
]
[
m_Class
231158F1834B35BB
]
[
m_Name
Node
]
[
m_pTemplate
BCD8C64E28ED4A4B
A4E97B9ABF5DA04F
{
[
m_Name

]
[
m_nNodeFlags
0
]
[
m_Children
0
]
}
]
[
m_Children
19
ED42FB71490CD97A
A3E7C98D840EFF48
{
[
m_NodeKey
F2F2C98D840EFF48
]
[
m_Class
3EA7FC67C2EC8639
]
[
m_Name
Lalande
]
[
m_pTemplate
2D421BD9D08A9646
8CF766818F059951
{
[
m_Name

]
[
m_nNodeFlags
5
]
[
m_Children
0
]
[
m_Position
000000000000000000000000
]
[
m_Frame
0000803F0000000000000000000000000000803F0000000000000000000000000000803F
]
[
m_vOrientation
0
0
0
]
[
m_Flags
0
]
[
m_Tick
0
]
[
m_NounContext
0000000000000000
]
[
m_Traits
2
DD2D5A9AF73452D9
0
4F7B2D2FC7265684
{
}
]
[
m_nTeamId
0
]
[
m_nUserId
0
]
[
m_DetectionFlags
4294967295
]
}
]
[
m_Children
0
]
[
m_Position
000000000000000000000000
]
[
m_Frame
0000803F0000000000000000000000000000803F0000000000000000000000000000803F
]
[
m_fFrameScale
1.000000
]
[
m_NounContext
stars\\luyten 726-8 a.prt
]
[
m_nFleetId
-1
]
[
m_Orbiting

]
[
m_OrbitVelocity
0.000000
]
}
FA126F9B7A92FA29
1120CA8D840EFF48
{
[
m_NodeKey
D927CA8D840EFF48
]
[
m_Class
C9013149DAEC8639
]
[
m_Name
Rigel
]
[
m_pTemplate
759A0520BA12AD7E
28F586818F059951
{
[
m_Name

]
[
m_nNodeFlags
0
]
[
m_Children
0
]
[
m_Position
000000000000000000000000
]
[
m_Frame
0000803F0000000000000000000000000000803F0000000000000000000000000000803F
]
[
m_vOrientation
0
0
0
]
[
m_Flags
0
]
[
m_Tick
0
]
[
m_NounContext
0000000000000000
]
[
m_Traits
2
DD2D5A9AF73452D9
0
4F7B2D2FC7265684
{
}
]
[
m_nTeamId
0
]
[
m_nUserId
0
]
[
m_DetectionFlags
4294967295
]
[
m_fControl
0.000000
]
[
m_fPopulation
0.000000
]
[
m_fTechnology
0.000000
]
[
m_fMoral
1.000000
]
[
m_nAllegiance
0
]
[
m_nAllegianceXP
0
]
[
m_nAllegianceXPRequired
72000
]
[
m_fRotVelocity
0.003491
]
[
m_nLockRank
0
]
[
m_TradeRoutes
0
]
[
m_fResources
1000.000000
]
[
m_bImportStatus
1
]
[
m_bExportStatus
1
]
}
]
[
m_Children
0
]
[
m_Position
00803BC50000000000007AC5
]
[
m_Frame
0000803F0000000000000000000000000000803F0000000000000000000000000000803F
]
[
m_fFrameScale
1.000000
]
[
m_NounContext
editor\\planets\\small barren2.prt
]
[
m_nFleetId
-1
]
[
m_Orbiting
Lalande
]
[
m_OrbitVelocity
0.000000
]
[
m_Population
0
]
[
m_bHydrogen
0
]
[
m_bOxygen
0
]
[
m_bMetals
1
]
[
m_bHeavyMetals
1
]
[
m_bCyroMetals
0
]
[
m_bHyperMatter
1
]
[
m_bDarkMatter
1
]
[
m_bUrdaniam
0
]
}
FA126F9B7A92FA29
4767CA8D840EFF48
{
[
m_NodeKey
356DCA8D840EFF48
]
[
m_Class
0ED8E5CFE5EC8639
]
[
m_Name
Vesper
]
[
m_pTemplate
E1EF71ED76A4FA29
D9BCA9818F059951
{
[
m_Name

]
[
m_nNodeFlags
0
]
[
m_Children
0
]
[
m_Position
000000000000000000000000
]
[
m_Frame
0000803F0000000000000000000000000000803F0000000000000000000000000000803F
]
[
m_vOrientation
0
0
0
]
[
m_Flags
0
]
[
m_Tick
0
]
[
m_NounContext
0000000000000000
]
[
m_Traits
2
DD2D5A9AF73452D9
0
4F7B2D2FC7265684
{
}
]
[
m_nTeamId
0
]
[
m_nUserId
0
]
[
m_DetectionFlags
4294967295
]
[
m_fControl
0.000000
]
[
m_fPopulation
0.000000
]
[
m_fTechnology
0.000000
]
[
m_fMoral
1.000000
]
[
m_nAllegiance
0
]
[
m_nAllegianceXP
0
]
[
m_nAllegianceXPRequired
72000
]
[
m_fRotVelocity
0.003491
]
[
m_nLockRank
0
]
[
m_TradeRoutes
0
]
[
m_fResources
1000.000000
]
[
m_bImportStatus
1
]
[
m_bExportStatus
1
]
}
]
[
m_Children
0
]
[
m_Position
00409C450000000000000080
]
[
m_Frame
0000803F0000000000000000000000000000803F0000000000000000000000000000803F
]
[
m_fFrameScale
1.000000
]
[
m_NounContext
editor\\planets\\large arid1.prt
]
[
m_nFleetId
-1
]
[
m_Orbiting
Lalande
]
[
m_OrbitVelocity
0.000000
]
[
m_Population
0
]
[
m_bHydrogen
0
]
[
m_bOxygen
1
]
[
m_bMetals
1
]
[
m_bHeavyMetals
0
]
[
m_bCyroMetals
0
]
[
m_bHyperMatter
0
]
[
m_bDarkMatter
0
]
[
m_bUrdaniam
0
]
}
FA126F9B7A92FA29
48ABCA8D840EFF48
{
[
m_NodeKey
05B1CA8D840EFF48
]
[
m_Class
0ED8E5CFE5EC8639
]
[
m_Name
Ian
]
[
m_pTemplate
E1EF71ED76A4FA29
9F99C8818F059951
{
[
m_Name

]
[
m_nNodeFlags
0
]
[
m_Children
0
]
[
m_Position
000000000000000000000000
]
[
m_Frame
0000803F0000000000000000000000000000803F0000000000000000000000000000803F
]
[
m_vOrientation
0
0
0
]
[
m_Flags
0
]
[
m_Tick
0
]
[
m_NounContext
0000000000000000
]
[
m_Traits
2
DD2D5A9AF73452D9
0
4F7B2D2FC7265684
{
}
]
[
m_nTeamId
0
]
[
m_nUserId
0
]
[
m_DetectionFlags
4294967295
]
[
m_fControl
0.000000
]
[
m_fPopulation
0.000000
]
[
m_fTechnology
0.000000
]
[
m_fMoral
1.000000
]
[
m_nAllegiance
0
]
[
m_nAllegianceXP
0
]
[
m_nAllegianceXPRequired
72000
]
[
m_fRotVelocity
0.003491
]
[
m_nLockRank
0
]
[
m_TradeRoutes
0
]
[
m_fResources
1000.000000
]
[
m_bImportStatus
1
]
[
m_bExportStatus
1
]
}
]
[
m_Children
0
]
[
m_Position
00E0AB4500000000F9FFF943
]
[
m_Frame
0000803F0000000000000000000000000000803F0000000000000000000000000000803F
]
[
m_fFrameScale
1.000000
]
[
m_NounContext
editor\\planets\\small arid2.prt
]
[
m_nFleetId
-1
]
[
m_Orbiting
Vesper
]
[
m_OrbitVelocity
0.000000
]
[
m_Population
0
]
[
m_bHydrogen
0
]
[
m_bOxygen
1
]
[
m_bMetals
1
]
[
m_bHeavyMetals
1
]
[
m_bCyroMetals
0
]
[
m_bHyperMatter
0
]
[
m_bDarkMatter
0
]
[
m_bUrdaniam
0
]
}
FA126F9B7A92FA29
96EFCA8D840EFF48
{
[
m_NodeKey
97F6CA8D840EFF48
]
[
m_Class
C9013149DAEC8639
]
[
m_Name
Ringo
]
[
m_pTemplate
759A0520BA12AD7E
2A2DEE818F059951
{
[
m_Name

]
[
m_nNodeFlags
0
]
[
m_Children
0
]
[
m_Position
000000000000000000000000
]
[
m_Frame
0000803F0000000000000000000000000000803F0000000000000000000000000000803F
]
[
m_vOrientation
0
0
0
]
[
m_Flags
0
]
[
m_Tick
0
]
[
m_NounContext
0000000000000000
]
[
m_Traits
2
DD2D5A9AF73452D9
0
4F7B2D2FC7265684
{
}
]
[
m_nTeamId
0
]
[
m_nUserId
0
]
[
m_DetectionFlags
4294967295
]
[
m_fControl
0.000000
]
[
m_fPopulation
0.000000
]
[
m_fTechnology
0.000000
]
[
m_fMoral
1.000000
]
[
m_nAllegiance
0
]
[
m_nAllegianceXP
0
]
[
m_nAllegianceXPRequired
72000
]
[
m_fRotVelocity
0.003491
]
[
m_nLockRank
0
]
[
m_TradeRoutes
0
]
[
m_fResources
1000.000000
]
[
m_bImportStatus
1
]
[
m_bExportStatus
1
]
}
]
[
m_Children
0
]
[
m_Position
00409C45000000000000FA43
]
[
m_Frame
0000803F0000000000000000000000000000803F0000000000000000000000000000803F
]
[
m_fFrameScale
1.000000
]
[
m_NounContext
editor\\planets\\small barren3.prt
]
[
m_nFleetId
-1
]
[
m_Orbiting
Vesper
]
[
m_OrbitVelocity
0.000000
]
[
m_Population
0
]
[
m_bHydrogen
0
]
[
m_bOxygen
0
]
[
m_bMetals
1
]
[
m_bHeavyMetals
1
]
[
m_bCyroMetals
0
]
[
m_bHyperMatter
0
]
[
m_bDarkMatter
1
]
[
m_bUrdaniam
0
]
}
FA126F9B7A92FA29
F831CB8D840EFF48
{
[
m_NodeKey
023DCB8D840EFF48
]
[
m_Class
66B0749DD9EC8639
]
[
m_Name
Iop
]
[
m_pTemplate
7BC0680FDA5C3FC5
5FD911828F059951
{
[
m_Name

]
[
m_nNodeFlags
0
]
[
m_Children
0
]
[
m_Position
000000000000000000000000
]
[
m_Frame
0000803F0000000000000000000000000000803F0000000000000000000000000000803F
]
[
m_vOrientation
0
0
0
]
[
m_Flags
0
]
[
m_Tick
0
]
[
m_NounContext
0000000000000000
]
[
m_Traits
2
DD2D5A9AF73452D9
0
4F7B2D2FC7265684
{
}
]
[
m_nTeamId
0
]
[
m_nUserId
0
]
[
m_DetectionFlags
4294967295
]
[
m_fControl
0.000000
]
[
m_fPopulation
0.000000
]
[
m_fTechnology
0.000000
]
[
m_fMoral
1.000000
]
[
m_nAllegiance
0
]
[
m_nAllegianceXP
0
]
[
m_nAllegianceXPRequired
72000
]
[
m_fRotVelocity
0.003491
]
[
m_nLockRank
0
]
[
m_TradeRoutes
0
]
[
m_fResources
1000.000000
]
[
m_bImportStatus
1
]
[
m_bExportStatus
1
]
}
]
[
m_Children
0
]
[
m_Position
00409CC60000000000409CC6
]
[
m_Frame
0000803F0000000000000000000000000000803F0000000000000000000000000000803F
]
[
m_fFrameScale
1.000000
]
[
m_NounContext
editor\\planets\\jupiter.prt
]
[
m_nFleetId
-1
]
[
m_Orbiting
Lalande
]
[
m_OrbitVelocity
0.000000
]
[
m_Population
0
]
[
m_bHydrogen
1
]
[
m_bOxygen
0
]
[
m_bMetals
0
]
[
m_bHeavyMetals
0
]
[
m_bCyroMetals
0
]
[
m_bHyperMatter
0
]
[
m_bDarkMatter
0
]
[
m_bUrdaniam
0
]
}
FA126F9B7A92FA29
B679CB8D840EFF48
{
[
m_NodeKey
A081CB8D840EFF48
]
[
m_Class
82BCCF41D3EC8639
]
[
m_Name
Griffen
]
[
m_pTemplate
1FC7C8E9ABC93FF4
19D934828F059951
{
[
m_Name

]
[
m_nNodeFlags
0
]
[
m_Children
0
]
[
m_Position
000000000000000000000000
]
[
m_Frame
0000803F0000000000000000000000000000803F0000000000000000000000000000803F
]
[
m_vOrientation
0
0
0
]
[
m_Flags
0
]
[
m_Tick
0
]
[
m_NounContext
0000000000000000
]
[
m_Traits
2
DD2D5A9AF73452D9
0
4F7B2D2FC7265684
{
}
]
[
m_nTeamId
0
]
[
m_nUserId
0
]
[
m_DetectionFlags
4294967295
]
[
m_fControl
0.000000
]
[
m_fPopulation
0.000000
]
[
m_fTechnology
0.000000
]
[
m_fMoral
1.000000
]
[
m_nAllegiance
0
]
[
m_nAllegianceXP
0
]
[
m_nAllegianceXPRequired
72000
]
[
m_fRotVelocity
0.003491
]
[
m_nLockRank
0
]
[
m_TradeRoutes
0
]
[
m_fResources
1000.000000
]
[
m_bImportStatus
1
]
[
m_bExportStatus
1
]
}
]
[
m_Children
0
]
[
m_Position
0010A4C6000000000010A4C6
]
[
m_Frame
0000803F0000000000000000000000000000803F0000000000000000000000000000803F
]
[
m_fFrameScale
1.000000
]
[
m_NounContext
editor\\planets\\small inferno1.prt
]
[
m_nFleetId
-1
]
[
m_Orbiting
Iop
]
[
m_OrbitVelocity
0.000000
]
[
m_Population
0
]
[
m_bHydrogen
0
]
[
m_bOxygen
0
]
[
m_bMetals
1
]
[
m_bHeavyMetals
0
]
[
m_bCyroMetals
0
]
[
m_bHyperMatter
1
]
[
m_bDarkMatter
1
]
[
m_bUrdaniam
0
]
}
FA126F9B7A92FA29
B6BBCB8D840EFF48
{
[
m_NodeKey
B2C8CB8D840EFF48
]
[
m_Class
BF1C93F1D5EC8639
]
[
m_Name
Demaret
]
[
m_pTemplate
708A05A8BA13F77E
283055828F059951
{
[
m_Name

]
[
m_nNodeFlags
0
]
[
m_Children
0
]
[
m_Position
000000000000000000000000
]
[
m_Frame
0000803F0000000000000000000000000000803F0000000000000000000000000000803F
]
[
m_vOrientation
0
0
0
]
[
m_Flags
0
]
[
m_Tick
0
]
[
m_NounContext
0000000000000000
]
[
m_Traits
2
DD2D5A9AF73452D9
0
4F7B2D2FC7265684
{
}
]
[
m_nTeamId
0
]
[
m_nUserId
0
]
[
m_DetectionFlags
4294967295
]
[
m_fControl
0.000000
]
[
m_fPopulation
0.000000
]
[
m_fTechnology
0.000000
]
[
m_fMoral
1.000000
]
[
m_nAllegiance
0
]
[
m_nAllegianceXP
0
]
[
m_nAllegianceXPRequired
72000
]
[
m_fRotVelocity
0.003491
]
[
m_nLockRank
0
]
[
m_TradeRoutes
0
]
[
m_fResources
1000.000000
]
[
m_bImportStatus
1
]
[
m_bExportStatus
1
]
}
]
[
m_Children
0
]
[
m_Position
0900FA4400000000001024C6
]
[
m_Frame
0000803F0000000000000000000000000000803F0000000000000000000000000000803F
]
[
m_fFrameScale
1.000000
]
[
m_NounContext
editor\\planets\\venus.prt
]
[
m_nFleetId
-1
]
[
m_Orbiting
Lalande
]
[
m_OrbitVelocity
0.000000
]
[
m_Population
0
]
[
m_bHydrogen
0
]
[
m_bOxygen
1
]
[
m_bMetals
1
]
[
m_bHeavyMetals
0
]
[
m_bCyroMetals
1
]
[
m_bHyperMatter
0
]
[
m_bDarkMatter
0
]
[
m_bUrdaniam
0
]
}
FA126F9B7A92FA29
2005CC8D840EFF48
{
[
m_NodeKey
8210CC8D840EFF48
]
[
m_Class
7BC0680FDA5C3FC5
]
[
m_Name
Veger
]
[
m_pTemplate
7BC0680FDA5C3FC5
8C8304C7BF5DA04F
{
[
m_Name

]
[
m_nNodeFlags
0
]
[
m_Children
0
]
[
m_Position
000000000000000000000000
]
[
m_Frame
0000803F0000000000000000000000000000803F0000000000000000000000000000803F
]
[
m_vOrientation
0
0
0
]
[
m_Flags
0
]
[
m_Tick
0
]
[
m_NounContext
0000000000000000
]
[
m_Traits
2
DD2D5A9AF73452D9
0
4F7B2D2FC7265684
{
}
]
[
m_nTeamId
0
]
[
m_nUserId
0
]
[
m_DetectionFlags
4294967295
]
[
m_fControl
0.000000
]
[
m_fPopulation
0.000000
]
[
m_fTechnology
0.000000
]
[
m_fMoral
1.000000
]
[
m_nAllegiance
0
]
[
m_nAllegianceXP
0
]
[
m_nAllegianceXPRequired
72000
]
[
m_fRotVelocity
0.003491
]
[
m_nLockRank
0
]
[
m_TradeRoutes
0
]
[
m_fResources
1000.000000
]
[
m_bImportStatus
1
]
[
m_bExportStatus
1
]
}
]
[
m_Children
0
]
[
m_Position
00401C460000000000401C46
]
[
m_Frame
0000803F0000000000000000000000000000803F0000000000000000000000000000803F
]
[
m_fFrameScale
1.000000
]
[
m_NounContext
editor\\planets\\large gas5.prt
]
[
m_nFleetId
-1
]
[
m_Orbiting
Lalande
]
[
m_OrbitVelocity
0.000000
]
[
m_Population
0
]
[
m_bHydrogen
1
]
[
m_bOxygen
0
]
[
m_bMetals
0
]
[
m_bHeavyMetals
0
]
[
m_bCyroMetals
0
]
[
m_bHyperMatter
0
]
[
m_bDarkMatter
0
]
[
m_bUrdaniam
0
]
}
FA126F9B7A92FA29
784ECC8D840EFF48
{
[
m_NodeKey
DC58CC8D840EFF48
]
[
m_Class
C9013149DAEC8639
]
[
m_Name
Ugio
]
[
m_pTemplate
759A0520BA12AD7E
39AC9A828F059951
{
[
m_Name

]
[
m_nNodeFlags
0
]
[
m_Children
0
]
[
m_Position
000000000000000000000000
]
[
m_Frame
0000803F0000000000000000000000000000803F0000000000000000000000000000803F
]
[
m_vOrientation
0
0
0
]
[
m_Flags
0
]
[
m_Tick
0
]
[
m_NounContext
0000000000000000
]
[
m_Traits
2
DD2D5A9AF73452D9
0
4F7B2D2FC7265684
{
}
]
[
m_nTeamId
0
]
[
m_nUserId
0
]
[
m_DetectionFlags
4294967295
]
[
m_fControl
0.000000
]
[
m_fPopulation
0.000000
]
[
m_fTechnology
0.000000
]
[
m_fMoral
1.000000
]
[
m_nAllegiance
0
]
[
m_nAllegianceXP
0
]
[
m_nAllegianceXPRequired
72000
]
[
m_fRotVelocity
0.003491
]
[
m_nLockRank
0
]
[
m_TradeRoutes
0
]
[
m_fResources
1000.000000
]
[
m_bImportStatus
1
]
[
m_bExportStatus
1
]
}
]
[
m_Children
0
]
[
m_Position
00D824460000000000D00446
]
[
m_Frame
0000803F0000000000000000000000000000803F0000000000000000000000000000803F
]
[
m_fFrameScale
1.000000
]
[
m_NounContext
editor\\planets\\medium barren2.prt
]
[
m_nFleetId
-1
]
[
m_Orbiting
Veger
]
[
m_OrbitVelocity
0.000000
]
[
m_Population
0
]
[
m_bHydrogen
0
]
[
m_bOxygen
1
]
[
m_bMetals
0
]
[
m_bHeavyMetals
1
]
[
m_bCyroMetals
0
]
[
m_bHyperMatter
1
]
[
m_bDarkMatter
0
]
[
m_bUrdaniam
0
]
}
FA126F9B7A92FA29
8F94CC8D840EFF48
{
[
m_NodeKey
029FCC8D840EFF48
]
[
m_Class
F2429FF4DCEC8639
]
[
m_Name
Yahoo
]
[
m_pTemplate
BBCA6F0FEA403FC5
130ABB828F059951
{
[
m_Name

]
[
m_nNodeFlags
0
]
[
m_Children
0
]
[
m_Position
000000000000000000000000
]
[
m_Frame
0000803F0000000000000000000000000000803F0000000000000000000000000000803F
]
[
m_vOrientation
0
0
0
]
[
m_Flags
0
]
[
m_Tick
0
]
[
m_NounContext
0000000000000000
]
[
m_Traits
2
DD2D5A9AF73452D9
0
4F7B2D2FC7265684
{
}
]
[
m_nTeamId
0
]
[
m_nUserId
0
]
[
m_DetectionFlags
4294967295
]
[
m_fControl
0.000000
]
[
m_fPopulation
0.000000
]
[
m_fTechnology
0.000000
]
[
m_fMoral
1.000000
]
[
m_nAllegiance
0
]
[
m_nAllegianceXP
0
]
[
m_nAllegianceXPRequired
72000
]
[
m_fRotVelocity
0.003491
]
[
m_nLockRank
0
]
[
m_TradeRoutes
0
]
[
m_fResources
1000.000000
]
[
m_bImportStatus
1
]
[
m_bExportStatus
1
]
}
]
[
m_Children
0
]
[
m_Position
E08C504600000000264D4C46
]
[
m_Frame
0000803F0000000000000000000000000000803F0000000000000000000000000000803F
]
[
m_fFrameScale
1.000000
]
[
m_NounContext
editor\\planets\\medium ice1.prt
]
[
m_nFleetId
-1
]
[
m_Orbiting
Lalande
]
[
m_OrbitVelocity
0.000000
]
[
m_Population
0
]
[
m_bHydrogen
0
]
[
m_bOxygen
0
]
[
m_bMetals
1
]
[
m_bHeavyMetals
1
]
[
m_bCyroMetals
0
]
[
m_bHyperMatter
0
]
[
m_bDarkMatter
0
]
[
m_bUrdaniam
1
]
}
ED42FB71490CD97A
45DDCC8D840EFF48
{
[
m_NodeKey
74E5CC8D840EFF48
]
[
m_Class
239254CEBCD92A38
]
[
m_Name
Burning Alb
]
[
m_pTemplate
430F3A0F191BDEA5
72E60F7D91059951
{
[
m_Name

]
[
m_nNodeFlags
4
]
[
m_Children
0
]
[
m_Position
000000000000000000000000
]
[
m_Frame
0000803F0000000000000000000000000000803F0000000000000000000000000000803F
]
[
m_vOrientation
0
0
0
]
[
m_Flags
0
]
[
m_Tick
0
]
[
m_NounContext
0000000000000000
]
[
m_Traits
2
DD2D5A9AF73452D9
0
4F7B2D2FC7265684
{
}
]
[
m_nTeamId
0
]
[
m_nUserId
0
]
[
m_DetectionFlags
4294967295
]
}
]
[
m_Children
0
]
[
m_Position
000000000000000000000000
]
[
m_Frame
0000803F0000000000000000000000000000803F0000000000000000000000000000803F
]
[
m_fFrameScale
1.000000
]
[
m_NounContext
editor\\misc\\gas cloud0.prt
]
[
m_nFleetId
-1
]
[
m_Orbiting
Lalande
]
[
m_OrbitVelocity
0.000000
]
}
45EAD4043B9F118E
B861CD8D840EFF48
{
[
m_NodeKey
926ECD8D840EFF48
]
[
m_Class
1F508C2241E1B871
]
[
m_Name
Lalande Gate - 3
]
[
m_pTemplate
1F508C2241E1B871
F53DFED5BF5DA04F
{
[
m_Name

]
[
m_nNodeFlags
0
]
[
m_Children
0
]
[
m_Position
000000000000000000000000
]
[
m_Frame
0000803F0000000000000000000000000000803F0000000000000000000000000000803F
]
[
m_vOrientation
0
0
0
]
[
m_Flags
0
]
[
m_Tick
0
]
[
m_NounContext
0000000000000000
]
[
m_Traits
2
DD2D5A9AF73452D9
0
4F7B2D2FC7265684
{
}
]
[
m_nTeamId
0
]
[
m_nUserId
0
]
[
m_DetectionFlags
4294967295
]
[
m_bActive
1
]
[
m_bAutoActivate
0
]
[
m_bRemoteServer
0
]
[
m_sAddress

]
[
m_nPort
0
]
[
m_pDestination
0000000000000000
]
[
m_sDestination

]
[
m_bSafeZone
0
]
[
m_fSafeZoneDistance
0.000000
]
[
m_bDuration
0
]
[
m_nDuration
0
]
[
m_bInterval
0
]
[
m_nInterval
0
]
[
m_nGateTick
0
]
}
]
[
m_Children
0
]
[
m_Position
8F016C46000000009A3903C4
]
[
m_Frame
0000803F0000000000000000000000000000803F0000000000000000000000000000803F
]
[
m_fFrameScale
1.000000
]
[
m_NounContext
misc\\ugto jump gate.prt
]
[
m_nFleetId
-1
]
[
m_Orbiting
Lalande
]
[
m_OrbitVelocity
0.000000
]
[
m_Destination
Eri Gate - 3
]
[
m_bActive
1
]
[
m_bAutoActivate
0
]
[
m_bSafeZone
0
]
[
m_fSafeZoneDistance
300.000000
]
[
m_bDuration
0
]
[
m_nDuration
0
]
[
m_bInterval
0
]
[
m_nInterval
0
]
}
FA126F9B7A92FA29
42ADCD8D840EFF48
{
[
m_NodeKey
4ABCCD8D840EFF48
]
[
m_Class
F2429FF4DCEC8639
]
[
m_Name
New Pakistan
]
[
m_pTemplate
BBCA6F0FEA403FC5
287F17838F059951
{
[
m_Name

]
[
m_nNodeFlags
0
]
[
m_Children
0
]
[
m_Position
000000000000000000000000
]
[
m_Frame
0000803F0000000000000000000000000000803F0000000000000000000000000000803F
]
[
m_vOrientation
0
0
0
]
[
m_Flags
0
]
[
m_Tick
0
]
[
m_NounContext
0000000000000000
]
[
m_Traits
2
DD2D5A9AF73452D9
0
4F7B2D2FC7265684
{
}
]
[
m_nTeamId
0
]
[
m_nUserId
0
]
[
m_DetectionFlags
4294967295
]
[
m_fControl
0.000000
]
[
m_fPopulation
0.000000
]
[
m_fTechnology
0.000000
]
[
m_fMoral
1.000000
]
[
m_nAllegiance
0
]
[
m_nAllegianceXP
0
]
[
m_nAllegianceXPRequired
72000
]
[
m_fRotVelocity
0.003491
]
[
m_nLockRank
0
]
[
m_TradeRoutes
0
]
[
m_fResources
1000.000000
]
[
m_bImportStatus
1
]
[
m_bExportStatus
1
]
}
]
[
m_Children
0
]
[
m_Position
00A08CC6000000000028A0C6
]
[
m_Frame
0000803F0000000000000000000000000000803F0000000000000000000000000000803F
]
[
m_fFrameScale
1.000000
]
[
m_NounContext
editor\\planets\\medium ice2.prt
]
[
m_nFleetId
-1
]
[
m_Orbiting
Iop
]
[
m_OrbitVelocity
0.000000
]
[
m_Population
0
]
[
m_bHydrogen
1
]
[
m_bOxygen
1
]
[
m_bMetals
1
]
[
m_bHeavyMetals
0
]
[
m_bCyroMetals
0
]
[
m_bHyperMatter
0
]
[
m_bDarkMatter
0
]
[
m_bUrdaniam
1
]
}
FA126F9B7A92FA29
9BFECD8D840EFF48
{
[
m_NodeKey
3A0BCE8D840EFF48
]
[
m_Class
0ED8E5CFE5EC8639
]
[
m_Name
Wesly
]
[
m_pTemplate
E1EF71ED76A4FA29
CE2538838F059951
{
[
m_Name

]
[
m_nNodeFlags
0
]
[
m_Children
0
]
[
m_Position
000000000000000000000000
]
[
m_Frame
0000803F0000000000000000000000000000803F0000000000000000000000000000803F
]
[
m_vOrientation
0
0
0
]
[
m_Flags
0
]
[
m_Tick
0
]
[
m_NounContext
0000000000000000
]
[
m_Traits
2
DD2D5A9AF73452D9
0
4F7B2D2FC7265684
{
}
]
[
m_nTeamId
0
]
[
m_nUserId
0
]
[
m_DetectionFlags
4294967295
]
[
m_fControl
0.000000
]
[
m_fPopulation
0.000000
]
[
m_fTechnology
0.000000
]
[
m_fMoral
1.000000
]
[
m_nAllegiance
0
]
[
m_nAllegianceXP
0
]
[
m_nAllegianceXPRequired
72000
]
[
m_fRotVelocity
0.003491
]
[
m_nLockRank
0
]
[
m_TradeRoutes
0
]
[
m_fResources
1000.000000
]
[
m_bImportStatus
1
]
[
m_bExportStatus
1
]
}
]
[
m_Children
0
]
[
m_Position
008890C600000000005898C6
]
[
m_Frame
0000803F0000000000000000000000000000803F0000000000000000000000000000803F
]
[
m_fFrameScale
1.000000
]
[
m_NounContext
editor\\planets\\medium arid2.prt
]
[
m_nFleetId
-1
]
[
m_Orbiting
Iop
]
[
m_OrbitVelocity
0.000000
]
[
m_Population
0
]
[
m_bHydrogen
0
]
[
m_bOxygen
1
]
[
m_bMetals
1
]
[
m_bHeavyMetals
0
]
[
m_bCyroMetals
0
]
[
m_bHyperMatter
0
]
[
m_bDarkMatter
0
]
[
m_bUrdaniam
0
]
}
45EAD4043B9F118E
439B9FD2F17D5649
{
[
m_NodeKey
6E04A0D2F17D5649
]
[
m_Class
1F508C2241E1B871
]
[
m_Name
Lalande Gate - 1
]
[
m_pTemplate
1F508C2241E1B871
8A433EECBF5DA04F
{
[
m_Name

]
[
m_nNodeFlags
0
]
[
m_Children
0
]
[
m_Position
000000000000000000000000
]
[
m_Frame
0000803F0000000000000000000000000000803F0000000000000000000000000000803F
]
[
m_vOrientation
0
0
0
]
[
m_Flags
0
]
[
m_Tick
0
]
[
m_NounContext
0000000000000000
]
[
m_Traits
2
DD2D5A9AF73452D9
0
4F7B2D2FC7265684
{
}
]
[
m_nTeamId
0
]
[
m_nUserId
0
]
[
m_DetectionFlags
4294967295
]
[
m_bActive
1
]
[
m_bAutoActivate
0
]
[
m_bRemoteServer
0
]
[
m_sAddress

]
[
m_nPort
0
]
[
m_pDestination
0000000000000000
]
[
m_sDestination

]
[
m_bSafeZone
0
]
[
m_fSafeZoneDistance
0.000000
]
[
m_bDuration
0
]
[
m_nDuration
0
]
[
m_bInterval
0
]
[
m_nInterval
0
]
[
m_nGateTick
0
]
}
]
[
m_Children
0
]
[
m_Position
0050C3C6000000000050C3C6
]
[
m_Frame
0000803F0000000000000000000000000000803F0000000000000000000000000000803F
]
[
m_fFrameScale
1.000000
]
[
m_NounContext
misc\\ugto jump gate.prt
]
[
m_nFleetId
-1
]
[
m_Orbiting
Lalande
]
[
m_OrbitVelocity
0.000000
]
[
m_Destination
Wolf Gate - 3
]
[
m_bActive
1
]
[
m_bAutoActivate
0
]
[
m_bSafeZone
0
]
[
m_fSafeZoneDistance
1000.000000
]
[
m_bDuration
0
]
[
m_nDuration
0
]
[
m_bInterval
0
]
[
m_nInterval
0
]
}
45EAD4043B9F118E
E3858B2AF37D5649
{
[
m_NodeKey
55ED8B2AF37D5649
]
[
m_Class
1F508C2241E1B871
]
[
m_Name
Lalande Gate - 2
]
[
m_pTemplate
1F508C2241E1B871
CEFD7EECBF5DA04F
{
[
m_Name

]
[
m_nNodeFlags
0
]
[
m_Children
0
]
[
m_Position
000000000000000000000000
]
[
m_Frame
0000803F0000000000000000000000000000803F0000000000000000000000000000803F
]
[
m_vOrientation
0
0
0
]
[
m_Flags
0
]
[
m_Tick
0
]
[
m_NounContext
0000000000000000
]
[
m_Traits
2
DD2D5A9AF73452D9
0
4F7B2D2FC7265684
{
}
]
[
m_nTeamId
0
]
[
m_nUserId
0
]
[
m_DetectionFlags
4294967295
]
[
m_bActive
1
]
[
m_bAutoActivate
0
]
[
m_bRemoteServer
0
]
[
m_sAddress

]
[
m_nPort
0
]
[
m_pDestination
0000000000000000
]
[
m_sDestination

]
[
m_bSafeZone
0
]
[
m_fSafeZoneDistance
0.000000
]
[
m_bDuration
0
]
[
m_nDuration
0
]
[
m_bInterval
0
]
[
m_nInterval
0
]
[
m_nGateTick
0
]
}
]
[
m_Children
0
]
[
m_Position
1B730A460000000028005446
]
[
m_Frame
0000803F0000000000000000000000000000803F0000000000000000000000000000803F
]
[
m_fFrameScale
1.000000
]
[
m_NounContext
misc\\ugto jump gate.prt
]
[
m_nFleetId
-1
]
[
m_Orbiting
Lalande
]
[
m_OrbitVelocity
0.000000
]
[
m_Destination
BD+43 Gate - 4
]
[
m_bActive
1
]
[
m_bAutoActivate
0
]
[
m_bSafeZone
0
]
[
m_fSafeZoneDistance
1000.000000
]
[
m_bDuration
0
]
[
m_nDuration
0
]
[
m_bInterval
0
]
[
m_nInterval
0
]
}
45EAD4043B9F118E
8D0006CCE1B02351
{
[
m_NodeKey
A92E06CCE1B02351
]
[
m_Class
1F508C2241E1B871
]
[
m_Name
Lalande Gate - 4
]
[
m_pTemplate
1F508C2241E1B871
4E6C07CCE1B02351
{
[
m_Name

]
[
m_nNodeFlags
0
]
[
m_Children
0
]
[
m_Position
000000000000000000000000
]
[
m_Frame
0000803F0000000000000000000000000000803F0000000000000000000000000000803F
]
[
m_vOrientation
0
0
0
]
[
m_Flags
0
]
[
m_Tick
0
]
[
m_NounContext
0000000000000000
]
[
m_Traits
2
DD2D5A9AF73452D9
0
4F7B2D2FC7265684
{
}
]
[
m_nTeamId
0
]
[
m_nUserId
0
]
[
m_DetectionFlags
4294967295
]
[
m_bActive
1
]
[
m_bAutoActivate
0
]
[
m_bRemoteServer
0
]
[
m_sAddress

]
[
m_nPort
0
]
[
m_pDestination
0000000000000000
]
[
m_sDestination

]
[
m_bSafeZone
0
]
[
m_fSafeZoneDistance
0.000000
]
[
m_bDuration
0
]
[
m_nDuration
0
]
[
m_bInterval
0
]
[
m_nInterval
0
]
[
m_nGateTick
0
]
}
]
[
m_Children
0
]
[
m_Position
7BCC32450000000014E09846
]
[
m_Frame
0000803F0000000000000000000000000000803F0000000000000000000000000000803F
]
[
m_fFrameScale
1.000000
]
[
m_NounContext
misc\\ugto jump gate.prt
]
[
m_nFleetId
-1
]
[
m_Orbiting
Lalande
]
[
m_OrbitVelocity
0.000000
]
[
m_Destination
Luyten Gate - 4
]
[
m_bActive
1
]
[
m_bAutoActivate
0
]
[
m_bSafeZone
0
]
[
m_fSafeZoneDistance
1000.000000
]
[
m_bDuration
0
]
[
m_nDuration
0
]
[
m_bInterval
0
]
[
m_nInterval
0
]
}
45EAD4043B9F118E
AA88B22D4FB32351
{
[
m_NodeKey
6FB9B22D4FB32351
]
[
m_Class
1F508C2241E1B871
]
[
m_Name
Lalande Gate - 5
]
[
m_pTemplate
1F508C2241E1B871
19F4B32D4FB32351
{
[
m_Name

]
[
m_nNodeFlags
0
]
[
m_Children
0
]
[
m_Position
000000000000000000000000
]
[
m_Frame
0000803F0000000000000000000000000000803F0000000000000000000000000000803F
]
[
m_vOrientation
0
0
0
]
[
m_Flags
0
]
[
m_Tick
0
]
[
m_NounContext
0000000000000000
]
[
m_Traits
2
DD2D5A9AF73452D9
0
4F7B2D2FC7265684
{
}
]
[
m_nTeamId
0
]
[
m_nUserId
0
]
[
m_DetectionFlags
4294967295
]
[
m_bActive
1
]
[
m_bAutoActivate
0
]
[
m_bRemoteServer
0
]
[
m_sAddress

]
[
m_nPort
0
]
[
m_pDestination
0000000000000000
]
[
m_sDestination

]
[
m_bSafeZone
0
]
[
m_fSafeZoneDistance
0.000000
]
[
m_bDuration
0
]
[
m_nDuration
0
]
[
m_bInterval
0
]
[
m_nInterval
0
]
[
m_nGateTick
0
]
}
]
[
m_Children
0
]
[
m_Position
8F016CC6000000009A390344
]
[
m_Frame
0000803F0000000000000000000000000000803F0000000000000000000000000000803F
]
[
m_fFrameScale
1.000000
]
[
m_NounContext
misc\\ugto jump gate.prt
]
[
m_nFleetId
-1
]
[
m_Orbiting
Lalande
]
[
m_OrbitVelocity
0.000000
]
[
m_Destination
Maanen Gate - 4
]
[
m_bActive
1
]
[
m_bAutoActivate
0
]
[
m_bSafeZone
0
]
[
m_fSafeZoneDistance
300.000000
]
[
m_bDuration
0
]
[
m_nDuration
0
]
[
m_bInterval
0
]
[
m_nInterval
0
]
}
]
[
m_Position
000000000000000000000000
]
[
m_Frame
0000803F0000000000000000000000000000803F0000000000000000000000000000803F
]
[
m_fFrameScale
1.000000
]
}
]
[
m_Fps
15.000000
]
[
m_Segments
0
]
[
m_TargetPosition
90016CC600000000A3390344
]
[
m_TargetDistance
115.575661
]
[
m_TargetFrame
48687EBFBBBBB73C776BDFBD1A4A223DBC937C3FB4E221BEBB2BD53DF54D25BEB43B7BBF
]
}
