PRT
BBE32C0F2208BFD2
3123CDA6801C4F72
{
[
m_Root
E98E268F2008D746
AA0FC5BDFFFFFFFF
{
[
m_NodeKey
FE536294840EFF48
]
[
m_Class
231158F1834B35BB
]
[
m_Name
Node
]
[
m_pTemplate
BCD8C64E28ED4A4B
4DC07CE1D2BC2351
{
[
m_Name

]
[
m_nNodeFlags
0
]
[
m_Children
0
]
}
]
[
m_Children
15
ED42FB71490CD97A
E97C6294840EFF48
{
[
m_NodeKey
3B946294840EFF48
]
[
m_Class
3EA7FC67C2EC8639
]
[
m_Name
Ross 248
]
[
m_pTemplate
2D421BD9D08A9646
784FB40CD9B97C51
{
[
m_Name

]
[
m_nNodeFlags
5
]
[
m_Children
0
]
[
m_Position
000000000000000000000000
]
[
m_Frame
0000803F0000000000000000000000000000803F0000000000000000000000000000803F
]
[
m_vOrientation
0
0
0
]
[
m_Flags
0
]
[
m_Tick
0
]
[
m_NounContext
0000000000000000
]
[
m_Traits
2
DD2D5A9AF73452D9
0
4F7B2D2FC7265684
{
}
]
[
m_nTeamId
0
]
[
m_nUserId
0
]
[
m_DetectionFlags
4294967295
]
}
]
[
m_Children
0
]
[
m_Position
000000000000000000000000
]
[
m_Frame
0000803F0000000000000000000000000000803F0000000000000000000000000000803F
]
[
m_fFrameScale
1.000000
]
[
m_NounContext
stars\\ross 248.prt
]
[
m_nFleetId
-1
]
[
m_Orbiting

]
[
m_OrbitVelocity
0.000000
]
}
FA126F9B7A92FA29
1CDF6294840EFF48
{
[
m_NodeKey
E7F16294840EFF48
]
[
m_Class
66B0749DD9EC8639
]
[
m_Name
Zazap
]
[
m_pTemplate
7BC0680FDA5C3FC5
0DAFFB0CD9B97C51
{
[
m_Name

]
[
m_nNodeFlags
0
]
[
m_Children
0
]
[
m_Position
000000000000000000000000
]
[
m_Frame
0000803F0000000000000000000000000000803F0000000000000000000000000000803F
]
[
m_vOrientation
0
0
0
]
[
m_Flags
0
]
[
m_Tick
0
]
[
m_NounContext
0000000000000000
]
[
m_Traits
2
DD2D5A9AF73452D9
0
4F7B2D2FC7265684
{
}
]
[
m_nTeamId
0
]
[
m_nUserId
0
]
[
m_DetectionFlags
4294967295
]
[
m_fControl
0.000000
]
[
m_fPopulation
0.000000
]
[
m_fTechnology
0.000000
]
[
m_fMoral
1.000000
]
[
m_nAllegiance
0
]
[
m_nAllegianceXP
0
]
[
m_nAllegianceXPRequired
72000
]
[
m_fRotVelocity
0.003491
]
[
m_nLockRank
0
]
[
m_TradeRoutes
0
]
[
m_fResources
1000.000000
]
[
m_bImportStatus
1
]
[
m_bExportStatus
1
]
}
]
[
m_Children
0
]
[
m_Position
A4C485450000000052C8FB44
]
[
m_Frame
0000803F0000000000000000000000000000803F0000000000000000000000000000803F
]
[
m_fFrameScale
1.000000
]
[
m_NounContext
planets\\zazap.prt
]
[
m_nFleetId
-1
]
[
m_Orbiting
Ross 248
]
[
m_OrbitVelocity
0.000000
]
[
m_Population
0
]
[
m_bHydrogen
1
]
[
m_bOxygen
0
]
[
m_bMetals
0
]
[
m_bHeavyMetals
0
]
[
m_bCyroMetals
0
]
[
m_bHyperMatter
0
]
[
m_bDarkMatter
0
]
[
m_bUrdaniam
0
]
}
FA126F9B7A92FA29
D33A6394840EFF48
{
[
m_NodeKey
A0466394840EFF48
]
[
m_Class
C9013149DAEC8639
]
[
m_Name
Gofbag
]
[
m_pTemplate
759A0520BA12AD7E
F6F33E0DD9B97C51
{
[
m_Name

]
[
m_nNodeFlags
0
]
[
m_Children
0
]
[
m_Position
000000000000000000000000
]
[
m_Frame
0000803F0000000000000000000000000000803F0000000000000000000000000000803F
]
[
m_vOrientation
0
0
0
]
[
m_Flags
0
]
[
m_Tick
0
]
[
m_NounContext
0000000000000000
]
[
m_Traits
2
DD2D5A9AF73452D9
0
4F7B2D2FC7265684
{
}
]
[
m_nTeamId
0
]
[
m_nUserId
0
]
[
m_DetectionFlags
4294967295
]
[
m_fControl
0.000000
]
[
m_fPopulation
0.000000
]
[
m_fTechnology
0.000000
]
[
m_fMoral
1.000000
]
[
m_nAllegiance
0
]
[
m_nAllegianceXP
0
]
[
m_nAllegianceXPRequired
72000
]
[
m_fRotVelocity
0.003491
]
[
m_nLockRank
0
]
[
m_TradeRoutes
0
]
[
m_fResources
1000.000000
]
[
m_bImportStatus
1
]
[
m_bExportStatus
1
]
}
]
[
m_Children
0
]
[
m_Position
0020554500000000C33D1C45
]
[
m_Frame
0000803F0000000000000000000000000000803F0000000000000000000000000000803F
]
[
m_fFrameScale
1.000000
]
[
m_NounContext
planets\\gofbag.prt
]
[
m_nFleetId
-1
]
[
m_Orbiting
Zazap
]
[
m_OrbitVelocity
0.000000
]
[
m_Population
0
]
[
m_bHydrogen
0
]
[
m_bOxygen
0
]
[
m_bMetals
1
]
[
m_bHeavyMetals
1
]
[
m_bCyroMetals
1
]
[
m_bHyperMatter
1
]
[
m_bDarkMatter
0
]
[
m_bUrdaniam
0
]
}
FA126F9B7A92FA29
1A8A6394840EFF48
{
[
m_NodeKey
9F966394840EFF48
]
[
m_Class
82BCCF41D3EC8639
]
[
m_Name
Quinin
]
[
m_pTemplate
1FC7C8E9ABC93FF4
FD98820DD9B97C51
{
[
m_Name

]
[
m_nNodeFlags
0
]
[
m_Children
0
]
[
m_Position
000000000000000000000000
]
[
m_Frame
0000803F0000000000000000000000000000803F0000000000000000000000000000803F
]
[
m_vOrientation
0
0
0
]
[
m_Flags
0
]
[
m_Tick
0
]
[
m_NounContext
0000000000000000
]
[
m_Traits
2
DD2D5A9AF73452D9
0
4F7B2D2FC7265684
{
}
]
[
m_nTeamId
0
]
[
m_nUserId
0
]
[
m_DetectionFlags
4294967295
]
[
m_fControl
0.000000
]
[
m_fPopulation
0.000000
]
[
m_fTechnology
0.000000
]
[
m_fMoral
1.000000
]
[
m_nAllegiance
0
]
[
m_nAllegianceXP
0
]
[
m_nAllegianceXPRequired
72000
]
[
m_fRotVelocity
0.003491
]
[
m_nLockRank
0
]
[
m_TradeRoutes
0
]
[
m_fResources
1000.000000
]
[
m_bImportStatus
1
]
[
m_bExportStatus
1
]
}
]
[
m_Children
0
]
[
m_Position
51022D45000000003222F144
]
[
m_Frame
0000803F0000000000000000000000000000803F0000000000000000000000000000803F
]
[
m_fFrameScale
1.000000
]
[
m_NounContext
planets\\quinin.prt
]
[
m_nFleetId
-1
]
[
m_Orbiting
Zazap
]
[
m_OrbitVelocity
0.000000
]
[
m_Population
0
]
[
m_bHydrogen
0
]
[
m_bOxygen
0
]
[
m_bMetals
0
]
[
m_bHeavyMetals
0
]
[
m_bCyroMetals
0
]
[
m_bHyperMatter
0
]
[
m_bDarkMatter
0
]
[
m_bUrdaniam
0
]
}
FA126F9B7A92FA29
E7D56394840EFF48
{
[
m_NodeKey
20E16394840EFF48
]
[
m_Class
C9013149DAEC8639
]
[
m_Name
Re
]
[
m_pTemplate
759A0520BA12AD7E
8A43CE0DD9B97C51
{
[
m_Name

]
[
m_nNodeFlags
0
]
[
m_Children
0
]
[
m_Position
000000000000000000000000
]
[
m_Frame
0000803F0000000000000000000000000000803F0000000000000000000000000000803F
]
[
m_vOrientation
0
0
0
]
[
m_Flags
0
]
[
m_Tick
0
]
[
m_NounContext
0000000000000000
]
[
m_Traits
2
DD2D5A9AF73452D9
0
4F7B2D2FC7265684
{
}
]
[
m_nTeamId
0
]
[
m_nUserId
0
]
[
m_DetectionFlags
4294967295
]
[
m_fControl
0.000000
]
[
m_fPopulation
0.000000
]
[
m_fTechnology
0.000000
]
[
m_fMoral
1.000000
]
[
m_nAllegiance
0
]
[
m_nAllegianceXP
0
]
[
m_nAllegianceXPRequired
72000
]
[
m_fRotVelocity
0.003491
]
[
m_nLockRank
0
]
[
m_TradeRoutes
0
]
[
m_fResources
1000.000000
]
[
m_bImportStatus
1
]
[
m_bExportStatus
1
]
}
]
[
m_Children
0
]
[
m_Position
B894B945000000005CB7C444
]
[
m_Frame
0000803F0000000000000000000000000000803F0000000000000000000000000000803F
]
[
m_fFrameScale
1.000000
]
[
m_NounContext
planets\\re.prt
]
[
m_nFleetId
-1
]
[
m_Orbiting
Zazap
]
[
m_OrbitVelocity
0.000000
]
[
m_Population
0
]
[
m_bHydrogen
0
]
[
m_bOxygen
0
]
[
m_bMetals
1
]
[
m_bHeavyMetals
1
]
[
m_bCyroMetals
1
]
[
m_bHyperMatter
0
]
[
m_bDarkMatter
0
]
[
m_bUrdaniam
0
]
}
FA126F9B7A92FA29
2B216494840EFF48
{
[
m_NodeKey
CE2C6494840EFF48
]
[
m_Class
C9013149DAEC8639
]
[
m_Name
Hadabba
]
[
m_pTemplate
759A0520BA12AD7E
7EEA130ED9B97C51
{
[
m_Name

]
[
m_nNodeFlags
0
]
[
m_Children
0
]
[
m_Position
000000000000000000000000
]
[
m_Frame
0000803F0000000000000000000000000000803F0000000000000000000000000000803F
]
[
m_vOrientation
0
0
0
]
[
m_Flags
0
]
[
m_Tick
0
]
[
m_NounContext
0000000000000000
]
[
m_Traits
2
DD2D5A9AF73452D9
0
4F7B2D2FC7265684
{
}
]
[
m_nTeamId
0
]
[
m_nUserId
0
]
[
m_DetectionFlags
4294967295
]
[
m_fControl
0.000000
]
[
m_fPopulation
0.000000
]
[
m_fTechnology
0.000000
]
[
m_fMoral
1.000000
]
[
m_nAllegiance
0
]
[
m_nAllegianceXP
0
]
[
m_nAllegianceXPRequired
72000
]
[
m_fRotVelocity
0.003491
]
[
m_nLockRank
0
]
[
m_TradeRoutes
0
]
[
m_fResources
1000.000000
]
[
m_bImportStatus
1
]
[
m_bExportStatus
1
]
}
]
[
m_Children
0
]
[
m_Position
8CDBBA45000000006BE54E44
]
[
m_Frame
0000803F0000000000000000000000000000803F0000000000000000000000000000803F
]
[
m_fFrameScale
1.000000
]
[
m_NounContext
planets\\hadabba.prt
]
[
m_nFleetId
-1
]
[
m_Orbiting
Re
]
[
m_OrbitVelocity
0.000000
]
[
m_Population
0
]
[
m_bHydrogen
0
]
[
m_bOxygen
0
]
[
m_bMetals
1
]
[
m_bHeavyMetals
1
]
[
m_bCyroMetals
0
]
[
m_bHyperMatter
0
]
[
m_bDarkMatter
0
]
[
m_bUrdaniam
0
]
}
FA126F9B7A92FA29
96696494840EFF48
{
[
m_NodeKey
97736494840EFF48
]
[
m_Class
C9013149DAEC8639
]
[
m_Name
Anklo
]
[
m_pTemplate
759A0520BA12AD7E
2BA6560ED9B97C51
{
[
m_Name

]
[
m_nNodeFlags
0
]
[
m_Children
0
]
[
m_Position
000000000000000000000000
]
[
m_Frame
0000803F0000000000000000000000000000803F0000000000000000000000000000803F
]
[
m_vOrientation
0
0
0
]
[
m_Flags
0
]
[
m_Tick
0
]
[
m_NounContext
0000000000000000
]
[
m_Traits
2
DD2D5A9AF73452D9
0
4F7B2D2FC7265684
{
}
]
[
m_nTeamId
0
]
[
m_nUserId
0
]
[
m_DetectionFlags
4294967295
]
[
m_fControl
0.000000
]
[
m_fPopulation
0.000000
]
[
m_fTechnology
0.000000
]
[
m_fMoral
1.000000
]
[
m_nAllegiance
0
]
[
m_nAllegianceXP
0
]
[
m_nAllegianceXPRequired
72000
]
[
m_fRotVelocity
0.003491
]
[
m_nLockRank
0
]
[
m_TradeRoutes
0
]
[
m_fResources
1000.000000
]
[
m_bImportStatus
1
]
[
m_bExportStatus
1
]
}
]
[
m_Children
0
]
[
m_Position
EC85D4450000000071610245
]
[
m_Frame
0000803F0000000000000000000000000000803F0000000000000000000000000000803F
]
[
m_fFrameScale
1.000000
]
[
m_NounContext
planets\\anklo.prt
]
[
m_nFleetId
-1
]
[
m_Orbiting
Zazap
]
[
m_OrbitVelocity
0.000000
]
[
m_Population
0
]
[
m_bHydrogen
0
]
[
m_bOxygen
0
]
[
m_bMetals
1
]
[
m_bHeavyMetals
0
]
[
m_bCyroMetals
0
]
[
m_bHyperMatter
0
]
[
m_bDarkMatter
0
]
[
m_bUrdaniam
0
]
}
FA126F9B7A92FA29
0CB26494840EFF48
{
[
m_NodeKey
5CBA6494840EFF48
]
[
m_Class
F2429FF4DCEC8639
]
[
m_Name
Azchu
]
[
m_pTemplate
BBCA6F0FEA403FC5
7086990ED9B97C51
{
[
m_Name

]
[
m_nNodeFlags
0
]
[
m_Children
0
]
[
m_Position
000000000000000000000000
]
[
m_Frame
0000803F0000000000000000000000000000803F0000000000000000000000000000803F
]
[
m_vOrientation
0
0
0
]
[
m_Flags
0
]
[
m_Tick
0
]
[
m_NounContext
0000000000000000
]
[
m_Traits
2
DD2D5A9AF73452D9
0
4F7B2D2FC7265684
{
}
]
[
m_nTeamId
0
]
[
m_nUserId
0
]
[
m_DetectionFlags
4294967295
]
[
m_fControl
0.000000
]
[
m_fPopulation
0.000000
]
[
m_fTechnology
0.000000
]
[
m_fMoral
1.000000
]
[
m_nAllegiance
0
]
[
m_nAllegianceXP
0
]
[
m_nAllegianceXPRequired
72000
]
[
m_fRotVelocity
0.003491
]
[
m_nLockRank
0
]
[
m_TradeRoutes
0
]
[
m_fResources
1000.000000
]
[
m_bImportStatus
1
]
[
m_bExportStatus
1
]
}
]
[
m_Children
0
]
[
m_Position
EC85D445000000007C544E45
]
[
m_Frame
0000803F0000000000000000000000000000803F0000000000000000000000000000803F
]
[
m_fFrameScale
1.000000
]
[
m_NounContext
planets\\azchu.prt
]
[
m_nFleetId
-1
]
[
m_Orbiting
Zazap
]
[
m_OrbitVelocity
0.000000
]
[
m_Population
0
]
[
m_bHydrogen
1
]
[
m_bOxygen
1
]
[
m_bMetals
1
]
[
m_bHeavyMetals
0
]
[
m_bCyroMetals
0
]
[
m_bHyperMatter
0
]
[
m_bDarkMatter
0
]
[
m_bUrdaniam
1
]
}
FA126F9B7A92FA29
ADF76494840EFF48
{
[
m_NodeKey
44026594840EFF48
]
[
m_Class
66B0749DD9EC8639
]
[
m_Name
Eaoub
]
[
m_pTemplate
7BC0680FDA5C3FC5
333EDB0ED9B97C51
{
[
m_Name

]
[
m_nNodeFlags
0
]
[
m_Children
0
]
[
m_Position
000000000000000000000000
]
[
m_Frame
0000803F0000000000000000000000000000803F0000000000000000000000000000803F
]
[
m_vOrientation
0
0
0
]
[
m_Flags
0
]
[
m_Tick
0
]
[
m_NounContext
0000000000000000
]
[
m_Traits
2
DD2D5A9AF73452D9
0
4F7B2D2FC7265684
{
}
]
[
m_nTeamId
0
]
[
m_nUserId
0
]
[
m_DetectionFlags
4294967295
]
[
m_fControl
0.000000
]
[
m_fPopulation
0.000000
]
[
m_fTechnology
0.000000
]
[
m_fMoral
1.000000
]
[
m_nAllegiance
0
]
[
m_nAllegianceXP
0
]
[
m_nAllegianceXPRequired
72000
]
[
m_fRotVelocity
0.003491
]
[
m_nLockRank
0
]
[
m_TradeRoutes
0
]
[
m_fResources
1000.000000
]
[
m_bImportStatus
1
]
[
m_bExportStatus
1
]
}
]
[
m_Children
0
]
[
m_Position
004085C4000000000084A846
]
[
m_Frame
0000803F0000000000000000000000000000803F0000000000000000000000000000803F
]
[
m_fFrameScale
1.000000
]
[
m_NounContext
planets\\eaoub.prt
]
[
m_nFleetId
-1
]
[
m_Orbiting
Ross 248
]
[
m_OrbitVelocity
0.000000
]
[
m_Population
0
]
[
m_bHydrogen
1
]
[
m_bOxygen
0
]
[
m_bMetals
0
]
[
m_bHeavyMetals
0
]
[
m_bCyroMetals
0
]
[
m_bHyperMatter
0
]
[
m_bDarkMatter
0
]
[
m_bUrdaniam
0
]
}
FA126F9B7A92FA29
AE426594840EFF48
{
[
m_NodeKey
5F4D6594840EFF48
]
[
m_Class
C9013149DAEC8639
]
[
m_Name
Hathache
]
[
m_pTemplate
759A0520BA12AD7E
96EA1C0FD9B97C51
{
[
m_Name

]
[
m_nNodeFlags
0
]
[
m_Children
0
]
[
m_Position
000000000000000000000000
]
[
m_Frame
0000803F0000000000000000000000000000803F0000000000000000000000000000803F
]
[
m_vOrientation
0
0
0
]
[
m_Flags
0
]
[
m_Tick
0
]
[
m_NounContext
0000000000000000
]
[
m_Traits
2
DD2D5A9AF73452D9
0
4F7B2D2FC7265684
{
}
]
[
m_nTeamId
0
]
[
m_nUserId
0
]
[
m_DetectionFlags
4294967295
]
[
m_fControl
0.000000
]
[
m_fPopulation
0.000000
]
[
m_fTechnology
0.000000
]
[
m_fMoral
1.000000
]
[
m_nAllegiance
0
]
[
m_nAllegianceXP
0
]
[
m_nAllegianceXPRequired
72000
]
[
m_fRotVelocity
0.003491
]
[
m_nLockRank
0
]
[
m_TradeRoutes
0
]
[
m_fResources
1000.000000
]
[
m_bImportStatus
1
]
[
m_bExportStatus
1
]
}
]
[
m_Children
0
]
[
m_Position
AE97B6C400000000CCE2A946
]
[
m_Frame
0000803F0000000000000000000000000000803F0000000000000000000000000000803F
]
[
m_fFrameScale
1.000000
]
[
m_NounContext
planets\\hathache.prt
]
[
m_nFleetId
-1
]
[
m_Orbiting
Eaoub
]
[
m_OrbitVelocity
0.000000
]
[
m_Population
0
]
[
m_bHydrogen
0
]
[
m_bOxygen
0
]
[
m_bMetals
1
]
[
m_bHeavyMetals
1
]
[
m_bCyroMetals
0
]
[
m_bHyperMatter
0
]
[
m_bDarkMatter
0
]
[
m_bUrdaniam
0
]
}
FA126F9B7A92FA29
E88A6594840EFF48
{
[
m_NodeKey
2F986594840EFF48
]
[
m_Class
C9013149DAEC8639
]
[
m_Name
Ebraham
]
[
m_pTemplate
759A0520BA12AD7E
BEFB600FD9B97C51
{
[
m_Name

]
[
m_nNodeFlags
0
]
[
m_Children
0
]
[
m_Position
000000000000000000000000
]
[
m_Frame
0000803F0000000000000000000000000000803F0000000000000000000000000000803F
]
[
m_vOrientation
0
0
0
]
[
m_Flags
0
]
[
m_Tick
0
]
[
m_NounContext
0000000000000000
]
[
m_Traits
2
DD2D5A9AF73452D9
0
4F7B2D2FC7265684
{
}
]
[
m_nTeamId
0
]
[
m_nUserId
0
]
[
m_DetectionFlags
4294967295
]
[
m_fControl
0.000000
]
[
m_fPopulation
0.000000
]
[
m_fTechnology
0.000000
]
[
m_fMoral
1.000000
]
[
m_nAllegiance
0
]
[
m_nAllegianceXP
0
]
[
m_nAllegianceXPRequired
72000
]
[
m_fRotVelocity
0.003491
]
[
m_nLockRank
0
]
[
m_TradeRoutes
0
]
[
m_fResources
1000.000000
]
[
m_bImportStatus
1
]
[
m_bExportStatus
1
]
}
]
[
m_Children
0
]
[
m_Position
296C83C400000000CCBDAC46
]
[
m_Frame
0000803F0000000000000000000000000000803F0000000000000000000000000000803F
]
[
m_fFrameScale
1.000000
]
[
m_NounContext
planets\\ebraham.prt
]
[
m_nFleetId
-1
]
[
m_Orbiting
Eaoub
]
[
m_OrbitVelocity
0.000000
]
[
m_Population
0
]
[
m_bHydrogen
0
]
[
m_bOxygen
0
]
[
m_bMetals
1
]
[
m_bHeavyMetals
0
]
[
m_bCyroMetals
0
]
[
m_bHyperMatter
0
]
[
m_bDarkMatter
1
]
[
m_bUrdaniam
0
]
}
FA126F9B7A92FA29
43D76594840EFF48
{
[
m_NodeKey
81E46594840EFF48
]
[
m_Class
C9013149DAEC8639
]
[
m_Name
Enous
]
[
m_pTemplate
759A0520BA12AD7E
E619910FD9B97C51
{
[
m_Name

]
[
m_nNodeFlags
0
]
[
m_Children
0
]
[
m_Position
000000000000000000000000
]
[
m_Frame
0000803F0000000000000000000000000000803F0000000000000000000000000000803F
]
[
m_vOrientation
0
0
0
]
[
m_Flags
0
]
[
m_Tick
0
]
[
m_NounContext
0000000000000000
]
[
m_Traits
2
DD2D5A9AF73452D9
0
4F7B2D2FC7265684
{
}
]
[
m_nTeamId
0
]
[
m_nUserId
0
]
[
m_DetectionFlags
4294967295
]
[
m_fControl
0.000000
]
[
m_fPopulation
0.000000
]
[
m_fTechnology
0.000000
]
[
m_fMoral
1.000000
]
[
m_nAllegiance
0
]
[
m_nAllegianceXP
0
]
[
m_nAllegianceXPRequired
72000
]
[
m_fRotVelocity
0.003491
]
[
m_nLockRank
0
]
[
m_TradeRoutes
0
]
[
m_fResources
1000.000000
]
[
m_bImportStatus
1
]
[
m_bExportStatus
1
]
}
]
[
m_Children
0
]
[
m_Position
FF7B4AC400000000F1FCAE46
]
[
m_Frame
0000803F0000000000000000000000000000803F0000000000000000000000000000803F
]
[
m_fFrameScale
1.000000
]
[
m_NounContext
planets\\enous.prt
]
[
m_nFleetId
-1
]
[
m_Orbiting
Eaoub
]
[
m_OrbitVelocity
0.000000
]
[
m_Population
0
]
[
m_bHydrogen
0
]
[
m_bOxygen
0
]
[
m_bMetals
0
]
[
m_bHeavyMetals
0
]
[
m_bCyroMetals
0
]
[
m_bHyperMatter
0
]
[
m_bDarkMatter
1
]
[
m_bUrdaniam
0
]
}
45EAD4043B9F118E
FD079D1636510349
{
[
m_NodeKey
491F9D1636510349
]
[
m_Class
1F508C2241E1B871
]
[
m_Name
Ross 248 Gate - 1
]
[
m_pTemplate
1F508C2241E1B871
A3B161E6D2BC2351
{
[
m_Name

]
[
m_nNodeFlags
0
]
[
m_Children
0
]
[
m_Position
000000000000000000000000
]
[
m_Frame
0000803F0000000000000000000000000000803F0000000000000000000000000000803F
]
[
m_vOrientation
0
0
0
]
[
m_Flags
0
]
[
m_Tick
0
]
[
m_NounContext
0000000000000000
]
[
m_Traits
2
DD2D5A9AF73452D9
0
4F7B2D2FC7265684
{
}
]
[
m_nTeamId
0
]
[
m_nUserId
0
]
[
m_DetectionFlags
4294967295
]
[
m_bActive
1
]
[
m_bAutoActivate
0
]
[
m_bRemoteServer
0
]
[
m_sAddress

]
[
m_nPort
0
]
[
m_pDestination
0000000000000000
]
[
m_sDestination

]
[
m_bSafeZone
0
]
[
m_fSafeZoneDistance
0.000000
]
[
m_bDuration
0
]
[
m_nDuration
0
]
[
m_bInterval
0
]
[
m_nInterval
0
]
[
m_nGateTick
0
]
}
]
[
m_Children
0
]
[
m_Position
00408544000000000084A846
]
[
m_Frame
0000803F0000000000000000000000000000803F0000000000000000000000000000803F
]
[
m_fFrameScale
1.000000
]
[
m_NounContext
misc\\icc jump gate.prt
]
[
m_nFleetId
-1
]
[
m_Orbiting
Ross 248
]
[
m_OrbitVelocity
0.000000
]
[
m_Destination
Cygnus Gate - 2
]
[
m_bActive
1
]
[
m_bAutoActivate
0
]
[
m_bSafeZone
0
]
[
m_fSafeZoneDistance
0.000000
]
[
m_bDuration
0
]
[
m_nDuration
0
]
[
m_bInterval
0
]
[
m_nInterval
0
]
}
45EAD4043B9F118E
CB86770260A3BC4C
{
[
m_NodeKey
0A38770260A3BC4C
]
[
m_Class
1F508C2241E1B871
]
[
m_Name
Ross 248 Gate - 2
]
[
m_pTemplate
1F508C2241E1B871
C3E2ACE6D2BC2351
{
[
m_Name

]
[
m_nNodeFlags
0
]
[
m_Children
0
]
[
m_Position
000000000000000000000000
]
[
m_Frame
0000803F0000000000000000000000000000803F0000000000000000000000000000803F
]
[
m_vOrientation
0
0
0
]
[
m_Flags
0
]
[
m_Tick
0
]
[
m_NounContext
0000000000000000
]
[
m_Traits
2
DD2D5A9AF73452D9
0
4F7B2D2FC7265684
{
}
]
[
m_nTeamId
0
]
[
m_nUserId
0
]
[
m_DetectionFlags
4294967295
]
[
m_bActive
1
]
[
m_bAutoActivate
0
]
[
m_bRemoteServer
0
]
[
m_sAddress

]
[
m_nPort
0
]
[
m_pDestination
0000000000000000
]
[
m_sDestination

]
[
m_bSafeZone
0
]
[
m_fSafeZoneDistance
0.000000
]
[
m_bDuration
0
]
[
m_nDuration
0
]
[
m_bInterval
0
]
[
m_nInterval
0
]
[
m_nGateTick
0
]
}
]
[
m_Children
0
]
[
m_Position
E8D4CD4500000000F48CCD45
]
[
m_Frame
0000803F0000000000000000000000000000803F0000000000000000000000000000803F
]
[
m_fFrameScale
1.000000
]
[
m_NounContext
misc\\icc jump gate.prt
]
[
m_nFleetId
-1
]
[
m_Orbiting
Ross 248
]
[
m_OrbitVelocity
0.000000
]
[
m_Destination
Ind Gate - 3
]
[
m_bActive
1
]
[
m_bAutoActivate
0
]
[
m_bSafeZone
0
]
[
m_fSafeZoneDistance
0.000000
]
[
m_bDuration
0
]
[
m_nDuration
0
]
[
m_bInterval
0
]
[
m_nInterval
0
]
}
45EAD4043B9F118E
D338F973F7BC2351
{
[
m_NodeKey
A867F973F7BC2351
]
[
m_Class
1F508C2241E1B871
]
[
m_Name
Ross 248 Gate - 3
]
[
m_pTemplate
1F508C2241E1B871
11AFFA73F7BC2351
{
[
m_Name

]
[
m_nNodeFlags
0
]
[
m_Children
0
]
[
m_Position
000000000000000000000000
]
[
m_Frame
0000803F0000000000000000000000000000803F0000000000000000000000000000803F
]
[
m_vOrientation
0
0
0
]
[
m_Flags
0
]
[
m_Tick
0
]
[
m_NounContext
0000000000000000
]
[
m_Traits
2
DD2D5A9AF73452D9
0
4F7B2D2FC7265684
{
}
]
[
m_nTeamId
0
]
[
m_nUserId
0
]
[
m_DetectionFlags
4294967295
]
[
m_bActive
1
]
[
m_bAutoActivate
0
]
[
m_bRemoteServer
0
]
[
m_sAddress

]
[
m_nPort
0
]
[
m_pDestination
0000000000000000
]
[
m_sDestination

]
[
m_bSafeZone
0
]
[
m_fSafeZoneDistance
0.000000
]
[
m_bDuration
0
]
[
m_nDuration
0
]
[
m_bInterval
0
]
[
m_nInterval
0
]
[
m_nGateTick
0
]
}
]
[
m_Children
0
]
[
m_Position
000078C40000000000843F46
]
[
m_Frame
0000803F0000000000000000000000000000803F0000000000000000000000000000803F
]
[
m_fFrameScale
1.000000
]
[
m_NounContext
misc\\icc jump gate.prt
]
[
m_nFleetId
-1
]
[
m_Orbiting
Ross 248
]
[
m_OrbitVelocity
0.000000
]
[
m_Destination
Luyten Gate - 1
]
[
m_bActive
1
]
[
m_bAutoActivate
0
]
[
m_bSafeZone
0
]
[
m_fSafeZoneDistance
0.000000
]
[
m_bDuration
0
]
[
m_nDuration
0
]
[
m_bInterval
0
]
[
m_nInterval
0
]
}
]
[
m_Position
000000000000000000000000
]
[
m_Frame
0000803F0000000000000000000000000000803F0000000000000000000000000000803F
]
[
m_fFrameScale
1.000000
]
}
]
[
m_Fps
15.000000
]
[
m_Segments
0
]
[
m_TargetPosition
000078C400000000FF833F46
]
[
m_TargetDistance
92.825943
]
[
m_TargetFrame
EB5171BF6A3822BE826996BEAEECFABD3EA47B3F6A360CBE1DF59E3E24A1BEBD2D2E72BF
]
}
