PRT
BBE32C0F2208BFD2
E254D93BA24F6895
{
[
m_Root
E98E268F2008D746
FF0FC5BDFFFFFFFF
{
[
m_NodeKey
4541B297840EFF48
]
[
m_Class
231158F1834B35BB
]
[
m_Name
Node
]
[
m_pTemplate
0000000000000000
]
[
m_Children
18
ED42FB71490CD97A
C56EB297840EFF48
{
[
m_NodeKey
FC82B297840EFF48
]
[
m_Class
3EA7FC67C2EC8639
]
[
m_Name
Sol
]
[
m_pTemplate
0000000000000000
]
[
m_Children
0
]
[
m_Position
000000000000000000000000
]
[
m_Frame
0000803F0000000000000000000000000000803F0000000000000000000000000000803F
]
[
m_fFrameScale
1.000000
]
[
m_NounContext
stars\\sol.prt
]
[
m_nFleetId
-1
]
[
m_Orbiting

]
[
m_OrbitVelocity
0.000000
]
}
FA126F9B7A92FA29
4016B397840EFF48
{
[
m_NodeKey
D11EB397840EFF48
]
[
m_Class
C9013149DAEC8639
]
[
m_Name
Mercury
]
[
m_pTemplate
0000000000000000
]
[
m_Children
0
]
[
m_Position
AC1233430000000014BEE1C4
]
[
m_Frame
0000803F0000000000000000000000000000803F0000000000000000000000000000803F
]
[
m_fFrameScale
1.000000
]
[
m_NounContext
planets\\mercury.prt
]
[
m_nFleetId
-1
]
[
m_Orbiting
Sol
]
[
m_OrbitVelocity
0.000000
]
[
m_Population
0
]
[
m_bHydrogen
0
]
[
m_bOxygen
0
]
[
m_bMetals
1
]
[
m_bHeavyMetals
1
]
[
m_bCyroMetals
1
]
[
m_bHyperMatter
1
]
[
m_bDarkMatter
0
]
[
m_bUrdaniam
0
]
}
FA126F9B7A92FA29
F463B397840EFF48
{
[
m_NodeKey
7770B397840EFF48
]
[
m_Class
BF1C93F1D5EC8639
]
[
m_Name
Venus
]
[
m_pTemplate
0000000000000000
]
[
m_Children
0
]
[
m_Position
1406EE4400000000F6981545
]
[
m_Frame
0000803F0000000000000000000000000000803F0000000000000000000000000000803F
]
[
m_fFrameScale
1.000000
]
[
m_NounContext
planets\\venus.prt
]
[
m_nFleetId
-1
]
[
m_Orbiting
Sol
]
[
m_OrbitVelocity
0.000000
]
[
m_Population
25
]
[
m_bHydrogen
1
]
[
m_bOxygen
1
]
[
m_bMetals
1
]
[
m_bHeavyMetals
1
]
[
m_bCyroMetals
1
]
[
m_bHyperMatter
0
]
[
m_bDarkMatter
0
]
[
m_bUrdaniam
0
]
}
FA126F9B7A92FA29
C6B1B397840EFF48
{
[
m_NodeKey
8ABDB397840EFF48
]
[
m_Class
C17FEFED7E0FFA29
]
[
m_Name
Earth
]
[
m_pTemplate
0000000000000000
]
[
m_Children
0
]
[
m_Position
3DA48A4500000000856B3944
]
[
m_Frame
0000803F0000000000000000000000000000803F0000000000000000000000000000803F
]
[
m_fFrameScale
1.000000
]
[
m_NounContext
planets\\earth.prt
]
[
m_nFleetId
0
]
[
m_Orbiting
Sol
]
[
m_OrbitVelocity
0.000000
]
[
m_Population
100
]
[
m_bHydrogen
1
]
[
m_bOxygen
1
]
[
m_bMetals
1
]
[
m_bHeavyMetals
1
]
[
m_bCyroMetals
0
]
[
m_bHyperMatter
0
]
[
m_bDarkMatter
0
]
[
m_bUrdaniam
0
]
}
FA126F9B7A92FA29
8CFDB397840EFF48
{
[
m_NodeKey
0A0BB497840EFF48
]
[
m_Class
C9013149DAEC8639
]
[
m_Name
Luna
]
[
m_pTemplate
0000000000000000
]
[
m_Children
0
]
[
m_Position
00409A450000000000209B44
]
[
m_Frame
5E830E3E0000000034827DBF000000000000803F0000000034827D3F000000005E830E3E
]
[
m_fFrameScale
1.000000
]
[
m_NounContext
planets\\luna.prt
]
[
m_nFleetId
0
]
[
m_Orbiting
Earth
]
[
m_OrbitVelocity
0.000000
]
[
m_Population
5
]
[
m_bHydrogen
0
]
[
m_bOxygen
0
]
[
m_bMetals
1
]
[
m_bHeavyMetals
1
]
[
m_bCyroMetals
0
]
[
m_bHyperMatter
0
]
[
m_bDarkMatter
0
]
[
m_bUrdaniam
0
]
}
FA126F9B7A92FA29
964BB497840EFF48
{
[
m_NodeKey
9F57B497840EFF48
]
[
m_Class
0ED8E5CFE5EC8639
]
[
m_Name
Mars
]
[
m_pTemplate
0000000000000000
]
[
m_Children
0
]
[
m_Position
7191A3C50000000055A7AB43
]
[
m_Frame
0000803F0000000000000000000000000000803F0000000000000000000000000000803F
]
[
m_fFrameScale
1.000000
]
[
m_NounContext
planets\\mars.prt
]
[
m_nFleetId
-1
]
[
m_Orbiting
Sol
]
[
m_OrbitVelocity
0.000000
]
[
m_Population
25
]
[
m_bHydrogen
0
]
[
m_bOxygen
1
]
[
m_bMetals
1
]
[
m_bHeavyMetals
1
]
[
m_bCyroMetals
0
]
[
m_bHyperMatter
0
]
[
m_bDarkMatter
0
]
[
m_bUrdaniam
0
]
}
FA126F9B7A92FA29
D696B497840EFF48
{
[
m_NodeKey
01A4B497840EFF48
]
[
m_Class
66B0749DD9EC8639
]
[
m_Name
Jupiter
]
[
m_pTemplate
0000000000000000
]
[
m_Children
0
]
[
m_Position
4D2309C700000000351942C6
]
[
m_Frame
0000803F0000000000000000000000000000803F0000000000000000000000000000803F
]
[
m_fFrameScale
1.000000
]
[
m_NounContext
planets\\jupiter.prt
]
[
m_nFleetId
-1
]
[
m_Orbiting
Sol
]
[
m_OrbitVelocity
0.000000
]
[
m_Population
0
]
[
m_bHydrogen
1
]
[
m_bOxygen
0
]
[
m_bMetals
0
]
[
m_bHeavyMetals
0
]
[
m_bCyroMetals
0
]
[
m_bHyperMatter
0
]
[
m_bDarkMatter
0
]
[
m_bUrdaniam
0
]
}
FA126F9B7A92FA29
13E8B497840EFF48
{
[
m_NodeKey
11F5B497840EFF48
]
[
m_Class
C9013149DAEC8639
]
[
m_Name
Io
]
[
m_pTemplate
0000000000000000
]
[
m_Children
0
]
[
m_Position
9A670DC700000000CFF638C6
]
[
m_Frame
0000803F0000000000000000000000000000803F0000000000000000000000000000803F
]
[
m_fFrameScale
1.000000
]
[
m_NounContext
planets\\io.prt
]
[
m_nFleetId
-1
]
[
m_Orbiting
Jupiter
]
[
m_OrbitVelocity
0.000000
]
[
m_Population
1
]
[
m_bHydrogen
0
]
[
m_bOxygen
0
]
[
m_bMetals
1
]
[
m_bHeavyMetals
1
]
[
m_bCyroMetals
1
]
[
m_bHyperMatter
0
]
[
m_bDarkMatter
0
]
[
m_bUrdaniam
0
]
}
FA126F9B7A92FA29
1036B597840EFF48
{
[
m_NodeKey
9342B597840EFF48
]
[
m_Class
C9013149DAEC8639
]
[
m_Name
Europa
]
[
m_pTemplate
0000000000000000
]
[
m_Children
0
]
[
m_Position
B3160FC700000000351B4AC6
]
[
m_Frame
0000803F0000000000000000000000000000803F0000000000000000000000000000803F
]
[
m_fFrameScale
1.000000
]
[
m_NounContext
planets\\europa.prt
]
[
m_nFleetId
-1
]
[
m_Orbiting
Jupiter
]
[
m_OrbitVelocity
0.000000
]
[
m_Population
0
]
[
m_bHydrogen
0
]
[
m_bOxygen
0
]
[
m_bMetals
1
]
[
m_bHeavyMetals
1
]
[
m_bCyroMetals
0
]
[
m_bHyperMatter
0
]
[
m_bDarkMatter
0
]
[
m_bUrdaniam
0
]
}
FA126F9B7A92FA29
B082B597840EFF48
{
[
m_NodeKey
238EB597840EFF48
]
[
m_Class
C9013149DAEC8639
]
[
m_Name
Ganymede
]
[
m_pTemplate
0000000000000000
]
[
m_Children
0
]
[
m_Position
B37A10C70000000002DC31C6
]
[
m_Frame
0000803F0000000000000000000000000000803F0000000000000000000000000000803F
]
[
m_fFrameScale
1.000000
]
[
m_NounContext
planets\\ganymede.prt
]
[
m_nFleetId
-1
]
[
m_Orbiting
Jupiter
]
[
m_OrbitVelocity
0.000000
]
[
m_Population
0
]
[
m_bHydrogen
0
]
[
m_bOxygen
0
]
[
m_bMetals
1
]
[
m_bHeavyMetals
0
]
[
m_bCyroMetals
0
]
[
m_bHyperMatter
0
]
[
m_bDarkMatter
0
]
[
m_bUrdaniam
0
]
}
FA126F9B7A92FA29
40D0B597840EFF48
{
[
m_NodeKey
D8DBB597840EFF48
]
[
m_Class
C9013149DAEC8639
]
[
m_Name
Callisto
]
[
m_pTemplate
0000000000000000
]
[
m_Children
0
]
[
m_Position
808400C700000000682E27C6
]
[
m_Frame
0000803F0000000000000000000000000000803F0000000000000000000000000000803F
]
[
m_fFrameScale
1.000000
]
[
m_NounContext
planets\\callisto.prt
]
[
m_nFleetId
-1
]
[
m_Orbiting
Jupiter
]
[
m_OrbitVelocity
0.000000
]
[
m_Population
0
]
[
m_bHydrogen
0
]
[
m_bOxygen
0
]
[
m_bMetals
1
]
[
m_bHeavyMetals
0
]
[
m_bCyroMetals
0
]
[
m_bHyperMatter
0
]
[
m_bDarkMatter
1
]
[
m_bUrdaniam
0
]
}
FA126F9B7A92FA29
571EB697840EFF48
{
[
m_NodeKey
E22AB697840EFF48
]
[
m_Class
66B0749DD9EC8639
]
[
m_Name
Saturn
]
[
m_pTemplate
0000000000000000
]
[
m_Children
0
]
[
m_Position
CD1A1EC7000000009BE0F746
]
[
m_Frame
0000803F0000000000000000000000000000803F0000000000000000000000000000803F
]
[
m_fFrameScale
1.000000
]
[
m_NounContext
planets\\saturn.prt
]
[
m_nFleetId
-1
]
[
m_Orbiting
Sol
]
[
m_OrbitVelocity
0.000000
]
[
m_Population
0
]
[
m_bHydrogen
1
]
[
m_bOxygen
0
]
[
m_bMetals
0
]
[
m_bHeavyMetals
0
]
[
m_bCyroMetals
0
]
[
m_bHyperMatter
0
]
[
m_bDarkMatter
0
]
[
m_bUrdaniam
0
]
}
FA126F9B7A92FA29
F56AB697840EFF48
{
[
m_NodeKey
CA75B697840EFF48
]
[
m_Class
C9013149DAEC8639
]
[
m_Name
Titan
]
[
m_pTemplate
0000000000000000
]
[
m_Children
0
]
[
m_Position
4DD121C7000000009B57F846
]
[
m_Frame
0000803F0000000000000000000000000000803F0000000000000000000000000000803F
]
[
m_fFrameScale
1.000000
]
[
m_NounContext
planets\\titan.prt
]
[
m_nFleetId
-1
]
[
m_Orbiting
Saturn
]
[
m_OrbitVelocity
0.000000
]
[
m_Population
1
]
[
m_bHydrogen
0
]
[
m_bOxygen
0
]
[
m_bMetals
0
]
[
m_bHeavyMetals
0
]
[
m_bCyroMetals
1
]
[
m_bHyperMatter
0
]
[
m_bDarkMatter
1
]
[
m_bUrdaniam
0
]
}
FA126F9B7A92FA29
08B5B697840EFF48
{
[
m_NodeKey
14C2B697840EFF48
]
[
m_Class
7BC0680FDA5C3FC5
]
[
m_Name
Uranus
]
[
m_pTemplate
0000000000000000
]
[
m_Children
0
]
[
m_Position
1A0643C700000000337D3347
]
[
m_Frame
0000803F0000000000000000000000000000803F0000000000000000000000000000803F
]
[
m_fFrameScale
1.000000
]
[
m_NounContext
planets\\uranus.prt
]
[
m_nFleetId
-1
]
[
m_Orbiting
Sol
]
[
m_OrbitVelocity
0.000000
]
[
m_Population
0
]
[
m_bHydrogen
0
]
[
m_bOxygen
0
]
[
m_bMetals
1
]
[
m_bHeavyMetals
1
]
[
m_bCyroMetals
0
]
[
m_bHyperMatter
0
]
[
m_bDarkMatter
0
]
[
m_bUrdaniam
0
]
}
FA126F9B7A92FA29
0400B797840EFF48
{
[
m_NodeKey
A90DB797840EFF48
]
[
m_Class
C9013149DAEC8639
]
[
m_Name
Neptune
]
[
m_pTemplate
0000000000000000
]
[
m_Children
0
]
[
m_Position
FF05434700000000008D5AC7
]
[
m_Frame
0000803F0000000000000000000000000000803F0000000000000000000000000000803F
]
[
m_fFrameScale
1.000000
]
[
m_NounContext
planets\\neptune.prt
]
[
m_nFleetId
-1
]
[
m_Orbiting
Sol
]
[
m_OrbitVelocity
0.000000
]
[
m_Population
3
]
[
m_bHydrogen
0
]
[
m_bOxygen
0
]
[
m_bMetals
1
]
[
m_bHeavyMetals
0
]
[
m_bCyroMetals
0
]
[
m_bHyperMatter
0
]
[
m_bDarkMatter
0
]
[
m_bUrdaniam
0
]
}
FA126F9B7A92FA29
394CB797840EFF48
{
[
m_NodeKey
095CB797840EFF48
]
[
m_Class
C9013149DAEC8639
]
[
m_Name
Pluto
]
[
m_pTemplate
0000000000000000
]
[
m_Children
0
]
[
m_Position
81F3864700000000CC7F3EC7
]
[
m_Frame
0000803F0000000000000000000000000000803F0000000000000000000000000000803F
]
[
m_fFrameScale
1.000000
]
[
m_NounContext
planets\\pluto.prt
]
[
m_nFleetId
-1
]
[
m_Orbiting
Sol
]
[
m_OrbitVelocity
0.000000
]
[
m_Population
2
]
[
m_bHydrogen
0
]
[
m_bOxygen
0
]
[
m_bMetals
0
]
[
m_bHeavyMetals
0
]
[
m_bCyroMetals
1
]
[
m_bHyperMatter
0
]
[
m_bDarkMatter
0
]
[
m_bUrdaniam
1
]
}
45EAD4043B9F118E
5B9DB797840EFF48
{
[
m_NodeKey
82ADB797840EFF48
]
[
m_Class
1F508C2241E1B871
]
[
m_Name
Bifrost Fleet Foundry
]
[
m_pTemplate
0000000000000000
]
[
m_Children
0
]
[
m_Position
3D449A4500000000000096C3
]
[
m_Frame
4CF30EBD0000000015D87F3F000000000100803F0000000015D87FBF000000004CF30EBD
]
[
m_fFrameScale
1.000000
]
[
m_NounContext
misc\\ugto jump gate.prt
]
[
m_nFleetId
0
]
[
m_Orbiting
Earth
]
[
m_OrbitVelocity
0.000000
]
[
m_Destination

]
[
m_bActive
1
]
[
m_bAutoActivate
0
]
[
m_bSafeZone
1
]
[
m_fSafeZoneDistance
3000.000000
]
[
m_bDuration
0
]
[
m_nDuration
0
]
[
m_bInterval
0
]
[
m_nInterval
0
]
}
45EAD4043B9F118E
80EEB797840EFF48
{
[
m_NodeKey
82FBB797840EFF48
]
[
m_Class
1F508C2241E1B871
]
[
m_Name
Sol To Alpha Centauri
]
[
m_pTemplate
0000000000000000
]
[
m_Children
0
]
[
m_Position
66FA8C460000000033994846
]
[
m_Frame
E2F20EBD0000000017D87F3F000000000000803F0000000017D87FBF00000000E2F20EBD
]
[
m_fFrameScale
1.000000
]
[
m_NounContext
misc\\icc jump gate.prt
]
[
m_nFleetId
-1
]
[
m_Orbiting
Sol
]
[
m_OrbitVelocity
0.000002
]
[
m_Destination
Alpha Centauri To Sol
]
[
m_bActive
1
]
[
m_bAutoActivate
0
]
[
m_bSafeZone
0
]
[
m_fSafeZoneDistance
1000.000000
]
[
m_bDuration
0
]
[
m_nDuration
0
]
[
m_bInterval
0
]
[
m_nInterval
0
]
}
]
[
m_Position
000000000000000000000000
]
[
m_Frame
0000803F0000000000000000000000000000803F0000000000000000000000000000803F
]
[
m_fFrameScale
1.000000
]
}
]
[
m_Fps
15.000000
]
[
m_Segments
0
]
[
m_TargetPosition
1A0643C700000000337D3347
]
[
m_TargetDistance
4628.918457
]
[
m_TargetFrame
F504353F00000000F50435BFEC05D13EEC05513FEC05D13E3BCD133F3BCD13BF3BCD133F
]
}
