PRT
81E43ABEEBA73F04
EEA6B479DB79F857
{
[
m_Type
9F4E3C224151B86D
]
[
m_Collection
42
ships\\ugto\\scout\\st-1 anti-sensor\\st-1 anti-sensor scout.prt
ships\\ugto\\scout\\st-2 assault\\st-2 assault scout.prt
ships\\ugto\\scout\\st-3 intercepter\\sc_st3.prt
ships\\ugto\\scout\\st-4 long range\\st-4 long range scout.prt
ships\\ugto\\scout\\st-5 bomber\\st-5 bomber scout.prt
ships\\ugto\\frigate\\st-12 buzzard\\sc_st12.prt
ships\\ugto\\frigate\\st-14 gyrfalcon\\sc_st14.prt
ships\\ugto\\frigate\\st-5 bomber\\sc_st5.prt
ships\\ugto\\frigate\\st-6 interceptor\\sc_st6.prt
ships\\ugto\\frigate\\st-7 minelayer\\sc_st7.prt
ships\\ugto\\frigate\\st-8 harrier\\sc_st8.prt
ships\\ugto\\frigate\\st-9 support\\sc_st9.prt
ships\\ugto\\frigate\\st-21 horus\\sc_st21.prt
ships\\ugto\\frigate\\st-23 griffin\\sc_st23.prt
ships\\ugto\\frigate\\st-24 osprey\\sc_st24.prt
ships\\ugto\\frigate\\st-25 kestral\\sc_st25.prt
ships\\ugto\\frigate\\st-27 phoenix\\sc_st27.prt
ships\\ugto\\frigate\\st-13 peregrine\\sc_st13.prt
ships\\ugto\\transport\\st-201 transport\\st-201 light transport.prt
ships\\ugto\\transport\\st 211 transport\\st-211 heavy transport.prt
ships\\ugto\\transport\\st-157 transport\\sc_st157.prt
ships\\ugto\\miner\\se-7501\\sc_se7501.prt
ships\\ugto\\engineering\\st-7000\\sc_st7000.prt
ships\\ugto\\engineering\\st-7010\\sc_st7010.prt
ships\\ugto\\engineering\\st-143 state\\sc_st143.prt
ships\\ugto\\supply\\st-8005 supply ship\\st-8005 supply ship.prt
ships\\ugto\\supply\\st134 standard supply\\sc_st134.prt
ships\\ugto\\supply\\st-8010 supply\\st-8010 supply ship.prt
ships\\ugto\\destroyer\\st-40 lance\\sc_st40.prt
ships\\ugto\\destroyer\\st-41 blockade\\sc_st41.prt
ships\\ugto\\destroyer\\st-42 torpedo\\sc_st42.prt
ships\\ugto\\destroyer\\st-11 missile buster\\sc_st11.prt
ships\\ugto\\destroyer\\st-10 gunboat\\sc_st10.prt
ships\\ugto\\destroyer\\st-18 picket\\sc_st18.prt
ships\\ugto\\destroyer\\st-51 battle\\sc_st51.prt
ships\\ugto\\destroyer\\st-52 tactical bomber\\sc_st52.prt
ships\\ugto\\destroyer\\st-53 perimeter\\sc_st53.prt
ships\\ugto\\destroyer\\st-14 assault\\sc_st14.prt
ships\\ugto\\destroyer\\st-57 arrestor\\sc_st57.prt
ships\\ugto\\destroyer\\st-58 arquebus\\sc_st58.prt
ships\\ugto\\destroyer\\st-59 elite line\\sc_st59.prt

]
}
