PRT
81E43ABEEBA73F04
D367621CA9DDD091
{
[
m_Type
9F4E3C224151B86D
]
[
m_Collection
42
ships\\icc\\scout\\m21 a\\sc_m21a.prt
ships\\icc\\scout\\m21 b\\sc_m21b.prt
ships\\icc\\scout\\m21 c\\sc_m21c.prt
ships\\icc\\scout\\m22 b\\sc_m22b.prt
ships\\icc\\scout\\m23e\\sc_m23e.prt
ships\\icc\\frigate\\m41l\\sc_m41l.prt
ships\\icc\\frigate\\m41T\\sc_m41t.prt
ships\\icc\\frigate\\m42a\\sc_m42a.prt
ships\\icc\\frigate\\m42b\\sc_m42b.prt
ships\\icc\\frigate\\m46s\\sc_m46s.prt
ships\\icc\\frigate\\m45b\\sc_m45b.prt
ships\\icc\\frigate\\m40s\\sc_m40s.prt
ships\\icc\\frigate\\m44a\\sc_m44a.prt
ships\\icc\\frigate\\m46my\\sc_m46my.prt
ships\\icc\\frigate\\m46tb\\sc_m46tb.prt
ships\\icc\\frigate\\m48lm\\sc_m48lm.prt
ships\\icc\\frigate\\m49ae\\sc_m49ae.prt
ships\\icc\\frigate\\m47lms\\sc_m47lms.prt
ships\\icc\\transport\\m2111 transport\\sc_m2111.prt
ships\\icc\\transport\\m2122 transpoer\\sc_m2122.prt
ships\\icc\\transport\\mt-265 transport\\sc_mt265.prt
ships\\icc\\miner\\me 1522\\sc_me1522.prt
ships\\icc\\engineering\\mr 110\\sc_mr110.prt
ships\\icc\\engineering\\mr 115\\sc_mr115.prt
ships\\icc\\engineering\\mr 125\\sc_mr125.prt
ships\\icc\\supply\\m s40 a\\sc_ms40a.prt
ships\\icc\\supply\\m s42 a\\sc_ms42a.prt
ships\\icc\\supply\\ml296 fleet supply\\sc_ml296.prt
ships\\icc\\destroyer\\m190 b\\sc_m190b.prt
ships\\icc\\destroyer\\old\\m188l\\sc_m188l.prt
ships\\icc\\destroyer\\old\\m188t\\sc_m188t.prt
ships\\icc\\destroyer\\m192 f\\sc_m192f.prt
ships\\icc\\destroyer\\m195a\\sc_m195a.prt
ships\\icc\\destroyer\\old\\m194 e\\sc_m194e.prt
ships\\icc\\destroyer\\m190 a\\sc_m190a.prt
ships\\icc\\destroyer\\m193bm\\sc_m193.prt
ships\\icc\\destroyer\\m193lm\\sc_m193lm.prt
ships\\icc\\destroyer\\m195mt\\sc_m195.prt
ships\\icc\\destroyer\\old\\m194a\\sc_m194a.prt
ships\\icc\\destroyer\\old\\m189al\\sc_m189.prt
ships\\icc\\destroyer\\m201r\\sc_m201r.prt

]
}
