PRT
BBE32C0F2208BFD2
3FA7B7E6660A53E8
{
[
m_Root
E98E268F2008D746
AA24000001000040
{
[
m_NodeKey
9DEB0CD480B07946
]
[
m_Class
231158F1834B35BB
]
[
m_Name
Node
]
[
m_pTemplate
231158F1834B35BB
AB24000001000040
{
[
m_Name

]
[
m_nNodeFlags
0
]
[
m_Children
0
]
[
m_Position
000000000000000000000000
]
[
m_Frame
0000803F0000000000000000000000000000803F0000000000000000000000000000803F
]
}
]
[
m_Children
1
23E338DC4B2BBF92
D7B79F4FAC63A539
{
[
m_NodeKey
C9D70DD480B07946
]
[
m_Class
913D1AE2AA2BB936
]
[
m_Name
Node
]
[
m_pTemplate
913D1AE2AA2BB936
AC24000001000040
{
[
m_Name

]
[
m_nNodeFlags
0
]
[
m_Children
0
]
[
m_Position
000000000000000000000000
]
[
m_Frame
0000803F0000000000000000000000000000803F0000000000000000000000000000803F
]
[
m_pScene
0000000000000000
]
[
m_bNormalizeFrame
1
]
}
]
[
m_Children
0
]
[
m_Position
000000000000000000000000
]
[
m_Frame
0000803F0000000000000000000000000000803F0000000000000000000000000000803F
]
[
m_fFrameScale
1.000000
]
[
m_ScenePort
scenery\\backgrounds\\SpaceBox_07.prt
]
[
m_NormalizeFrame
0
]
}
]
[
m_Position
000000000000000000000000
]
[
m_Frame
0000803F0000000000000000000000000000803F0000000000000000000000000000803F
]
[
m_fFrameScale
1.000000
]
}
]
[
m_Fps
15.000000
]
[
m_Segments
0
]
[
m_TargetPosition
000000000000000000000000
]
[
m_TargetDistance
29.417500
]
[
m_TargetFrame
2DE33FBF8E899CBE144C16BFBF1D123D55F35D3FFA7BFEBE9D35293F7179C9BEBE9223BF
]
}
