PRT
BBE32C0F2208BFD2
8E8B854C7F1A1502
{
[
m_Root
E98E268F2008D746
F2EF5360F0F4E253
{
[
m_NodeKey
EBEF5360F0F4E253
]
[
m_Class
231158F1834B35BB
]
[
m_Name
Node
]
[
m_pTemplate
231158F1834B35BB
AE05A60085AB5053
{
[
m_Name

]
[
m_nNodeFlags
0
]
[
m_Children
0
]
[
m_Position
000000000000000000000000
]
[
m_Frame
0000803F0000000000000000000000000000803F0000000000000000000000000000803F
]
}
]
[
m_Children
1
F40F11A9E5528EFD
D6BC1FFC8600DC41
{
[
m_NodeKey
ECEF5360F0F4E253
]
[
m_Class
C34AD77CBDD85FAC
]
[
m_Name
Node
]
[
m_pTemplate
C34AD77CBDD85FAC
AF05A60085AB5053
{
[
m_Name

]
[
m_nNodeFlags
0
]
[
m_Children
0
]
[
m_Bits
0
]
[
m_Type
00000000
]
[
m_MinDistance
0.000000
]
[
m_MaxDistance
32768.000000
]
[
m_fFadePercent
0.100000
]
[
m_MinDetailLevel
00000000
]
[
m_MaxDetailLevel
02000000
]
[
m_bZeroTime
0
]
}
]
[
m_Children
2
A3EF38DE4BABBF9C
FE1423FC8600DC41
{
[
m_NodeKey
EDEF5360F0F4E253
]
[
m_Class
B13DD2E2A2CBB936
]
[
m_Name
NodeSound
]
[
m_pTemplate
B13DD2E2A2CBB936
B005A60085AB5053
{
[
m_Name

]
[
m_nNodeFlags
0
]
[
m_Children
0
]
[
m_Sound
0000000000000000
]
[
m_Falloff
0.020000
]
[
m_Loop
0
]
}
]
[
m_Children
0
]
[
m_SoundPort
sound\\neno\\gadgets\\projectile\\torpedo projectile.prt
]
[
m_Falloff
0.007000
]
[
m_Loop
1
]
}
1633BE1F4D8C0670
0E4524FC8600DC41
{
[
m_NodeKey
EEEF5360F0F4E253
]
[
m_Class
A961198F3000D746
]
[
m_Name
Node
]
[
m_pTemplate
A961198F3000D746
B105A60085AB5053
{
[
m_Name

]
[
m_nNodeFlags
0
]
[
m_Children
0
]
[
m_Position
000000000000000000000000
]
[
m_Frame
0000803F0000000000000000000000000000803F0000000000000000000000000000803F
]
[
m_Yaw
0.000000
]
[
m_Pitch
0.000000
]
[
m_Roll
0.000000
]
}
]
[
m_Children
3
C781E0EC7C13561A
924526FC8600DC41
{
[
m_NodeKey
EFEF5360F0F4E253
]
[
m_Class
9C7E346439A5C1B5
]
[
m_Name
Node
]
[
m_pTemplate
9C7E346439A5C1B5
B205A60085AB5053
{
[
m_Name

]
[
m_nNodeFlags
0
]
[
m_Children
0
]
[
m_Position
000000000000000000000000
]
[
m_Frame
0000803F0000000000000000000000000000803F0000000000000000000000000000803F
]
[
m_Scale
1.000000
]
[
m_ScaleLock
0
]
[
m_ClampBack
0
]
[
m_EnableAlpha
0
]
[
m_Alpha
0.000000
]
[
m_AlphaV
0.000000
]
[
m_AlphaA
0.000000
]
[
m_AxisLock
00000000
]
[
m_Material
0000000000000000
]
}
]
[
m_Children
0
]
[
m_Position
000000000000000000000000
]
[
m_Frame
0000803F0000000000000000000000000000803F0000000000000000000000000000803F
]
[
m_fFrameScale
1.000000
]
[
m_Scale
2.000000
]
[
m_ScaleLock
0
]
[
m_ClampBack
0
]
[
m_EnableAlpha
1
]
[
m_Alpha
1.000000
]
[
m_AlphaV
0.000000
]
[
m_AlphaA
0.000000
]
[
m_AxisLock
07000000
]
[
m_MaterialPort
effects\\materials\\torpedo use material.prt
]
}
C781E0EC7C13561A
06AC2BFC8600DC41
{
[
m_NodeKey
F0EF5360F0F4E253
]
[
m_Class
9C7E346439A5C1B5
]
[
m_Name
Node
]
[
m_pTemplate
9C7E346439A5C1B5
B305A60085AB5053
{
[
m_Name

]
[
m_nNodeFlags
0
]
[
m_Children
0
]
[
m_Position
000000000000000000000000
]
[
m_Frame
0000803F0000000000000000000000000000803F0000000000000000000000000000803F
]
[
m_Scale
1.000000
]
[
m_ScaleLock
0
]
[
m_ClampBack
0
]
[
m_EnableAlpha
0
]
[
m_Alpha
1.000000
]
[
m_AlphaV
0.000000
]
[
m_AlphaA
0.000000
]
[
m_AxisLock
00000000
]
[
m_Material
0000000000000000
]
}
]
[
m_Children
0
]
[
m_Position
000000000000000000000000
]
[
m_Frame
FFFFFF3100000000000080BF000000000000803F000000000000803F00000000FFFFFF31
]
[
m_fFrameScale
1.000000
]
[
m_Scale
2.000000
]
[
m_ScaleLock
0
]
[
m_ClampBack
0
]
[
m_EnableAlpha
1
]
[
m_Alpha
1.000000
]
[
m_AlphaV
0.000000
]
[
m_AlphaA
0.000000
]
[
m_AxisLock
07000000
]
[
m_MaterialPort
effects\\materials\\torpedo use material.prt
]
}
C781E0EC7C13561A
0E0831FC8600DC41
{
[
m_NodeKey
F1EF5360F0F4E253
]
[
m_Class
9C7E346439A5C1B5
]
[
m_Name
Node
]
[
m_pTemplate
9C7E346439A5C1B5
B405A60085AB5053
{
[
m_Name

]
[
m_nNodeFlags
0
]
[
m_Children
0
]
[
m_Position
000000000000000000000000
]
[
m_Frame
0000803F0000000000000000000000000000803F0000000000000000000000000000803F
]
[
m_Scale
1.000000
]
[
m_ScaleLock
0
]
[
m_ClampBack
0
]
[
m_EnableAlpha
0
]
[
m_Alpha
0.000000
]
[
m_AlphaV
0.000000
]
[
m_AlphaA
-1.#QNAN0
]
[
m_AxisLock
00000000
]
[
m_Material
0000000000000000
]
}
]
[
m_Children
0
]
[
m_Position
000000000000000000000000
]
[
m_Frame
FFFFFF3100000000000080BF0000803FF9FF4FB4FFFFFF31F9FF4FB4000080BF0100D0A6
]
[
m_fFrameScale
1.000000
]
[
m_Scale
2.000000
]
[
m_ScaleLock
0
]
[
m_ClampBack
0
]
[
m_EnableAlpha
1
]
[
m_Alpha
1.000000
]
[
m_AlphaV
0.000000
]
[
m_AlphaA
0.000000
]
[
m_AxisLock
07000000
]
[
m_MaterialPort
effects\\materials\\torpedo use material.prt
]
}
]
[
m_Position
000000000000000000000000
]
[
m_Frame
0000803F0000000000000000000000000000803F0000000000000000000000000000803F
]
[
m_fFrameScale
1.000000
]
[
m_Pitch
7.500000
]
[
m_Yaw
7.000000
]
[
m_Roll
0.000000
]
}
]
[
m_Bits
0
]
[
m_Type
01000000
]
[
m_MinDistance
0.000000
]
[
m_MaxDistance
2000.000000
]
[
m_fFadePercent
0.100000
]
[
m_MinDetailLevel
00000000
]
[
m_MaxDetailLevel
02000000
]
[
m_bZeroTime
0
]
}
]
[
m_Position
000000000000000000000000
]
[
m_Frame
0000803F0000000000000000000000000000803F0000000000000000000000000000803F
]
[
m_fFrameScale
1.000000
]
}
]
[
m_Fps
15.000000
]
[
m_Segments
0
]
[
m_TargetPosition
000000000000000000000000
]
[
m_TargetDistance
11.728691
]
[
m_TargetFrame
34C76FBFB57278BE566081BE3BFB06BEB831D9BE005B653F592DA6BE58595F3F710EBB3E
]
}
