PRT
BBE32C0F2208BFD2
640B457C2D7C2335
{
[
m_Root
E98E268F2008D746
B10E000001000040
{
[
m_NodeKey
AE0E000001000040
]
[
m_Class
231158F1834B35BB
]
[
m_Name
Node
]
[
m_pTemplate
231158F1834B35BB
B20E000001000040
{
[
m_Name

]
[
m_nNodeFlags
0
]
[
m_Children
0
]
[
m_Position
000000000000000000000000
]
[
m_Frame
0000803F0000000000000000000000000000803F0000000000000000000000000000803F
]
}
]
[
m_Children
1
C586FE462BF76149
B30E000001000040
{
[
m_NodeKey
AF0E000001000040
]
[
m_Class
F0818A88AFB3A485
]
[
m_Name
SpaceBoxST
]
[
m_pTemplate
F0818A88AFB3A485
B40E000001000040
{
[
m_Name

]
[
m_nNodeFlags
0
]
[
m_Children
0
]
[
m_Position
000000000000000000000000
]
[
m_Frame
0000803F0000000000000000000000000000803F0000000000000000000000000000803F
]
[
m_NodeFrames
0
]
[
m_Verts
0
]
[
m_Materials
0
]
[
m_Triangles
0
]
[
m_Hull
8096184B8096184B8096184B809618CB809618CB809618CB
]
[
m_Fps
15.000000
]
[
m_EnableLOD
0
]
[
m_MinLOD
1.000000
]
[
m_MaxLOD
750.000000
]
}
]
[
m_Children
0
]
[
m_Position
000000000000000000000000
]
[
m_Frame
0000803F0000000000000000000000000000803F0000000000000000000000000000803F
]
[
m_fFrameScale
1.000000
]
[
m_bExportNodeFrames
0
]
[
m_NodeFrames
0
]
[
m_Verts
16
FCFFF9C3FBFFF9C3FDFFF9C300000080000000000000803F00807F3F0000003B
FCFFF943FBFFF9C3FDFFF9C300000080000000000000803F00807F3F0000FF3E
FCFFF9C3FDFFF9C3FBFFF94300000080000000000000803F00802A3F0000003B
FCFFF943FDFFF9C3FBFFF94300000080000000000000803F00802A3F0000FF3E
FCFFF943FDFFF9C3FBFFF9430000803F000000000000008000807F3F00807F3F
FCFFF943FBFFF9C3FDFFF9C30000803F000000000000008000802A3F00807F3F
FCFFF943FBFFF943FDFFF9430000803F000000000000008000807F3F0080003F
FCFFF943FDFFF943FBFFF9C30000803F000000000000008000802A3F0080003F
FCFFF9C3FBFFF943FDFFF943000000800000803F000000800100AB3E0000003B
FCFFF943FBFFF943FDFFF943000000800000803F000000800100AB3E0000FF3E
FCFFF9C3FBFFF9C3FDFFF9C300000080000080BF000000800100AB3E00807F3F
FCFFF9C3FDFFF943FBFFF9C300000080000080BF000000800100AB3E0080003F
FCFFF9C3FDFFF9C3FBFFF943000080BF00000000000000800000003B00807F3F
FCFFF9C3FBFFF943FDFFF943000080BF00000000000000800000003B0080003F
FCFFF9C3FDFFF943FBFFF9C30000008000000000000080BF0000003B0000003B
FCFFF943FDFFF943FBFFF9C30000008000000000000080BF0000003B0000FF3E
]
[
m_Materials
1
scenery\\materials\\SpaceBox_01.prt
]
[
m_Triangles
1
1
12
000001000200
020001000300
040005000600
060005000700
020003000800
080003000900
05000A000700
07000A000B00
0A000C000B00
0B000C000D00
080009000E00
0E0009000F00
]
[
m_Fps
15.000000
]
[
m_fMeshScale
25.000000
]
[
m_Reverse
1
]
[
m_Optimize
1
]
[
m_CalcNormals
1
]
[
m_EnableLOD
0
]
[
m_MinLOD
1.000000
]
[
m_MaxLOD
750.000000
]
}
]
[
m_Position
000000000000000000000000
]
[
m_Frame
0000803F0000000000000000000000000000803F0000000000000000000000000000803F
]
[
m_fFrameScale
1.000000
]
}
]
[
m_Fps
30.000000
]
[
m_Segments
0
]
[
m_TargetPosition
CF346DC10C6081C168C7E6C0
]
[
m_TargetDistance
1732.050415
]
[
m_TargetFrame
14045C3F5CB2D83EF9D392BEF8608CBE77E25A3F2261E13EE4EDDC3E4C7199BE04D3593F
]
}
