PRT
BBE32C0F2208BFD2
8F8E022F5886AD22
{
[
m_Root
E98E268F2008D746
6C12D65D358D5A52
{
[
m_NodeKey
34E1E4F05DCF7946
]
[
m_Class
231158F1834B35BB
]
[
m_Name
Node
]
[
m_pTemplate
231158F1834B35BB
75563461358D5A52
{
[
m_Name

]
[
m_nNodeFlags
0
]
[
m_Children
0
]
[
m_Position
000000000000000000000000
]
[
m_Frame
0000803F0000000000000000000000000000803F0000000000000000000000000000803F
]
}
]
[
m_Children
28
1F4FF76E53BCFB05
FAE53C400A757D42
{
[
m_NodeKey
0C87EAF05DCF7946
]
[
m_Class
F0BD37FBDED2F960
]
[
m_Name
MI Nexus Hub
]
[
m_pTemplate
F0BD37FBDED2F960
0BB8B5B4FFFFFFFF
{
[
m_Name

]
[
m_nNodeFlags
4
]
[
m_Children
0
]
[
m_Position
000000000000000000000000
]
[
m_Frame
0000803F0000000000000000000000000000803F0000000000000000000000000000803F
]
[
m_vOrientation
0
0
0
]
[
m_Flags
1
]
[
m_Tick
0
]
[
m_NounContext
0000000000000000
]
[
m_Traits
1
4F7B2D2FC7265684
{
}
]
[
m_nTeamId
0
]
[
m_nUserId
0
]
[
m_DetectionFlags
4294967295
]
[
m_nHex
65535
]
[
m_nBuildTime
0
]
[
m_Damage
0
]
}
]
[
m_Children
0
]
[
m_Position
000000000000000000000000
]
[
m_Frame
0000803F0000000000000000000000000000803F0000000000000000000000000000803F
]
[
m_fFrameScale
1.000000
]
[
m_NounContext
structures\\mi\\colony hub.PRT
]
}
1F4FF76E53BCFB05
1A7D3E400A757D42
{
[
m_NodeKey
E6CFEFF05DCF7946
]
[
m_Class
BFC3C64124B682E1
]
[
m_Name
Automaton Plant
]
[
m_pTemplate
BFC3C64124B682E1
0CB8B5B4FFFFFFFF
{
[
m_Name

]
[
m_nNodeFlags
4
]
[
m_Children
0
]
[
m_Position
000000000000000000000000
]
[
m_Frame
0000803F0000000000000000000000000000803F0000000000000000000000000000803F
]
[
m_vOrientation
0
0
0
]
[
m_Flags
1
]
[
m_Tick
0
]
[
m_NounContext
0000000000000000
]
[
m_Traits
1
4F7B2D2FC7265684
{
}
]
[
m_nTeamId
0
]
[
m_nUserId
0
]
[
m_DetectionFlags
4294967295
]
[
m_nHex
65535
]
[
m_nBuildTime
0
]
[
m_Damage
0
]
[
m_pBuilding
0000000000000000
]
[
m_BuildTime
0
]
}
]
[
m_Children
0
]
[
m_Position
000000000000000000000000
]
[
m_Frame
0000803F0000000000000000000000000000803F0000000000000000000000000000803F
]
[
m_fFrameScale
1.000000
]
[
m_NounContext
structures\\mi\\barracks.PRT
]
}
1F4FF76E53BCFB05
DAE43F400A757D42
{
[
m_NodeKey
5DBDF4F05DCF7946
]
[
m_Class
2E7069D847AEB89C
]
[
m_Name
Manufactury
]
[
m_pTemplate
2E7069D847AEB89C
0DB8B5B4FFFFFFFF
{
[
m_Name

]
[
m_nNodeFlags
4
]
[
m_Children
0
]
[
m_Position
000000000000000000000000
]
[
m_Frame
0000803F0000000000000000000000000000803F0000000000000000000000000000803F
]
[
m_vOrientation
0
0
0
]
[
m_Flags
1
]
[
m_Tick
0
]
[
m_NounContext
0000000000000000
]
[
m_Traits
1
4F7B2D2FC7265684
{
}
]
[
m_nTeamId
0
]
[
m_nUserId
0
]
[
m_DetectionFlags
4294967295
]
[
m_nHex
65535
]
[
m_nBuildTime
0
]
[
m_Damage
0
]
}
]
[
m_Children
0
]
[
m_Position
000000000000000000000000
]
[
m_Frame
0000803F0000000000000000000000000000803F0000000000000000000000000000803F
]
[
m_fFrameScale
1.000000
]
[
m_NounContext
structures\\mi\\factory.PRT
]
}
1F4FF76E53BCFB05
424E41400A757D42
{
[
m_NodeKey
697DF9F05DCF7946
]
[
m_Class
9FF47A675324CF07
]
[
m_Name
StarPort
]
[
m_pTemplate
9FF47A675324CF07
0EB8B5B4FFFFFFFF
{
[
m_Name

]
[
m_nNodeFlags
4
]
[
m_Children
0
]
[
m_Position
000000000000000000000000
]
[
m_Frame
0000803F0000000000000000000000000000803F0000000000000000000000000000803F
]
[
m_vOrientation
0
0
0
]
[
m_Flags
1
]
[
m_Tick
0
]
[
m_NounContext
0000000000000000
]
[
m_Traits
1
4F7B2D2FC7265684
{
}
]
[
m_nTeamId
0
]
[
m_nUserId
0
]
[
m_DetectionFlags
4294967295
]
[
m_nHex
65535
]
[
m_nBuildTime
0
]
[
m_Damage
0
]
[
m_pTransports
0
]
}
]
[
m_Children
0
]
[
m_Position
000000000000000000000000
]
[
m_Frame
0000803F0000000000000000000000000000803F0000000000000000000000000000803F
]
[
m_fFrameScale
1.000000
]
[
m_NounContext
structures\\mi\\starport.PRT
]
}
1F4FF76E53BCFB05
36B842400A757D42
{
[
m_NodeKey
4E59FEF05DCF7946
]
[
m_Class
BF8A3A661B63CE07
]
[
m_Name
Drone Storage Complex
]
[
m_pTemplate
BF8A3A661B63CE07
0FB8B5B4FFFFFFFF
{
[
m_Name

]
[
m_nNodeFlags
4
]
[
m_Children
0
]
[
m_Position
000000000000000000000000
]
[
m_Frame
0000803F0000000000000000000000000000803F0000000000000000000000000000803F
]
[
m_vOrientation
0
0
0
]
[
m_Flags
1
]
[
m_Tick
0
]
[
m_NounContext
0000000000000000
]
[
m_Traits
1
4F7B2D2FC7265684
{
}
]
[
m_nTeamId
0
]
[
m_nUserId
0
]
[
m_DetectionFlags
4294967295
]
[
m_nHex
65535
]
[
m_nBuildTime
0
]
[
m_Damage
0
]
}
]
[
m_Children
0
]
[
m_Position
000000000000000000000000
]
[
m_Frame
0000803F0000000000000000000000000000803F0000000000000000000000000000803F
]
[
m_fFrameScale
1.000000
]
[
m_NounContext
structures\\common\\dome.prt
]
}
1F4FF76E53BCFB05
2A2B44400A757D42
{
[
m_NodeKey
75FF02F15DCF7946
]
[
m_Class
11B44784DC34CEF1
]
[
m_Name
Shipyard
]
[
m_pTemplate
11B44784DC34CEF1
10B8B5B4FFFFFFFF
{
[
m_Name

]
[
m_nNodeFlags
4
]
[
m_Children
0
]
[
m_Position
000000000000000000000000
]
[
m_Frame
0000803F0000000000000000000000000000803F0000000000000000000000000000803F
]
[
m_vOrientation
0
0
0
]
[
m_Flags
1
]
[
m_Tick
0
]
[
m_NounContext
0000000000000000
]
[
m_Traits
1
4F7B2D2FC7265684
{
}
]
[
m_nTeamId
0
]
[
m_nUserId
0
]
[
m_DetectionFlags
4294967295
]
[
m_nHex
65535
]
[
m_nBuildTime
0
]
[
m_Damage
0
]
}
]
[
m_Children
0
]
[
m_Position
000000000000000000000000
]
[
m_Frame
0000803F0000000000000000000000000000803F0000000000000000000000000000803F
]
[
m_fFrameScale
1.000000
]
[
m_NounContext
structures\\common\\shipyard.prt
]
}
1F4FF76E53BCFB05
1E8945400A757D42
{
[
m_NodeKey
436B0AF15DCF7946
]
[
m_Class
DDCB103E91CBC1F3
]
[
m_Name
Anti-Sensor Base
]
[
m_pTemplate
DDCB103E91CBC1F3
11B8B5B4FFFFFFFF
{
[
m_Name

]
[
m_nNodeFlags
4
]
[
m_Children
0
]
[
m_Position
000000000000000000000000
]
[
m_Frame
0000803F0000000000000000000000000000803F0000000000000000000000000000803F
]
[
m_vOrientation
0
0
0
]
[
m_Flags
1
]
[
m_Tick
0
]
[
m_NounContext
0000000000000000
]
[
m_Traits
1
4F7B2D2FC7265684
{
}
]
[
m_nTeamId
0
]
[
m_nUserId
0
]
[
m_DetectionFlags
4294967295
]
[
m_nHex
65535
]
[
m_nBuildTime
0
]
[
m_Damage
0
]
}
]
[
m_Children
1
B2B7329B7F92DA85
A2F246400A757D42
{
[
m_NodeKey
3E590FF15DCF7946
]
[
m_Class
20B27004C8C40400
]
[
m_Name
Planetary ECM
]
[
m_pTemplate
20B27004C8C40400
C4A1C771358D5A52
{
[
m_Name

]
[
m_nNodeFlags
0
]
[
m_Children
0
]
[
m_Position
000000000000000000000000
]
[
m_Frame
0000803F0000000000000000000000000000803F0000000000000000000000000000803F
]
[
m_vOrientation
0
0
0
]
[
m_Flags
65536
]
[
m_Tick
0
]
[
m_NounContext
0000000000000000
]
[
m_Traits
1
4F7B2D2FC7265684
{
}
]
[
m_nTeamId
0
]
[
m_nUserId
0
]
[
m_DetectionFlags
4294967295
]
[
m_nDamage
0
]
[
m_nGroup
0
]
}
]
[
m_Children
0
]
[
m_Position
000000000000000000000000
]
[
m_Frame
0000803F0000000000000000000000000000803F0000000000000000000000000000803F
]
[
m_fFrameScale
1.000000
]
[
m_NounContext
gadgets\\ecm - Planet.prt
]
[
m_nDamage
0
]
[
m_bMountFore
1
]
[
m_bMountRight
1
]
[
m_bMountLeft
1
]
[
m_bMountAft
1
]
}
]
[
m_Position
000000000000000000000000
]
[
m_Frame
0000803F0000000000000000000000000000803F0000000000000000000000000000803F
]
[
m_fFrameScale
1.000000
]
[
m_NounContext
structures\\common\\antisensor base.prt
]
}
1F4FF76E53BCFB05
5E2053400A757D42
{
[
m_NodeKey
93B022F15DCF7946
]
[
m_Class
DDCB103E91CBC1F3
]
[
m_Name
Sensor Base
]
[
m_pTemplate
DDCB103E91CBC1F3
12B8B5B4FFFFFFFF
{
[
m_Name

]
[
m_nNodeFlags
4
]
[
m_Children
0
]
[
m_Position
000000000000000000000000
]
[
m_Frame
0000803F0000000000000000000000000000803F0000000000000000000000000000803F
]
[
m_vOrientation
0
0
0
]
[
m_Flags
1
]
[
m_Tick
0
]
[
m_NounContext
0000000000000000
]
[
m_Traits
1
4F7B2D2FC7265684
{
}
]
[
m_nTeamId
0
]
[
m_nUserId
0
]
[
m_DetectionFlags
4294967295
]
[
m_nHex
65535
]
[
m_nBuildTime
0
]
[
m_Damage
0
]
}
]
[
m_Children
1
B2B7329B7F92DA85
EE9C54400A757D42
{
[
m_NodeKey
669727F15DCF7946
]
[
m_Class
20B2108EC8242600
]
[
m_Name
Planetary ECM
]
[
m_pTemplate
20B2108EC8242600
62470C73358D5A52
{
[
m_Name

]
[
m_nNodeFlags
0
]
[
m_Children
0
]
[
m_Position
000000000000000000000000
]
[
m_Frame
0000803F0000000000000000000000000000803F0000000000000000000000000000803F
]
[
m_vOrientation
0
0
0
]
[
m_Flags
65536
]
[
m_Tick
0
]
[
m_NounContext
0000000000000000
]
[
m_Traits
1
4F7B2D2FC7265684
{
}
]
[
m_nTeamId
0
]
[
m_nUserId
0
]
[
m_DetectionFlags
4294967295
]
[
m_nDamage
0
]
[
m_nGroup
0
]
}
]
[
m_Children
0
]
[
m_Position
000000000000000000000000
]
[
m_Frame
0000803F0000000000000000000000000000803F0000000000000000000000000000803F
]
[
m_fFrameScale
1.000000
]
[
m_NounContext
gadgets\\eccm - Planet.prt
]
[
m_nDamage
0
]
[
m_bMountFore
1
]
[
m_bMountRight
1
]
[
m_bMountLeft
1
]
[
m_bMountAft
1
]
}
]
[
m_Position
000000000000000000000000
]
[
m_Frame
0000803F0000000000000000000000000000803F0000000000000000000000000000803F
]
[
m_fFrameScale
1.000000
]
[
m_NounContext
structures\\common\\sensor base.prt
]
}
1F4FF76E53BCFB05
EE0D60400A757D42
{
[
m_NodeKey
F3A93AF15DCF7946
]
[
m_Class
6CF5FFC7F882733E
]
[
m_Name
Depot
]
[
m_pTemplate
6CF5FFC7F882733E
13B8B5B4FFFFFFFF
{
[
m_Name

]
[
m_nNodeFlags
4
]
[
m_Children
0
]
[
m_Position
000000000000000000000000
]
[
m_Frame
0000803F0000000000000000000000000000803F0000000000000000000000000000803F
]
[
m_vOrientation
0
0
0
]
[
m_Flags
1
]
[
m_Tick
0
]
[
m_NounContext
0000000000000000
]
[
m_Traits
1
4F7B2D2FC7265684
{
}
]
[
m_nTeamId
0
]
[
m_nUserId
0
]
[
m_DetectionFlags
4294967295
]
[
m_nHex
65535
]
[
m_nBuildTime
0
]
[
m_Damage
0
]
}
]
[
m_Children
2
B2B7329B7F92DA85
BA8761400A757D42
{
[
m_NodeKey
BEC33FF15DCF7946
]
[
m_Class
BC501CBB547A1DC6
]
[
m_Name
Reload
]
[
m_pTemplate
BC501CBB547A1DC6
14B8B5B4FFFFFFFF
{
[
m_Name

]
[
m_nNodeFlags
0
]
[
m_Children
0
]
[
m_Position
000000000000000000000000
]
[
m_Frame
0000803F0000000000000000000000000000803F0000000000000000000000000000803F
]
[
m_vOrientation
0
0
0
]
[
m_Flags
65536
]
[
m_Tick
0
]
[
m_NounContext
0000000000000000
]
[
m_Traits
1
4F7B2D2FC7265684
{
}
]
[
m_nTeamId
0
]
[
m_nUserId
0
]
[
m_DetectionFlags
4294967295
]
[
m_nDamage
0
]
[
m_nGroup
0
]
[
m_Reloading
0000000000000000
]
[
m_Reloads
0
]
}
]
[
m_Children
0
]
[
m_Position
000000000000000000000000
]
[
m_Frame
0000803F0000000000000000000000000000803F0000000000000000000000000000803F
]
[
m_fFrameScale
1.000000
]
[
m_NounContext
gadgets\\Planetary Reload.prt
]
[
m_nDamage
0
]
[
m_bMountFore
1
]
[
m_bMountRight
1
]
[
m_bMountLeft
1
]
[
m_bMountAft
1
]
}
B2B7329B7F92DA85
68F165FB7C793048
{
[
m_NodeKey
E22066FB7C793048
]
[
m_Class
BC501CBB547A1DC6
]
[
m_Name
Reload
]
[
m_pTemplate
BC501CBB547A1DC6
15B8B5B4FFFFFFFF
{
[
m_Name

]
[
m_nNodeFlags
0
]
[
m_Children
0
]
[
m_Position
000000000000000000000000
]
[
m_Frame
0000803F0000000000000000000000000000803F0000000000000000000000000000803F
]
[
m_vOrientation
0
0
0
]
[
m_Flags
65536
]
[
m_Tick
0
]
[
m_NounContext
0000000000000000
]
[
m_Traits
1
4F7B2D2FC7265684
{
}
]
[
m_nTeamId
0
]
[
m_nUserId
0
]
[
m_DetectionFlags
4294967295
]
[
m_nDamage
0
]
[
m_nGroup
0
]
[
m_Reloading
0000000000000000
]
[
m_Reloads
0
]
}
]
[
m_Children
0
]
[
m_Position
000000000000000000000000
]
[
m_Frame
0000803F0000000000000000000000000000803F0000000000000000000000000000803F
]
[
m_fFrameScale
1.000000
]
[
m_NounContext
gadgets\\Planetary Reload.prt
]
[
m_nDamage
0
]
[
m_bMountFore
1
]
[
m_bMountRight
1
]
[
m_bMountLeft
1
]
[
m_bMountAft
1
]
}
]
[
m_Position
000000000000000000000000
]
[
m_Frame
0000803F0000000000000000000000000000803F0000000000000000000000000000803F
]
[
m_fFrameScale
1.000000
]
[
m_NounContext
structures\\common\\depot.prt
]
}
1F4FF76E53BCFB05
022E69400A757D42
{
[
m_NodeKey
3BCB4CF15DCF7946
]
[
m_Class
3A4148A186F010E0
]
[
m_Name
Interdictor Base
]
[
m_pTemplate
3A4148A186F010E0
16B8B5B4FFFFFFFF
{
[
m_Name

]
[
m_nNodeFlags
4
]
[
m_Children
0
]
[
m_Position
000000000000000000000000
]
[
m_Frame
0000803F0000000000000000000000000000803F0000000000000000000000000000803F
]
[
m_vOrientation
0
0
0
]
[
m_Flags
1
]
[
m_Tick
0
]
[
m_NounContext
0000000000000000
]
[
m_Traits
1
4F7B2D2FC7265684
{
}
]
[
m_nTeamId
0
]
[
m_nUserId
0
]
[
m_DetectionFlags
4294967295
]
[
m_nHex
65535
]
[
m_nBuildTime
0
]
[
m_Damage
0
]
}
]
[
m_Children
1
B2B7329B7F92DA85
429D6A400A757D42
{
[
m_NodeKey
395D51F15DCF7946
]
[
m_Class
12C6080B807D0901
]
[
m_Name
Jump Disruptor
]
[
m_pTemplate
12C6080B807D0901
17B8B5B4FFFFFFFF
{
[
m_Name

]
[
m_nNodeFlags
0
]
[
m_Children
0
]
[
m_Position
000000000000000000000000
]
[
m_Frame
0000803F0000000000000000000000000000803F0000000000000000000000000000803F
]
[
m_vOrientation
0
0
0
]
[
m_Flags
65536
]
[
m_Tick
0
]
[
m_NounContext
0000000000000000
]
[
m_Traits
1
4F7B2D2FC7265684
{
}
]
[
m_nTeamId
0
]
[
m_nUserId
0
]
[
m_DetectionFlags
4294967295
]
[
m_nDamage
0
]
[
m_nGroup
0
]
[
m_pField
0000000000000000
]
}
]
[
m_Children
0
]
[
m_Position
000000000000000000000000
]
[
m_Frame
0000803F0000000000000000000000000000803F0000000000000000000000000000803F
]
[
m_fFrameScale
1.000000
]
[
m_NounContext
gadgets\\jump disruptor.prt
]
[
m_nDamage
0
]
[
m_bMountFore
1
]
[
m_bMountRight
1
]
[
m_bMountLeft
1
]
[
m_bMountAft
1
]
}
]
[
m_Position
000000000000000000000000
]
[
m_Frame
0000803F0000000000000000000000000000803F0000000000000000000000000000803F
]
[
m_fFrameScale
1.000000
]
[
m_NounContext
structures\\common\\interdictor base.prt
]
}
1F4FF76E53BCFB05
A20A76400A757D42
{
[
m_NodeKey
B70067F15DCF7946
]
[
m_Class
ACCD51E94899783E
]
[
m_Name
Solar Generator
]
[
m_pTemplate
ACCD51E94899783E
18B8B5B4FFFFFFFF
{
[
m_Name

]
[
m_nNodeFlags
4
]
[
m_Children
0
]
[
m_Position
000000000000000000000000
]
[
m_Frame
0000803F0000000000000000000000000000803F0000000000000000000000000000803F
]
[
m_vOrientation
0
0
0
]
[
m_Flags
1
]
[
m_Tick
0
]
[
m_NounContext
0000000000000000
]
[
m_Traits
1
4F7B2D2FC7265684
{
}
]
[
m_nTeamId
0
]
[
m_nUserId
0
]
[
m_DetectionFlags
4294967295
]
[
m_nHex
65535
]
[
m_nBuildTime
0
]
[
m_Damage
0
]
[
m_Power
0
]
}
]
[
m_Children
0
]
[
m_Position
000000000000000000000000
]
[
m_Frame
0000803F0000000000000000000000000000803F0000000000000000000000000000803F
]
[
m_fFrameScale
1.000000
]
[
m_NounContext
structures\\common\\solar generator.prt
]
}
1F4FF76E53BCFB05
B67677400A757D42
{
[
m_NodeKey
186D6BF15DCF7946
]
[
m_Class
BFF779D3E73CEB9C
]
[
m_Name
Defense Network Alpha
]
[
m_pTemplate
BFF779D3E73CEB9C
19B8B5B4FFFFFFFF
{
[
m_Name

]
[
m_nNodeFlags
4
]
[
m_Children
0
]
[
m_Position
000000000000000000000000
]
[
m_Frame
0000803F0000000000000000000000000000803F0000000000000000000000000000803F
]
[
m_vOrientation
0
0
0
]
[
m_Flags
1
]
[
m_Tick
0
]
[
m_NounContext
0000000000000000
]
[
m_Traits
1
4F7B2D2FC7265684
{
}
]
[
m_nTeamId
0
]
[
m_nUserId
0
]
[
m_DetectionFlags
4294967295
]
[
m_nHex
65535
]
[
m_nBuildTime
0
]
[
m_Damage
0
]
}
]
[
m_Children
0
]
[
m_Position
000000000000000000000000
]
[
m_Frame
0000803F0000000000000000000000000000803F0000000000000000000000000000803F
]
[
m_fFrameScale
1.000000
]
[
m_NounContext
structures\\common\\defense base.prt
]
}
1F4FF76E53BCFB05
BEFB87400A757D42
{
[
m_NodeKey
B3688DF15DCF7946
]
[
m_Class
9CFFF6FBB17F79D6
]
[
m_Name
Defense Network Beta
]
[
m_pTemplate
9CFFF6FBB17F79D6
1AB8B5B4FFFFFFFF
{
[
m_Name

]
[
m_nNodeFlags
4
]
[
m_Children
0
]
[
m_Position
000000000000000000000000
]
[
m_Frame
0000803F0000000000000000000000000000803F0000000000000000000000000000803F
]
[
m_vOrientation
0
0
0
]
[
m_Flags
1
]
[
m_Tick
0
]
[
m_NounContext
0000000000000000
]
[
m_Traits
1
4F7B2D2FC7265684
{
}
]
[
m_nTeamId
0
]
[
m_nUserId
0
]
[
m_DetectionFlags
4294967295
]
[
m_nHex
65535
]
[
m_nBuildTime
0
]
[
m_Damage
0
]
}
]
[
m_Children
0
]
[
m_Position
000000000000000000000000
]
[
m_Frame
0000803F0000000000000000000000000000803F0000000000000000000000000000803F
]
[
m_fFrameScale
1.000000
]
[
m_NounContext
structures\\common\\defense base 2.prt
]
}
1F4FF76E53BCFB05
AEFAA3400A757D42
{
[
m_NodeKey
6662C0F15DCF7946
]
[
m_Class
FCFFF6FBA97F79D6
]
[
m_Name
Defense Network Gamma
]
[
m_pTemplate
FCFFF6FBA97F79D6
1BB8B5B4FFFFFFFF
{
[
m_Name

]
[
m_nNodeFlags
4
]
[
m_Children
0
]
[
m_Position
000000000000000000000000
]
[
m_Frame
0000803F0000000000000000000000000000803F0000000000000000000000000000803F
]
[
m_vOrientation
0
0
0
]
[
m_Flags
1
]
[
m_Tick
0
]
[
m_NounContext
0000000000000000
]
[
m_Traits
1
4F7B2D2FC7265684
{
}
]
[
m_nTeamId
0
]
[
m_nUserId
0
]
[
m_DetectionFlags
4294967295
]
[
m_nHex
65535
]
[
m_nBuildTime
0
]
[
m_Damage
0
]
}
]
[
m_Children
0
]
[
m_Position
000000000000000000000000
]
[
m_Frame
0000803F0000000000000000000000000000803F0000000000000000000000000000803F
]
[
m_fFrameScale
1.000000
]
[
m_NounContext
structures\\common\\defense base 3.prt
]
}
1F4FF76E53BCFB05
B23B03410A757D42
{
[
m_NodeKey
D9291DF25DCF7946
]
[
m_Class
BFF71D669B58CE07
]
[
m_Name
Drone Maintenance Plant
]
[
m_pTemplate
BFF71D669B58CE07
1CB8B5B4FFFFFFFF
{
[
m_Name

]
[
m_nNodeFlags
4
]
[
m_Children
0
]
[
m_Position
000000000000000000000000
]
[
m_Frame
0000803F0000000000000000000000000000803F0000000000000000000000000000803F
]
[
m_vOrientation
0
0
0
]
[
m_Flags
1
]
[
m_Tick
0
]
[
m_NounContext
0000000000000000
]
[
m_Traits
1
4F7B2D2FC7265684
{
}
]
[
m_nTeamId
0
]
[
m_nUserId
0
]
[
m_DetectionFlags
4294967295
]
[
m_nHex
65535
]
[
m_nBuildTime
0
]
[
m_Damage
0
]
}
]
[
m_Children
0
]
[
m_Position
000000000000000000000000
]
[
m_Frame
0000803F0000000000000000000000000000803F0000000000000000000000000000803F
]
[
m_fFrameScale
1.000000
]
[
m_NounContext
structures\\common\\hydro farm.prt
]
}
1F4FF76E53BCFB05
2EA604410A757D42
{
[
m_NodeKey
D1E420F25DCF7946
]
[
m_Class
ACF1BEC348C5723E
]
[
m_Name
Advanced Drone Repair Facility
]
[
m_pTemplate
ACF1BEC348C5723E
1DB8B5B4FFFFFFFF
{
[
m_Name

]
[
m_nNodeFlags
4
]
[
m_Children
0
]
[
m_Position
000000000000000000000000
]
[
m_Frame
0000803F0000000000000000000000000000803F0000000000000000000000000000803F
]
[
m_vOrientation
0
0
0
]
[
m_Flags
1
]
[
m_Tick
0
]
[
m_NounContext
0000000000000000
]
[
m_Traits
1
4F7B2D2FC7265684
{
}
]
[
m_nTeamId
0
]
[
m_nUserId
0
]
[
m_DetectionFlags
4294967295
]
[
m_nHex
65535
]
[
m_nBuildTime
0
]
[
m_Damage
0
]
}
]
[
m_Children
0
]
[
m_Position
000000000000000000000000
]
[
m_Frame
0000803F0000000000000000000000000000803F0000000000000000000000000000803F
]
[
m_fFrameScale
1.000000
]
[
m_NounContext
structures\\common\\automated farm.prt
]
}
1F4FF76E53BCFB05
861206410A757D42
{
[
m_NodeKey
DA8C24F25DCF7946
]
[
m_Class
8CF1BEC340C5723E
]
[
m_Name
Complex Drone Maintenance Facility
]
[
m_pTemplate
8CF1BEC340C5723E
1EB8B5B4FFFFFFFF
{
[
m_Name

]
[
m_nNodeFlags
4
]
[
m_Children
0
]
[
m_Position
000000000000000000000000
]
[
m_Frame
0000803F0000000000000000000000000000803F0000000000000000000000000000803F
]
[
m_vOrientation
0
0
0
]
[
m_Flags
1
]
[
m_Tick
0
]
[
m_NounContext
0000000000000000
]
[
m_Traits
1
4F7B2D2FC7265684
{
}
]
[
m_nTeamId
0
]
[
m_nUserId
0
]
[
m_DetectionFlags
4294967295
]
[
m_nHex
65535
]
[
m_nBuildTime
0
]
[
m_Damage
0
]
}
]
[
m_Children
0
]
[
m_Position
000000000000000000000000
]
[
m_Frame
0000803F0000000000000000000000000000803F0000000000000000000000000000803F
]
[
m_fFrameScale
1.000000
]
[
m_NounContext
M:\\Ports\\Structures\\Common\\Biosphere Condenser.PRT
]
}
1F4FF76E53BCFB05
9A3108410A757D42
{
[
m_NodeKey
FC4B28F25DCF7946
]
[
m_Class
AC5D5CEF482E793E
]
[
m_Name
Fusion Generator
]
[
m_pTemplate
AC5D5CEF482E793E
1FB8B5B4FFFFFFFF
{
[
m_Name

]
[
m_nNodeFlags
4
]
[
m_Children
0
]
[
m_Position
000000000000000000000000
]
[
m_Frame
0000803F0000000000000000000000000000803F0000000000000000000000000000803F
]
[
m_vOrientation
0
0
0
]
[
m_Flags
1
]
[
m_Tick
0
]
[
m_NounContext
0000000000000000
]
[
m_Traits
1
4F7B2D2FC7265684
{
}
]
[
m_nTeamId
0
]
[
m_nUserId
0
]
[
m_DetectionFlags
4294967295
]
[
m_nHex
65535
]
[
m_nBuildTime
0
]
[
m_Damage
0
]
}
]
[
m_Children
0
]
[
m_Position
000000000000000000000000
]
[
m_Frame
0000803F0000000000000000000000000000803F0000000000000000000000000000803F
]
[
m_fFrameScale
1.000000
]
[
m_NounContext
structures\\common\\fusion generator.prt
]
}
1F4FF76E53BCFB05
6E9209410A757D42
{
[
m_NodeKey
CBDE2BF25DCF7946
]
[
m_Class
DDB38BEBD173C9F3
]
[
m_Name
Quantum Generator
]
[
m_pTemplate
DDB38BEBD173C9F3
20B8B5B4FFFFFFFF
{
[
m_Name

]
[
m_nNodeFlags
4
]
[
m_Children
0
]
[
m_Position
000000000000000000000000
]
[
m_Frame
0000803F0000000000000000000000000000803F0000000000000000000000000000803F
]
[
m_vOrientation
0
0
0
]
[
m_Flags
1
]
[
m_Tick
0
]
[
m_NounContext
0000000000000000
]
[
m_Traits
1
4F7B2D2FC7265684
{
}
]
[
m_nTeamId
0
]
[
m_nUserId
0
]
[
m_DetectionFlags
4294967295
]
[
m_nHex
65535
]
[
m_nBuildTime
0
]
[
m_Damage
0
]
}
]
[
m_Children
0
]
[
m_Position
000000000000000000000000
]
[
m_Frame
0000803F0000000000000000000000000000803F0000000000000000000000000000803F
]
[
m_fFrameScale
1.000000
]
[
m_NounContext
structures\\common\\quantum generator.prt
]
}
1F4FF76E53BCFB05
5A130B410A757D42
{
[
m_NodeKey
51672FF25DCF7946
]
[
m_Class
FDB38BEBD973C9F3
]
[
m_Name
Variance Generator
]
[
m_pTemplate
FDB38BEBD973C9F3
21B8B5B4FFFFFFFF
{
[
m_Name

]
[
m_nNodeFlags
4
]
[
m_Children
0
]
[
m_Position
000000000000000000000000
]
[
m_Frame
0000803F0000000000000000000000000000803F0000000000000000000000000000803F
]
[
m_vOrientation
0
0
0
]
[
m_Flags
1
]
[
m_Tick
0
]
[
m_NounContext
0000000000000000
]
[
m_Traits
1
4F7B2D2FC7265684
{
}
]
[
m_nTeamId
0
]
[
m_nUserId
0
]
[
m_DetectionFlags
4294967295
]
[
m_nHex
65535
]
[
m_nBuildTime
0
]
[
m_Damage
0
]
}
]
[
m_Children
0
]
[
m_Position
000000000000000000000000
]
[
m_Frame
0000803F0000000000000000000000000000803F0000000000000000000000000000803F
]
[
m_fFrameScale
1.000000
]
[
m_NounContext
structures\\common\\variance generator.prt
]
}
1F4FF76E53BCFB05
CA900C410A757D42
{
[
m_NodeKey
393333F25DCF7946
]
[
m_Class
F0ED35FBDEDFF960
]
[
m_Name
Research Lab
]
[
m_pTemplate
F0ED35FBDEDFF960
22B8B5B4FFFFFFFF
{
[
m_Name

]
[
m_nNodeFlags
4
]
[
m_Children
0
]
[
m_Position
000000000000000000000000
]
[
m_Frame
0000803F0000000000000000000000000000803F0000000000000000000000000000803F
]
[
m_vOrientation
0
0
0
]
[
m_Flags
1
]
[
m_Tick
0
]
[
m_NounContext
0000000000000000
]
[
m_Traits
1
4F7B2D2FC7265684
{
}
]
[
m_nTeamId
0
]
[
m_nUserId
0
]
[
m_DetectionFlags
4294967295
]
[
m_nHex
65535
]
[
m_nBuildTime
0
]
[
m_Damage
0
]
}
]
[
m_Children
0
]
[
m_Position
000000000000000000000000
]
[
m_Frame
0000803F0000000000000000000000000000803F0000000000000000000000000000803F
]
[
m_fFrameScale
1.000000
]
[
m_NounContext
structures\\common\\research lab.prt
]
}
1F4FF76E53BCFB05
8EF40D410A757D42
{
[
m_NodeKey
E0BC36F25DCF7946
]
[
m_Class
5FB8BD6663FFCE07
]
[
m_Name
Subspace Network
]
[
m_pTemplate
5FB8BD6663FFCE07
23B8B5B4FFFFFFFF
{
[
m_Name

]
[
m_nNodeFlags
4
]
[
m_Children
0
]
[
m_Position
000000000000000000000000
]
[
m_Frame
0000803F0000000000000000000000000000803F0000000000000000000000000000803F
]
[
m_vOrientation
0
0
0
]
[
m_Flags
1
]
[
m_Tick
0
]
[
m_NounContext
0000000000000000
]
[
m_Traits
1
4F7B2D2FC7265684
{
}
]
[
m_nTeamId
0
]
[
m_nUserId
0
]
[
m_DetectionFlags
4294967295
]
[
m_nHex
65535
]
[
m_nBuildTime
0
]
[
m_Damage
0
]
}
]
[
m_Children
0
]
[
m_Position
000000000000000000000000
]
[
m_Frame
0000803F0000000000000000000000000000803F0000000000000000000000000000803F
]
[
m_fFrameScale
1.000000
]
[
m_NounContext
structures\\common\\subspace network.prt
]
}
1F4FF76E53BCFB05
06720F410A757D42
{
[
m_NodeKey
843E3AF25DCF7946
]
[
m_Class
7FB8BD666BFFCE07
]
[
m_Name
Cortex Nexus
]
[
m_pTemplate
7FB8BD666BFFCE07
24B8B5B4FFFFFFFF
{
[
m_Name

]
[
m_nNodeFlags
4
]
[
m_Children
0
]
[
m_Position
000000000000000000000000
]
[
m_Frame
0000803F0000000000000000000000000000803F0000000000000000000000000000803F
]
[
m_vOrientation
0
0
0
]
[
m_Flags
1
]
[
m_Tick
0
]
[
m_NounContext
0000000000000000
]
[
m_Traits
1
4F7B2D2FC7265684
{
}
]
[
m_nTeamId
0
]
[
m_nUserId
0
]
[
m_DetectionFlags
4294967295
]
[
m_nHex
65535
]
[
m_nBuildTime
0
]
[
m_Damage
0
]
}
]
[
m_Children
0
]
[
m_Position
000000000000000000000000
]
[
m_Frame
0000803F0000000000000000000000000000803F0000000000000000000000000000803F
]
[
m_fFrameScale
1.000000
]
[
m_NounContext
structures\\common\\cortex nexus.prt
]
}
1F4FF76E53BCFB05
66D210410A757D42
{
[
m_NodeKey
B1C23DF25DCF7946
]
[
m_Class
BF86A966DBFFCE07
]
[
m_Name
Mine
]
[
m_pTemplate
BF86A966DBFFCE07
25B8B5B4FFFFFFFF
{
[
m_Name

]
[
m_nNodeFlags
4
]
[
m_Children
0
]
[
m_Position
000000000000000000000000
]
[
m_Frame
0000803F0000000000000000000000000000803F0000000000000000000000000000803F
]
[
m_vOrientation
0
0
0
]
[
m_Flags
1
]
[
m_Tick
0
]
[
m_NounContext
0000000000000000
]
[
m_Traits
1
4F7B2D2FC7265684
{
}
]
[
m_nTeamId
0
]
[
m_nUserId
0
]
[
m_DetectionFlags
4294967295
]
[
m_nHex
65535
]
[
m_nBuildTime
0
]
[
m_Damage
0
]
}
]
[
m_Children
0
]
[
m_Position
000000000000000000000000
]
[
m_Frame
0000803F0000000000000000000000000000803F0000000000000000000000000000803F
]
[
m_fFrameScale
1.000000
]
[
m_NounContext
structures\\common\\mine.prt
]
}
1F4FF76E53BCFB05
C64F12410A757D42
{
[
m_NodeKey
8C6841F25DCF7946
]
[
m_Class
ACD130D548FF773E
]
[
m_Name
Deep Core Mine
]
[
m_pTemplate
ACD130D548FF773E
26B8B5B4FFFFFFFF
{
[
m_Name

]
[
m_nNodeFlags
4
]
[
m_Children
0
]
[
m_Position
000000000000000000000000
]
[
m_Frame
0000803F0000000000000000000000000000803F0000000000000000000000000000803F
]
[
m_vOrientation
0
0
0
]
[
m_Flags
1
]
[
m_Tick
0
]
[
m_NounContext
0000000000000000
]
[
m_Traits
1
4F7B2D2FC7265684
{
}
]
[
m_nTeamId
0
]
[
m_nUserId
0
]
[
m_DetectionFlags
4294967295
]
[
m_nHex
65535
]
[
m_nBuildTime
0
]
[
m_Damage
0
]
}
]
[
m_Children
0
]
[
m_Position
000000000000000000000000
]
[
m_Frame
0000803F0000000000000000000000000000803F0000000000000000000000000000803F
]
[
m_fFrameScale
1.000000
]
[
m_NounContext
structures\\common\\deep core mine.prt
]
}
1F4FF76E53BCFB05
32D913410A757D42
{
[
m_NodeKey
7BEC44F25DCF7946
]
[
m_Class
8CD130D540FF773E
]
[
m_Name
Mantle Extractor
]
[
m_pTemplate
8CD130D540FF773E
27B8B5B4FFFFFFFF
{
[
m_Name

]
[
m_nNodeFlags
4
]
[
m_Children
0
]
[
m_Position
000000000000000000000000
]
[
m_Frame
0000803F0000000000000000000000000000803F0000000000000000000000000000803F
]
[
m_vOrientation
0
0
0
]
[
m_Flags
1
]
[
m_Tick
0
]
[
m_NounContext
0000000000000000
]
[
m_Traits
1
4F7B2D2FC7265684
{
}
]
[
m_nTeamId
0
]
[
m_nUserId
0
]
[
m_DetectionFlags
4294967295
]
[
m_nHex
65535
]
[
m_nBuildTime
0
]
[
m_Damage
0
]
}
]
[
m_Children
0
]
[
m_Position
000000000000000000000000
]
[
m_Frame
0000803F0000000000000000000000000000803F0000000000000000000000000000803F
]
[
m_fFrameScale
1.000000
]
[
m_NounContext
structures\\common\\mantle extractor.prt
]
}
D653FB23498C096B
B4A6301D709DF948
{
[
m_NodeKey
05EE301D709DF948
]
[
m_Class
16D842AAB5CFB814
]
[
m_Name
Subverted Weapon Platform
]
[
m_pTemplate
16D842AAB5CFB814
94CFB27C358D5A52
{
[
m_Name

]
[
m_nNodeFlags
0
]
[
m_Children
0
]
[
m_Position
000000000000000000000000
]
[
m_Frame
0000803F0000000000000000000000000000803F0000000000000000000000000000803F
]
[
m_vOrientation
0
0
0
]
[
m_Flags
0
]
[
m_Tick
0
]
[
m_NounContext
0000000000000000
]
[
m_Traits
3
407D5D0F92E49EA5
{
}
DD2D5A9AF73452D9
0
4F7B2D2FC7265684
{
}
]
[
m_nTeamId
0
]
[
m_nUserId
0
]
[
m_DetectionFlags
4294967295
]
[
m_nCredits
0
]
[
m_Rank
0
]
[
m_Damage
0
]
[
m_Energy
100
]
[
m_fVelocity
0.000000
]
[
m_fSetVelocity
0.000000
]
[
m_RepairQueue
0
]
[
m_Order
00000000
]
[
m_OrderTarget
0
0000000000000000
]
[
m_pOrderFrom
0000000000000000
]
[
m_nOrderTime
0
]
[
m_Command
00000000
]
[
m_CommandTarget
0
0000000000000000
]
[
m_pHome
0000000000000000
]
[
m_bOutOfCombat
0
]
[
m_nAllyTime
0
]
[
m_nResources
0
]
[
m_nBuildTime
0
]
}
]
[
m_Children
10
B2B7329B7F92DA85
28B8B5B4FFFFFFFF
{
[
m_NodeKey
EAB7B5B4FFFFFFFF
]
[
m_Class
94C64317E87CE909
]
[
m_Name
Singularity Drive
]
[
m_pTemplate
94C64317E87CE909
29B8B5B4FFFFFFFF
{
[
m_Name

]
[
m_nNodeFlags
0
]
[
m_Children
0
]
[
m_Position
000000000000000000000000
]
[
m_Frame
0000803F0000000000000000000000000000803F0000000000000000000000000000803F
]
[
m_vOrientation
0
0
0
]
[
m_Flags
65537
]
[
m_Tick
0
]
[
m_NounContext
0000000000000000
]
[
m_Traits
1
4F7B2D2FC7265684
{
}
]
[
m_nTeamId
0
]
[
m_nUserId
0
]
[
m_DetectionFlags
4294967295
]
[
m_nDamage
0
]
[
m_nGroup
0
]
}
]
[
m_Children
0
]
[
m_Position
000000000000000000000000
]
[
m_Frame
0000803F0000000000000000000000000000803F0000000000000000000000000000803F
]
[
m_fFrameScale
1.000000
]
[
m_NounContext
gadgets\\drive - se.PRT
]
[
m_nDamage
0
]
[
m_bMountFore
0
]
[
m_bMountRight
0
]
[
m_bMountLeft
0
]
[
m_bMountAft
1
]
}
B2B7329B7F92DA85
2AB8B5B4FFFFFFFF
{
[
m_NodeKey
F4B7B5B4FFFFFFFF
]
[
m_Class
D1F3B6358873B1AF
]
[
m_Name
Molecular Armor Full
]
[
m_pTemplate
D1F3B6358873B1AF
2BB8B5B4FFFFFFFF
{
[
m_Name

]
[
m_nNodeFlags
0
]
[
m_Children
0
]
[
m_Position
000000000000000000000000
]
[
m_Frame
0000803F0000000000000000000000000000803F0000000000000000000000000000803F
]
[
m_vOrientation
0
0
0
]
[
m_Flags
65536
]
[
m_Tick
0
]
[
m_NounContext
0000000000000000
]
[
m_Traits
1
4F7B2D2FC7265684
{
}
]
[
m_nTeamId
0
]
[
m_nUserId
0
]
[
m_DetectionFlags
4294967295
]
[
m_nDamage
0
]
[
m_nGroup
0
]
[
m_Armor
0
]
}
]
[
m_Children
0
]
[
m_Position
0AD7A33DB81E55C0D7A33841
]
[
m_Frame
0000803F0000000000000000000000000000803F0000000000000000000000000000803F
]
[
m_fFrameScale
1.000000
]
[
m_NounContext
gadgets\\armormolecular.prt
]
[
m_nDamage
0
]
[
m_bMountFore
1
]
[
m_bMountRight
1
]
[
m_bMountLeft
1
]
[
m_bMountAft
1
]
}
B2B7329B7F92DA85
2CB8B5B4FFFFFFFF
{
[
m_NodeKey
03B8B5B4FFFFFFFF
]
[
m_Class
0D3C419A963512E0
]
[
m_Name
Auxilliary Power Generator
]
[
m_pTemplate
0D3C419A963512E0
2DB8B5B4FFFFFFFF
{
[
m_Name

]
[
m_nNodeFlags
0
]
[
m_Children
0
]
[
m_Position
000000000000000000000000
]
[
m_Frame
0000803F0000000000000000000000000000803F0000000000000000000000000000803F
]
[
m_vOrientation
0
0
0
]
[
m_Flags
65537
]
[
m_Tick
0
]
[
m_NounContext
0000000000000000
]
[
m_Traits
1
4F7B2D2FC7265684
{
}
]
[
m_nTeamId
0
]
[
m_nUserId
0
]
[
m_DetectionFlags
4294967295
]
[
m_nDamage
0
]
[
m_nGroup
0
]
}
]
[
m_Children
0
]
[
m_Position
000000000000000000000000
]
[
m_Frame
0000803F0000000000000000000000000000803F0000000000000000000000000000803F
]
[
m_fFrameScale
1.000000
]
[
m_NounContext
gadgets\\reactor aux.prt
]
[
m_nDamage
0
]
[
m_bMountFore
1
]
[
m_bMountRight
1
]
[
m_bMountLeft
1
]
[
m_bMountAft
1
]
}
B2B7329B7F92DA85
2EB8B5B4FFFFFFFF
{
[
m_NodeKey
04B8B5B4FFFFFFFF
]
[
m_Class
0D3C419A963512E0
]
[
m_Name
Auxilliary Power Generator
]
[
m_pTemplate
0D3C419A963512E0
2FB8B5B4FFFFFFFF
{
[
m_Name

]
[
m_nNodeFlags
0
]
[
m_Children
0
]
[
m_Position
000000000000000000000000
]
[
m_Frame
0000803F0000000000000000000000000000803F0000000000000000000000000000803F
]
[
m_vOrientation
0
0
0
]
[
m_Flags
65537
]
[
m_Tick
0
]
[
m_NounContext
0000000000000000
]
[
m_Traits
1
4F7B2D2FC7265684
{
}
]
[
m_nTeamId
0
]
[
m_nUserId
0
]
[
m_DetectionFlags
4294967295
]
[
m_nDamage
0
]
[
m_nGroup
0
]
}
]
[
m_Children
0
]
[
m_Position
000000003D0A57BE00000000
]
[
m_Frame
0000803F0000000000000000000000000000803F0000000000000000000000000000803F
]
[
m_fFrameScale
1.000000
]
[
m_NounContext
gadgets\\reactor aux.prt
]
[
m_nDamage
0
]
[
m_bMountFore
1
]
[
m_bMountRight
1
]
[
m_bMountLeft
1
]
[
m_bMountAft
1
]
}
B2B7329B7F92DA85
30B8B5B4FFFFFFFF
{
[
m_NodeKey
05B8B5B4FFFFFFFF
]
[
m_Class
0D3C419A963512E0
]
[
m_Name
Auxilliary Power Generator
]
[
m_pTemplate
0D3C419A963512E0
31B8B5B4FFFFFFFF
{
[
m_Name

]
[
m_nNodeFlags
0
]
[
m_Children
0
]
[
m_Position
000000000000000000000000
]
[
m_Frame
0000803F0000000000000000000000000000803F0000000000000000000000000000803F
]
[
m_vOrientation
0
0
0
]
[
m_Flags
65537
]
[
m_Tick
0
]
[
m_NounContext
0000000000000000
]
[
m_Traits
1
4F7B2D2FC7265684
{
}
]
[
m_nTeamId
0
]
[
m_nUserId
0
]
[
m_DetectionFlags
4294967295
]
[
m_nDamage
0
]
[
m_nGroup
0
]
}
]
[
m_Children
0
]
[
m_Position
000000003D0A573E00000000
]
[
m_Frame
0000803F0000000000000000000000000000803F0000000000000000000000000000803F
]
[
m_fFrameScale
1.000000
]
[
m_NounContext
gadgets\\reactor aux.prt
]
[
m_nDamage
0
]
[
m_bMountFore
1
]
[
m_bMountRight
1
]
[
m_bMountLeft
1
]
[
m_bMountAft
1
]
}
B2B7329B7F92DA85
32B8B5B4FFFFFFFF
{
[
m_NodeKey
06B8B5B4FFFFFFFF
]
[
m_Class
1CB9C89AC2FF43F4
]
[
m_Name
Phased Energy Beam Full
]
[
m_pTemplate
1CB9C89AC2FF43F4
33B8B5B4FFFFFFFF
{
[
m_Name

]
[
m_nNodeFlags
0
]
[
m_Children
0
]
[
m_Position
000000000000000000000000
]
[
m_Frame
0000803F0000000000000000000000000000803F0000000000000000000000000000803F
]
[
m_vOrientation
0
0
0
]
[
m_Flags
65536
]
[
m_Tick
0
]
[
m_NounContext
0000000000000000
]
[
m_Traits
1
4F7B2D2FC7265684
{
}
]
[
m_nTeamId
0
]
[
m_nUserId
0
]
[
m_DetectionFlags
4294967295
]
[
m_nDamage
0
]
[
m_nGroup
0
]
[
m_Energy
0
]
[
m_Duration
-1
]
[
m_PointDefense
0
]
[
m_Target
0
0000000000000000
]
}
]
[
m_Children
0
]
[
m_Position
000000000000000000000000
]
[
m_Frame
0000803F0000000000000000000000000000803F0000000000000000000000000000803F
]
[
m_fFrameScale
1.000000
]
[
m_NounContext
gadgets\\fep.prt
]
[
m_nDamage
0
]
[
m_bMountFore
1
]
[
m_bMountRight
1
]
[
m_bMountLeft
1
]
[
m_bMountAft
1
]
}
B2B7329B7F92DA85
34B8B5B4FFFFFFFF
{
[
m_NodeKey
07B8B5B4FFFFFFFF
]
[
m_Class
1CB9C89AC2FF43F4
]
[
m_Name
Phased Energy Beam Full
]
[
m_pTemplate
1CB9C89AC2FF43F4
35B8B5B4FFFFFFFF
{
[
m_Name

]
[
m_nNodeFlags
0
]
[
m_Children
0
]
[
m_Position
000000000000000000000000
]
[
m_Frame
0000803F0000000000000000000000000000803F0000000000000000000000000000803F
]
[
m_vOrientation
0
0
0
]
[
m_Flags
65536
]
[
m_Tick
0
]
[
m_NounContext
0000000000000000
]
[
m_Traits
1
4F7B2D2FC7265684
{
}
]
[
m_nTeamId
0
]
[
m_nUserId
0
]
[
m_DetectionFlags
4294967295
]
[
m_nDamage
0
]
[
m_nGroup
0
]
[
m_Energy
0
]
[
m_Duration
-1
]
[
m_PointDefense
0
]
[
m_Target
0
0000000000000000
]
}
]
[
m_Children
0
]
[
m_Position
000000000000000000000000
]
[
m_Frame
0000803F0000000000000000000000000000803F0000000000000000000000000000803F
]
[
m_fFrameScale
1.000000
]
[
m_NounContext
gadgets\\fep.prt
]
[
m_nDamage
0
]
[
m_bMountFore
1
]
[
m_bMountRight
1
]
[
m_bMountLeft
1
]
[
m_bMountAft
1
]
}
B2B7329B7F92DA85
36B8B5B4FFFFFFFF
{
[
m_NodeKey
08B8B5B4FFFFFFFF
]
[
m_Class
1CB9C89AC2FF43F4
]
[
m_Name
Phased Energy Beam Full
]
[
m_pTemplate
1CB9C89AC2FF43F4
37B8B5B4FFFFFFFF
{
[
m_Name

]
[
m_nNodeFlags
0
]
[
m_Children
0
]
[
m_Position
000000000000000000000000
]
[
m_Frame
0000803F0000000000000000000000000000803F0000000000000000000000000000803F
]
[
m_vOrientation
0
0
0
]
[
m_Flags
65536
]
[
m_Tick
0
]
[
m_NounContext
0000000000000000
]
[
m_Traits
1
4F7B2D2FC7265684
{
}
]
[
m_nTeamId
0
]
[
m_nUserId
0
]
[
m_DetectionFlags
4294967295
]
[
m_nDamage
0
]
[
m_nGroup
0
]
[
m_Energy
0
]
[
m_Duration
-1
]
[
m_PointDefense
0
]
[
m_Target
0
0000000000000000
]
}
]
[
m_Children
0
]
[
m_Position
000000000000000000000000
]
[
m_Frame
0000803F0000000000000000000000000000803F0000000000000000000000000000803F
]
[
m_fFrameScale
1.000000
]
[
m_NounContext
gadgets\\fep.prt
]
[
m_nDamage
0
]
[
m_bMountFore
1
]
[
m_bMountRight
1
]
[
m_bMountLeft
1
]
[
m_bMountAft
1
]
}
B2B7329B7F92DA85
38B8B5B4FFFFFFFF
{
[
m_NodeKey
09B8B5B4FFFFFFFF
]
[
m_Class
1D0B165859E391FE
]
[
m_Name
Energy Torpedo Full
]
[
m_pTemplate
1D0B165859E391FE
39B8B5B4FFFFFFFF
{
[
m_Name

]
[
m_nNodeFlags
0
]
[
m_Children
0
]
[
m_Position
000000000000000000000000
]
[
m_Frame
0000803F0000000000000000000000000000803F0000000000000000000000000000803F
]
[
m_vOrientation
0
0
0
]
[
m_Flags
65536
]
[
m_Tick
0
]
[
m_NounContext
0000000000000000
]
[
m_Traits
1
4F7B2D2FC7265684
{
}
]
[
m_nTeamId
0
]
[
m_nUserId
0
]
[
m_DetectionFlags
4294967295
]
[
m_nDamage
0
]
[
m_nGroup
0
]
[
m_Energy
0
]
[
m_Ammo
0
]
}
]
[
m_Children
0
]
[
m_Position
000000000000000000000000
]
[
m_Frame
0000803F0000000000000000000000000000803F0000000000000000000000000000803F
]
[
m_fFrameScale
1.000000
]
[
m_NounContext
gadgets\\energy torpedo.prt
]
[
m_nDamage
0
]
[
m_bMountFore
1
]
[
m_bMountRight
0
]
[
m_bMountLeft
1
]
[
m_bMountAft
0
]
}
B2B7329B7F92DA85
3AB8B5B4FFFFFFFF
{
[
m_NodeKey
0AB8B5B4FFFFFFFF
]
[
m_Class
1D0B165859E391FE
]
[
m_Name
Energy Torpedo Full
]
[
m_pTemplate
1D0B165859E391FE
3BB8B5B4FFFFFFFF
{
[
m_Name

]
[
m_nNodeFlags
0
]
[
m_Children
0
]
[
m_Position
000000000000000000000000
]
[
m_Frame
0000803F0000000000000000000000000000803F0000000000000000000000000000803F
]
[
m_vOrientation
0
0
0
]
[
m_Flags
65536
]
[
m_Tick
0
]
[
m_NounContext
0000000000000000
]
[
m_Traits
1
4F7B2D2FC7265684
{
}
]
[
m_nTeamId
0
]
[
m_nUserId
0
]
[
m_DetectionFlags
4294967295
]
[
m_nDamage
0
]
[
m_nGroup
0
]
[
m_Energy
0
]
[
m_Ammo
0
]
}
]
[
m_Children
0
]
[
m_Position
9A9919BF9A9919BFCDCC8C40
]
[
m_Frame
0000803F0000000000000000000000000000803F0000000000000000000000000000803F
]
[
m_fFrameScale
1.000000
]
[
m_NounContext
gadgets\\energy torpedo.prt
]
[
m_nDamage
0
]
[
m_bMountFore
1
]
[
m_bMountRight
0
]
[
m_bMountLeft
1
]
[
m_bMountAft
0
]
}
]
[
m_Position
000000000000000000000000
]
[
m_Frame
0000803F0000000000000000000000000000803F0000000000000000000000000000803F
]
[
m_fFrameScale
1.000000
]
[
m_NounContext
ships\\mi\\platform\\subvertedweapon\\nc_subvertedweapon.prt
]
[
m_nFleetId
-1
]
[
m_Orbiting

]
[
m_OrbitVelocity
0.000000
]
}
1F4FF76E53BCFB05
7F951EDEFFFFFFFF
{
[
m_NodeKey
7E951EDEFFFFFFFF
]
[
m_Class
F0BD37FBDED2F960
]
[
m_Name
MI Nexus Hub
]
[
m_pTemplate
F0BD37FBDED2F960
80951EDEFFFFFFFF
{
[
m_Name

]
[
m_nNodeFlags
4
]
[
m_Children
0
]
[
m_Position
000000000000000000000000
]
[
m_Frame
0000803F0000000000000000000000000000803F0000000000000000000000000000803F
]
[
m_vOrientation
0
0
0
]
[
m_Flags
1
]
[
m_Tick
0
]
[
m_NounContext
0000000000000000
]
[
m_Traits
1
4F7B2D2FC7265684
{
}
]
[
m_nTeamId
0
]
[
m_nUserId
0
]
[
m_DetectionFlags
4294967295
]
[
m_nHex
65535
]
[
m_nBuildTime
0
]
[
m_Damage
0
]
}
]
[
m_Children
0
]
[
m_Position
000000000000000000000000
]
[
m_Frame
0000803F0000000000000000000000000000803F0000000000000000000000000000803F
]
[
m_fFrameScale
1.000000
]
[
m_NounContext
structures\\mi\\colony hub.PRT
]
}
]
[
m_Position
000000000000000000000000
]
[
m_Frame
0000803F0000000000000000000000000000803F0000000000000000000000000000803F
]
[
m_fFrameScale
1.000000
]
}
]
[
m_Fps
15.000000
]
[
m_Segments
0
]
[
m_TargetPosition
DB4D4E3EF6FBAC3CEA8B0EBD
]
[
m_TargetDistance
3.614877
]
[
m_TargetFrame
309D7D3FC9D6DBBD7FBAAB3DCA10983D6B11713FE90EA83E21DFE9BDDC4DA3BE93DC703F
]
}
