PRT
DC32FE2C658C0772
9B93C81563F2F317
{
[
m_Flammable
0.500000
]
[
m_Hardness
0.500000
]
[
m_Strength
0.500000
]
[
m_Friction
0.500000
]
[
m_nPass
0
]
[
m_Width
10.000000
]
[
m_Height
10.000000
]
[
m_Diffuse
000000FF
]
[
m_Ambient
00000000
]
[
m_Emissive
FFFFFF00
]
[
m_Specular
00000000
]
[
m_SpecularPower
0.000000
]
[
m_LightEnable
1
]
[
m_Blending
03000000
]
[
m_DoubleSided
0
]
[
m_Fps
15.000000
]
[
m_Frames
1
]
[
m_Textures
1
1
00000000
scenery\\textures\\SpaceBoxST_Omxos.prt
1
0
0
0.000000
0.000000
0.000000
0.000000
0.000000
0.000000
]
[
m_sShader

]
[
m_MipMap
0
]
[
m_DiffusePort

]
[
m_AlphaPort

]
[
m_LightMap

]
}
