PRT
BBE32C0F2208BFD2
0B7F424F774CBE17
{
[
m_Root
E98E268F2008D746
37D4D4FD9DBF8552
{
[
m_NodeKey
6F5FB8A11FD07946
]
[
m_Class
231158F1834B35BB
]
[
m_Name
Node
]
[
m_pTemplate
231158F1834B35BB
3EC95A039CE90152
{
[
m_Name

]
[
m_nNodeFlags
0
]
[
m_Children
0
]
[
m_Position
000000000000000000000000
]
[
m_Frame
0000803F0000000000000000000000000000803F0000000000000000000000000000803F
]
}
]
[
m_Children
1
D653FB23498C096B
B43A8A373F1C1B42
{
[
m_NodeKey
EA0CBAA11FD07946
]
[
m_Class
4CEC110666A50611
]
[
m_Name
M-228C Light Carrier
]
[
m_pTemplate
4CEC110666A50611
047C0249742B5054
{
[
m_Name

]
[
m_nNodeFlags
0
]
[
m_Children
0
]
[
m_Position
000000000000000000000000
]
[
m_Frame
0000803F0000000000000000000000000000803F0000000000000000000000000000803F
]
[
m_vOrientation
0
0
0
]
[
m_Flags
0
]
[
m_Tick
0
]
[
m_NounContext
0000000000000000
]
[
m_Traits
3
407D5D0F92E49EA5
{
}
DD2D5A9AF73452D9
0
4F7B2D2FC7265684
{
}
]
[
m_nTeamId
0
]
[
m_nUserId
0
]
[
m_DetectionFlags
4294967295
]
[
m_nCredits
0
]
[
m_Rank
0
]
[
m_Damage
0
]
[
m_Energy
100
]
[
m_fVelocity
0.000000
]
[
m_fSetVelocity
0.000000
]
[
m_RepairQueue
0
]
[
m_Order
00000000
]
[
m_OrderTarget
0
0000000000000000
]
[
m_pOrderFrom
0000000000000000
]
[
m_nOrderTime
0
]
[
m_Command
00000000
]
[
m_CommandTarget
0
0000000000000000
]
[
m_pHome
0000000000000000
]
[
m_bOutOfCombat
0
]
[
m_nAllyTime
0
]
}
]
[
m_Children
28
021294066BAB277B
FAB99A918674B44D
{
[
m_NodeKey
4A4B9A918674B44D
]
[
m_Class
3B20082D22B2B734
]
[
m_Name
Trail
]
[
m_pTemplate
3B20082D22B2B734
{
[
m_Name

]
[
m_nNodeFlags
0
]
[
m_Children
0
]
[
m_Position
000000000000000000000000
]
[
m_Frame
0000803F0000000000000000000000000000803F0000000000000000000000000000803F
]
[
m_vOrientation
0
0
0
]
[
m_Flags
0
]
[
m_Tick
0
]
[
m_NounContext
0000000000000000
]
[
m_Traits
1
4F7B2D2FC7265684
{
}
]
[
m_nTeamId
0
]
[
m_nUserId
0
]
[
m_DetectionFlags
4294967295
]
}
]
[
m_Children
0
]
[
m_Position
713D4ABFF628DCBE333363C0
]
[
m_Frame
0000803F0000000000000000000000000000803F0000000000000000000000000000803F
]
[
m_fFrameScale
1.000000
]
[
m_NounContext
misc\\trail - icc.prt
]
}
021294066BAB277B
6C44772C8774B44D
{
[
m_NodeKey
10DB762C8774B44D
]
[
m_Class
3B20082D22B2B734
]
[
m_Name
Trail
]
[
m_pTemplate
3B20082D22B2B734
{
[
m_Name

]
[
m_nNodeFlags
0
]
[
m_Children
0
]
[
m_Position
000000000000000000000000
]
[
m_Frame
0000803F0000000000000000000000000000803F0000000000000000000000000000803F
]
[
m_vOrientation
0
0
0
]
[
m_Flags
0
]
[
m_Tick
0
]
[
m_NounContext
0000000000000000
]
[
m_Traits
1
4F7B2D2FC7265684
{
}
]
[
m_nTeamId
0
]
[
m_nUserId
0
]
[
m_DetectionFlags
4294967295
]
}
]
[
m_Children
0
]
[
m_Position
FFDA203F793FD6BE333363C0
]
[
m_Frame
0000803F0000000000000000000000000000803F0000000000000000000000000000803F
]
[
m_fFrameScale
1.000000
]
[
m_NounContext
misc\\trail - icc.prt
]
}
021294066BAB277B
980790F98774B44D
{
[
m_NodeKey
E29A8FF98774B44D
]
[
m_Class
3B20082D22B2B734
]
[
m_Name
Trail
]
[
m_pTemplate
3B20082D22B2B734
{
[
m_Name

]
[
m_nNodeFlags
0
]
[
m_Children
0
]
[
m_Position
000000000000000000000000
]
[
m_Frame
0000803F0000000000000000000000000000803F0000000000000000000000000000803F
]
[
m_vOrientation
0
0
0
]
[
m_Flags
0
]
[
m_Tick
0
]
[
m_NounContext
0000000000000000
]
[
m_Traits
1
4F7B2D2FC7265684
{
}
]
[
m_nTeamId
0
]
[
m_nUserId
0
]
[
m_DetectionFlags
4294967295
]
}
]
[
m_Children
0
]
[
m_Position
774FA5BDDF2C9CBC1A2C9AC0
]
[
m_Frame
0000803F0000000000000000000000000000803F0000000000000000000000000000803F
]
[
m_fFrameScale
1.000000
]
[
m_NounContext
misc\\trail - icc.prt
]
}
B2B7329B7F92DA85
F0F86C758174B44D
{
[
m_NodeKey
D2896C758174B44D
]
[
m_Class
9489CBAA441BE0BE
]
[
m_Name
Tachyon Drive
]
[
m_pTemplate
9489CBAA441BE0BE
057C0249742B5054
{
[
m_Name

]
[
m_nNodeFlags
0
]
[
m_Children
0
]
[
m_Position
000000000000000000000000
]
[
m_Frame
0000803F0000000000000000000000000000803F0000000000000000000000000000803F
]
[
m_vOrientation
0
0
0
]
[
m_Flags
65536
]
[
m_Tick
0
]
[
m_NounContext
0000000000000000
]
[
m_Traits
1
4F7B2D2FC7265684
{
}
]
[
m_nTeamId
0
]
[
m_nUserId
0
]
[
m_DetectionFlags
4294967295
]
[
m_nDamage
0
]
[
m_nGroup
0
]
[
m_Energy
0
]
[
m_Fuel
0
]
[
m_JumpTime
0
]
[
m_JumpVelocity
000000000000000000000000
]
[
m_JumpTarget
0
0000000000000000
]
}
]
[
m_Children
0
]
[
m_Position
295C8FBD9A99993E0AD743C0
]
[
m_Frame
0000803F0000000000000000000000000000803F0000000000000000000000000000803F
]
[
m_fFrameScale
1.000000
]
[
m_NounContext
gadgets\\tachyon drive.prt
]
[
m_nDamage
0
]
[
m_bMountFore
0
]
[
m_bMountRight
0
]
[
m_bMountLeft
0
]
[
m_bMountAft
1
]
}
B2B7329B7F92DA85
2ED7125E8374B44D
{
[
m_NodeKey
FA67125E8374B44D
]
[
m_Class
94AE4317687AE909
]
[
m_Name
IE Drive
]
[
m_pTemplate
94AE4317687AE909
067C0249742B5054
{
[
m_Name

]
[
m_nNodeFlags
0
]
[
m_Children
0
]
[
m_Position
000000000000000000000000
]
[
m_Frame
0000803F0000000000000000000000000000803F0000000000000000000000000000803F
]
[
m_vOrientation
0
0
0
]
[
m_Flags
65537
]
[
m_Tick
0
]
[
m_NounContext
0000000000000000
]
[
m_Traits
1
4F7B2D2FC7265684
{
}
]
[
m_nTeamId
0
]
[
m_nUserId
0
]
[
m_DetectionFlags
4294967295
]
[
m_nDamage
0
]
[
m_nGroup
0
]
}
]
[
m_Children
0
]
[
m_Position
DD7F37BF8FC2F5BEA1DE40C0
]
[
m_Frame
0000803F0000000000000000000000000000803F0000000000000000000000000000803F
]
[
m_fFrameScale
1.000000
]
[
m_NounContext
gadgets\\drive - ie.PRT
]
[
m_nDamage
0
]
[
m_bMountFore
0
]
[
m_bMountRight
0
]
[
m_bMountLeft
0
]
[
m_bMountAft
1
]
}
B2B7329B7F92DA85
4490A0789C74B44D
{
[
m_NodeKey
CE20A0789C74B44D
]
[
m_Class
94AE4317687AE909
]
[
m_Name
IE Drive
]
[
m_pTemplate
94AE4317687AE909
077C0249742B5054
{
[
m_Name

]
[
m_nNodeFlags
0
]
[
m_Children
0
]
[
m_Position
000000000000000000000000
]
[
m_Frame
0000803F0000000000000000000000000000803F0000000000000000000000000000803F
]
[
m_vOrientation
0
0
0
]
[
m_Flags
65537
]
[
m_Tick
0
]
[
m_NounContext
0000000000000000
]
[
m_Traits
1
4F7B2D2FC7265684
{
}
]
[
m_nTeamId
0
]
[
m_nUserId
0
]
[
m_DetectionFlags
4294967295
]
[
m_nDamage
0
]
[
m_nGroup
0
]
}
]
[
m_Children
0
]
[
m_Position
9A99193F8FC2F5BEAE4741C0
]
[
m_Frame
0000803F0000000000000000000000000000803F0000000000000000000000000000803F
]
[
m_fFrameScale
1.000000
]
[
m_NounContext
gadgets\\drive - ie.PRT
]
[
m_nDamage
0
]
[
m_bMountFore
0
]
[
m_bMountRight
0
]
[
m_bMountLeft
0
]
[
m_bMountAft
1
]
}
B2B7329B7F92DA85
6059A2169D74B44D
{
[
m_NodeKey
D8EFA1169D74B44D
]
[
m_Class
94AE4317687AE909
]
[
m_Name
IE Drive
]
[
m_pTemplate
94AE4317687AE909
087C0249742B5054
{
[
m_Name

]
[
m_nNodeFlags
0
]
[
m_Children
0
]
[
m_Position
000000000000000000000000
]
[
m_Frame
0000803F0000000000000000000000000000803F0000000000000000000000000000803F
]
[
m_vOrientation
0
0
0
]
[
m_Flags
65537
]
[
m_Tick
0
]
[
m_NounContext
0000000000000000
]
[
m_Traits
1
4F7B2D2FC7265684
{
}
]
[
m_nTeamId
0
]
[
m_nUserId
0
]
[
m_DetectionFlags
4294967295
]
[
m_nDamage
0
]
[
m_nGroup
0
]
}
]
[
m_Children
0
]
[
m_Position
82A98DBD0E8D7C3D19B882C0
]
[
m_Frame
0000803F0000000000000000000000000000803F0000000000000000000000000000803F
]
[
m_fFrameScale
1.000000
]
[
m_NounContext
gadgets\\drive - ie.PRT
]
[
m_nDamage
0
]
[
m_bMountFore
0
]
[
m_bMountRight
0
]
[
m_bMountLeft
0
]
[
m_bMountAft
1
]
}
B2B7329B7F92DA85
4ADA20F39F74B44D
{
[
m_NodeKey
3A6A20F39F74B44D
]
[
m_Class
B327164F37779600
]
[
m_Name
Auxillary Fusion Reactor
]
[
m_pTemplate
B327164F37779600
7894927571FBA451
{
[
m_Name

]
[
m_nNodeFlags
0
]
[
m_Children
0
]
[
m_Position
000000000000000000000000
]
[
m_Frame
0000803F0000000000000000000000000000803F0000000000000000000000000000803F
]
[
m_vOrientation
0
0
0
]
[
m_Flags
65537
]
[
m_Tick
0
]
[
m_NounContext
0000000000000000
]
[
m_Traits
1
4F7B2D2FC7265684
{
}
]
[
m_nTeamId
0
]
[
m_nUserId
0
]
[
m_DetectionFlags
4294967295
]
[
m_nDamage
0
]
[
m_nGroup
0
]
}
]
[
m_Children
0
]
[
m_Position
2A800DBFCDCCCCBD3A7A5E3E
]
[
m_Frame
0000803F0000000000000000000000000000803F0000000000000000000000000000803F
]
[
m_fFrameScale
1.000000
]
[
m_NounContext
gadgets\\reactor icc.prt
]
[
m_nDamage
0
]
[
m_bMountFore
0
]
[
m_bMountRight
0
]
[
m_bMountLeft
1
]
[
m_bMountAft
0
]
}
B2B7329B7F92DA85
1449D9B79874B44D
{
[
m_NodeKey
52D5D8B79874B44D
]
[
m_Class
B327164F37779600
]
[
m_Name
Auxillary Fusion Reactor
]
[
m_pTemplate
B327164F37779600
59BBAE7571FBA451
{
[
m_Name

]
[
m_nNodeFlags
0
]
[
m_Children
0
]
[
m_Position
000000000000000000000000
]
[
m_Frame
0000803F0000000000000000000000000000803F0000000000000000000000000000803F
]
[
m_vOrientation
0
0
0
]
[
m_Flags
65537
]
[
m_Tick
0
]
[
m_NounContext
0000000000000000
]
[
m_Traits
1
4F7B2D2FC7265684
{
}
]
[
m_nTeamId
0
]
[
m_nUserId
0
]
[
m_DetectionFlags
4294967295
]
[
m_nDamage
0
]
[
m_nGroup
0
]
}
]
[
m_Children
0
]
[
m_Position
0000003FCDCCCCBDCDCC4C3E
]
[
m_Frame
0000803F0000000000000000000000000000803F0000000000000000000000000000803F
]
[
m_fFrameScale
1.000000
]
[
m_NounContext
gadgets\\reactor icc.prt
]
[
m_nDamage
0
]
[
m_bMountFore
0
]
[
m_bMountRight
1
]
[
m_bMountLeft
0
]
[
m_bMountAft
0
]
}
B2B7329B7F92DA85
DA8E76FF9474B44D
{
[
m_NodeKey
901F76FF9474B44D
]
[
m_Class
CC14DD70A329817B
]
[
m_Name
Reactive Shields F
]
[
m_pTemplate
CC14DD70A329817B
1A66A123FAB08552
{
[
m_Name

]
[
m_nNodeFlags
0
]
[
m_Children
0
]
[
m_Position
000000000000000000000000
]
[
m_Frame
0000803F0000000000000000000000000000803F0000000000000000000000000000803F
]
[
m_vOrientation
0
0
0
]
[
m_Flags
65537
]
[
m_Tick
0
]
[
m_NounContext
0000000000000000
]
[
m_Traits
1
4F7B2D2FC7265684
{
}
]
[
m_nTeamId
0
]
[
m_nUserId
0
]
[
m_DetectionFlags
4294967295
]
[
m_nDamage
0
]
[
m_nGroup
0
]
[
m_Charge
0
]
}
]
[
m_Children
0
]
[
m_Position
9A9919BE0000003F00008040
]
[
m_Frame
0000803F0000000000000000000000000000803F0000000000000000000000000000803F
]
[
m_fFrameScale
1.000000
]
[
m_NounContext
gadgets\\reactive shields.prt
]
[
m_nDamage
0
]
[
m_bMountFore
1
]
[
m_bMountRight
0
]
[
m_bMountLeft
0
]
[
m_bMountAft
0
]
}
B2B7329B7F92DA85
0CC0AF299674B44D
{
[
m_NodeKey
8A54AF299674B44D
]
[
m_Class
CC14DD70A329817B
]
[
m_Name
Reactive Shields F
]
[
m_pTemplate
CC14DD70A329817B
F5EEFB2BDCB08552
{
[
m_Name

]
[
m_nNodeFlags
0
]
[
m_Children
0
]
[
m_Position
000000000000000000000000
]
[
m_Frame
0000803F0000000000000000000000000000803F0000000000000000000000000000803F
]
[
m_vOrientation
0
0
0
]
[
m_Flags
65537
]
[
m_Tick
0
]
[
m_NounContext
0000000000000000
]
[
m_Traits
1
4F7B2D2FC7265684
{
}
]
[
m_nTeamId
0
]
[
m_nUserId
0
]
[
m_DetectionFlags
4294967295
]
[
m_nDamage
0
]
[
m_nGroup
0
]
[
m_Charge
0
]
}
]
[
m_Children
0
]
[
m_Position
9A9919BE0000003F00008040
]
[
m_Frame
0000803F0000000000000000000000000000803F0000000000000000000000000000803F
]
[
m_fFrameScale
1.000000
]
[
m_NounContext
gadgets\\reactive shields.prt
]
[
m_nDamage
0
]
[
m_bMountFore
1
]
[
m_bMountRight
0
]
[
m_bMountLeft
0
]
[
m_bMountAft
0
]
}
B2B7329B7F92DA85
D67B4A2F9774B44D
{
[
m_NodeKey
10AA492F9774B44D
]
[
m_Class
CC14DD70A329817B
]
[
m_Name
Reactive Shields P
]
[
m_pTemplate
CC14DD70A329817B
737F588B3CB18552
{
[
m_Name

]
[
m_nNodeFlags
0
]
[
m_Children
0
]
[
m_Position
000000000000000000000000
]
[
m_Frame
0000803F0000000000000000000000000000803F0000000000000000000000000000803F
]
[
m_vOrientation
0
0
0
]
[
m_Flags
65537
]
[
m_Tick
0
]
[
m_NounContext
0000000000000000
]
[
m_Traits
1
4F7B2D2FC7265684
{
}
]
[
m_nTeamId
0
]
[
m_nUserId
0
]
[
m_DetectionFlags
4294967295
]
[
m_nDamage
0
]
[
m_nGroup
0
]
[
m_Charge
0
]
}
]
[
m_Children
0
]
[
m_Position
666626C0333333BF000000C0
]
[
m_Frame
0000803F0000000000000000000000000000803F0000000000000000000000000000803F
]
[
m_fFrameScale
1.000000
]
[
m_NounContext
gadgets\\reactive shields.prt
]
[
m_nDamage
0
]
[
m_bMountFore
0
]
[
m_bMountRight
0
]
[
m_bMountLeft
1
]
[
m_bMountAft
0
]
}
B2B7329B7F92DA85
8A9E0F0A9374B44D
{
[
m_NodeKey
32300F0A9374B44D
]
[
m_Class
CC14DD70A329817B
]
[
m_Name
Reactive Shields P
]
[
m_pTemplate
CC14DD70A329817B
4FBF007671FBA451
{
[
m_Name

]
[
m_nNodeFlags
0
]
[
m_Children
0
]
[
m_Position
000000000000000000000000
]
[
m_Frame
0000803F0000000000000000000000000000803F0000000000000000000000000000803F
]
[
m_vOrientation
0
0
0
]
[
m_Flags
65537
]
[
m_Tick
0
]
[
m_NounContext
0000000000000000
]
[
m_Traits
1
4F7B2D2FC7265684
{
}
]
[
m_nTeamId
0
]
[
m_nUserId
0
]
[
m_DetectionFlags
4294967295
]
[
m_nDamage
0
]
[
m_nGroup
0
]
[
m_Charge
0
]
}
]
[
m_Children
0
]
[
m_Position
666626C0333333BF000000C0
]
[
m_Frame
0000803F0000000000000000000000000000803F0000000000000000000000000000803F
]
[
m_fFrameScale
1.000000
]
[
m_NounContext
gadgets\\reactive shields.prt
]
[
m_nDamage
0
]
[
m_bMountFore
0
]
[
m_bMountRight
0
]
[
m_bMountLeft
1
]
[
m_bMountAft
0
]
}
B2B7329B7F92DA85
7E0CA8B59374B44D
{
[
m_NodeKey
CE9DA7B59374B44D
]
[
m_Class
CC14DD70A329817B
]
[
m_Name
Reactive Shields S
]
[
m_pTemplate
CC14DD70A329817B
BD411F7671FBA451
{
[
m_Name

]
[
m_nNodeFlags
0
]
[
m_Children
0
]
[
m_Position
000000000000000000000000
]
[
m_Frame
0000803F0000000000000000000000000000803F0000000000000000000000000000803F
]
[
m_vOrientation
0
0
0
]
[
m_Flags
65537
]
[
m_Tick
0
]
[
m_NounContext
0000000000000000
]
[
m_Traits
1
4F7B2D2FC7265684
{
}
]
[
m_nTeamId
0
]
[
m_nUserId
0
]
[
m_DetectionFlags
4294967295
]
[
m_nDamage
0
]
[
m_nGroup
0
]
[
m_Charge
0
]
}
]
[
m_Children
0
]
[
m_Position
9A991940333333BF000000C0
]
[
m_Frame
0000803F0000000000000000000000000000803F0000000000000000000000000000803F
]
[
m_fFrameScale
1.000000
]
[
m_NounContext
gadgets\\reactive shields.prt
]
[
m_nDamage
0
]
[
m_bMountFore
0
]
[
m_bMountRight
1
]
[
m_bMountLeft
0
]
[
m_bMountAft
0
]
}
B2B7329B7F92DA85
3CF75462EC74B44D
{
[
m_NodeKey
F47F5462EC74B44D
]
[
m_Class
CC14DD70A329817B
]
[
m_Name
Reactive Shields S
]
[
m_pTemplate
CC14DD70A329817B
0AC7317671FBA451
{
[
m_Name

]
[
m_nNodeFlags
0
]
[
m_Children
0
]
[
m_Position
000000000000000000000000
]
[
m_Frame
0000803F0000000000000000000000000000803F0000000000000000000000000000803F
]
[
m_vOrientation
0
0
0
]
[
m_Flags
65537
]
[
m_Tick
0
]
[
m_NounContext
0000000000000000
]
[
m_Traits
1
4F7B2D2FC7265684
{
}
]
[
m_nTeamId
0
]
[
m_nUserId
0
]
[
m_DetectionFlags
4294967295
]
[
m_nDamage
0
]
[
m_nGroup
0
]
[
m_Charge
0
]
}
]
[
m_Children
0
]
[
m_Position
9A991940333333BF000000C0
]
[
m_Frame
0000803F0000000000000000000000000000803F0000000000000000000000000000803F
]
[
m_fFrameScale
1.000000
]
[
m_NounContext
gadgets\\reactive shields.prt
]
[
m_nDamage
0
]
[
m_bMountFore
0
]
[
m_bMountRight
1
]
[
m_bMountLeft
0
]
[
m_bMountAft
0
]
}
B2B7329B7F92DA85
F6B45917ED74B44D
{
[
m_NodeKey
98485917ED74B44D
]
[
m_Class
CC14DD70A329817B
]
[
m_Name
Reactive Shields A
]
[
m_pTemplate
CC14DD70A329817B
F9E5427671FBA451
{
[
m_Name

]
[
m_nNodeFlags
0
]
[
m_Children
0
]
[
m_Position
000000000000000000000000
]
[
m_Frame
0000803F0000000000000000000000000000803F0000000000000000000000000000803F
]
[
m_vOrientation
0
0
0
]
[
m_Flags
65537
]
[
m_Tick
0
]
[
m_NounContext
0000000000000000
]
[
m_Traits
1
4F7B2D2FC7265684
{
}
]
[
m_nTeamId
0
]
[
m_nUserId
0
]
[
m_DetectionFlags
4294967295
]
[
m_nDamage
0
]
[
m_nGroup
0
]
[
m_Charge
0
]
}
]
[
m_Children
0
]
[
m_Position
295C8FBD0000C03F000000C0
]
[
m_Frame
0000803F0000000000000000000000000000803F0000000000000000000000000000803F
]
[
m_fFrameScale
1.000000
]
[
m_NounContext
gadgets\\reactive shields.prt
]
[
m_nDamage
0
]
[
m_bMountFore
0
]
[
m_bMountRight
0
]
[
m_bMountLeft
0
]
[
m_bMountAft
1
]
}
B2B7329B7F92DA85
DEFC0243EF74B44D
{
[
m_NodeKey
5C910243EF74B44D
]
[
m_Class
30EBB01246C531DA
]
[
m_Name
F-29
]
[
m_pTemplate
30EBB01246C531DA
34A0DE4647B08552
{
[
m_Name

]
[
m_nNodeFlags
0
]
[
m_Children
0
]
[
m_Position
000000000000000000000000
]
[
m_Frame
0000803F0000000000000000000000000000803F0000000000000000000000000000803F
]
[
m_vOrientation
0
0
0
]
[
m_Flags
65536
]
[
m_Tick
0
]
[
m_NounContext
0000000000000000
]
[
m_Traits
1
4F7B2D2FC7265684
{
}
]
[
m_nTeamId
0
]
[
m_nUserId
0
]
[
m_DetectionFlags
4294967295
]
[
m_nDamage
0
]
[
m_nGroup
0
]
[
m_Energy
0
]
[
m_Ammo
0
]
}
]
[
m_Children
0
]
[
m_Position
9A99193E14AE07BF66660640
]
[
m_Frame
0000803F00000000000000800000000023DE693FB03FD03E00000000B03FD0BE23DE693F
]
[
m_fFrameScale
1.000000
]
[
m_NounContext
gadgets\\fighter bay assault- icc.prt
]
[
m_nDamage
0
]
[
m_bMountFore
1
]
[
m_bMountRight
1
]
[
m_bMountLeft
1
]
[
m_bMountAft
1
]
}
B2B7329B7F92DA85
62BE13F8EF74B44D
{
[
m_NodeKey
143313F8EF74B44D
]
[
m_Class
30EBB01246C531DA
]
[
m_Name
F-29
]
[
m_pTemplate
30EBB01246C531DA
6E299C5657B08552
{
[
m_Name

]
[
m_nNodeFlags
0
]
[
m_Children
0
]
[
m_Position
000000000000000000000000
]
[
m_Frame
0000803F0000000000000000000000000000803F0000000000000000000000000000803F
]
[
m_vOrientation
0
0
0
]
[
m_Flags
65536
]
[
m_Tick
0
]
[
m_NounContext
0000000000000000
]
[
m_Traits
1
4F7B2D2FC7265684
{
}
]
[
m_nTeamId
0
]
[
m_nUserId
0
]
[
m_DetectionFlags
4294967295
]
[
m_nDamage
0
]
[
m_nGroup
0
]
[
m_Energy
0
]
[
m_Ammo
0
]
}
]
[
m_Children
0
]
[
m_Position
9A9999BE14AE07BF66660640
]
[
m_Frame
0000803F00000000000000800000000023DE693FB03FD03E00000000B03FD0BE23DE693F
]
[
m_fFrameScale
1.000000
]
[
m_NounContext
gadgets\\fighter bay assault- icc.prt
]
[
m_nDamage
0
]
[
m_bMountFore
1
]
[
m_bMountRight
1
]
[
m_bMountLeft
1
]
[
m_bMountAft
1
]
}
B2B7329B7F92DA85
A6EC5C70E874B44D
{
[
m_NodeKey
D27E5C70E874B44D
]
[
m_Class
30EBB01246C531DA
]
[
m_Name
F-29
]
[
m_pTemplate
30EBB01246C531DA
A988488AB6B08552
{
[
m_Name

]
[
m_nNodeFlags
0
]
[
m_Children
0
]
[
m_Position
000000000000000000000000
]
[
m_Frame
0000803F0000000000000000000000000000803F0000000000000000000000000000803F
]
[
m_vOrientation
0
0
0
]
[
m_Flags
65536
]
[
m_Tick
0
]
[
m_NounContext
0000000000000000
]
[
m_Traits
1
4F7B2D2FC7265684
{
}
]
[
m_nTeamId
0
]
[
m_nUserId
0
]
[
m_DetectionFlags
4294967295
]
[
m_nDamage
0
]
[
m_nGroup
0
]
[
m_Energy
0
]
[
m_Ammo
0
]
}
]
[
m_Children
0
]
[
m_Position
9A99193E14AE47BF66660640
]
[
m_Frame
0000803F00000000000000800000000023DE693FB03FD03E00000000B03FD0BE23DE693F
]
[
m_fFrameScale
1.000000
]
[
m_NounContext
gadgets\\fighter bay assault- icc.prt
]
[
m_nDamage
0
]
[
m_bMountFore
1
]
[
m_bMountRight
1
]
[
m_bMountLeft
1
]
[
m_bMountAft
1
]
}
B2B7329B7F92DA85
AE68CBEAE874B44D
{
[
m_NodeKey
1CFBCAEAE874B44D
]
[
m_Class
30EBB01246C531DA
]
[
m_Name
F-29
]
[
m_pTemplate
30EBB01246C531DA
17A2335B8AB08552
{
[
m_Name

]
[
m_nNodeFlags
0
]
[
m_Children
0
]
[
m_Position
000000000000000000000000
]
[
m_Frame
0000803F0000000000000000000000000000803F0000000000000000000000000000803F
]
[
m_vOrientation
0
0
0
]
[
m_Flags
65536
]
[
m_Tick
0
]
[
m_NounContext
0000000000000000
]
[
m_Traits
1
4F7B2D2FC7265684
{
}
]
[
m_nTeamId
0
]
[
m_nUserId
0
]
[
m_DetectionFlags
4294967295
]
[
m_nDamage
0
]
[
m_nGroup
0
]
[
m_Energy
0
]
[
m_Ammo
0
]
}
]
[
m_Children
0
]
[
m_Position
9A9999BE14AE47BF66660640
]
[
m_Frame
0000803F00000000000000800000000023DE693FB03FD03E00000000B03FD0BE23DE693F
]
[
m_fFrameScale
1.000000
]
[
m_NounContext
gadgets\\fighter bay assault- icc.prt
]
[
m_nDamage
0
]
[
m_bMountFore
1
]
[
m_bMountRight
1
]
[
m_bMountLeft
1
]
[
m_bMountAft
1
]
}
B2B7329B7F92DA85
3871334CE474B44D
{
[
m_NodeKey
A806334CE474B44D
]
[
m_Class
1373B36827E9E15D
]
[
m_Name
PD Beam Full
]
[
m_pTemplate
1373B36827E9E15D
06D564C258FBA451
{
[
m_Name

]
[
m_nNodeFlags
0
]
[
m_Children
0
]
[
m_Position
000000000000000000000000
]
[
m_Frame
0000803F0000000000000000000000000000803F0000000000000000000000000000803F
]
[
m_vOrientation
0
0
0
]
[
m_Flags
65536
]
[
m_Tick
0
]
[
m_NounContext
0000000000000000
]
[
m_Traits
1
4F7B2D2FC7265684
{
}
]
[
m_nTeamId
0
]
[
m_nUserId
0
]
[
m_DetectionFlags
4294967295
]
[
m_nDamage
0
]
[
m_nGroup
0
]
[
m_Energy
0
]
[
m_Duration
-1
]
[
m_PointDefense
0
]
[
m_Target
0
0000000000000000
]
}
]
[
m_Children
0
]
[
m_Position
295C8FBD0AD7E33FA4709DC0
]
[
m_Frame
0000803F0000000000000000000000000000803F0000000000000000000000000000803F
]
[
m_fFrameScale
1.000000
]
[
m_NounContext
gadgets\\pulse beam.prt
]
[
m_nDamage
0
]
[
m_bMountFore
1
]
[
m_bMountRight
1
]
[
m_bMountLeft
1
]
[
m_bMountAft
1
]
}
B2B7329B7F92DA85
4CCEFD69E574B44D
{
[
m_NodeKey
9E62FD69E574B44D
]
[
m_Class
1373B36827E9E15D
]
[
m_Name
PD Beam Full
]
[
m_pTemplate
1373B36827E9E15D
96D1410354FBA451
{
[
m_Name

]
[
m_nNodeFlags
0
]
[
m_Children
0
]
[
m_Position
000000000000000000000000
]
[
m_Frame
0000803F0000000000000000000000000000803F0000000000000000000000000000803F
]
[
m_vOrientation
0
0
0
]
[
m_Flags
65536
]
[
m_Tick
0
]
[
m_NounContext
0000000000000000
]
[
m_Traits
1
4F7B2D2FC7265684
{
}
]
[
m_nTeamId
0
]
[
m_nUserId
0
]
[
m_DetectionFlags
4294967295
]
[
m_nDamage
0
]
[
m_nGroup
0
]
[
m_Energy
0
]
[
m_Duration
-1
]
[
m_PointDefense
0
]
[
m_Target
0
0000000000000000
]
}
]
[
m_Children
0
]
[
m_Position
295C8FBD8067E7BF344F9DC0
]
[
m_Frame
0000803F0000000000000000000000000000803F0000000000000000000000000000803F
]
[
m_fFrameScale
1.000000
]
[
m_NounContext
gadgets\\pulse beam.prt
]
[
m_nDamage
0
]
[
m_bMountFore
1
]
[
m_bMountRight
1
]
[
m_bMountLeft
1
]
[
m_bMountAft
1
]
}
B2B7329B7F92DA85
9C2D0D92E674B44D
{
[
m_NodeKey
E8A20C92E674B44D
]
[
m_Class
1373B36827E9E15D
]
[
m_Name
PD Beam FPS
]
[
m_pTemplate
1373B36827E9E15D
C1D4536728FBA451
{
[
m_Name

]
[
m_nNodeFlags
0
]
[
m_Children
0
]
[
m_Position
000000000000000000000000
]
[
m_Frame
0000803F0000000000000000000000000000803F0000000000000000000000000000803F
]
[
m_vOrientation
0
0
0
]
[
m_Flags
65536
]
[
m_Tick
0
]
[
m_NounContext
0000000000000000
]
[
m_Traits
1
4F7B2D2FC7265684
{
}
]
[
m_nTeamId
0
]
[
m_nUserId
0
]
[
m_DetectionFlags
4294967295
]
[
m_nDamage
0
]
[
m_nGroup
0
]
[
m_Energy
0
]
[
m_Duration
-1
]
[
m_PointDefense
0
]
[
m_Target
0
0000000000000000
]
}
]
[
m_Children
0
]
[
m_Position
CDCC4CBDD7A3703F33335340
]
[
m_Frame
0000803F0000000000000000000000000000803F0000000000000000000000000000803F
]
[
m_fFrameScale
1.000000
]
[
m_NounContext
gadgets\\pulse beam.prt
]
[
m_nDamage
0
]
[
m_bMountFore
1
]
[
m_bMountRight
1
]
[
m_bMountLeft
1
]
[
m_bMountAft
0
]
}
B2B7329B7F92DA85
0CFC4E9EC774B44D
{
[
m_NodeKey
48904E9EC774B44D
]
[
m_Class
BC365505BDC53E33
]
[
m_Name
Narrowband ECM
]
[
m_pTemplate
BC365505BDC53E33
97829C1A6C2AC951
{
[
m_Name

]
[
m_nNodeFlags
0
]
[
m_Children
0
]
[
m_Position
000000000000000000000000
]
[
m_Frame
0000803F0000000000000000000000000000803F0000000000000000000000000000803F
]
[
m_vOrientation
0
0
0
]
[
m_Flags
65536
]
[
m_Tick
0
]
[
m_NounContext
0000000000000000
]
[
m_Traits
1
4F7B2D2FC7265684
{
}
]
[
m_nTeamId
0
]
[
m_nUserId
0
]
[
m_DetectionFlags
4294967295
]
[
m_nDamage
0
]
[
m_nGroup
0
]
[
m_Target
0000000000000000
]
}
]
[
m_Children
0
]
[
m_Position
295C8FBD3D0AD73F0000803E
]
[
m_Frame
0000803F0000000000000000000000000000803F0000000000000000000000000000803F
]
[
m_fFrameScale
1.000000
]
[
m_NounContext
gadgets\\narrowband ecm.prt
]
[
m_nDamage
0
]
[
m_bMountFore
1
]
[
m_bMountRight
0
]
[
m_bMountLeft
0
]
[
m_bMountAft
0
]
}
B2B7329B7F92DA85
380DE26CDC74B44D
{
[
m_NodeKey
D29FE16CDC74B44D
]
[
m_Class
CC14DD70A329817B
]
[
m_Name
Reactive Shields A
]
[
m_pTemplate
CC14DD70A329817B
2EC1BA8A13B18552
{
[
m_Name

]
[
m_nNodeFlags
0
]
[
m_Children
0
]
[
m_Position
000000000000000000000000
]
[
m_Frame
0000803F0000000000000000000000000000803F0000000000000000000000000000803F
]
[
m_vOrientation
0
0
0
]
[
m_Flags
65537
]
[
m_Tick
0
]
[
m_NounContext
0000000000000000
]
[
m_Traits
1
4F7B2D2FC7265684
{
}
]
[
m_nTeamId
0
]
[
m_nUserId
0
]
[
m_DetectionFlags
4294967295
]
[
m_nDamage
0
]
[
m_nGroup
0
]
[
m_Charge
0
]
}
]
[
m_Children
0
]
[
m_Position
295C8FBD0000C03F000000C0
]
[
m_Frame
0000803F0000000000000000000000000000803F0000000000000000000000000000803F
]
[
m_fFrameScale
1.000000
]
[
m_NounContext
gadgets\\reactive shields.prt
]
[
m_nDamage
0
]
[
m_bMountFore
0
]
[
m_bMountRight
0
]
[
m_bMountLeft
0
]
[
m_bMountAft
1
]
}
B2B7329B7F92DA85
9EF8BAB38EFCA451
{
[
m_NodeKey
6E07BBB38EFCA451
]
[
m_Class
BC69EE7D970BCC7A
]
[
m_Name
Pulse Shield
]
[
m_pTemplate
BC69EE7D970BCC7A
7E514E5488FCA451
{
[
m_Name

]
[
m_nNodeFlags
0
]
[
m_Children
0
]
[
m_Position
000000000000000000000000
]
[
m_Frame
0000803F0000000000000000000000000000803F0000000000000000000000000000803F
]
[
m_vOrientation
0
0
0
]
[
m_Flags
65536
]
[
m_Tick
0
]
[
m_NounContext
0000000000000000
]
[
m_Traits
1
4F7B2D2FC7265684
{
}
]
[
m_nTeamId
0
]
[
m_nUserId
0
]
[
m_DetectionFlags
4294967295
]
[
m_nDamage
0
]
[
m_nGroup
0
]
[
m_Energy
0
]
}
]
[
m_Children
0
]
[
m_Position
295C8FBD0000C03F000000C0
]
[
m_Frame
0000803F0000000000000000000000000000803F0000000000000000000000000000803F
]
[
m_fFrameScale
1.000000
]
[
m_NounContext
gadgets\\pulse shield.prt
]
[
m_nDamage
0
]
[
m_bMountFore
1
]
[
m_bMountRight
0
]
[
m_bMountLeft
0
]
[
m_bMountAft
0
]
}
B2B7329B7F92DA85
A644079970B18552
{
[
m_NodeKey
DC67079970B18552
]
[
m_Class
3CE5D56D701CC3DF
]
[
m_Name
Composite Armor Full
]
[
m_pTemplate
3CE5D56D701CC3DF
EE33089970B18552
{
[
m_Name

]
[
m_nNodeFlags
0
]
[
m_Children
0
]
[
m_Position
000000000000000000000000
]
[
m_Frame
0000803F0000000000000000000000000000803F0000000000000000000000000000803F
]
[
m_vOrientation
0
0
0
]
[
m_Flags
65536
]
[
m_Tick
0
]
[
m_NounContext
0000000000000000
]
[
m_Traits
1
4F7B2D2FC7265684
{
}
]
[
m_nTeamId
0
]
[
m_nUserId
0
]
[
m_DetectionFlags
4294967295
]
[
m_nDamage
0
]
[
m_nGroup
0
]
[
m_Armor
0
]
}
]
[
m_Children
0
]
[
m_Position
295C8FBD000000009A99193F
]
[
m_Frame
0000803F0000000000000000000000000000803F0000000000000000000000000000803F
]
[
m_fFrameScale
1.000000
]
[
m_NounContext
gadgets\\armorcomposite.prt
]
[
m_nDamage
0
]
[
m_bMountFore
1
]
[
m_bMountRight
1
]
[
m_bMountLeft
1
]
[
m_bMountAft
1
]
}
B2B7329B7F92DA85
AEE2E1714EB18552
{
[
m_NodeKey
1B03E2714EB18552
]
[
m_Class
3CE5D56D701CC3DF
]
[
m_Name
Composite Armor Full
]
[
m_pTemplate
3CE5D56D701CC3DF
8AD2E2714EB18552
{
[
m_Name

]
[
m_nNodeFlags
0
]
[
m_Children
0
]
[
m_Position
000000000000000000000000
]
[
m_Frame
0000803F0000000000000000000000000000803F0000000000000000000000000000803F
]
[
m_vOrientation
0
0
0
]
[
m_Flags
65536
]
[
m_Tick
0
]
[
m_NounContext
0000000000000000
]
[
m_Traits
1
4F7B2D2FC7265684
{
}
]
[
m_nTeamId
0
]
[
m_nUserId
0
]
[
m_DetectionFlags
4294967295
]
[
m_nDamage
0
]
[
m_nGroup
0
]
[
m_Armor
0
]
}
]
[
m_Children
0
]
[
m_Position
295C8FBD000000009A99193F
]
[
m_Frame
0000803F0000000000000000000000000000803F0000000000000000000000000000803F
]
[
m_fFrameScale
1.000000
]
[
m_NounContext
gadgets\\armorcomposite.prt
]
[
m_nDamage
0
]
[
m_bMountFore
1
]
[
m_bMountRight
1
]
[
m_bMountLeft
1
]
[
m_bMountAft
1
]
}
]
[
m_Position
000000000000000000000000
]
[
m_Frame
0000803F0000000000000000000000000000803F0000000000000000000000000000803F
]
[
m_fFrameScale
1.000000
]
[
m_NounContext
ships\\icc\\cruiser\\m248c\\nc_m248c.prt
]
[
m_nFleetId
-1
]
[
m_Orbiting

]
[
m_OrbitVelocity
0.000000
]
}
]
[
m_Position
000000000000000000000000
]
[
m_Frame
0000803F0000000000000000000000000000803F0000000000000000000000000000803F
]
[
m_fFrameScale
1.000000
]
}
]
[
m_Fps
15.000000
]
[
m_Segments
0
]
[
m_TargetPosition
8613D43E884207BFC0D04CBE
]
[
m_TargetDistance
30.365576
]
[
m_TargetFrame
E425653FA69BCCBEBC6D4ABE5C10D73E34741B3FA0A52C3F930D19BE98CB2FBFE71E363F
]
}
