PRT
D037916DD75AE7ED
74E4F6F7E746F09F
{
[
m_Name
Weapon Disruptor
]
[
m_Description
Electronic warfare device. Reduce the range of enemy weapons
]
[
m_Class
0953AD50856E2912
]
[
m_Type
2EF76A95C9441438
]
[
m_Scene
gadgets\\weapon disruptor\\s_model.prt
]
[
m_Mass
1.000000
]
[
m_bHullOverride
0
]
[
m_Hull
6938A1BD010915BDA42FE2BD6938A13D0209153DA42FE23D
]
[
m_Flags
0
]
[
m_Data
6
8EC3E5980911121D
07C18FFEFFFFFFFF
{
[
m_sID
ICON
]
[
m_sPort
gadgets\\weapon disruptor\\icon.prt
]
}
8EC3E5980911121D
08C18FFEFFFFFFFF
{
[
m_sID
USE
]
[
m_sPort
gadgets\\weapon disruptor\\use.prt
]
}
8EC3E5980911121D
09C18FFEFFFFFFFF
{
[
m_sID
PROJECTILE
]
[
m_sPort

]
}
8EC3E5980911121D
0AC18FFEFFFFFFFF
{
[
m_sID
TRACER
]
[
m_sPort

]
}
8EC3E5980911121D
0BC18FFEFFFFFFFF
{
[
m_sID
HIT
]
[
m_sPort

]
}
8EC3E5980911121D
0CC18FFEFFFFFFFF
{
[
m_sID
UPGRADES
]
[
m_sPort

]
}
]
[
m_Resources
0
]
[
m_Drops
0
]
}
