PRT
BBE32C0F2208BFD2
C82DB8E33AB4565A
{
[
m_Root
E98E268F2008D746
41935FA9FFFFFFFF
{
[
m_NodeKey
8AAF65F046CF7946
]
[
m_Class
231158F1834B35BB
]
[
m_Name
Node
]
[
m_pTemplate
231158F1834B35BB
42935FA9FFFFFFFF
{
[
m_Name

]
[
m_nNodeFlags
0
]
[
m_Children
0
]
[
m_Position
000000000000000000000000
]
[
m_Frame
0000803F0000000000000000000000000000803F0000000000000000000000000000803F
]
}
]
[
m_Children
1
F40F11A9E5528EFD
C2F6A2FB8600DC41
{
[
m_NodeKey
926268F046CF7946
]
[
m_Class
C34AD77CBDD85FAC
]
[
m_Name
Node
]
[
m_pTemplate
C34AD77CBDD85FAC
753F2726AA528151
{
[
m_Name

]
[
m_nNodeFlags
0
]
[
m_Children
0
]
[
m_Bits
0
]
[
m_Type
00000000
]
[
m_MinDistance
0.000000
]
[
m_MaxDistance
32768.000000
]
[
m_fFadePercent
0.100000
]
[
m_MinDetailLevel
00000000
]
[
m_MaxDetailLevel
02000000
]
[
m_bZeroTime
0
]
}
]
[
m_Children
3
1633BE1F4D8C0670
9269A7FB8600DC41
{
[
m_NodeKey
BDEB6DF046CF7946
]
[
m_Class
A961198F3000D746
]
[
m_Name
Node
]
[
m_pTemplate
A961198F3000D746
8591DC26AA528151
{
[
m_Name

]
[
m_nNodeFlags
0
]
[
m_Children
0
]
[
m_Position
000000000000000000000000
]
[
m_Frame
0000803F0000000000000000000000000000803F0000000000000000000000000000803F
]
[
m_Yaw
0.000000
]
[
m_Pitch
0.000000
]
[
m_Roll
0.000000
]
}
]
[
m_Children
3
C781E0EC7C13561A
8E66A9FB8600DC41
{
[
m_NodeKey
853476F046CF7946
]
[
m_Class
9C7E346439A5C1B5
]
[
m_Name
Node
]
[
m_pTemplate
9C7E346439A5C1B5
B9F5DD26AA528151
{
[
m_Name

]
[
m_nNodeFlags
0
]
[
m_Children
0
]
[
m_Position
000000000000000000000000
]
[
m_Frame
0000803F0000000000000000000000000000803F0000000000000000000000000000803F
]
[
m_Scale
1.000000
]
[
m_ScaleLock
0
]
[
m_ClampBack
0
]
[
m_EnableAlpha
0
]
[
m_Alpha
1.000000
]
[
m_AlphaV
0.000000
]
[
m_AlphaA
-0.000000
]
[
m_AxisLock
00000000
]
[
m_Material
0000000000000000
]
}
]
[
m_Children
0
]
[
m_Position
000000000000000000000000
]
[
m_Frame
0000803F0000000000000000000000000000803F0000000000000000000000000000803F
]
[
m_fFrameScale
1.000000
]
[
m_Scale
1.000000
]
[
m_ScaleLock
0
]
[
m_ClampBack
0
]
[
m_EnableAlpha
1
]
[
m_Alpha
1.000000
]
[
m_AlphaV
0.000000
]
[
m_AlphaA
0.000000
]
[
m_AxisLock
07000000
]
[
m_MaterialPort
effects\\materials\\neutronium torpedo.prt
]
}
C781E0EC7C13561A
F2FDAEFB8600DC41
{
[
m_NodeKey
43D07BF046CF7946
]
[
m_Class
9C7E346439A5C1B5
]
[
m_Name
Node
]
[
m_pTemplate
9C7E346439A5C1B5
A5901A28AA528151
{
[
m_Name

]
[
m_nNodeFlags
0
]
[
m_Children
0
]
[
m_Position
000000000000000000000000
]
[
m_Frame
0000803F0000000000000000000000000000803F0000000000000000000000000000803F
]
[
m_Scale
1.000000
]
[
m_ScaleLock
0
]
[
m_ClampBack
0
]
[
m_EnableAlpha
0
]
[
m_Alpha
288441785873825230000000000000.000000
]
[
m_AlphaV
1158685175381158700000000.000000
]
[
m_AlphaA
17464688824623399000000000000000.000000
]
[
m_AxisLock
00000000
]
[
m_Material
0000000000000000
]
}
]
[
m_Children
0
]
[
m_Position
000000000000000000000000
]
[
m_Frame
FFFFFF3100000000000080BF000000000000803F000000000000803F00000000FFFFFF31
]
[
m_fFrameScale
1.000000
]
[
m_Scale
1.000000
]
[
m_ScaleLock
0
]
[
m_ClampBack
0
]
[
m_EnableAlpha
1
]
[
m_Alpha
1.000000
]
[
m_AlphaV
0.000000
]
[
m_AlphaA
0.000000
]
[
m_AxisLock
07000000
]
[
m_MaterialPort
effects\\materials\\neutronium torpedo.prt
]
}
C781E0EC7C13561A
5A5EB4FB8600DC41
{
[
m_NodeKey
9A3F81F046CF7946
]
[
m_Class
9C7E346439A5C1B5
]
[
m_Name
Node
]
[
m_pTemplate
9C7E346439A5C1B5
F18A6228AA528151
{
[
m_Name

]
[
m_nNodeFlags
0
]
[
m_Children
0
]
[
m_Position
000000000000000000000000
]
[
m_Frame
0000803F0000000000000000000000000000803F0000000000000000000000000000803F
]
[
m_Scale
1.000000
]
[
m_ScaleLock
0
]
[
m_ClampBack
0
]
[
m_EnableAlpha
0
]
[
m_Alpha
0.000000
]
[
m_AlphaV
0.000000
]
[
m_AlphaA
0.000000
]
[
m_AxisLock
00000000
]
[
m_Material
0000000000000000
]
}
]
[
m_Children
0
]
[
m_Position
000000000000000000000000
]
[
m_Frame
FFFFFF3100000000000080BF0000803FF9FF4FB4FFFFFF31F9FF4FB4000080BF0100D0A6
]
[
m_fFrameScale
1.000000
]
[
m_Scale
1.000000
]
[
m_ScaleLock
0
]
[
m_ClampBack
0
]
[
m_EnableAlpha
1
]
[
m_Alpha
1.000000
]
[
m_AlphaV
0.000000
]
[
m_AlphaA
0.000000
]
[
m_AxisLock
07000000
]
[
m_MaterialPort
effects\\materials\\neutronium torpedo.prt
]
}
]
[
m_Position
000000000000000000000000
]
[
m_Frame
0000803F0000000000000000000000000000803F0000000000000000000000000000803F
]
[
m_fFrameScale
1.000000
]
[
m_Pitch
3.141593
]
[
m_Yaw
5.707960
]
[
m_Roll
2.813549
]
}
1633BE1F4D8C0670
D42B0DD6FC528151
{
[
m_NodeKey
1F580DD6FC528151
]
[
m_Class
A961198F3000D746
]
[
m_Name
Node
]
[
m_pTemplate
A961198F3000D746
D53F22D6FC528151
{
[
m_Name

]
[
m_nNodeFlags
0
]
[
m_Children
0
]
[
m_Position
000000000000000000000000
]
[
m_Frame
0000803F0000000000000000000000000000803F0000000000000000000000000000803F
]
[
m_Yaw
0.000000
]
[
m_Pitch
0.000000
]
[
m_Roll
0.000000
]
}
]
[
m_Children
2
1633BE1F4D8C0670
56E2AEE6AB079051
{
[
m_NodeKey
0110AFE6AB079051
]
[
m_Class
A961198F3000D746
]
[
m_Name
Node
]
[
m_pTemplate
A961198F3000D746
B1F0BAE6AB079051
{
[
m_Name

]
[
m_nNodeFlags
0
]
[
m_Children
0
]
[
m_Position
000000000000000000000000
]
[
m_Frame
0000803F0000000000000000000000000000803F0000000000000000000000000000803F
]
[
m_Yaw
0.000000
]
[
m_Pitch
0.000000
]
[
m_Roll
0.000000
]
}
]
[
m_Children
1
C781E0EC7C13561A
84CECB25BA079051
{
[
m_NodeKey
9DECCB25BA079051
]
[
m_Class
9C7E346439A5C1B5
]
[
m_Name
Node
]
[
m_pTemplate
9C7E346439A5C1B5
02A9CC25BA079051
{
[
m_Name

]
[
m_nNodeFlags
0
]
[
m_Children
0
]
[
m_Position
000000000000000000000000
]
[
m_Frame
0000803F0000000000000000000000000000803F0000000000000000000000000000803F
]
[
m_Scale
1.000000
]
[
m_ScaleLock
0
]
[
m_ClampBack
0
]
[
m_EnableAlpha
0
]
[
m_Alpha
0.000000
]
[
m_AlphaV
0.000000
]
[
m_AlphaA
0.000000
]
[
m_AxisLock
00000000
]
[
m_Material
0000000000000000
]
}
]
[
m_Children
0
]
[
m_Position
000000000000000000000000
]
[
m_Frame
0000803F0000000000000000000000000000803F0000000000000000000000000000803F
]
[
m_fFrameScale
1.000000
]
[
m_Scale
1.000000
]
[
m_ScaleLock
0
]
[
m_ClampBack
0
]
[
m_EnableAlpha
0
]
[
m_Alpha
1.000000
]
[
m_AlphaV
0.000000
]
[
m_AlphaA
0.000000
]
[
m_AxisLock
07000000
]
[
m_MaterialPort
effects\\materials\\neutronium ring material.prt
]
}
]
[
m_Position
000000000000000000000000
]
[
m_Frame
0000803F0000000000000000000000000000803F0000000000000000000000000000803F
]
[
m_fFrameScale
1.000000
]
[
m_Pitch
0.000000
]
[
m_Yaw
0.000000
]
[
m_Roll
2.000000
]
}
1633BE1F4D8C0670
A8CA197A82079051
{
[
m_NodeKey
27FA197A82079051
]
[
m_Class
A961198F3000D746
]
[
m_Name
Node
]
[
m_pTemplate
A961198F3000D746
054E297A82079051
{
[
m_Name

]
[
m_nNodeFlags
0
]
[
m_Children
0
]
[
m_Position
000000000000000000000000
]
[
m_Frame
0000803F0000000000000000000000000000803F0000000000000000000000000000803F
]
[
m_Yaw
0.000000
]
[
m_Pitch
0.000000
]
[
m_Roll
0.000000
]
}
]
[
m_Children
1
C781E0EC7C13561A
EC94F65698079051
{
[
m_NodeKey
BCBCF65698079051
]
[
m_Class
9C7E346439A5C1B5
]
[
m_Name
Node
]
[
m_pTemplate
9C7E346439A5C1B5
7152025798079051
{
[
m_Name

]
[
m_nNodeFlags
0
]
[
m_Children
0
]
[
m_Position
000000000000000000000000
]
[
m_Frame
0000803F0000000000000000000000000000803F0000000000000000000000000000803F
]
[
m_Scale
1.000000
]
[
m_ScaleLock
0
]
[
m_ClampBack
0
]
[
m_EnableAlpha
0
]
[
m_Alpha
1.000000
]
[
m_AlphaV
0.000000
]
[
m_AlphaA
-0.000000
]
[
m_AxisLock
00000000
]
[
m_Material
0000000000000000
]
}
]
[
m_Children
0
]
[
m_Position
000000000000000000000000
]
[
m_Frame
0000803F0000000000000000000000000000803F0000000000000000000000000000803F
]
[
m_fFrameScale
1.000000
]
[
m_Scale
1.000000
]
[
m_ScaleLock
0
]
[
m_ClampBack
0
]
[
m_EnableAlpha
0
]
[
m_Alpha
1.000000
]
[
m_AlphaV
0.000000
]
[
m_AlphaA
0.000000
]
[
m_AxisLock
07000000
]
[
m_MaterialPort
effects\\materials\\neutronium ring material.prt
]
}
]
[
m_Position
000000000000000000000000
]
[
m_Frame
0000803F0000000000000000000000000000803F0000000000000000000000000000803F
]
[
m_fFrameScale
1.000000
]
[
m_Pitch
0.000000
]
[
m_Yaw
0.000000
]
[
m_Roll
-2.000000
]
}
]
[
m_Position
000000000000000000000000
]
[
m_Frame
0000803F0000000000000000000000000000803F0000000000000000000000000000803F
]
[
m_fFrameScale
1.000000
]
[
m_Pitch
0.900000
]
[
m_Yaw
-0.700000
]
[
m_Roll
0.500000
]
}
A3EF38DE4BABBF9C
D75A0B3C17039051
{
[
m_NodeKey
5D8D0B3C17039051
]
[
m_Class
B13DD2E2A2CBB936
]
[
m_Name
NodeSound
]
[
m_pTemplate
B13DD2E2A2CBB936
DD5B233C17039051
{
[
m_Name

]
[
m_nNodeFlags
0
]
[
m_Children
0
]
[
m_Sound
0000000000000000
]
[
m_Falloff
0.020000
]
[
m_Loop
0
]
}
]
[
m_Children
0
]
[
m_SoundPort
sound\\neno\\gadgets\\projectile\\torpedo projectile.prt
]
[
m_Falloff
0.007000
]
[
m_Loop
1
]
}
]
[
m_Bits
0
]
[
m_Type
01000000
]
[
m_MinDistance
0.000000
]
[
m_MaxDistance
2000.000000
]
[
m_fFadePercent
0.100000
]
[
m_MinDetailLevel
00000000
]
[
m_MaxDetailLevel
02000000
]
[
m_bZeroTime
0
]
}
]
[
m_Position
000000000000000000000000
]
[
m_Frame
0000803F0000000000000000000000000000803F0000000000000000000000000000803F
]
[
m_fFrameScale
1.000000
]
}
]
[
m_Fps
15.000000
]
[
m_Segments
0
]
[
m_TargetPosition
CF7C4D3E5EA353BE18A20A3E
]
[
m_TargetDistance
4.389602
]
[
m_TargetFrame
E4B712BF5F272BBFB89EF2BE6EC0E23C16E80F3FE29A53BF50AA513FDE43F9BEE0799BBE
]
}
