PRT
BBE32C0F2208BFD2
D134A085221DC0A9
{
[
m_Root
E98E268F2008D746
025EA7C6FFFFFFFF
{
[
m_NodeKey
FD5DA7C6FFFFFFFF
]
[
m_Class
231158F1834B35BB
]
[
m_Name
Node
]
[
m_pTemplate
231158F1834B35BB
275EA7C6FFFFFFFF
{
[
m_Name

]
[
m_nNodeFlags
0
]
[
m_Children
0
]
[
m_Position
000000000000000000000000
]
[
m_Frame
0000803F0000000000000000000000000000803F0000000000000000000000000000803F
]
}
]
[
m_Children
1
F40F11A9E5528EFD
285EA7C6FFFFFFFF
{
[
m_NodeKey
1C5EA7C6FFFFFFFF
]
[
m_Class
C34AD77CBDD85FAC
]
[
m_Name
Node
]
[
m_pTemplate
C34AD77CBDD85FAC
295EA7C6FFFFFFFF
{
[
m_Name

]
[
m_nNodeFlags
0
]
[
m_Children
0
]
[
m_Bits
0
]
[
m_Type
00000000
]
[
m_MinDistance
0.000000
]
[
m_MaxDistance
32768.000000
]
[
m_fFadePercent
0.100000
]
[
m_MinDetailLevel
00000000
]
[
m_MaxDetailLevel
02000000
]
[
m_bZeroTime
0
]
}
]
[
m_Children
1
ED2EE28E940CD7AE
2A5EA7C6FFFFFFFF
{
[
m_NodeKey
1D5EA7C6FFFFFFFF
]
[
m_Class
BCD8C64E28ED4A4B
]
[
m_Name
Node
]
[
m_pTemplate
BCD8C64E28ED4A4B
2B5EA7C6FFFFFFFF
{
[
m_Name

]
[
m_nNodeFlags
0
]
[
m_Children
0
]
}
]
[
m_Children
6
F40F11A9E5528EFD
2E5EA7C6FFFFFFFF
{
[
m_NodeKey
205EA7C6FFFFFFFF
]
[
m_Class
C34AD77CBDD85FAC
]
[
m_Name
Trusters
]
[
m_pTemplate
C34AD77CBDD85FAC
2F5EA7C6FFFFFFFF
{
[
m_Name

]
[
m_nNodeFlags
0
]
[
m_Children
0
]
[
m_Bits
0
]
[
m_Type
00000000
]
[
m_MinDistance
0.000000
]
[
m_MaxDistance
32768.000000
]
[
m_fFadePercent
0.100000
]
[
m_MinDetailLevel
00000000
]
[
m_MaxDetailLevel
02000000
]
[
m_bZeroTime
0
]
}
]
[
m_Children
2
23E338DC4B2BBF92
305EA7C6FFFFFFFF
{
[
m_NodeKey
215EA7C6FFFFFFFF
]
[
m_Class
913D1AE2AA2BB936
]
[
m_Name
Node
]
[
m_pTemplate
913D1AE2AA2BB936
315EA7C6FFFFFFFF
{
[
m_Name

]
[
m_nNodeFlags
0
]
[
m_Children
0
]
[
m_Position
000000000000000000000000
]
[
m_Frame
0000803F0000000000000000000000000000803F0000000000000000000000000000803F
]
[
m_pScene
0000000000000000
]
[
m_bNormalizeFrame
1
]
}
]
[
m_Children
0
]
[
m_Position
0000003F9A99D93F333313C0
]
[
m_Frame
0000803F0000000000000000000000000000803F0000000000000000000000000000803F
]
[
m_fFrameScale
2.000000
]
[
m_ScenePort
ships\\mi\\thrusters\\mi thruster.prt
]
[
m_NormalizeFrame
0
]
}
23E338DC4B2BBF92
325EA7C6FFFFFFFF
{
[
m_NodeKey
225EA7C6FFFFFFFF
]
[
m_Class
913D1AE2AA2BB936
]
[
m_Name
Node
]
[
m_pTemplate
913D1AE2AA2BB936
335EA7C6FFFFFFFF
{
[
m_Name

]
[
m_nNodeFlags
0
]
[
m_Children
0
]
[
m_Position
000000000000000000000000
]
[
m_Frame
0000803F0000000000000000000000000000803F0000000000000000000000000000803F
]
[
m_pScene
0000000000000000
]
[
m_bNormalizeFrame
1
]
}
]
[
m_Children
0
]
[
m_Position
000000BF9A99D93F333313C0
]
[
m_Frame
0000803F0000000000000000000000000000803F0000000000000000000000000000803F
]
[
m_fFrameScale
2.000000
]
[
m_ScenePort
ships\\mi\\thrusters\\mi thruster.prt
]
[
m_NormalizeFrame
0
]
}
]
[
m_Bits
2
]
[
m_Type
01000000
]
[
m_MinDistance
0.000000
]
[
m_MaxDistance
32768.000000
]
[
m_fFadePercent
0.100000
]
[
m_MinDetailLevel
00000000
]
[
m_MaxDetailLevel
02000000
]
[
m_bZeroTime
0
]
}
F40F11A9E5528EFD
345EA7C6FFFFFFFF
{
[
m_NodeKey
235EA7C6FFFFFFFF
]
[
m_Class
C34AD77CBDD85FAC
]
[
m_Name
Damage1
]
[
m_pTemplate
C34AD77CBDD85FAC
355EA7C6FFFFFFFF
{
[
m_Name

]
[
m_nNodeFlags
0
]
[
m_Children
0
]
[
m_Bits
0
]
[
m_Type
00000000
]
[
m_MinDistance
0.000000
]
[
m_MaxDistance
32768.000000
]
[
m_fFadePercent
0.100000
]
[
m_MinDetailLevel
00000000
]
[
m_MaxDetailLevel
02000000
]
[
m_bZeroTime
0
]
}
]
[
m_Children
0
]
[
m_Bits
0
]
[
m_Type
01000000
]
[
m_MinDistance
0.000000
]
[
m_MaxDistance
32768.000000
]
[
m_fFadePercent
0.100000
]
[
m_MinDetailLevel
00000000
]
[
m_MaxDetailLevel
02000000
]
[
m_bZeroTime
0
]
}
F40F11A9E5528EFD
365EA7C6FFFFFFFF
{
[
m_NodeKey
245EA7C6FFFFFFFF
]
[
m_Class
C34AD77CBDD85FAC
]
[
m_Name
Damage2
]
[
m_pTemplate
C34AD77CBDD85FAC
375EA7C6FFFFFFFF
{
[
m_Name

]
[
m_nNodeFlags
0
]
[
m_Children
0
]
[
m_Bits
0
]
[
m_Type
00000000
]
[
m_MinDistance
0.000000
]
[
m_MaxDistance
32768.000000
]
[
m_fFadePercent
0.100000
]
[
m_MinDetailLevel
00000000
]
[
m_MaxDetailLevel
02000000
]
[
m_bZeroTime
0
]
}
]
[
m_Children
0
]
[
m_Bits
0
]
[
m_Type
01000000
]
[
m_MinDistance
0.000000
]
[
m_MaxDistance
32768.000000
]
[
m_fFadePercent
0.100000
]
[
m_MinDetailLevel
00000000
]
[
m_MaxDetailLevel
02000000
]
[
m_bZeroTime
0
]
}
F40F11A9E5528EFD
385EA7C6FFFFFFFF
{
[
m_NodeKey
255EA7C6FFFFFFFF
]
[
m_Class
C34AD77CBDD85FAC
]
[
m_Name
Damage2
]
[
m_pTemplate
C34AD77CBDD85FAC
395EA7C6FFFFFFFF
{
[
m_Name

]
[
m_nNodeFlags
0
]
[
m_Children
0
]
[
m_Bits
0
]
[
m_Type
00000000
]
[
m_MinDistance
0.000000
]
[
m_MaxDistance
32768.000000
]
[
m_fFadePercent
0.100000
]
[
m_MinDetailLevel
00000000
]
[
m_MaxDetailLevel
02000000
]
[
m_bZeroTime
0
]
}
]
[
m_Children
0
]
[
m_Bits
0
]
[
m_Type
01000000
]
[
m_MinDistance
0.000000
]
[
m_MaxDistance
32768.000000
]
[
m_fFadePercent
0.100000
]
[
m_MinDetailLevel
00000000
]
[
m_MaxDetailLevel
02000000
]
[
m_bZeroTime
0
]
}
C586FE462BF76149
3A5EA7C6FFFFFFFF
{
[
m_NodeKey
265EA7C6FFFFFFFF
]
[
m_Class
F0818A88AFB3A485
]
[
m_Name
Cube
]
[
m_pTemplate
F0818A88AFB3A485
3B5EA7C6FFFFFFFF
{
[
m_Name

]
[
m_nNodeFlags
0
]
[
m_Children
0
]
[
m_Position
000000000000000000000000
]
[
m_Frame
0000803F0000000000000000000000000000803F0000000000000000000000000000803F
]
[
m_NodeFrames
0
]
[
m_Verts
0
]
[
m_Materials
0
]
[
m_Triangles
0
]
[
m_Hull
8096184B8096184B8096184B809618CB809618CB809618CB
]
[
m_Fps
15.000000
]
[
m_EnableLOD
0
]
[
m_MinLOD
1.000000
]
[
m_MaxLOD
750.000000
]
}
]
[
m_Children
0
]
[
m_Position
000000000000000000000000
]
[
m_Frame
0000803F000000000000000000000000A53A1B3F6B914BBF000000006B914B3FA53A1B3F
]
[
m_fFrameScale
1.000000
]
[
m_bExportNodeFrames
0
]
[
m_NodeFrames
0
]
[
m_Verts
841
2EAEC3BF473BC440FB5C01BF8159403F4399213F8AC9443E59DE39BF16F7893F
3D47D0BF473BC440FB5C01BFFBB97D3ED0CD673F615DB03EC05E3DBFFAF17F3F
9204BDBFD81F90402E70493FEB81F53E0FA5073F6611333F9F90FDBD44C4793F
E354ADBF20718C4064E8F03EDEE76E3F1F698F3ECD61663E8DD506BE61C68C3F
2EAEC3BF50EDC34070273DBF5177283FE631F33E2B8D15BF645CC93EAF935E3F
65A6D6BF50EDC34070273DBF0000000008F5033FB75D5BBFD34CEF3EAF935E3F
3D47D0BF473BC440FB5C01BFFBB97D3ED0CD673F615DB03E718EE23E86AE403F
2EAEC3BF473BC440FB5C01BF8159403F4399213F8AC9443E645CC93E86AE403F
E354ADBF263798408B50ACBD97AD4B3FF401FABD30E517BFCEA99C3E3F1BF93D
2B87C6BF263798408B50ACBDB6C15A3D69ADB4BEDE216FBF4E0ECF3E3F1BF93D
65A6D6BF50EDC34070273DBF0000000008F5033FB75D5BBFD34CEF3E39B50FBF
2EAEC3BF50EDC34070273DBF5177283FE631F33E2B8D15BF645CC93E39B50FBF
9697A0BF74C08640A75A1B3EB3B5593F5E012FBC0DA306BF4243A93FB7EB913F
280CC0BFA37784403927963D19A10C3E375D9BBEE35F71BF344BB63FB7EB913F
2B87C6BF263798408B50ACBDB6C15A3D69ADB4BEDE216FBFA933B13F67F0573F
E354ADBF263798408B50ACBD97AD4B3FF401FABD30E517BF4243A93F67F0573F
000000002F16C6BFD922F93E000000002611933DFF557FBFA1A0C63F6EC4BB3E
4B3A82BF2F16C6BFD922F93EE34171BE8E19C7BEC8FF63BFA1A0C63F1FA0673F
4B3A82BF70430CBCC365553E4981243C18090C3EFB937DBF5985393F30A0673F
0000000070430CBCC365553E00000000A401D2BB00FE7FBF5985393F6EC4BB3E
00000000EF70A040AEB8C63F00000000CC0166BB00FE7FBF87DC3C3E1F12F63E
433DFDBD3BB69F40EEB5D83FCECD66BFA001D0BBBB75DDBEA9DA3E3E5CC6053F
56B66FBE57B4DE40F6B6DD3FD4296ABF19818C3E30DD97BEF147A1BEA0C1063F
00000000574EE640F697CF3F000000006CC3353F694334BFAE2DE4BE8330FF3E
56B66FBE6F59DE402904EE3FC80D64BF06F9823E8035C03EA260A6BEEC690B3F
0000000083B2E44007D1FE3F0000000030F5173F9C034E3FAE2DE4BE5704133F
0000000083B2E44007D1FE3F0000000030F5173F9C034E3F11000C3ED5B4033F
56B66FBE6F59DE402904EE3FC80D64BF06F9823E8035C03E508B313E9F3BF13E
433DFDBD535B9F402103E93FC18D60BF240192BBECD5F53E39D6013F9738FA3E
000000001DD59E40BFF1F53F0000000018018C3A00FE7F3FA1F8013FB684083F
00000000F8375B40A56ACD3F000000009EF1CE3DFDAF7EBF77133C3FE334F43E
4C183DBE98C25940DC67DF3FD4D169BFFB91FD3D8D8DC6BEEB1F403F56D7053F
4C183DBEC80C594018B5EF3FA19950BF2551123E20CF0F3FC66E573FB01D043F
000000005C005840B5A3FC3F000000000CF1053EFCCB7D3F2E91573F0A860F3F
00000000CC252340FF3EB93F000000005A072D3F79AB3CBFDDCD9D3FEA07E53E
454BDEBE68B02140F739DA3FA9A9D4BED2CD683F6141B03C01319D3F58CB053F
454BDEBE3B8A0440C1E30440175B0BBF5CE9AD3E8959443F0280913F9F3BF13E
000000002FA7DA3FA3581340000000006D49363EF8E77B3F79E78E3FFE7F203F
4C183DBEC80C594018B5EF3FA19950BF2551123E20CF0F3F467C3F3FF2600B3F
454BDEBE3B8A0440C1E30440175B0BBF5CE9AD3E8959443FB2F19C3FCAA9093F
433DFDBD535B9F402103E93FC18D60BF240192BBECD5F53EEA063A3E47740B3F
A165A5BF12882C40E49FD73FF031F83D394F1C3F9157483FBCB1303FAC03803F
83DEC3BF3A7928404AB6CE3FFB51FDBD581DAC3EDE016F3F3C83323F3CA2663F
3E59ABBFF6B4893F5E2C08404B75A5BEC6F1623ED7856B3F0458AE3FEA05673F
36057ABF2FA7F43F9DF7F73FC61963BE7615BB3ECF6D673F7099853FA070923F
1A87E2BF50EDC34070273DBF0000000008F5033FB75D5BBF1687033FAF935E3F
7DCBDEBF473BC440FB5C01BF00000000D1BB683FAB41D53E0397FF3E86AE403F
05A6EDBF263798408B50ACBD000000005EC9AEBEE19D70BF09A60E3F3F1BF93D
1A87E2BF50EDC34070273DBF0000000008F5033FB75D5BBF1687033F39B50FBF
6153F3BFA37784403927963D000000003A319DBEE7A173BFDF6BCE3FB7EB913F
05A6EDBF263798408B50ACBD000000005EC9AEBEE19D70BFDAE3C33F67F0573F
83DEC3BF3A7928404AB6CE3FFB51FDBD581DAC3EDE016F3F26C507BD8319833F
F5D705C03A7928404AB6CE3F8EC5C6BE5E25AF3EB60F5B3FFE9D2DBD170E343F
5DA907C0F6B4893F5E2C08409565CABE52E9283ECF51673FDAAD1D3FD89E213F
3E59ABBFF6B4893F5E2C08404B75A5BEC6F1623ED7856B3FD7F8203F2BFC893F
7DCBDEBF473BC440FB5C01BF00000000D1BB683FAB41D53EAA82FFBF8FDE823F
A7B001C0473BC440FB5C01BF7D9DBEBE9EED4E3FD381E93E1F1400C09AD0583F
DAFFFEBFD81F90402E70493F15430ABF04CB013F58F52B3FBF463ABF5262373F
46EDCABFD81F90402E70493FA6C1D2BC1C050E3FAAE1543F586F38BF5053773F
A7B001C050EDC34070273DBF498324BF44D3213FBBA5DDBE5261243FAF935E3F
A7B001C0473BC440FB5C01BF7D9DBEBE9EED4E3FD381E93E5261243F86AE403F
649415C0263798408B50ACBDCA2F65BF600130BDC605E3BE84F1373F3F1BF93D
A7B001C050EDC34070273DBF498324BF44D3213FBBA5DDBE5261243F39B50FBF
0C780CC0A37784403927963D2D4116BF2D5D96BE822541BF3EAFCE3FB7EB913F
649415C0263798408B50ACBDCA2F65BF600130BDC605E3BE3D48D33F67F0573F
B266C8BFA3C8AABF25AE773F0F7F07BF1B530DBF4AED24BF919CF43F020D363F
E0D8DFBFA3C8AABF25AE773F38399C3EBE3DDFBEB1BB58BF86ACF63F3A775B3F
D6A91BC031B3A73EFED5133F279193BD1AF10C3FAAE754BF9CFD653F9813B43F
FBAFA9BF31B3A73EFED5133F982DCCBE36319B3DD4F369BFE84C523FFC8A353F
4DBD06C079EB8CBF22A60A4014E109BF38E11BBDAF77573F21E4BE3FFCC8213F
FBAFA9BF79EB8CBF22A60A4063A1313DCA11E53DFC257E3FE888C03F7FF6893F
DAFFFEBFD81F90402E70493F15430ABF04CB013F58F52B3F423F37BFD861483F
A7B001C0473BC440FB5C01BF7D9DBEBE9EED4E3FD381E93E31EEFABFD2C2713F
A7B001C050EDC34070273DBF498324BF44D3213FBBA5DDBEC6A703C00796573F
649415C0263798408B50ACBDCA2F65BF600130BDC605E3BEC53A99BF6154063F
22A591BF47AA85BF03231F40594F2CBFC141E0BD763B3B3FF54883BE8923033F
29954CBF0E673E3FCE382C40036701BF6C39B63E9235493F15AA7BBF2A55323F
3E59ABBFF6B4893F5E2C08404B75A5BEC6F1623ED7856B3F0C3A8FBFA774B03E
FBAFA9BF79EB8CBF22A60A4063A1313DCA11E53DFC257E3F058C6EBE47CAB63E
0000000023F471C066FA593F00000000BD655EBFFB8DFDBEB4C8763E187A703F
75C8CD3A096F65C051A0CB3F3D611EBDBD9B5EBFF809FC3E0BB6813EECBE233F
024A8BBE096F65C051A0CB3F4001A0BDBF4B5FBFEE29F73EE290AD3E35D1233F
A2D3B3BD23F471C066FA593F7BA13DBEBDB35EBFD401EABE61898F3E9390703F
00000000D42B3BC03C1113400000000024FF11BFA547523FA377823E766CAC3E
702305BF9F5A38C07C8010407AE13CBE0E3107BFA831543F245ED63E766CAC3E
A2D3B3BD23F471C066FA593F7BA13DBEBDB35EBFD401EABEA706A63F35295D3F
024A8BBE096F65C051A0CB3F4001A0BDBF4B5FBFEE29F73E0649673F8A8E583F
40BE0CBF096F65C00822C33F723D39BF61A930BF9A014D3CDF50683FE50E3B3F
E54225BE9A0B71C058AB563F054F02BF94E149BF619DB0BE0CEAA53F38F74F3F
702305BF9F5A38C07C8010407AE13CBE0E3107BFA831543F228B003FD00B473F
73F67ABF7E8E36C0B62D0D408AD144BFE4D5F1BEB9ADDC3E7009F83E904B0C3F
35EE6DBF603A28C080F2DD3FDF476FBFCED966BE19A98CBED591073FB62DAA3E
40BE0CBF096F65C00822C33F723D39BF61A930BF9A014D3CDF50683FE50E2B3F
00000000BFF2A0BF9FE7384000000000A951D4BDFD9D7E3FB4719C3EC2FB2A3E
295C1BBF47AA85BF857B2C4076DDBABE7771BBBDDA2D6D3F21E4BC3C7FBF783E
79E516BF3E22FEBF1F2F21407C35BEBEC2E960BECEEB663F3849F33C903232BE
00000000ADDF0CC0C2C12D40000000002CC995BEEACB743FB4719C3E617180BE
00000000ADDF0CC0C2C12D40000000002CC995BEEACB743FA377823E4CFF92BD
79E516BF3E22FEBF1F2F21407C35BEBEC2E960BECEEB663FFC8EE13E4CFF92BD
295C1BBF47AA85BF857B2C4076DDBABE7771BBBDDA2D6D3F8F1B86BEB5163E3F
9E438BBF3E22FEBF545616408D6B46BFE39171BE2C0D163F132B033EF209053F
79E516BF3E22FEBF1F2F21407C35BEBEC2E960BECEEB663FFA47FF3D8676463F
7FBF84BF3D7DFCBF38F3D93FEA0575BF06D182BE17B10BBE3FA9563E280B6F3E
537A25C053B19BBFE944DA3F78313CBF8781C3BC5B6F2D3F0E65C43F8410703E
16A60CC0863A0EC01005E33F98D34BBF334D19BF61B1B0BD2DB1FA3F594EFA3E
1897A2BFAABB1CC03EB011403F811F3EC951E4BDF7417B3FC767C23E5166EB3E
126B81BF05FA7DC07715E43F18190C3F5FB32FBFEA39F53E50FBEB3F5166EB3E
F1F565BFEA095FC08109C63F4C3B263FA175D0BE496D24BF34D9C13F5DE1353F
EA2489BF8D621BC070D20F409CEB4D3F36E11A3D30C7173F94DBBE3E2270243F
FDF8F1BFAABB1CC0FF95074010E907BFDB696DBEA1A7503FE55F0240E50B423F
1897A2BFAABB1CC03EB011403F811F3EC951E4BDF7417B3F3A1E034062DC8F3F
DB6EBABF05FA7DC02541D43F24C911BF59972CBFE2C5F0BEEB522C402880463F
126B81BF05FA7DC07715E43F18190C3F5FB32FBFEA39F53E15C62C403B18853F
B3961FC038863040C6DE8F3FF6177BBF3379193EFEC1FE3D938C3CBE5DE0BA3E
87A42DC05182C03F7446B43FF7457BBFD0C1E73D3CC11D3E8869BF3EEEE91A3E
77870DC075C93940E2220F3F11BD08BF18E10BBEAB9155BF336BB1BE45664E3E
CC4311C09B8FFF3FF7AF143F31A518BFFAE17C3D9AE54CBF01F77CBD82FDD7BC
06F430C09E96DFBEEDB9B63FA23951BFD6F16A3E0F4F073F7BC1993FD410153D
87A42DC05182C03F7446B43FF7457BBFD0C1E73D3CC11D3E187B0F3FC6DD703F
CC4311C09B8FFF3FF7AF143F31A518BFFAE17C3D9AE54CBFEBFFFC3ECD72413F
D6A91BC031B3A73EFED5133F279193BD1AF10C3FAAE754BFC2DA4C3F07D04F3F
06F430C09E96DFBEEDB9B63FA23951BFD6F16A3E0F4F073F25756A3F0000803F
0C780CC0A37784403927963D2D4116BF2D5D96BE822541BF86AD59BF73F19F3E
B98914C0D2738A408693E43EF6E37ABF33B9193E0B41053E5E0E47BF9B550B3F
56BAD3BEA7B03DC05474683F083F04BF0AD1843EA2E350BF8253833F810776BE
F7393ABFE7DF14C084A08F3FAB6D55BF7389B9BEAB4DD5BEA8FC8F3F471D0DBF
0000000037DF16C0BF43933F0000000045AF22BF8BA745BFCF4B653F471D0DBF
00000000A7B03DC05474683F000000000951043FB6255BBFCF4B653F810776BE
022D15BF73F257C081CD9B3FCEE166BF04D181BE6605B3BE0A4A8F3F810776BE
35EE6DBF603A28C080F2DD3FDF476FBFCED966BE19A98CBE8C2F9A3F471D0DBF
022D15BF73F257C081CD9B3FCEE166BF04D181BE6605B3BE952C7F3F8960043F
E354ADBF20718C4064E8F03EDEE76E3F1F698F3ECD61663E3CFAF73E5F24683F
E354ADBF263798408B50ACBD97AD4B3FF401FABD30E517BF8542B43E2D997F3F
2EAEC3BF50EDC34070273DBF5177283FE631F33E2B8D15BFE65DF5B999637D3F
2EAEC3BF473BC440FB5C01BF8159403F4399213F8AC9443EBA85AE3CC91E6D3F
9697A0BF74C08640A75A1B3EB3B5593F5E012FBC0DA306BF787CFB3E2D997F3F
035F61BEBD382C408412B0BFC42B62BF15898A3E88C5C33E116F8D3E7749FC3E
035F61BE65002740D597B9BFBAE55CBF77B1BBBE641DB2BEF914903EF166E53E
93E4F9BDC5FFFF3F32755BBFBC3F5EBF01BD80BEB60DDBBEE84B273FEF6FE83E
93E4F9BDF64207408E743EBFB8015CBFAF55D73E2AD1943EE9D7263F0A49063F
327410BF8063A13F7DB32DBE98DF4BBF42F1A0BE094104BF4051893FD53EED3E
327410BFA7E9AF3FC6C466BD92D748BF0ECF063F4F99A73E3203893F2443023F
00000000A8E3913F5A4B99BE0000000060DB2FBF74073ABF4EB5883F6974873E
00000000A8AA183F0280F33E0000000000EC7FBF8CC1C5BC1903B73FC8CDC03E
327410BFA8AA183F0280F33E30D517BF9C0B4EBF3F419FBC51F79F3F8B6EF53E
00000000E42F493F012F373F000000005191A8BDFE1F7F3F67F3BA3F098D103F
000000001B0EBB3FFB5A173D00000000722F393F61BF303FC40A893F8A1F3B3F
327410BFFBE6323F164D1F3F5DA92EBFED8176BD75853A3F855CA13F30F6023F
0000000030D50C40A39226BF000000006F7B373F6583323F331B243FABAF1A3F
00000000ED7FF03F00AE7CBF000000004ACF24BF88E343BF959A253FE525B73E
00000000F25C334071C8A0BF0000000055572A3F7E173F3F1EE28F3EDC111A3F
00000000B6A22240B6A1C2BF000000004B8D25BF874143BF205D943E1D5AB43E
87C44DBFCE1712C05E9F8F3FC991643F7DA1BEBDC391E1BE05C24A3FC24BCC3F
6764B0BEB6BE83404CC718C0A8DF53BF197D0C3FE191F03D179BA6BE26E2053F
00000000634789402C7F1DC000000000FAD77C3F4031203E9ACDEBBE34A2143F
00000000CAEC814005342CC0000000009C01CE3C00EA7FBF9ACDEBBE1BD8D23E
6764B0BE52718040390F1FC098EB4BBFA801D4BB35BF1ABF57D1A7BE08E3F73E
66B1B1C05B791C40B91BE8BFA77F53BFF189783E0427023F655213BE8178093F
A7D8B1C07FDA17403865F0BFD8CD6BBF72F9B8BE295114BE96B101BEDBDEFE3E
CF5A92C044C1A83F931B93BF70E137BF60D12FBFC8D1E3BDBABC153FE76EE73E
6B4A92C00D19B53F204488BF1B4D0DBF5ED12E3EA2F1503F86E70D3FD653033F
FF037DC0F25ED53EDE3DE0BE74EF39BF401520BF240D92BE5649AA3FA0A4F03E
72DD7CC0EAB3073F1344ADBE68F733BF436DA13E462F233F01DFA73F8334073F
72DD7CC0EAB3073F1344ADBE68F733BF436DA13E462F233FC635CE3E03051A3F
FF037DC0F25ED53EDE3DE0BE74EF39BF401520BF240D92BEEE7A993EABEB203F
8E915EC0D6535FBFCAE1FB3E439321BF5B5D2DBF8399C1BE02BB5ABDEBC9FCBD
2F325EC00D8917BF50003D3FACE755BF059182BD17AF0B3F43C6033E92AE29BE
43FF34C0B7D2EB3C420A7EBEE1A1F03EB381D9BDC14F60BFAE9F86BE9338EB3D
4A4165C0282B0A3F916121BF83BDC13E85B142BED0E767BF25943E3C00A9193F
00F28DC05BE9C53FEF9199BF3C1F1E3F835F413FC0F95F3EA54A003F4701163F
F73964C08B523A3F6397F8BEA8E5D33ED2DD683F24E1113D8CBBA53F003C163F
4A4165C0282B0A3F916121BF83BDC13E85B142BED0E767BF9945AA3F022CD23E
02628EC0CA6DB13F4B58A9BF8029C03E300D98BEC2C560BF51DE0B3F1364C43E
708AADC08F8D2C405DA8F8BF6791B3BDFDAF7E3F98E14B3D5725A9BEF86F1A3F
021FAEC02F6D1F4051A208C07219B9BE76E13ABDDD636EBF5725A9BEC938DE3E
4D9EF0BF705DDFBFAA9B6BBE5D41AE3C463B23BF8A2145BF8A3CE13EBE87933E
785FFBBF9147DABF2B864BBEB9635CBF021F01BF100188BDE0BEF63EDD5B893E
FE28FABF18EB8FBF44FC63BEC2F560BFE631733EA8F1D3BEFC51F43E31D0B5BC
D367EFBFF70095BFE10882BE90C1C7BC94D1C93DFDAB7EBFA7CFDE3E23A218BB
B266C8BFA3C8AABF25AE773F0F7F07BF1B530DBF4AED24BFFFCE463F83DE573F
16A60CC0863A0EC01005E33F98D34BBF334D19BF61B1B0BD14E7823F2B87823F
E0D8DFBFA3C8AABF25AE773F38399C3EBE3DDFBEB1BB58BF8654453F8192623F
4B3A82BF2F16C6BFD922F93EE34171BE8E19C7BEC8FF63BF7D94493F91812C3F
87C44DBFCE1712C05E9F8F3FC991643F7DA1BEBDC391E1BEAD32813F7D79293F
2E37C2BFCE1712C0C170983F7C29BEBE414DA0BEC0C15FBF8F517E3FDD43523F
2E37C2BFCE1712C0C170983F7C29BEBE414DA0BEC0C15FBF481A0E4083A6653E
F7393ABFE7DF14C084A08F3FAB6D55BF7389B9BEAB4DD5BE7CB6223F8CDC6F3F
35EE6DBF603A28C080F2DD3FDF476FBFCED966BE19A98CBEC9592C3F9C6E7D3F
7FBF84BF3D7DFCBF38F3D93FEA0575BF06D182BE17B10BBE287D313FFF205E3F
4B3A82BF2F16C6BFD922F93EE34171BE8E19C7BEC8FF63BF32AB3F3FF4A9A33E
F7393ABFE7DF14C084A08F3FAB6D55BF7389B9BEAB4DD5BE8CDC6F3FCE88623E
7FBF84BF3D7DFCBF38F3D93FEA0575BF06D182BE17B10BBEFF205E3F54FD3A3E
2A001ABFF64517C0E59C38BE7B69BD3E6201313DDB936DBF6397443F8A3E433F
AA653BBFF9BD37C0B398B8BD0567023F84FF41BFA1B9D0BED2C2493F240C833F
93E25FBF836C37C01B4CA3BD75BF3ABF23AF11BF8541C2BEA6D65B3F6551843F
5DC344BFD05F18C06EDB37BE574B2BBFC771633E6B8935BF0344593F0820493F
A2D3B3BD23F471C066FA593F7BA13DBEBDB35EBFD401EABE7DB0743F75C9A83E
7D5E89BE30664DC0B494303F92CDC8BE7EC1BE3CD7676BBFC1AB7D3FF228453E
0000000030664DC0B494303F00000000CAE9643EF38379BFCF4B653FF228453E
0000000023F471C066FA593F00000000BD655EBFFB8DFDBECF4B653F75C9A83E
56BAD3BEA7B03DC05474683F083F04BF0AD1843EA2E350BF8253833FE3FB623D
00000000A7B03DC05474683F000000000951043FB6255BBFCF4B653FE3FB623D
E54225BE9A0B71C058AB563F054F02BF94E149BF619DB0BE3C68843F75C9A83E
52B9D9BEF6CF60C0EDB76E3F8ECF46BF9211C9BEF831FCBE23D9893F10EA523E
7D5E89BE30664DC0B494303F92CDC8BE7EC1BE3CD7676BBF257A0740C361493E
022D15BF73F257C081CD9B3FCEE166BF04D181BE6605B3BE0A4A8F3F6B82A83D
52B9D9BEF6CF60C0EDB76E3F8ECF46BF9211C9BEF831FCBE95B5973F5EA2123F
E54225BE9A0B71C058AB563F054F02BF94E149BF619DB0BE0CEAA53F38F73F3F
F7E68FBE15535240AC1CFCBF9F654FBF92CDC8BEBE0DDFBECCB267BDEDF1EA3E
F7E68FBE5D165640B8CAF5BFA54352BF36F99A3EEF89F73EABAE83BD7A50003F
00000000478E5F409DBBF1BF0000000030E3173F9C114E3F9F8EC7BD4DBB203F
0000000005C15340B76104C00000000039591CBF95B34ABF486CB7BDA3CAB03E
0000000037DF16C0BF43933F0000000045AF22BF8BA745BF3ECD2D3FC959383E
4E43CCBED0801CC0BC92EC3E221B113FA6E152BF37811B3C08E6403F0A2DDB3E
BAA294BE1BDAEEBFD9CE373E2A35153FAE39573E92EF48BFB2850C3FBA32E83E
000000002F16C6BFD922F93E000000002611933DFF557FBF191BE23E4888923E
4E43CCBED0801CC0BC92EC3E221B113FA6E152BF37811B3C8140433F5B60AF3E
AA653BBFF9BD37C0B398B8BD0567023F84FF41BFA1B9D0BE5AA16C3F09C1263F
2A001ABFF64517C0E59C38BE7B69BD3E6201313DDB936DBFDAAC2A3FD8D7263F
BAA294BE1BDAEEBFD9CE373E2A35153FAE39573E92EF48BF6DE3E73E87DCDC3E
4B3A82BF2F16C6BFD922F93EE34171BE8E19C7BEC8FF63BF0000803F0000803F
95294ABF560DF0BF3B38383E62C130BFACD1D53E2E3117BF000000000000803F
618E62BF03D01BC018B5EB3EBC055EBFED59F6BE05A9023E0000000000000000
F7393ABFE7DF14C084A08F3FAB6D55BF7389B9BEAB4DD5BE0000803F01C041BE
F7393ABFE7DF14C084A08F3FAB6D55BF7389B9BEAB4DD5BE0000803F0000803F
618E62BF03D01BC018B5EB3EBC055EBFED59F6BE05A9023E000000000000803F
4E43CCBED0801CC0BC92EC3E221B113FA6E152BF37811B3C0000000000000000
0000000037DF16C0BF43933F0000000045AF22BF8BA745BF0000803F00000000
618E62BF03D01BC018B5EB3EBC055EBFED59F6BE05A9023EA5A17A3F0858C33E
93E25FBF836C37C01B4CA3BD75BF3ABF23AF11BF8541C2BE12506D3FCF85253F
AA653BBFF9BD37C0B398B8BD0567023F84FF41BFA1B9D0BE601D5B3F7AAA233F
4E43CCBED0801CC0BC92EC3E221B113FA6E152BF37811B3CCF663D3F4450AD3E
000000002F16C6BFD922F93E000000002611933DFF557FBF3D61893D4888923E
BAA294BE1BDAEEBFD9CE373E2A35153FAE39573E92EF48BFFF22183EBA32E83E
95294ABF560DF0BF3B38383E62C130BFACD1D53E2E3117BF6FD7933EEA23E83E
4B3A82BF2F16C6BFD922F93EE34171BE8E19C7BEC8FF63BF36E58A3E4888923E
BAA294BE1BDAEEBFD9CE373E2A35153FAE39573E92EF48BF1A6A283FF032FB3E
95294ABF560DF0BF3B38383E62C130BFACD1D53E2E3117BF4128673F4CE1093F
B266C8BFA3C8AABF25AE773F0F7F07BF1B530DBF4AED24BF0000803F0000803F
6EC4E5BFFF5CB2BF4A0DAD3EA56952BF68C5B3BECB9DE53E000000000000803F
7043AABF0AF5C8BF41D8193E9561CA3EBD575EBF320D99BE0000000000000000
4B3A82BF2F16C6BFD922F93EE34171BE8E19C7BEC8FF63BF0000803F00000000
6EC4E5BFFF5CB2BF4A0DAD3EA56952BF68C5B3BECB9DE53EEC88CB3E508C7C3E
785FFBBF9147DABF2B864BBEB9635CBF021F01BF100188BDE0BEF63E2CD7033F
4D9EF0BF705DDFBFAA9B6BBE5D41AE3C463B23BF8A2145BF8A3CE13EDCD9073F
7043AABF0AF5C8BF41D8193E9561CA3EBD575EBF320D99BEE10D293ECD56AE3E
FBAFA9BF31B3A73EFED5133F982DCCBE36319B3DD4F369BF0000803F0000803F
15A8D5BF780DDABE5C3AA63D95B54ABF04F1013F5CDDADBE000000000000803F
6EC4E5BFFF5CB2BF4A0DAD3EA56952BF68C5B3BECB9DE53E0000000000000000
B266C8BFA3C8AABF25AE773F0F7F07BF1B530DBF4AED24BF0000803F00000000
4B3A82BF70430CBCC365553E4981243C18090C3EFB937DBFCE6E9B3F53AFE33E
C1A9A9BFD2361ABF494ADABD09B1843ECAC1643EE18B70BF3FC4EE3F5B3FDD3E
15A8D5BF780DDABE5C3AA63D95B54ABF04F1013F5CDDADBE8410D43F8467323F
FBAFA9BF31B3A73EFED5133F982DCCBE36319B3DD4F369BFE84C523FFD4A2F3F
D367EFBFF70095BFE10882BE90C1C7BC94D1C93DFDAB7EBF3B51124098DB2D3E
FE28FABF18EB8FBF44FC63BEC2F560BFE631733EA8F1D3BEBB2A0F40D960253F
4B3A82BF2F16C6BFD922F93EE34171BE8E19C7BEC8FF63BF541DA83FE8BC923F
7043AABF0AF5C8BF41D8193E9561CA3EBD575EBF320D99BE541DA83F7EC34C3F
C1A9A9BFD2361ABF494ADABD09B1843ECAC1643EE18B70BFA8FC8F3F7EC34C3F
4B3A82BF70430CBCC365553E4981243C18090C3EFB937DBFA8FC8F3FE8BC923F
7043AABF0AF5C8BF41D8193E9561CA3EBD575EBF320D99BEE10D293EC26D4D3E
C1A9A9BFD2361ABF494ADABD09B1843ECAC1643EE18B70BFE3A6263E50FC90BE
36057ABF2FA7F43F9DF7F73FC61963BE7615BB3ECF6D673FBD37C0BFDF51EB3E
876C70BEC9E6AC3F645C3A40317718BF09AF043F3A1B1D3F45D79DBFA642643F
000000006F80B93F5AD53F4000000000DD9B6E3F7371B93E842CA3BF2CF2833F
00000000BFF2A0BF9FE7384000000000A951D4BDFD9D7E3F43C839BE6E34803F
16A60CC0863A0EC01005E33F98D34BBF334D19BF61B1B0BD3B6F853FEAB48A3F
2F325EC00D8917BF50003D3FACE755BF059182BD17AF0B3F8315B73E79EB483F
8E915EC0D6535FBFCAE1FB3E439321BF5B5D2DBF8399C1BE9FE3DB3EE624303F
537A25C053B19BBFE944DA3F78313CBF8781C3BC5B6F2D3F95D4313FDE398E3F
FD8350C0F75A503C5648393F079B03BF14290A3F55A92A3F02D3293EE1F06E3F
06F430C09E96DFBEEDB9B63FA23951BFD6F16A3E0F4F073F51BBD73E88F78C3F
D6A91BC031B3A73EFED5133F279193BD1AF10C3FAAE754BF670B483DE124993F
E0D8DFBFA3C8AABF25AE773F38399C3EBE3DDFBEB1BB58BF61C17D3A6AFB173D
573D2BC0A984A9BFAFD0273FE00170BB5C252EBF77A13BBF65FE1D3FD07C063F
43FF34C0B7D2EB3C420A7EBEE1A1F03EB381D9BDC14F60BF61C17D3A3E077E3F
16A60CC0863A0EC01005E33F98D34BBF334D19BF61B1B0BD0401823F6AFB173D
8E915EC0D6535FBFCAE1FB3E439321BF5B5D2DBF8399C1BE0401823F3E077E3F
D6A91BC031B3A73EFED5133F279193BD1AF10C3FAAE754BF1959843F5E11343F
E0D8DFBFA3C8AABF25AE773F38399C3EBE3DDFBEB1BB58BFB399C33F895C683F
43FF34C0B7D2EB3C420A7EBEE1A1F03EB381D9BDC14F60BF66C0693FE8BE743F
00F28DC05BE9C53FEF9199BF3C1F1E3F835F413FC0F95F3E6DC9263F878CFF3E
F73964C08B523A3F6397F8BEA8E5D33ED2DD683F24E1113D9E0B873F5001F03E
4A4165C0282B0A3F916121BF83BDC13E85B142BED0E767BFE6AD883F166A093F
02628EC0CA6DB13F4B58A9BF8029C03E300D98BEC2C560BF0491293F5F960E3F
021FAEC02F6D1F4051A208C07219B9BE76E13ABDDD636EBFF565593E5F960E3F
708AADC08F8D2C405DA8F8BF6791B3BDFDAF7E3F98E14B3D5A12503EBC1FF73E
F1F565BFEA095FC08109C63F4C3B263FA175D0BE496D24BFCCB42F408ECBF03E
126B81BF05FA7DC07715E43F18190C3F5FB32FBFEA39F53E179B36403CBC2B3F
87C44DBFCE1712C05E9F8F3FC991643F7DA1BEBDC391E1BE4E9C1C40F71D033D
7DCBDEBF473BC440FB5C01BF00000000D1BB683FAB41D53E8D2643BF03B26B3F
46EDCABFD81F90402E70493FA6C1D2BC1C050E3FAAE1543FC51D0FBED9B46A3F
D6A91BC031B3A73EFED5133F279193BD1AF10C3FAAE754BF5054723FAC72E1BD
F73964C08B523A3F6397F8BEA8E5D33ED2DD683F24E1113D5A4B213FABEB203F
FD8350C0F75A503C5648393F079B03BF14290A3F55A92A3F350B003F3D82DBBD
F73964C08B523A3F6397F8BEA8E5D33ED2DD683F24E1113D40171D3FA800683F
4A4165C0282B0A3F916121BF83BDC13E85B142BED0E767BFC05B203F166A793F
000000002FA7DA3FA3581340000000006D49363EF8E77B3FF836BFBF630A5A3F
454BDEBE3B8A0440C1E30440175B0BBF5CE9AD3E8959443F0876CCBF45F2213F
0000000069E4633F448B184000000000F78D7B3F7CE93D3E4E4497BF17456F3F
000000006F80B93F5AD53F4000000000DD9B6E3F7371B93E3960853FE3530C3F
0000000069E4633F448B184000000000F78D7B3F7CE93D3E724E503F79AC113F
876C70BEC9E6AC3F645C3A40317718BF09AF043F3A1B1D3F800F803F1A33F93E
29954CBF0E673E3FCE382C40036701BF6C39B63E9235493F6C41533FCDCDB73E
454BDEBE68B02140F739DA3FA9A9D4BED2CD683F6141B03CE1F1E7BF12A30B3F
A165A5BF12882C40E49FD73FF031F83D394F1C3F9157483F6B29E4BFD6E04D3E
43AA48BFD8811E40BBD2B83F18130C3FAAC5543F9541CA3D2B85F4BF420ACE3E
0000000033171840EE787F3F00000000E8D9733F38D19BBE6EC006C0AA64243F
C7BA7CBFEF6F3F40BAF4273F4CF5253F8575C23E52ED28BF198C10C0B0CB403E
00000000CC252340FF3EB93F000000005A072D3F79AB3CBF8B36F5BF5855373F
5A2E57BFFC8CE53F581FB73EF6C1FA3C3E011F3EFAC37CBFE3FF8EBACDAC25B9
62A1BABF75C93940E2220F3F8941C43D1A010DBCFECD7EBF8E060C3FC79E093F
C7BA7CBFEF6F3F40BAF4273F4CF5253F8575C23E52ED28BF80D7673D98BD103F
1095E4BF19CBE03FA439A23E19690CBE6EC1363DFB517DBF594C5C3EABE9883F
CC4311C09B8FFF3FF7AF143F31A518BFFAE17C3D9AE54CBF438D42BDDD26B43F
FBAFA9BF79EB8CBF22A60A4063A1313DCA11E53DFC257E3FA1F657BFE469013F
FBAFA9BF79EB8CBF22A60A4063A1313DCA11E53DFC257E3F0000803F0000803F
EA2489BF8D621BC070D20F409CEB4D3F36E11A3D30C7173F0000000000000000
87C44DBFCE1712C05E9F8F3FC991643F7DA1BEBDC391E1BE000000000000803F
FBAFA9BF79EB8CBF22A60A4063A1313DCA11E53DFC257E3F000000000000803F
87C44DBFCE1712C05E9F8F3FC991643F7DA1BEBDC391E1BE0000000000000000
95294ABF560DF0BF3B38383E62C130BFACD1D53E2E3117BF2C45EA3E452DDD3E
5DC344BFD05F18C06EDB37BE574B2BBFC771633E6B8935BF33DC2C3FE621273F
618E62BF03D01BC018B5EB3EBC055EBFED59F6BE05A9023E9DDA413FB952AF3E
15A8D5BF780DDABE5C3AA63D95B54ABF04F1013F5CDDADBE5E83363F8105C03E
FE28FABF18EB8FBF44FC63BEC2F560BFE631733EA8F1D3BE8CF5873FEFE5063F
6EC4E5BFFF5CB2BF4A0DAD3EA56952BF68C5B3BECB9DE53E842E993F508C7C3E
FE28FABF18EB8FBF44FC63BEC2F560BFE631733EA8F1D3BE81B17E3DEFE5063F
785FFBBF9147DABF2B864BBEB9635CBF021F01BF100188BD118FB43E2CD7033F
6EC4E5BFFF5CB2BF4A0DAD3EA56952BF68C5B3BECB9DE53E1D74493E508C7C3E
5A2E57BFFC8CE53F581FB73EF6C1FA3C3E011F3EFAC37CBFC537D43D4297E83E
1095E4BF19CBE03FA439A23E19690CBE6EC1363DFB517DBF594C5C3EACC9853F
5D19B8BF4B2E84401F2F823F818DC03EF209F93E94E1493F0DFE9E3DE6B27D3F
08209FBF3A247940F60D343FCF53673F5A2DAD3E0D7D863EC421DB3DB325953F
43AA48BFD8811E40BBD2B83F18130C3FAAC5543F9541CA3D5B3F413F7A199D3F
62BCBCBFA660724005DB583E3AC11C3E62EDB0BEDA016DBFC6A7043F85B4803F
5E1493BF314177402446973EAE23573F14018ABC15AB0ABF679CA63DC957803F
62BCBCBFA660724005DB583E3AC11C3E62EDB0BEDA016DBF10CF623ECF69D63D
280CC0BFA37784403927963D19A10C3E375D9BBEE35F71BFAD17CB3ECD72B13E
9697A0BF74C08640A75A1B3EB3B5593F5E012FBC0DA306BF3563893E7175E03E
5E1493BF314177402446973EAE23573F14018ABC15AB0ABF000000003145D13E
4D68F2BF75C93940E2220F3F64F1B1BD56C1AABDFC217EBF64AD7D3F48360B3F
5E10F3BFA660724005DB583E000000007631BBBEDD456EBFE36B6B3FD53C7B3F
5E10F3BFA660724005DB583E000000007631BBBEDD456EBF4758FC3EBA84C33C
6153F3BFA37784403927963D000000003A319DBEE7A173BF27DD023F6B28A53E
DB3602C0439A8340BF497F3FAD55D6BEA8C5D33E9EF74E3F19ACE8BE0150393F
84BACABF439A8340BF497F3F9001C8BDBC39DE3ECB43653F7497E4BE0115803F
77870DC075C93940E2220F3F11BD08BF18E10BBEAB9155BFF1651A3FA25D0D3F
65C50CC0A660724005DB583E1A110DBF1AF18CBE93A949BF03B1103F36587C3F
5E10F3BFA660724005DB583E000000007631BBBEDD456EBF30829E3ED53C7B3F
4D68F2BF75C93940E2220F3F64F1B1BD56C1AABDFC217EBF715AA83E48360B3F
65C50CC0A660724005DB583E1A110DBF1AF18CBE93A949BF3CFA473FF65DD13D
0C780CC0A37784403927963D2D4116BF2D5D96BE822541BFF73F243F5721A53E
FBAF17C0DAC97A400DA51A3FF82F7CBF1221093EB961DC3D569E08BF9088E13E
65C50CC0A660724005DB583E1A110DBF1AF18CBE93A949BFF7E920BF98FA893E
C7BA7CBFEF6F3F40BAF4273F4CF5253F8575C23E52ED28BF2C464D3F2D997F3F
5E1493BF314177402446973EAE23573F14018ABC15AB0ABF05C0143F2D997F3F
08209FBF3A247940F60D343FCF53673F5A2DAD3E0D7D863EAE0D1D3F0ABD6A3F
43AA48BFD8811E40BBD2B83F18130C3FAAC5543F9541CA3D74797F3F0C5C6E3F
84BACABF439A8340BF497F3F9001C8BDBC39DE3ECB43653FD68D973DFF096A3F
1095E4BF19CBE03FA439A23E19690CBE6EC1363DFB517DBF6EA76D3F29B2563B
5A2E57BFFC8CE53F581FB73EF6C1FA3C3E011F3EFAC37CBF3E0570BEAA0A593F
00000000F48A973F38691A3F00000000E181703EF2D578BF3755773D6EC4BB3E
00000000F48A973F38691A3F00000000E181703EF2D578BF7AFF30C043381E3F
5A2E57BFFC8CE53F581FB73EF6C1FA3C3E011F3EFAC37CBFE31A2FC01D74593E
84665BBFE5281E40355D233F456B22BF34E1993D8AEF443F198C10C0B0CB403E
84665BBFC85FC83FCB2FD33EACCF55BF0ED706BF43B9213EE31A2FC01D74593E
EAEB29BE255B953F18082E3F71A5B83ED16568BFB6215B3E7AFF30C043381E3F
EAEB29BE7B3004400A65793FC3B9613EB9A1DC3DF02B783F6EC006C0AA64243F
EAEB29BE3C4F2340349EC0BE32D9983E54212A3EE19570BF198C10C0B0CB403E
84665BBF5470244033C5B4BE64D5B1BE4E01273ED9656CBFE31A2FC01D74593E
C4424DBF575C28407E8DACBEE01DF03E79673C3FF4F9F9BE7AFF30C043381E3F
EA7A62BE910C284063D2AFBE037F01BF734B393FE03DF0BE6EC006C0AA64243F
EAEB29BE4FE94F408B70933DACC5D53E7A0B3D3F0F8B07BF198C10C0B0CB403E
EAEB29BE3C4F2340349EC0BE32D9983E54212A3EE19570BFE31A2FC01D74593E
EA7A62BE910C284063D2AFBE037F01BF734B393FE03DF0BE7AFF30C043381E3F
EA7A62BE3DD14B4029B2563D68D5B3BEB171D83DDC276EBF6EC006C0AA64243F
84665BBF5470244033C5B4BE64D5B1BE4E01273ED9656CBF198C10C0B0CB403E
84665BBFF0164F4036EA613DAAF1D4BE73B7393F195F0CBFE31A2FC01D74593E
C4424DBFA9854A40E8F9D33C7A25BD3E9351C93DD98B6CBF7AFF30C043381E3F
C4424DBF575C28407E8DACBEE01DF03E79673C3FF4F9F9BE6EC006C0AA64243F
84665BBFF0164F4036EA613DAAF1D4BE73B7393F195F0CBF198C10C0B0CB403E
EAEB29BE4FE94F408B70933DACC5D53E7A0B3D3F0F8B07BFE31A2FC01D74593E
EA7A62BE3DD14B4029B2563D68D5B3BEB171D83DDC276EBF7AFF30C043381E3F
C4424DBFA9854A40E8F9D33C7A25BD3E9351C93DD98B6CBF6EC006C0AA64243F
C4424DBFA9854A40E8F9D33C7A25BD3E9351C93DD98B6CBF198C10C0B0CB403E
EA7A62BE3DD14B4029B2563D68D5B3BEB171D83DDC276EBFE31A2FC01D74593E
EA7A62BE12A43C40F1D56E3E1C0F0EBFCAD1E43DA60753BF7AFF30C043381E3F
C4424DBF7D583B40E7A8533E335F193FB941DC3D961B4BBF6EC006C0AA64243F
C4424DBF575C28407E8DACBEE01DF03E79673C3FF4F9F9BE198C10C0B0CB403E
C4424DBFA9854A40E8F9D33C7A25BD3E9351C93DD98B6CBFE31A2FC01D74593E
C4424DBF7D583B40E7A8533E335F193FB941DC3D961B4BBF7AFF30C043381E3F
C4424DBF3A9623401E6E8FBE2A27153F9C314E3FBC21DE3D6EC006C0AA64243F
EA7A62BE3DD14B4029B2563D68D5B3BEB171D83DDC276EBF198C10C0B0CB403E
EA7A62BE910C284063D2AFBE037F01BF734B393FE03DF0BEE31A2FC01D74593E
EA7A62BE7446234025B392BE256F12BFA019503FC031E03D7AFF30C043381E3F
EA7A62BE12A43C40F1D56E3E1C0F0EBFCAD1E43DA60753BF6EC006C0AA64243F
EA7A62BE910C284063D2AFBE037F01BF734B393FE03DF0BE198C10C0B0CB403E
C4424DBF575C28407E8DACBEE01DF03E79673C3FF4F9F9BEE31A2FC01D74593E
C4424DBF3A9623401E6E8FBE2A27153F9C314E3FBC21DE3D7AFF30C043381E3F
EA7A62BE7446234025B392BE256F12BFA019503FC031E03D6EC006C0AA64243F
C4424DBF3A9623401E6E8FBE2A27153F9C314E3FBC21DE3DD80B793F7EA92B3F
C4424DBF7D583B40E7A8533E335F193FB941DC3D961B4BBFD80B793F19035F3F
EA7A62BE12A43C40F1D56E3E1C0F0EBFCAD1E43DA60753BFCD58483FBCCF613F
EA7A62BE7446234025B392BE256F12BFA019503FC031E03DCD58483F11FD2A3F
EAEB29BE7B3004400A65793FC3B9613EB9A1DC3DF02B783F198C10C0B0CB403E
9F0260BD611632408E3D073F63BF313FD555EA3E1C290E3F7CD31FC0E61F4D3E
54E177BF999E3D409819C63E6C2F36BFCCD9E53E15530A3FF4DF1BC07F4E213F
84665BBFE5281E40355D233F456B22BF34E1993D8AEF443F6EC006C0AA64243F
84665BBFF0164F4036EA613DAAF1D4BE73B7393F195F0CBF7AFF30C043381E3F
54E177BF999E3D409819C63E6C2F36BFCCD9E53E15530A3F80D31FC0E61F4D3E
54E177BFD7A00540FB22A1BD74393ABF94F9C9BE1FB90FBFF4DF1BC07F4E213F
84665BBFC85FC83FCB2FD33EACCF55BF0ED706BF43B9213E6EC006C0AA64243F
84665BBF5470244033C5B4BE64D5B1BE4E01273ED9656CBF7AFF30C043381E3F
EAEB29BE255B953F18082E3F71A5B83ED16568BFB6215B3E198C10C0B0CB403E
9F0260BD575FF13F240E59B95D532E3FB2E5D8BE32E918BF7CD31FC0E61F4D3E
9F0260BD611632408E3D073F63BF313FD555EA3E1C290E3FF4DF1BC07F4E213F
EAEB29BE4FE94F408B70933DACC5D53E7A0B3D3F0F8B07BF7AFF30C043381E3F
84665BBFC85FC83FCB2FD33EACCF55BF0ED706BF43B9213E198C10C0B0CB403E
54E177BFD7A00540FB22A1BD74393ABF94F9C9BE1FB90FBF7CD31FC0E61F4D3E
9F0260BD575FF13F240E59B95D532E3FB2E5D8BE32E918BFF4DF1BC07F4E213F
EAEB29BE255B953F18082E3F71A5B83ED16568BFB6215B3E6EC006C0AA64243F
EAEB29BE3C4F2340349EC0BE32D9983E54212A3EE19570BF7AFF30C043381E3F
1095E4BF19CBE03FA439A23E19690CBE6EC1363DFB517DBFA3E98C3E29B2563B
CC4311C09B8FFF3FF7AF143F31A518BFFAE17C3D9AE54CBF3FFE363FFDDC103E
000000008A39DEBF77143540000000000DBD86BEEEF7763FB8CD343F5ABB013F
00000000B3B3A2BF27673C400000000066C1B2BC00F07F3FDB4D343F3DD1BD3E
DA75C7BEFD6AD0BF21CB2E40EA05F5BE8C01C6BDBF675F3FBFEF4B3F5ABB013F
00000000ADDF0CC0C2C12D40000000002CC995BEEACB743FA54D353F048E243F
79E516BF3E22FEBF1F2F21407C35BEBEC2E960BECEEB663FA391633F048E243F
79E516BF3E22FEBF1F2F21407C35BEBEC2E960BECEEB663F3C9FB13E92204C3E
DA75C7BEFD6AD0BF21CB2E40EA05F5BE8C01C6BDBF675F3F3C9FB13ED3F77A3F
DA75C7BE1477C2BF6A692E4037951BBFF5617A3D95AF4A3F87C12C3ED3F77A3F
79E516BF6EE0ECBF0EF82240457122BF1CC18DBD8A0D453F87C12C3E92204C3E
DA75C7BEFD6AD0BF21CB2E40EA05F5BE8C01C6BDBF675F3F3C9FB13E92204C3E
00000000B3B3A2BF27673C400000000066C1B2BC00F07F3F3C9FB13ED3F77A3F
00000000BB0D98BFC7DA394000000000DB496D3EF207793F87C12C3ED3F77A3F
DA75C7BE1477C2BF6A692E4037951BBFF5617A3D95AF4A3F87C12C3E92204C3E
00000000EF0318BFDC2B3E400000000017B90BBEFB997D3FF565993E5186EA3E
0000000003ED8E3D1E70434000000000B0C1D73DFD917E3F365A963E50C73F3F
4E9CC4BEDE76F9BED3F53740DC11EEBE3E019FBBC5A1623F9928223E1FF7FD3E
295C1BBF47AA85BF857B2C4076DDBABE7771BBBDDA2D6D3F3C9FB13E92204C3E
4E9CC4BEDE76F9BED3F53740DC11EEBE3E019FBBC5A1623F3C9FB13ED3F77A3F
4E9CC4BEE353D0BE403037403A0D1DBFFB61FD3D8FA7473F87C12C3ED3F77A3F
295C1BBFF30270BF85EC2D40040902BF8A0145BDB8295C3F87C12C3E92204C3E
4E9CC4BEDE76F9BED3F53740DC11EEBE3E019FBBC5A1623F3C9FB13E92204C3E
0000000003ED8E3D1E70434000000000B0C1D73DFD917E3F3C9FB13ED3F77A3F
000000008178FD3D00744040000000009A01CD3ED5936A3F87C12C3ED3F77A3F
4E9CC4BEE353D0BE403037403A0D1DBFFB61FD3D8FA7473F87C12C3E92204C3E
4E9CC43EDE76F9BED3F53740DC11EE3E3E019FBBC5A1623F3C9FB13E92204C3E
4E9CC43EE353D0BE403037403A0D1D3FFB61FD3D8FA7473F87C12C3E92204C3E
295C1B3F47AA85BF857B2C4076DDBA3E7771BBBDDA2D6D3F3C9FB13E92204C3E
295C1B3FF30270BF85EC2D400409023F8A0145BDB8295C3F87C12C3E92204C3E
4E9CC43EE353D0BE403037403A0D1D3FFB61FD3D8FA7473F87C12C3ED3F77A3F
4E9CC43EDE76F9BED3F53740DC11EE3E3E019FBBC5A1623F3C9FB13ED3F77A3F
295C1B3F47AA85BF857B2C4076DDBA3E7771BBBDDA2D6D3F21E4BC3C7FBF783E
4E9CC43EDE76F9BED3F53740DC11EE3E3E019FBBC5A1623F9928223E1FF7FD3E
DA75C73EFD6AD0BF21CB2E40EA05F53E8C01C6BDBF675F3F3C9FB13E92204C3E
DA75C73E1477C2BF6A692E4037951B3FF5617A3D95AF4A3F87C12C3E92204C3E
79E5163F3E22FEBF1F2F21407C35BE3EC2E960BECEEB663F3C9FB13E92204C3E
79E5163F6EE0ECBF0EF822404571223F1CC18DBD8A0D453F87C12C3E92204C3E
DA75C73E1477C2BF6A692E4037951B3FF5617A3D95AF4A3F87C12C3ED3F77A3F
DA75C73EFD6AD0BF21CB2E40EA05F53E8C01C6BDBF675F3F3C9FB13ED3F77A3F
79E5163F3E22FEBF1F2F21407C35BE3EC2E960BECEEB663FA391633F048E243F
DA75C73EFD6AD0BF21CB2E40EA05F53E8C01C6BDBF675F3FBFEF4B3F5ABB013F
CC4311409B8FFF3FF7AF143F31A5183FFAE17C3D9AE54CBF3FFE363FFDDC103E
4D68F23F75C93940E2220F3F64F1B13D56C1AABDFC217EBF715AA83E48360B3F
77870D4075C93940E2220F3F11BD083F18E10BBEAB9155BFF1651A3FA25D0D3F
1095E43F19CBE03FA439A23E19690C3E6EC1363DFB517DBFA3E98C3E29B2563B
54E1773FD7A00540FB22A1BD74393A3F94F9C9BE1FB90FBF7CD31FC0E61F4D3E
9F02603D575FF13F240E59B95D532EBFB2E5D8BE32E918BFF4DF1BC07F4E213F
EAEB293E3C4F2340349EC0BE32D998BE54212A3EE19570BF7AFF30C043381E3F
84665B3F5470244033C5B4BE64D5B13E4E01273ED9656CBFE31A2FC01D74593E
84665B3FC85FC83FCB2FD33EACCF553F0ED706BF43B9213E198C10C0B0CB403E
EAEB293E255B953F18082E3F71A5B8BED16568BFB6215B3E6EC006C0AA64243F
9F02603D575FF13F240E59B95D532EBFB2E5D8BE32E918BF7CD31FC0E61F4D3E
9F02603D611632408E3D073F63BF31BFD555EA3E1C290E3FF4DF1BC07F4E213F
EAEB293E4FE94F408B70933DACC5D5BE7A0B3D3F0F8B07BF7AFF30C043381E3F
EAEB293E3C4F2340349EC0BE32D998BE54212A3EE19570BFE31A2FC01D74593E
EAEB293E255B953F18082E3F71A5B8BED16568BFB6215B3E198C10C0B0CB403E
EAEB293E7B3004400A65793FC3B961BEB9A1DC3DF02B783F6EC006C0AA64243F
54E1773F999E3D409819C63E6C2F363FCCD9E53E15530A3F80D31FC0E61F4D3E
54E1773FD7A00540FB22A1BD74393A3F94F9C9BE1FB90FBFF4DF1BC07F4E213F
84665B3F5470244033C5B4BE64D5B13E4E01273ED9656CBF7AFF30C043381E3F
84665B3FF0164F4036EA613DAAF1D43E73B7393F195F0CBFE31A2FC01D74593E
84665B3FE5281E40355D233F456B223F34E1993D8AEF443F198C10C0B0CB403E
84665B3FC85FC83FCB2FD33EACCF553F0ED706BF43B9213E6EC006C0AA64243F
9F02603D611632408E3D073F63BF31BFD555EA3E1C290E3F7CD31FC0E61F4D3E
54E1773F999E3D409819C63E6C2F363FCCD9E53E15530A3FF4DF1BC07F4E213F
84665B3FF0164F4036EA613DAAF1D43E73B7393F195F0CBF7AFF30C043381E3F
EAEB293E4FE94F408B70933DACC5D5BE7A0B3D3F0F8B07BFE31A2FC01D74593E
EAEB293E7B3004400A65793FC3B961BEB9A1DC3DF02B783F198C10C0B0CB403E
84665B3FE5281E40355D233F456B223F34E1993D8AEF443F6EC006C0AA64243F
C4424D3F3A9623401E6E8FBE2A2715BF9C314E3FBC21DE3DD80B793F7EA92B3F
EA7A623E7446234025B392BE256F123FA019503FC031E03DCD58483F11FD2A3F
EA7A623E12A43C40F1D56E3E1C0F0E3FCAD1E43DA60753BFCD58483FBCCF613F
C4424D3F7D583B40E7A8533E335F19BFB941DC3D961B4BBFD80B793F19035F3F
EA7A623E910C284063D2AFBE037F013F734B393FE03DF0BE198C10C0B0CB403E
EA7A623E7446234025B392BE256F123FA019503FC031E03D6EC006C0AA64243F
C4424D3F3A9623401E6E8FBE2A2715BF9C314E3FBC21DE3D7AFF30C043381E3F
C4424D3F575C28407E8DACBEE01DF0BE79673C3FF4F9F9BEE31A2FC01D74593E
EA7A623E3DD14B4029B2563D68D5B33EB171D83DDC276EBF198C10C0B0CB403E
EA7A623E12A43C40F1D56E3E1C0F0E3FCAD1E43DA60753BF6EC006C0AA64243F
EA7A623E7446234025B392BE256F123FA019503FC031E03D7AFF30C043381E3F
EA7A623E910C284063D2AFBE037F013F734B393FE03DF0BEE31A2FC01D74593E
C4424D3F575C28407E8DACBEE01DF0BE79673C3FF4F9F9BE198C10C0B0CB403E
C4424D3F3A9623401E6E8FBE2A2715BF9C314E3FBC21DE3D6EC006C0AA64243F
C4424D3F7D583B40E7A8533E335F19BFB941DC3D961B4BBF7AFF30C043381E3F
C4424D3FA9854A40E8F9D33C7A25BDBE9351C93DD98B6CBFE31A2FC01D74593E
C4424D3FA9854A40E8F9D33C7A25BDBE9351C93DD98B6CBF198C10C0B0CB403E
C4424D3F7D583B40E7A8533E335F19BFB941DC3D961B4BBF6EC006C0AA64243F
EA7A623E12A43C40F1D56E3E1C0F0E3FCAD1E43DA60753BF7AFF30C043381E3F
EA7A623E3DD14B4029B2563D68D5B33EB171D83DDC276EBFE31A2FC01D74593E
84665B3FF0164F4036EA613DAAF1D43E73B7393F195F0CBF198C10C0B0CB403E
C4424D3FA9854A40E8F9D33C7A25BDBE9351C93DD98B6CBF6EC006C0AA64243F
EA7A623E3DD14B4029B2563D68D5B33EB171D83DDC276EBF7AFF30C043381E3F
84665B3F5470244033C5B4BE64D5B13E4E01273ED9656CBF198C10C0B0CB403E
C4424D3F575C28407E8DACBEE01DF0BE79673C3FF4F9F9BE6EC006C0AA64243F
C4424D3FA9854A40E8F9D33C7A25BDBE9351C93DD98B6CBF7AFF30C043381E3F
EAEB293E4FE94F408B70933DACC5D5BE7A0B3D3F0F8B07BF198C10C0B0CB403E
EA7A623E3DD14B4029B2563D68D5B33EB171D83DDC276EBF6EC006C0AA64243F
EA7A623E910C284063D2AFBE037F013F734B393FE03DF0BE7AFF30C043381E3F
EAEB293E3C4F2340349EC0BE32D998BE54212A3EE19570BF198C10C0B0CB403E
EA7A623E910C284063D2AFBE037F013F734B393FE03DF0BE6EC006C0AA64243F
C4424D3F575C28407E8DACBEE01DF0BE79673C3FF4F9F9BE7AFF30C043381E3F
EAEB293E255B953F18082E3F71A5B8BED16568BFB6215B3E7AFF30C043381E3F
84665B3FC85FC83FCB2FD33EACCF553F0ED706BF43B9213EE31A2FC01D74593E
C7BA7C3FEF6F3F40BAF4273F4CF525BF8575C23E52ED28BF198C10C0B0CB403E
5A2E573FFC8CE53F581FB73EF6C1FABC3E011F3EFAC37CBFE31A2FC01D74593E
4B3A823F70430CBCC365553E498124BC18090C3EFB937DBF5985393F30A0673F
5A2E573FFC8CE53F581FB73EF6C1FABC3E011F3EFAC37CBF3E0570BEAA0A593F
72DD7C40EAB3073F1344ADBE68F7333F436DA13E462F233FC635CE3E03051A3F
FD835040F75A503C5648393F079B033F14290A3F55A92A3F350B003F3D82DBBD
2F325E400D8917BF50003D3FACE7553F059182BD17AF0B3F43C6033E92AE29BE
F73964408B523A3F6397F8BEA8E5D3BED2DD683F24E1113D5A4B213FABEB203F
1095E43F19CBE03FA439A23E19690C3E6EC1363DFB517DBF6EA76D3F29B2563B
62A1BA3F75C93940E2220F3F8941C4BD1A010DBCFECD7EBF8E060C3FC79E093F
4D68F23F75C93940E2220F3F64F1B13D56C1AABDFC217EBF64AD7D3F48360B3F
5A2E573FFC8CE53F581FB73EF6C1FABC3E011F3EFAC37CBFE3FF8EBACDAC25B9
5D19B83F4B2E84401F2F823F818DC0BEF209F93E94E1493F0DFE9E3DE6B27D3F
84BACA3F439A8340BF497F3F9001C83DBC39DE3ECB43653FD68D973DFF096A3F
46EDCA3FD81F90402E70493FA6C1D23C1C050E3FAAE1543FC51D0FBED9B46A3F
9204BD3FD81F90402E70493FEB81F5BE0FA5073F6611333F9F90FDBD44C4793F
A165A53F12882C40E49FD73FF031F8BD394F1C3F9157483FBCB1303FAC03803F
83DEC33F3A7928404AB6CE3FFB51FD3D581DAC3EDE016F3F3C83323F3CA2663F
5E14933F314177402446973EAE2357BF14018ABC15AB0ABF05C0143F2D997F3F
08209F3F3A247940F60D343FCF5367BF5A2DAD3E0D7D863EAE0D1D3F0ABD6A3F
E354AD3F20718C4064E8F03EDEE76EBF1F698F3ECD61663E3CFAF73E5F24683F
9697A03F74C08640A75A1B3EB3B559BF5E012FBC0DA306BF787CFB3E2D997F3F
C7BA7C3FEF6F3F40BAF4273F4CF525BF8575C23E52ED28BF2C464D3F2D997F3F
43AA483FD8811E40BBD2B83F18130CBFAAC5543F9541CA3D74797F3F0C5C6E3F
65C50C40A660724005DB583E1A110D3F1AF18CBE93A949BFF7E920BF98FA893E
FBAF1740DAC97A400DA51A3FF82F7C3F1221093EB961DC3D569E08BF9088E13E
B3961F4038863040C6DE8F3FF6177B3F3379193EFEC1FE3D938C3CBE5DE0BA3E
77870D4075C93940E2220F3F11BD083F18E10BBEAB9155BF336BB1BE45664E3E
0C780C40A37784403927963D2D41163F2D5D96BE822541BF86AD59BF73F19F3E
B9891440D2738A408693E43EF6E37A3F33B9193E0B41053E5E0E47BF9B550B3F
DB360240439A8340BF497F3FAD55D63EA8C5D33E9EF74E3F19ACE8BE0150393F
F5D705403A7928404AB6CE3F8EC5C63E5E25AF3EB60F5B3FFE9D2DBD170E343F
DAFFFE3FD81F90402E70493F15430A3F04CB013F58F52B3F423F37BFD861483F
65C50C40A660724005DB583E1A110D3F1AF18CBE93A949BF3CFA473FF65DD13D
5E10F33FA660724005DB583E000000007631BBBEDD456EBF4758FC3EBA84C33C
6153F33FA37784403927963D000000003A319DBEE7A173BF27DD023F6B28A53E
0C780C40A37784403927963D2D41163F2D5D96BE822541BFF73F243F5721A53E
5E10F33FA660724005DB583E000000007631BBBEDD456EBF30829E3ED53C7B3F
65C50C40A660724005DB583E1A110D3F1AF18CBE93A949BF03B1103F36587C3F
84BACA3F439A8340BF497F3F9001C83DBC39DE3ECB43653F7497E4BE0115803F
83DEC33F3A7928404AB6CE3FFB51FD3D581DAC3EDE016F3F26C507BD8319833F
DAFFFE3FD81F90402E70493F15430A3F04CB013F58F52B3FBF463ABF5262373F
46EDCA3FD81F90402E70493FA6C1D23C1C050E3FAAE1543F586F38BF5053773F
62BCBC3FA660724005DB583E3AC11CBE62EDB0BEDA016DBF10CF623ECF69D63D
280CC03FA37784403927963D19A10CBE375D9BBEE35F71BFAD17CB3ECD72B13E
62BCBC3FA660724005DB583E3AC11CBE62EDB0BEDA016DBFC6A7043F85B4803F
5E10F33FA660724005DB583E000000007631BBBEDD456EBFE36B6B3FD53C7B3F
5E14933F314177402446973EAE2357BF14018ABC15AB0ABF000000003145D13E
9697A03F74C08640A75A1B3EB3B559BF5E012FBC0DA306BF3563893E7175E03E
C7BA7C3FEF6F3F40BAF4273F4CF525BF8575C23E52ED28BF80D7673D98BD103F
5E14933F314177402446973EAE2357BF14018ABC15AB0ABF679CA63DC957803F
08209F3F3A247940F60D343FCF5367BF5A2DAD3E0D7D863EC421DB3DB325953F
43AA483FD8811E40BBD2B83F18130CBFAAC5543F9541CA3D5B3F413F7A199D3F
E354AD3F20718C4064E8F03EDEE76EBF1F698F3ECD61663E8DD506BE61C68C3F
FBAFA93F31B3A73EFED5133F982DCC3E36319B3DD4F369BFE84C523FFD4A2F3F
5A2E573FFC8CE53F581FB73EF6C1FABC3E011F3EFAC37CBFC537D43D4297E83E
1095E43F19CBE03FA439A23E19690C3E6EC1363DFB517DBF594C5C3EACC9853F
4B3A823F70430CBCC365553E498124BC18090C3EFB937DBFCE6E9B3F53AFE33E
FE28FA3F18EB8FBF44FC63BEC2F5603FE631733EA8F1D3BE81B17E3DEFE5063F
6EC4E53FFF5CB2BF4A0DAD3EA569523F68C5B3BECB9DE53E1D74493E508C7C3E
785FFB3F9147DABF2B864BBEB9635C3F021F01BF100188BD118FB43E2CD7033F
15A8D53F780DDABE5C3AA63D95B54A3F04F1013F5CDDADBE5E83363F8105C03E
6EC4E53FFF5CB2BF4A0DAD3EA569523F68C5B3BECB9DE53E842E993F508C7C3E
FE28FA3F18EB8FBF44FC63BEC2F5603FE631733EA8F1D3BE8CF5873FEFE5063F
5DC3443FD05F18C06EDB37BE574B2B3FC771633E6B8935BF33DC2C3FE621273F
618E623F03D01BC018B5EB3EBC055E3FED59F6BE05A9023E9DDA413FB952AF3E
93E25F3F836C37C01B4CA3BD75BF3A3F23AF11BF8541C2BE083C6C3F2E55253F
95294A3F560DF0BF3B38383E62C1303FACD1D53E2E3117BF2C45EA3E452DDD3E
4B3A823F2F16C6BFD922F93EE341713E8E19C7BEC8FF63BF0000803F0000803F
87C44D3FCE1712C05E9F8F3FC99164BF7DA1BEBDC391E1BE0000000000000000
FBAFA93F79EB8CBF22A60A4063A131BDCA11E53DFC257E3F000000000000803F
FBAFA93F79EB8CBF22A60A4063A131BDCA11E53DFC257E3F0000803F0000803F
87C44D3FCE1712C05E9F8F3FC99164BF7DA1BEBDC391E1BE000000000000803F
EA24893F8D621BC070D20F409CEB4DBF36E11A3D30C7173F0000000000000000
FBAFA93F79EB8CBF22A60A4063A131BDCA11E53DFC257E3FA1F657BFE469013F
EA24893F8D621BC070D20F409CEB4DBF36E11A3D30C7173F94DBBE3E2270243F
1897A23FAABB1CC03EB011403F811FBEC951E4BDF7417B3FC767C23E5166EB3E
D6A91B4031B3A73EFED5133F2791933D1AF10C3FAAE754BF9CFD653F9813B43F
1095E43F19CBE03FA439A23E19690C3E6EC1363DFB517DBF594C5C3EABE9883F
CC4311409B8FFF3FF7AF143F31A5183FFAE17C3D9AE54CBF438D42BDDD26B43F
FBAFA93F31B3A73EFED5133F982DCC3E36319B3DD4F369BFE84C523FFC8A353F
454BDE3E68B02140F739DA3FA9A9D43ED2CD683F6141B03CE1F1E7BF12A30B3F
43AA483FD8811E40BBD2B83F18130CBFAAC5543F9541CA3D2B85F4BF420ACE3E
A165A53F12882C40E49FD73FF031F8BD394F1C3F9157483F6B29E4BFD6E04D3E
36057A3F2FA7F43F9DF7F73FC619633E7615BB3ECF6D673FBD37C0BFDF51EB3E
454BDE3E3B8A0440C1E30440175B0B3F5CE9AD3E8959443F0876CCBF45F2213F
29954C3F0E673E3FCE382C400367013F6C39B63E9235493F15AA7BBF2A55323F
876C703EC9E6AC3F645C3A403177183F09AF043F3A1B1D3F800F803F1A33F93E
29954C3F0E673E3FCE382C400367013F6C39B63E9235493F6C41533FCDCDB73E
D6A91B4031B3A73EFED5133F2791933D1AF10C3FAAE754BF1959843F5E11343F
F73964408B523A3F6397F8BEA8E5D3BED2DD683F24E1113D40171D3FA800683F
43FF3440B7D2EB3C420A7EBEE1A1F0BEB381D9BDC14F60BF66C0693FE8BE743F
4A416540282B0A3F916121BF83BDC1BE85B142BED0E767BFC05B203F166A793F
D6A91B4031B3A73EFED5133F2791933D1AF10C3FAAE754BF5054723FAC72E1BD
7DCBDE3F473BC440FB5C01BF00000000D1BB683FAB41D53E8D2643BF03B26B3F
3D47D03F473BC440FB5C01BFFBB97DBED0CD673F615DB03EC05E3DBFFAF17F3F
F1F5653FEA095FC08109C63F4C3B26BFA175D0BE496D24BFCCB42F408ECBF03E
87C44D3FCE1712C05E9F8F3FC99164BF7DA1BEBDC391E1BE4E9C1C40F71D033D
2E37C23FCE1712C0C170983F7C29BE3E414DA0BEC0C15FBF481A0E4083A6653E
DB6EBA3F05FA7DC02541D43F24C9113F59972CBFE2C5F0BEEB522C402880463F
126B813F05FA7DC07715E43F18190CBF5FB32FBFEA39F53E179B36403CBC2B3F
021FAE402F6D1F4051A208C07219B93E76E13ABDDD636EBFF565593E5F960E3F
02628E40CA6DB13F4B58A9BF8029C0BE300D98BEC2C560BF0491293F5F960E3F
00F28D405BE9C53FEF9199BF3C1F1EBF835F413FC0F95F3E6DC9263F878CFF3E
708AAD408F8D2C405DA8F8BF6791B33DFDAF7E3F98E14B3D5A12503EBC1FF73E
4A416540282B0A3F916121BF83BDC1BE85B142BED0E767BFE6AD883F166A093F
F73964408B523A3F6397F8BEA8E5D3BED2DD683F24E1113D9E0B873F5001F03E
E0D8DF3FA3C8AABF25AE773F38399CBEBE3DDFBEB1BB58BFB399C33F895C683F
8E915E40D6535FBFCAE1FB3E4393213F5B5D2DBF8399C1BE0401823F3E077E3F
573D2B40A984A9BFAFD0273FE001703B5C252EBF77A13BBF65FE1D3FD07C063F
43FF3440B7D2EB3C420A7EBEE1A1F0BEB381D9BDC14F60BF61C17D3A3E077E3F
16A60C40863A0EC01005E33F98D34B3F334D19BF61B1B0BD0401823F6AFB173D
E0D8DF3FA3C8AABF25AE773F38399CBEBE3DDFBEB1BB58BF61C17D3A6AFB173D
D6A91B4031B3A73EFED5133F2791933D1AF10C3FAAE754BF670B483DE124993F
06F430409E96DFBEEDB9B63FA239513FD6F16A3E0F4F073F51BBD73E88F78C3F
FD835040F75A503C5648393F079B033F14290A3F55A92A3F02D3293EE1F06E3F
537A254053B19BBFE944DA3F78313C3F8781C3BC5B6F2D3F95D4313FDE398E3F
2F325E400D8917BF50003D3FACE7553F059182BD17AF0B3F8315B73E79EB483F
16A60C40863A0EC01005E33F98D34B3F334D19BF61B1B0BD3B6F853FEAB48A3F
8E915E40D6535FBFCAE1FB3E4393213F5B5D2DBF8399C1BE9FE3DB3EE624303F
876C703EC9E6AC3F645C3A403177183F09AF043F3A1B1D3F45D79DBFA642643F
295C1B3F47AA85BF857B2C4076DDBA3E7771BBBDDA2D6D3F8F1B86BEB5163E3F
22A5913F47AA85BF03231F40594F2C3FC141E0BD763B3B3FF54883BE8923033F
3E59AB3FF6B4893F5E2C08404B75A53EC6F1623ED7856B3F0C3A8FBFA774B03E
7043AA3F0AF5C8BF41D8193E9561CABEBD575EBF320D99BEE10D293EC26D4D3E
C1A9A93FD2361ABF494ADABD09B184BECAC1643EE18B70BFE3A6263E50FC90BE
D367EF3FF70095BFE10882BE90C1C73C94D1C93DFDAB7EBFA7CFDE3E23A218BB
4D9EF03F705DDFBFAA9B6BBE5D41AEBC463B23BF8A2145BF8A3CE13EBE87933E
4B3A823F2F16C6BFD922F93EE341713E8E19C7BEC8FF63BF541DA83FE8BC923F
4B3A823F70430CBCC365553E498124BC18090C3EFB937DBFA8FC8F3FE8BC923F
C1A9A93FD2361ABF494ADABD09B184BECAC1643EE18B70BFA8FC8F3F7EC34C3F
7043AA3F0AF5C8BF41D8193E9561CABEBD575EBF320D99BE541DA83F7EC34C3F
C1A9A93FD2361ABF494ADABD09B184BECAC1643EE18B70BF3FC4EE3F5B3FDD3E
15A8D53F780DDABE5C3AA63D95B54A3F04F1013F5CDDADBE8410D43F8467323F
FE28FA3F18EB8FBF44FC63BEC2F5603FE631733EA8F1D3BEBB2A0F40D960253F
D367EF3FF70095BFE10882BE90C1C73C94D1C93DFDAB7EBF3B51124098DB2D3E
FBAFA93F31B3A73EFED5133F982DCC3E36319B3DD4F369BF0000803F0000803F
B266C83FA3C8AABF25AE773F0F7F073F1B530DBF4AED24BF0000803F00000000
6EC4E53FFF5CB2BF4A0DAD3EA569523F68C5B3BECB9DE53E0000000000000000
15A8D53F780DDABE5C3AA63D95B54A3F04F1013F5CDDADBE000000000000803F
6EC4E53FFF5CB2BF4A0DAD3EA569523F68C5B3BECB9DE53EEC88CB3E508C7C3E
7043AA3F0AF5C8BF41D8193E9561CABEBD575EBF320D99BEE10D293ECD56AE3E
4D9EF03F705DDFBFAA9B6BBE5D41AEBC463B23BF8A2145BF8A3CE13EDCD9073F
785FFB3F9147DABF2B864BBEB9635C3F021F01BF100188BDE0BEF63E2CD7033F
B266C83FA3C8AABF25AE773F0F7F073F1B530DBF4AED24BF0000803F0000803F
4B3A823F2F16C6BFD922F93EE341713E8E19C7BEC8FF63BF0000803F00000000
7043AA3F0AF5C8BF41D8193E9561CABEBD575EBF320D99BE0000000000000000
6EC4E53FFF5CB2BF4A0DAD3EA569523F68C5B3BECB9DE53E000000000000803F
BAA2943E1BDAEEBFD9CE373E2A3515BFAE39573E92EF48BF1A6A283FF032FB3E
95294A3F560DF0BF3B38383E62C1303FACD1D53E2E3117BF4128673F4CE1093F
5DC3443FD05F18C06EDB37BE574B2B3FC771633E6B8935BF0344593F0820493F
2A001A3FF64517C0E59C38BE7B69BDBE6201313DDB936DBF6397443F8A3E433F
4B3A823F2F16C6BFD922F93EE341713E8E19C7BEC8FF63BF36E58A3E4888923E
95294A3F560DF0BF3B38383E62C1303FACD1D53E2E3117BF6FD7933EEA23E83E
BAA2943E1BDAEEBFD9CE373E2A3515BFAE39573E92EF48BFFF22183EBA32E83E
618E623F03D01BC018B5EB3EBC055E3FED59F6BE05A9023EA5A17A3F0858C33E
4E43CC3ED0801CC0BC92EC3E221B11BFA6E152BF37811B3CCF663D3F4450AD3E
AA653B3FF9BD37C0B398B8BD056702BF84FF41BFA1B9D0BE601D5B3F7AAA233F
F7393A3FE7DF14C084A08F3FAB6D553F7389B9BEAB4DD5BE0000803F0000803F
4E43CC3ED0801CC0BC92EC3E221B11BFA6E152BF37811B3C0000000000000000
618E623F03D01BC018B5EB3EBC055E3FED59F6BE05A9023E000000000000803F
F7393A3FE7DF14C084A08F3FAB6D553F7389B9BEAB4DD5BE0000803F01C041BE
618E623F03D01BC018B5EB3EBC055E3FED59F6BE05A9023E0000000000000000
95294A3F560DF0BF3B38383E62C1303FACD1D53E2E3117BF000000000000803F
4E43CC3ED0801CC0BC92EC3E221B11BFA6E152BF37811B3C8140433F5B60AF3E
BAA2943E1BDAEEBFD9CE373E2A3515BFAE39573E92EF48BF6DE3E73E87DCDC3E
2A001A3FF64517C0E59C38BE7B69BDBE6201313DDB936DBFDAAC2A3FD8D7263F
AA653B3FF9BD37C0B398B8BD056702BF84FF41BFA1B9D0BE5AA16C3F09C1263F
BAA2943E1BDAEEBFD9CE373E2A3515BFAE39573E92EF48BFB2850C3FBA32E83E
4E43CC3ED0801CC0BC92EC3E221B11BFA6E152BF37811B3C08E6403F0A2DDB3E
F7E68F3E15535240AC1CFCBF9F654F3F92CDC8BEBE0DDFBECCB267BDEDF1EA3E
6764B03E52718040390F1FC098EB4B3FA801D4BB35BF1ABF57D1A7BE08E3F73E
035F613E65002740D597B9BFBAE55C3F77B1BBBE641DB2BEF914903EF166E53E
F7E68F3E5D165640B8CAF5BFA541523F36F99A3EEF89F73EABAE83BD7A50003F
035F613EBD382C408412B0BFC42B623F15898A3E88C5C33E116F8D3E7749FC3E
6764B03EB6BE83404CC718C0A8DF533F197D0C3FE191F03D179BA6BE26E2053F
52B9D93EF6CF60C0EDB76E3F8ECF463F9211C9BEF831FCBE95B5973F5EA2123F
40BE0C3F096F65C00822C33F723D393F61A930BF9A014D3CDF50683FE50E2B3F
E542253E9A0B71C058AB563F054F023F94E149BF619DB0BE0CEAA53F38F73F3F
022D153F73F257C081CD9B3FCEE1663F04D181BE6605B3BE952C7F3F8960043F
52B9D93EF6CF60C0EDB76E3F8ECF463F9211C9BEF831FCBE23D9893F10EA523E
7D5E893E30664DC0B494303F92CDC83E7EC1BE3CD7676BBF257A0740C361493E
56BAD33EA7B03DC05474683F083F043F0AD1843EA2E350BF8253833FE3FB623D
022D153F73F257C081CD9B3FCEE1663F04D181BE6605B3BE0A4A8F3F6B82A83D
E542253E9A0B71C058AB563F054F023F94E149BF619DB0BE3C68843F75C9A83E
A2D3B33D23F471C066FA593F7BA13D3EBDB35EBFD401EABE7DB0743F75C9A83E
7D5E893E30664DC0B494303F92CDC83E7EC1BE3CD7676BBFC1AB7D3FF228453E
93E25F3F836C37C01B4CA3BD75BF3A3F23AF11BF8541C2BEA6D65B3F6551843F
AA653B3FF9BD37C0B398B8BD056702BF84FF41BFA1B9D0BED2C2493F240C833F
4B3A823F2F16C6BFD922F93EE341713E8E19C7BEC8FF63BF32AB3F3FF4A9A33E
7FBF843F3D7DFCBF38F3D93FEA05753F06D182BE17B10BBEFF205E3F54FD3A3E
F7393A3FE7DF14C084A08F3FAB6D553F7389B9BEAB4DD5BE8CDC6F3FCE88623E
F7393A3FE7DF14C084A08F3FAB6D553F7389B9BEAB4DD5BE7CB6223F8CDC6F3F
7FBF843F3D7DFCBF38F3D93FEA05753F06D182BE17B10BBE287D313FFF205E3F
35EE6D3F603A28C080F2DD3FDF476F3FCED966BE19A98CBEC9592C3F9C6E7D3F
16A60C40863A0EC01005E33F98D34B3F334D19BF61B1B0BD2DB1FA3F594EFA3E
B266C83FA3C8AABF25AE773F0F7F073F1B530DBF4AED24BFFFCE463F83DE573F
16A60C40863A0EC01005E33F98D34B3F334D19BF61B1B0BD14E7823F2B87823F
2E37C23FCE1712C0C170983F7C29BE3E414DA0BEC0C15FBF8F517E3FDD43523F
4B3A823F2F16C6BFD922F93EE341713E8E19C7BEC8FF63BF7D94493F91812C3F
87C44D3FCE1712C05E9F8F3FC99164BF7DA1BEBDC391E1BEAD32813F7D79293F
E0D8DF3FA3C8AABF25AE773F38399CBEBE3DDFBEB1BB58BF8654453F8192623F
FE28FA3F18EB8FBF44FC63BEC2F5603FE631733EA8F1D3BEFC51F43E31D0B5BC
785FFB3F9147DABF2B864BBEB9635C3F021F01BF100188BDE0BEF63EDD5B893E
02628E40CA6DB13F4B58A9BF8029C0BE300D98BEC2C560BF51DE0B3F1364C43E
021FAE402F6D1F4051A208C07219B93E76E13ABDDD636EBF5725A9BEC938DE3E
A7D8B1407FDA17403865F0BFD8CD6B3F72F9B8BE295114BE96B101BEDBDEFE3E
CF5A924044C1A83F931B93BF70E1373F60D12FBFC8D1E3BDBABC153FE76EE73E
708AAD408F8D2C405DA8F8BF6791B33DFDAF7E3F98E14B3D5725A9BEF86F1A3F
66B1B1405B791C40B91BE8BFA77F533FF189783E0427023F655213BE8178093F
00F28D405BE9C53FEF9199BF3C1F1EBF835F413FC0F95F3EA54A003F4701163F
6B4A92400D19B53F204488BF1B4D0D3F5ED12E3EA2F1503F86E70D3FD653033F
4A416540282B0A3F916121BF83BDC1BE85B142BED0E767BF9945AA3F022CD23E
FF037D40F25ED53EDE3DE0BE74EF393F401520BF240D92BE5649AA3FA0A4F03E
F73964408B523A3F6397F8BEA8E5D3BED2DD683F24E1113D8CBBA53F003C163F
72DD7C40EAB3073F1344ADBE68F7333F436DA13E462F233F01DFA73F8334073F
43FF3440B7D2EB3C420A7EBEE1A1F0BEB381D9BDC14F60BFAE9F86BE9338EB3D
4A416540282B0A3F916121BF83BDC1BE85B142BED0E767BF25943E3C00A9193F
FF037D40F25ED53EDE3DE0BE74EF393F401520BF240D92BEEE7A993EABEB203F
8E915E40D6535FBFCAE1FB3E4393213F5B5D2DBF8399C1BE02BB5ABDEBC9FCBD
3274103FA8AA183F0280F33E30D5173F9C0B4EBF3F419FBC51F79F3F8B6EF53E
3274103F8063A13F7DB32DBE98DF4B3F42F1A0BE094104BF4051893FD53EED3E
3274103FA7E9AF3FC6C466BD92D7483F0ECF063F4F99A73E3203893F2443023F
3274103FFBE6323F164D1F3F5DA92E3FED8176BD75853A3F855CA13F30F6023F
F1F5653FEA095FC08109C63F4C3B26BFA175D0BE496D24BF34D9C13F5DE1353F
87C44D3FCE1712C05E9F8F3FC99164BF7DA1BEBDC391E1BE05C24A3FC24BCC3F
93E4F93DC5FFFF3F32755BBFBC3F5E3F01BD80BEB60DDBBEE84B273FEF6FE83E
93E4F93DF64207408E743EBFB8015C3FAF55D73E2AD1943EE9D7263F0A49063F
E354AD3F263798408B50ACBD97AD4BBFF401FABD30E517BF8542B43E2D997F3F
2EAEC33F473BC440FB5C01BF815940BF4399213F8AC9443EBA85AE3CC91E6D3F
2EAEC33F50EDC34070273DBF517728BFE631F33E2B8D15BFE65DF5B999637D3F
35EE6D3F603A28C080F2DD3FDF476F3FCED966BE19A98CBED591073FB62DAA3E
022D153F73F257C081CD9B3FCEE1663F04D181BE6605B3BE0A4A8F3F810776BE
56BAD33EA7B03DC05474683F083F043F0AD1843EA2E350BF8253833F810776BE
F7393A3FE7DF14C084A08F3FAB6D553F7389B9BEAB4DD5BEA8FC8F3F471D0DBF
35EE6D3F603A28C080F2DD3FDF476F3FCED966BE19A98CBE8C2F9A3F471D0DBF
64941540263798408B50ACBDCA2F653F600130BDC605E3BEC53A99BF6154063F
4DBD064079EB8CBF22A60A4014E1093F38E11BBDAF77573F21E4BE3FFCC8213F
537A254053B19BBFE944DA3F78313C3F8781C3BC5B6F2D3F0E65C43F8410703E
06F430409E96DFBEEDB9B63FA239513FD6F16A3E0F4F073F7BC1993FD410153D
87A42D405182C03F7446B43FF7457B3FD0C1E73D3CC11D3E187B0F3FC6DD703F
06F430409E96DFBEEDB9B63FA239513FD6F16A3E0F4F073F25756A3F0000803F
D6A91B4031B3A73EFED5133F2791933D1AF10C3FAAE754BFC2DA4C3F07D04F3F
CC4311409B8FFF3FF7AF143F31A5183FFAE17C3D9AE54CBFEBFFFC3ECD72413F
5DA90740F6B4893F5E2C08409565CA3E52E9283ECF51673FDAAD1D3FD89E213F
87A42D405182C03F7446B43FF7457B3FD0C1E73D3CC11D3E8869BF3EEEE91A3E
CC4311409B8FFF3FF7AF143F31A5183FFAE17C3D9AE54CBF01F77CBD82FDD7BC
FDF8F13FAABB1CC0FF95074010E9073FDB696DBEA1A7503FE55F0240E50B423F
1897A23FAABB1CC03EB011403F811FBEC951E4BDF7417B3F3A1E034062DC8F3F
126B813F05FA7DC07715E43F18190CBF5FB32FBFEA39F53E15C62C403B18853F
FBAFA93F79EB8CBF22A60A4063A131BDCA11E53DFC257E3FE888C03F7FF6893F
126B813F05FA7DC07715E43F18190CBF5FB32FBFEA39F53E50FBEB3F5166EB3E
7FBF843F3D7DFCBF38F3D93FEA05753F06D182BE17B10BBE3FA9563E280B6F3E
FBAFA93F79EB8CBF22A60A4063A131BDCA11E53DFC257E3F058C6EBE47CAB63E
9E438B3F3E22FEBF545616408D6B463FE39171BE2C0D163F132B033EF209053F
73F67A3F7E8E36C0B62D0D408AD1443FE4D5F1BEB9ADDC3E7009F83E904B0C3F
79E5163F3E22FEBF1F2F21407C35BE3EC2E960BECEEB663FFA47FF3D8676463F
7023053F9F5A38C07C8010407AE13C3E0E3107BFA831543F228B003FD00B473F
7023053F9F5A38C07C8010407AE13C3E0E3107BFA831543F245ED63E766CAC3E
79E5163F3E22FEBF1F2F21407C35BE3EC2E960BECEEB663FFC8EE13E4CFF92BD
79E5163F3E22FEBF1F2F21407C35BE3EC2E960BECEEB663F3849F33C903232BE
024A8B3E096F65C051A0CB3F4001A03DBF4B5FBFEE29F73E0649673F8A8E583F
40BE0C3F096F65C00822C33F723D393F61A930BF9A014D3CDF50683FE50E3B3F
A2D3B33D23F471C066FA593F7BA13D3EBDB35EBFD401EABEA706A63F35295D3F
E542253E9A0B71C058AB563F054F023F94E149BF619DB0BE0CEAA53F38F74F3F
024A8B3E096F65C051A0CB3F4001A03DBF4B5FBFEE29F73EE290AD3E35D1233F
A2D3B33D23F471C066FA593F7BA13D3EBDB35EBFD401EABE61898F3E9390703F
A7B0014050EDC34070273DBF4983243F44D3213FBBA5DDBEC6A703C00796573F
A7B00140473BC440FB5C01BF7D9DBE3E9EED4E3FD381E93E31EEFABFD2C2713F
3E59AB3FF6B4893F5E2C08404B75A53EC6F1623ED7856B3FD7F8203F2BFC893F
B266C83FA3C8AABF25AE773F0F7F073F1B530DBF4AED24BF919CF43F020D363F
E0D8DF3FA3C8AABF25AE773F38399CBEBE3DDFBEB1BB58BF86ACF63F3A775B3F
6153F33FA37784403927963D000000003A319DBEE7A173BFDF6BCE3FB7EB913F
05A6ED3F263798408B50ACBD000000005EC9AEBEE19D70BFDAE3C33F67F0573F
64941540263798408B50ACBDCA2F653F600130BDC605E3BE3D48D33F67F0573F
0C780C40A37784403927963D2D41163F2D5D96BE822541BF3EAFCE3FB7EB913F
05A6ED3F263798408B50ACBD000000005EC9AEBEE19D70BF09A60E3F3F1BF93D
1A87E23F50EDC34070273DBF0000000008F5033FB75D5BBF1687033F39B50FBF
A7B0014050EDC34070273DBF4983243F44D3213FBBA5DDBE5261243F39B50FBF
64941540263798408B50ACBDCA2F653F600130BDC605E3BE84F1373F3F1BF93D
1A87E23F50EDC34070273DBF0000000008F5033FB75D5BBF1687033FAF935E3F
7DCBDE3F473BC440FB5C01BF00000000D1BB683FAB41D53E0397FF3E86AE403F
A7B00140473BC440FB5C01BF7D9DBE3E9EED4E3FD381E93E5261243F86AE403F
A7B0014050EDC34070273DBF4983243F44D3213FBBA5DDBE5261243FAF935E3F
7DCBDE3F473BC440FB5C01BF00000000D1BB683FAB41D53EAA82FFBF8FDE823F
A7B00140473BC440FB5C01BF7D9DBE3E9EED4E3FD381E93E1F1400C09AD0583F
280CC03FA37784403927963D19A10CBE375D9BBEE35F71BF344BB63FB7EB913F
2B87C63F263798408B50ACBDB6C15ABD69ADB4BEDE216FBFA933B13F67F0573F
2B87C63F263798408B50ACBDB6C15ABD69ADB4BEDE216FBF4E0ECF3E3F1BF93D
65A6D63F50EDC34070273DBF0000000008F5033FB75D5BBFD34CEF3E39B50FBF
65A6D63F50EDC34070273DBF0000000008F5033FB75D5BBFD34CEF3EAF935E3F
3D47D03F473BC440FB5C01BFFBB97DBED0CD673F615DB03E718EE23E86AE403F
36057A3F2FA7F43F9DF7F73FC619633E7615BB3ECF6D673F7099853FA070923F
3E59AB3FF6B4893F5E2C08404B75A53EC6F1623ED7856B3F0458AE3FEA05673F
56B66F3E6F59DE402904EE3FC80D643F06F9823E8035C03EA260A6BEEC690B3F
433DFD3D535B9F402103E93FC18D603F240192BBECD5F53EEA063A3E47740B3F
433DFD3D3BB69F40EEB5D83FCECD663FA001D0BBBB75DDBEA9DA3E3E5CC6053F
56B66F3E57B4DE40F6B6DD3FD4296A3F19818C3E30DD97BEF147A1BEA0C1063F
4C183D3EC80C594018B5EF3FA199503F2551123E20CF0F3F467C3F3FF2600B3F
4C183D3E98C25940DC67DF3FD4D1693FFB91FD3D8D8DC6BEEB1F403F56D7053F
454BDE3E3B8A0440C1E30440175B0B3F5CE9AD3E8959443FB2F19C3FCAA9093F
454BDE3E68B02140F739DA3FA9A9D43ED2CD683F6141B03C01319D3F58CB053F
454BDE3E3B8A0440C1E30440175B0B3F5CE9AD3E8959443F0280913F9F3BF13E
4C183D3EC80C594018B5EF3FA199503F2551123E20CF0F3FC66E573FB01D043F
433DFD3D535B9F402103E93FC18D603F240192BBECD5F53E39D6013F9738FA3E
56B66F3E6F59DE402904EE3FC80D643F06F9823E8035C03E508B313E9F3BF13E
4B3A823F2F16C6BFD922F93EE341713E8E19C7BEC8FF63BFA1A0C63F1FA0673F
9697A03F74C08640A75A1B3EB3B559BF5E012FBC0DA306BF4243A93FB7EB913F
E354AD3F263798408B50ACBD97AD4BBFF401FABD30E517BF4243A93F67F0573F
E354AD3F263798408B50ACBD97AD4BBFF401FABD30E517BFCEA99C3E3F1BF93D
2EAEC33F50EDC34070273DBF517728BFE631F33E2B8D15BF645CC93E39B50FBF
2EAEC33F50EDC34070273DBF517728BFE631F33E2B8D15BF645CC93EAF935E3F
2EAEC33F473BC440FB5C01BF815940BF4399213F8AC9443E645CC93E86AE403F
2EAEC33F473BC440FB5C01BF815940BF4399213F8AC9443E59DE39BF16F7893F
]
[
m_Materials
7
ships\\mi\\materials\\panels 22.prt
ships\\mi\\materials\\panels 06.prt
ships\\mi\\materials\\innards 3.prt
ships\\mi\\materials\\panels 12.prt
ships\\mi\\materials\\panels 02.prt
ships\\mi\\materials\\panels 01.prt
ships\\mi\\materials\\innards.prt
]
[
m_Triangles
1
7
48
040005000600
060007000400
080009000A00
0A000B000800
05002D002E00
2E0006000500
09002F003000
30000A000900
2D003B003C00
3C002E002D00
2F003D003E00
3E0030002F00
5D005E005F00
5F0060005D00
760077007800
780079007600
10010E010F01
240125012601
A901AA01AB01
AC01A901AB01
AB01AD01AC01
B601B701B801
5D00B601B801
B8015E005D00
5D00C701C801
C801B6015D00
B601C801B701
AC01CF01D001
D001A901AC01
A901D001AA01
6C0214021602
800281028202
FF0200030103
01030203FF02
5D0060001303
1303C7015D00
230324032503
250326032303
270328032903
29032A032703
2F0330032403
240323032F03
310332032803
280327033103
440345033003
30032F034403
460347033203
320331034603
12
B300B400B500
B600B700B800
B800B300B600
B300B800B400
910192019301
930194019101
ED01EE01EF01
EF01F001ED01
D302D402D502
D602D302D502
D502D702D602
D302D802D402
38
DC00DD00DE00
DE00DF00DC00
E000E100E200
E200E300E000
EE00EF00F000
F000F100EE00
F600F700F800
F800F900F600
110112011301
110114011201
140115011201
150113011201
360137013801
37014F015001
500138013701
550156014F01
4F0137015501
360168013701
680155013701
170218021902
1A0218021702
190218023C02
3C023D021902
180240024102
41023C021802
1A0240021802
7B027C027D02
7E027C027B02
7F027C027E02
7F027D027C02
970298029902
99029A029702
9F02A002A102
A102A2029F02
AD02E300AE02
AE02AF02AD02
5302B002B102
B102B2025302
474
0C000D000E00
0E000F000C00
100011001200
120013001000
140015001600
160017001400
170016001800
180019001700
1A001B001C00
1C001D001A00
1E001F001500
150014001E00
1D001C002000
200021001D00
220023001F00
1F001E002200
210020002400
240025002100
26001F002300
230027002600
280015001F00
1F0026002800
180016001500
150028001800
0D0031003200
32000E000D00
330034003500
350036003300
370038003900
39003A003700
31003F004000
400032003100
360035004500
450046003600
470048004900
49004A004700
4B004C004D00
4D004E004B00
4F0050005100
510052004F00
500053005400
540051005000
550056005700
570058005500
560059005A00
5A0057005600
5A005B005C00
540053006100
610062005400
63004B006400
640065006300
650064005A00
5A0059006500
5B005A006400
640066005B00
660064004B00
4B004E006600
670068004500
45006D006E00
6E0046004500
6D006F007000
70006E006D00
6F006D006800
6D0045006800
340071007200
720035003400
710073007400
740072007100
350072007500
750045003500
450075006700
7A007B004A00
7B0047004A00
7C007D007E00
7E007F007C00
800081007D00
7D007C008000
5B0082005C00
880089008A00
8A008B008800
8B008A008C00
8C008D008B00
8E008F009000
90008C008E00
910092008D00
8D0093009100
910093009000
90008F009100
94008B008D00
8D0092009400
8E008C008A00
8A0095008E00
960088008B00
8B0094009600
95008A008900
890097009500
99009A009B00
9B009C009900
900093008D00
8D008C009000
9D009E009F00
9F00A0009D00
A0009F00A100
A100A200A000
A300A400A500
A500A600A300
A700A500A400
A400A800A700
A900A000A200
A200AA00A900
AB00A1009F00
9F00AC00AB00
AD009D00A000
A000A900AD00
AE009E009D00
9D00AD00AE00
AC009F009E00
9E00AE00AC00
6F006800B900
BA00BB00BC00
BD00BE00BF00
C400C500C600
C600C700C400
C500C800C900
C900C600C500
CA00CB00CC00
CC00C400CA00
CB00CD00C800
C800CC00CB00
8200CE005C00
CE00CF005C00
9C00D000D100
D10099009C00
D00089008800
8800D100D000
9900D100D200
D2009A009900
D10088009600
9600D200D100
8900D000D300
D30097008900
D0009C009B00
9B00D300D000
D400D500D600
D600D700D400
E800E900EA00
EA00EB00E800
000101010201
020103010001
06014D004C00
07014C006300
4C004B006300
080107010901
070163000901
0A010B010C01
0D010B010A01
0D010E010B01
0D010F010E01
160117011801
19011A011B01
1B011C011901
1D011E011901
19011C011D01
1F0120016F00
1F016F00B900
1F01B9002101
270118012801
160118012701
29012A010601
290106012B01
2C012D012E01
2E012D012F01
06014C002B01
06012A013001
060130013101
320131013001
320133013401
320130013301
330130013501
3C013D013E01
DC003F014001
570158015201
520151015701
390059015A01
5A013A003900
590134003300
33005A015901
5F0160015801
580157015F01
7B0061015901
590147007B00
610171003400
340059016101
7A0062016101
61017B007A00
620173007100
710061016201
2501A3002601
A300A6002601
120069016A01
6A0113001200
340133016B01
6B016C013401
6D016E016F01
6F0170016D01
710172017301
730174017101
750176017701
770178017501
79017A017B01
7B017C017901
7D017E017F01
7F0180017D01
810182018301
830184018101
850186018701
870188018501
89018A018B01
8B018C018901
8D018E018F01
8F0190018D01
950196019701
970198019501
96017E019901
990197019601
6D019A019B01
9B019C016D01
9A017A019D01
9D019B019A01
9E019F01A001
A00170019E01
9F017601A101
A101A0019F01
A201A301A401
A401A501A201
A3017201A601
A601A401A301
D501D601D701
D701D801D501
D901DA01D601
D601D501D901
DB01DC01DD01
DD01DE01DB01
DF01E001DC01
DC01DB01DF01
E101E201E301
E301E401E101
E501E601E201
E201E101E501
E701E801E901
E901EA01E701
EB01EC01E801
E801E701EB01
F101F201F301
F301F401F101
F501F601F701
F701F801F501
F901FA01FB01
FB01FC01F901
FD01FE01FF01
FF010002FD01
010202020302
0302EA010102
040205020602
0602E4010402
070208020902
0902DE010702
0A020B020C02
0C02D8010A02
E501E0010D02
0D020E02E501
0F0210026B01
6B0133010F02
110213006A01
6A0112021102
130214021502
160214021302
270228022902
29022A022702
2B022C022802
280227022B02
28022D022E02
2E0229022802
2C022F022D02
2D0228022C02
300231023202
320233023002
2D0236023702
37022E022D02
380239023602
36022D023802
31023A023B02
3B0232023102
530254025502
560257025802
330135016002
610233016002
61020F023301
610260026202
630262026002
630260026402
63022B016502
660267022D01
2C0166022D01
29012B016302
290163026402
680269026A02
69026B026A02
6F0270027102
6F0271027202
6F0272027302
740275027602
760277027402
760275027802
780279027602
68026A027A02
830282028102
830284028202
830285028402
850286028402
870209018802
080109018702
650288028902
870288026502
630265028A02
8F0290029102
910292028F02
E800A702A802
A802A902E800
D400D700B702
B702B802D400
B902D3009B00
9B00BA02B902
BB029700D300
D300B902BB02
BC02D2009600
9600BD02BC02
BE029A00D200
D200BC02BE02
B902BC02BD02
BD02BB02B902
BA02BE02BC02
BC02B902BA02
BF02C002C102
C202C002BF02
C302C402C502
C502C602C302
C702C802C402
C402C302C702
C902C600C900
C900C502C902
C802C700C600
C600C902C802
CC02CD02CE02
CF02D002D102
72027102D202
DB02DC02DD02
DD02DE02DB02
DC02DF02E002
E002DD02DC02
DF02E102E202
E202E002DF02
E302DB02DE02
DE02E402E302
E102E502E602
E602E202E102
E702E802E902
E902EA02E702
13021502EA02
EA02E9021302
E202E602E402
E402DE02E202
E002E202DE02
DE02DD02E002
EB02EC02ED02
ED02EE02EB02
BE02BA029B00
9B009A00BE02
95009700BB02
BB02F1029500
96009400F202
F202BD029600
8E009500F102
F102EC028E00
94009200ED02
ED02F2029400
91008F00EB02
EB02EE029100
9100EE02ED02
ED0292009100
8E00EC02EB02
EB028F008E00
F202ED02EC02
EC02F102F202
BD02F202F102
F102BB02BD02
F602C002C202
F702F802F902
F902FA02F702
F8027F007E00
7E00F902F802
2C02FB022F02
2B02FB022C02
FC02FD02FE02
0303FC02FE02
FE0204030303
290204030503
05032A022902
2E0203030403
040329022E02
0603D202FC02
7202D2020603
060307030803
080372020603
FC0209030703
07030603FC02
FD02FC02D202
0B030C038902
89020D030B03
F6020B030D03
0D030E03F602
0F0310030E03
0E030D030F03
88020F030D03
0D0389028802
610053001103
110312036100
0E03C002F602
140315030E03
0E0310031403
160317031503
150314031603
110353005000
500018031103
4F0019031803
180350004F00
89020C038A02
8A0265028902
2F02FB021A03
1A031B032F02
1C030903FC02
FC0203031C03
1F0320032103
210322031F03
2B0339023802
38022C032B03
37021C030303
03032E023702
2D032E032003
20031F032D03
350336033703
370338033503
360339033A03
3A0337033603
39033B033C03
3C033A033903
210025003D03
3D033E032100
22001E003A03
3A033C032200
1D0021003E03
3E033F031D00
1E0014003703
37033A031E00
1A001D003F03
3F0340031A00
170019003503
350338031700
140017003803
380337031400
100013001102
110241031000
420343032E03
2E032D034203
24
410042004300
430044004100
FA00FB00FC00
FC00FD00FA00
FB00FE00FF00
FF00FC00FB00
440043003901
43003A013901
FA00FD004A01
FD004B014A01
510152015301
530154015101
3A023E023F02
3F023B023A02
450246024702
480246024502
5C025D025E02
5F025D025C02
930294029502
950296029302
480245029402
940293024802
1D035F025C02
5C021E031D03
58
830084008500
850086008300
830087008400
AF00B000B100
B100B200AF00
C000C100C200
C200C300C000
D800D900DA00
DA00DB00D800
E400E500E600
E600E700E400
EC00C000C300
C300ED00EC00
F200F300F400
F400F500F200
0401AF00B200
B20005010401
410142014301
4201E5004301
440145014601
470148014901
5B015C015D01
5D015E015B01
630164016501
650166016301
640187008300
830065016401
A701A8015E01
A8015B015E01
D101D201D301
D401D201D101
210222022302
230224022102
250226022202
220221022502
D301D2013402
34023502D301
49024A024B02
4C024D024E02
4F0250025102
520250024F02
8B028C028D02
8D028E028B02
9B029C029D02
9D029E029B02
A302A402A502
A502A602A302
AA02AB02AC02
AC025102AA02
B302B402B502
B502B602B302
A602A502CA02
CA02CB02A602
8E028D02D902
D902DA028E02
2302F3022402
2302F402F502
F502F3022302
52
000001000200
020003000000
29002A002B00
2B002C002900
69006A006B00
6B006C006900
6B0098006C00
020001002201
220123010200
3B0169006C00
02004C014D01
4D0103000200
4C0129004E01
4E014D014C01
29004C016701
67012A002900
4C0102002301
230167014C01
AE01AF01B001
B001B101AE01
B201B301B401
B401B501B201
B901BA01BB01
BB01BC01B901
BD01BE01BF01
BF01C001BD01
C101C201BF01
BF01BE01C101
C301C401C501
C501C601C301
C901CA01B401
B401B301C901
CB01CC01CD01
CD01CE01CB01
1B021C021D02
1D021E021B02
1F0220021C02
1C021B021F02
1B0242024302
43021F021B02
1E0244024202
42021B021E02
59025A025B02
1E021D026D02
6D026E021E02
EF025A02F002
5B025A02EF02
EF020A035B02
1F0233033403
340320021F02
480344021E02
1E026E024803
]
[
m_Fps
15.000000
]
[
m_fMeshScale
1.000000
]
[
m_Reverse
0
]
[
m_Optimize
1
]
[
m_CalcNormals
0
]
[
m_EnableLOD
0
]
[
m_MinLOD
1.000000
]
[
m_MaxLOD
750.000000
]
}
F40F11A9E5528EFD
A0895B2DABBF525A
{
[
m_NodeKey
9E895B2DABBF525A
]
[
m_Class
C34AD77CBDD85FAC
]
[
m_Name
Sound
]
[
m_pTemplate
C34AD77CBDD85FAC
A1895B2DABBF525A
{
[
m_Name

]
[
m_nNodeFlags
0
]
[
m_Children
0
]
[
m_Bits
0
]
[
m_Type
00000000
]
[
m_MinDistance
0.000000
]
[
m_MaxDistance
32768.000000
]
[
m_fFadePercent
0.100000
]
[
m_MinDetailLevel
00000000
]
[
m_MaxDetailLevel
02000000
]
[
m_bZeroTime
0
]
}
]
[
m_Children
1
A3EF38DE4BABBF9C
A2895B2DABBF525A
{
[
m_NodeKey
9F895B2DABBF525A
]
[
m_Class
B13DD2E2A2CBB936
]
[
m_Name
NodeSound
]
[
m_pTemplate
B13DD2E2A2CBB936
A3895B2DABBF525A
{
[
m_Name

]
[
m_nNodeFlags
0
]
[
m_Children
0
]
[
m_Sound
0000000000000000
]
[
m_Falloff
0.010000
]
[
m_Loop
0
]
}
]
[
m_Children
0
]
[
m_SoundPort
sound\\neno\\ships\\03 alien truster.prt
]
[
m_Falloff
0.009000
]
[
m_Loop
1
]
}
]
[
m_Bits
2
]
[
m_Type
01000000
]
[
m_MinDistance
0.000000
]
[
m_MaxDistance
32768.000000
]
[
m_fFadePercent
0.100000
]
[
m_MinDetailLevel
00000000
]
[
m_MaxDetailLevel
02000000
]
[
m_bZeroTime
0
]
}
]
}
]
[
m_Bits
0
]
[
m_Type
01000000
]
[
m_MinDistance
0.000000
]
[
m_MaxDistance
32768.000000
]
[
m_fFadePercent
0.100000
]
[
m_MinDetailLevel
00000000
]
[
m_MaxDetailLevel
02000000
]
[
m_bZeroTime
0
]
}
]
[
m_Position
000000000000000000000000
]
[
m_Frame
0000803F0000000000000000000000000000803F0000000000000000000000000000803F
]
[
m_fFrameScale
1.000000
]
}
]
[
m_Fps
15.000000
]
[
m_Segments
0
]
[
m_TargetPosition
0000003F9A99D93F000020C0
]
[
m_TargetDistance
25.501740
]
[
m_TargetFrame
8C662F3E4053063F997855BFA3B2533D6026573F75190A3F85DE7B3F90C00ABEA848EF3D
]
}
