PRT
D037916DD75AE7ED
DD9BF2B2973300FD
{
[
m_Name
Crystaline Entity
]
[
m_Description
This entity has been responsible for the total destruction of many outlying colonies.
]
[
m_Class
1E79241A72C5093B
]
[
m_Type
E61E2947C36CFB37
]
[
m_Scene
monsters\\crystal entity\\s_crystal.prt
]
[
m_Mass
1.000000
]
[
m_bHullOverride
0
]
[
m_Hull
C47D44C2CC8884C2562D8BC261288A42702177425D6F4342
]
[
m_Flags
0
]
[
m_Data
1
8EC3E5980911121D
3E3E403AB9B66D54
{
[
m_sID
DESTROY
]
[
m_sPort
monsters\\crystal entity\\s_destroy.prt
]
}
]
[
m_Resources
0
]
[
m_Drops
0
]
}
