PRT
BBE32C0F2208BFD2
7FB110D6E1D5E67A
{
[
m_Root
E98E268F2008D746
0D3E403AB9B66D54
{
[
m_NodeKey
00B7F3810BD07946
]
[
m_Class
231158F1834B35BB
]
[
m_Name
Node
]
[
m_pTemplate
231158F1834B35BB
0E3E403AB9B66D54
{
[
m_Name

]
[
m_nNodeFlags
0
]
[
m_Children
0
]
[
m_Position
000000000000000000000000
]
[
m_Frame
0000803F0000000000000000000000000000803F0000000000000000000000000000803F
]
}
]
[
m_Children
1
A7576C18F8579FE1
FA990706E9321A3C
{
[
m_NodeKey
4F7CF5810BD07946
]
[
m_Class
D47152A9AD198EFD
]
[
m_Name
Node
]
[
m_pTemplate
D47152A9AD198EFD
0F3E403AB9B66D54
{
[
m_Name

]
[
m_nNodeFlags
0
]
[
m_Children
0
]
[
m_Begin
0.000000
]
[
m_End
0.000000
]
[
m_Invert
0
]
[
m_WarpTime
1
]
[
m_Loop
0
]
[
m_LoopEnd
0.000000
]
}
]
[
m_Children
2
A7576C18F8579FE1
F0C27025F4381A3C
{
[
m_NodeKey
1201F7810BD07946
]
[
m_Class
D47152A9AD198EFD
]
[
m_Name
Node
]
[
m_pTemplate
D47152A9AD198EFD
103E403AB9B66D54
{
[
m_Name

]
[
m_nNodeFlags
0
]
[
m_Children
0
]
[
m_Begin
0.000000
]
[
m_End
0.000000
]
[
m_Invert
0
]
[
m_WarpTime
1
]
[
m_Loop
0
]
[
m_LoopEnd
0.000000
]
}
]
[
m_Children
1
23E338DC4B2BBF92
B2D13785F4381A3C
{
[
m_NodeKey
5772F8810BD07946
]
[
m_Class
913D1AE2AA2BB936
]
[
m_Name
Node
]
[
m_pTemplate
913D1AE2AA2BB936
113E403AB9B66D54
{
[
m_Name

]
[
m_nNodeFlags
0
]
[
m_Children
0
]
[
m_Position
000000000000000000000000
]
[
m_Frame
0000803F0000000000000000000000000000803F0000000000000000000000000000803F
]
[
m_pScene
0000000000000000
]
[
m_bNormalizeFrame
1
]
}
]
[
m_Children
0
]
[
m_Position
000000000000000000000000
]
[
m_Frame
0000803F0000000000000000000000000000803F0000000000000000000000000000803F
]
[
m_fFrameScale
1.000000
]
[
m_ScenePort
monsters\\crystal entity\\s_crystal.prt
]
[
m_NormalizeFrame
0
]
}
]
[
m_Begin
0.000000
]
[
m_End
1.000000
]
[
m_Invert
0
]
[
m_WarpTime
0
]
[
m_Loop
0
]
[
m_LoopTime
0.000000
]
}
A7576C18F8579FE1
F5FC7D3CF5381A3C
{
[
m_NodeKey
8826FE810BD07946
]
[
m_Class
D47152A9AD198EFD
]
[
m_Name
Node
]
[
m_pTemplate
D47152A9AD198EFD
123E403AB9B66D54
{
[
m_Name

]
[
m_nNodeFlags
0
]
[
m_Children
0
]
[
m_Begin
0.000000
]
[
m_End
0.000000
]
[
m_Invert
0
]
[
m_WarpTime
1
]
[
m_Loop
0
]
[
m_LoopEnd
0.000000
]
}
]
[
m_Children
14
046C3ADC4B2B4F3D
B73F0144F7381A3C
{
[
m_NodeKey
B5D8FF810BD07946
]
[
m_Class
914DE8CAAAD4B336
]
[
m_Name
Node
]
[
m_pTemplate
914DE8CAAAD4B336
133E403AB9B66D54
{
[
m_Name

]
[
m_nNodeFlags
0
]
[
m_Children
0
]
[
m_Position
000000000000000000000000
]
[
m_Frame
0000803F0000000000000000000000000000803F0000000000000000000000000000803F
]
[
m_Color
FFFFFFFF
]
[
m_Intensity
1.000000
]
[
m_IntensityV
0.000000
]
[
m_IntensityA
0.000000
]
[
m_Focus
0.000000
]
[
m_Falloff
0.000000
]
}
]
[
m_Children
0
]
[
m_Color
16777215
]
[
m_Intensity
1.000000
]
[
m_IntensityV
-1.000000
]
[
m_IntensityA
0.000000
]
[
m_Focus
0.000000
]
[
m_Range
32000.000000
]
}
9EE0BD55188E0467
DC654BF8F8381A3C
{
[
m_NodeKey
E74E03820BD07946
]
[
m_Class
09E521B210708663
]
[
m_Name
Node
]
[
m_pTemplate
09E521B210708663
143E403AB9B66D54
{
[
m_Name

]
[
m_nNodeFlags
2
]
[
m_Children
0
]
[
m_Position
000000000000000000000000
]
[
m_Frame
0000803F0000000000000000000000000000803F0000000000000000000000000000803F
]
[
m_Particles
0
]
[
m_Life
1.000000
]
[
m_ReverseTime
0
]
[
m_Material
0000000000000000
]
[
m_Visible
1.000000
]
[
m_VisibleV
0.000000
]
[
m_VisibleA
0.000000
]
[
m_Scale
1.000000
]
[
m_ScaleV
0.000000
]
[
m_ScaleA
0.000000
]
[
m_Alpha
0.500000
]
[
m_AlphaV
0.000000
]
[
m_AlphaA
0.000000
]
[
m_bLocalSpace
0
]
}
]
[
m_Children
0
]
[
m_Position
000000000000000000000000
]
[
m_Frame
0000803F0000000000000000000000000000803F0000000000000000000000000000803F
]
[
m_fFrameScale
1.000000
]
[
m_Seed
27961
]
[
m_ParticleCount
25
]
[
m_OriginType
0
]
[
m_MinOrigin
000048C2000048C2000048C2
]
[
m_MaxOrigin
000048420000484200004842
]
[
m_MinVelocity
000000000000000000000000
]
[
m_MaxVelocity
000000000000000000000000
]
[
m_MinAcceleration
000000000000000000000000
]
[
m_MaxAcceleration
000000000000000000000000
]
[
m_MinLife
2.000000
]
[
m_MaxLife
2.000000
]
[
m_ReverseTime
0
]
[
m_bLocalSpace
0
]
[
m_Life
2.000000
]
[
m_MaterialPort
effects\\materials\\blue exp part material.prt
]
[
m_Visible
1.000000
]
[
m_VisibleV
0.000000
]
[
m_VisibleA
0.000000
]
[
m_Scale
200.000000
]
[
m_ScaleV
0.000000
]
[
m_ScaleA
0.000000
]
[
m_ScaleVar
0.000000
]
[
m_Alpha
1.000000
]
[
m_AlphaV
-0.500000
]
[
m_AlphaA
0.000000
]
}
9930BE534D8C5171
911CF088CD381A3C
{
[
m_NodeKey
13320D820BD07946
]
[
m_Class
6995218F4015D746
]
[
m_Name
Node
]
[
m_pTemplate
6995218F4015D746
153E403AB9B66D54
{
[
m_Name

]
[
m_nNodeFlags
0
]
[
m_Children
0
]
[
m_Position
000000000000000000000000
]
[
m_Frame
0000803F0000000000000000000000000000803F0000000000000000000000000000803F
]
[
m_Velocity
000000000000000000000000
]
[
m_Acceleration
000000000000000000000000
]
}
]
[
m_Children
1
23E338DC4B2BBF92
7D2DF088CD381A3C
{
[
m_NodeKey
DEE80E820BD07946
]
[
m_Class
913D1AE2AA2BB936
]
[
m_Name
Node
]
[
m_pTemplate
913D1AE2AA2BB936
163E403AB9B66D54
{
[
m_Name

]
[
m_nNodeFlags
0
]
[
m_Children
0
]
[
m_Position
000000000000000000000000
]
[
m_Frame
0000803F0000000000000000000000000000803F0000000000000000000000000000803F
]
[
m_pScene
0000000000000000
]
[
m_bNormalizeFrame
1
]
}
]
[
m_Children
0
]
[
m_Position
000000000000000000000000
]
[
m_Frame
0000803F0000000000000000000000000000803F0000000000000000000000000000803F
]
[
m_fFrameScale
20.000000
]
[
m_ScenePort
monsters\\crystal entity\\s_shard.prt
]
[
m_NormalizeFrame
0
]
}
]
[
m_Position
000000000000000000000000
]
[
m_Frame
0000803F0000000000000000000000000000803F0000000000000000000000000000803F
]
[
m_fFrameScale
1.000000
]
[
m_Velocity
000048C20000C84200008C42
]
[
m_Acceleration
000000000000000000000000
]
}
9930BE534D8C5171
374DD8CECD381A3C
{
[
m_NodeKey
D95913820BD07946
]
[
m_Class
6995218F4015D746
]
[
m_Name
Node
]
[
m_pTemplate
6995218F4015D746
173E403AB9B66D54
{
[
m_Name

]
[
m_nNodeFlags
0
]
[
m_Children
0
]
[
m_Position
000000000000000000000000
]
[
m_Frame
0000803F0000000000000000000000000000803F0000000000000000000000000000803F
]
[
m_Velocity
000000000000000000000000
]
[
m_Acceleration
000000000000000000000000
]
}
]
[
m_Children
1
23E338DC4B2BBF92
CF5CD8CECD381A3C
{
[
m_NodeKey
57EE14820BD07946
]
[
m_Class
913D1AE2AA2BB936
]
[
m_Name
Node
]
[
m_pTemplate
913D1AE2AA2BB936
183E403AB9B66D54
{
[
m_Name

]
[
m_nNodeFlags
0
]
[
m_Children
0
]
[
m_Position
000000000000000000000000
]
[
m_Frame
0000803F0000000000000000000000000000803F0000000000000000000000000000803F
]
[
m_pScene
0000000000000000
]
[
m_bNormalizeFrame
1
]
}
]
[
m_Children
0
]
[
m_Position
000000000000000000000000
]
[
m_Frame
0000803F0000000000000000000000000000803F0000000000000000000000000000803F
]
[
m_fFrameScale
25.000000
]
[
m_ScenePort
monsters\\crystal entity\\s_shard.prt
]
[
m_NormalizeFrame
0
]
}
]
[
m_Position
000000000000000000000000
]
[
m_Frame
0000803F0000000000000000000000000000803F0000000000000000000000000000803F
]
[
m_fFrameScale
1.000000
]
[
m_Velocity
0000C8420000C8C20000A042
]
[
m_Acceleration
000000000000000000000000
]
}
9930BE534D8C5171
A8A81101CE381A3C
{
[
m_NodeKey
217D19820BD07946
]
[
m_Class
6995218F4015D746
]
[
m_Name
Node
]
[
m_pTemplate
6995218F4015D746
193E403AB9B66D54
{
[
m_Name

]
[
m_nNodeFlags
0
]
[
m_Children
0
]
[
m_Position
000000000000000000000000
]
[
m_Frame
0000803F0000000000000000000000000000803F0000000000000000000000000000803F
]
[
m_Velocity
000000000000000000000000
]
[
m_Acceleration
000000000000000000000000
]
}
]
[
m_Children
1
23E338DC4B2BBF92
48B81101CE381A3C
{
[
m_NodeKey
A1C81D820BD07946
]
[
m_Class
913D1AE2AA2BB936
]
[
m_Name
Node
]
[
m_pTemplate
913D1AE2AA2BB936
1A3E403AB9B66D54
{
[
m_Name

]
[
m_nNodeFlags
0
]
[
m_Children
0
]
[
m_Position
000000000000000000000000
]
[
m_Frame
0000803F0000000000000000000000000000803F0000000000000000000000000000803F
]
[
m_pScene
0000000000000000
]
[
m_bNormalizeFrame
1
]
}
]
[
m_Children
0
]
[
m_Position
000000000000000000000000
]
[
m_Frame
0000803F0000000000000000000000000000803F0000000000000000000000000000803F
]
[
m_fFrameScale
20.000000
]
[
m_ScenePort
monsters\\crystal entity\\s_shard.prt
]
[
m_NormalizeFrame
0
]
}
]
[
m_Position
000000000000000000000000
]
[
m_Frame
0000803F0000000000000000000000000000803F0000000000000000000000000000803F
]
[
m_fFrameScale
1.000000
]
[
m_Velocity
0000000000002041000048C2
]
[
m_Acceleration
000000000000000000000000
]
}
9930BE534D8C5171
691D1530CE381A3C
{
[
m_NodeKey
2EFE21820BD07946
]
[
m_Class
6995218F4015D746
]
[
m_Name
Node
]
[
m_pTemplate
6995218F4015D746
1B3E403AB9B66D54
{
[
m_Name

]
[
m_nNodeFlags
0
]
[
m_Children
0
]
[
m_Position
000000000000000000000000
]
[
m_Frame
0000803F0000000000000000000000000000803F0000000000000000000000000000803F
]
[
m_Velocity
000000000000000000000000
]
[
m_Acceleration
000000000000000000000000
]
}
]
[
m_Children
1
23E338DC4B2BBF92
FC2E1530CE381A3C
{
[
m_NodeKey
D86D23820BD07946
]
[
m_Class
913D1AE2AA2BB936
]
[
m_Name
Node
]
[
m_pTemplate
913D1AE2AA2BB936
1C3E403AB9B66D54
{
[
m_Name

]
[
m_nNodeFlags
0
]
[
m_Children
0
]
[
m_Position
000000000000000000000000
]
[
m_Frame
0000803F0000000000000000000000000000803F0000000000000000000000000000803F
]
[
m_pScene
0000000000000000
]
[
m_bNormalizeFrame
1
]
}
]
[
m_Children
0
]
[
m_Position
000000000000000000000000
]
[
m_Frame
0000803F0000000000000000000000000000803F0000000000000000000000000000803F
]
[
m_fFrameScale
20.000000
]
[
m_ScenePort
monsters\\crystal entity\\s_shard.prt
]
[
m_NormalizeFrame
0
]
}
]
[
m_Position
000000000000000000000000
]
[
m_Frame
0000803F0000000000000000000000000000803F0000000000000000000000000000803F
]
[
m_fFrameScale
1.000000
]
[
m_Velocity
000048420000004000004842
]
[
m_Acceleration
000000000000000000000000
]
}
9930BE534D8C5171
C68A4D60CE381A3C
{
[
m_NodeKey
819427820BD07946
]
[
m_Class
6995218F4015D746
]
[
m_Name
Node
]
[
m_pTemplate
6995218F4015D746
1D3E403AB9B66D54
{
[
m_Name

]
[
m_nNodeFlags
0
]
[
m_Children
0
]
[
m_Position
000000000000000000000000
]
[
m_Frame
0000803F0000000000000000000000000000803F0000000000000000000000000000803F
]
[
m_Velocity
000000000000000000000000
]
[
m_Acceleration
000000000000000000000000
]
}
]
[
m_Children
1
23E338DC4B2BBF92
2D9D4D60CE381A3C
{
[
m_NodeKey
1F9E29820BD07946
]
[
m_Class
913D1AE2AA2BB936
]
[
m_Name
Node
]
[
m_pTemplate
913D1AE2AA2BB936
1E3E403AB9B66D54
{
[
m_Name

]
[
m_nNodeFlags
0
]
[
m_Children
0
]
[
m_Position
000000000000000000000000
]
[
m_Frame
0000803F0000000000000000000000000000803F0000000000000000000000000000803F
]
[
m_pScene
0000000000000000
]
[
m_bNormalizeFrame
1
]
}
]
[
m_Children
0
]
[
m_Position
000000000000000000000000
]
[
m_Frame
0000803F0000000000000000000000000000803F0000000000000000000000000000803F
]
[
m_fFrameScale
50.000000
]
[
m_ScenePort
monsters\\crystal entity\\s_shard.prt
]
[
m_NormalizeFrame
0
]
}
]
[
m_Position
000000000000000000000000
]
[
m_Frame
0000803F0000000000000000000000000000803F0000000000000000000000000000803F
]
[
m_fFrameScale
1.000000
]
[
m_Velocity
000020C1000000000000C8C2
]
[
m_Acceleration
000000000000000000000000
]
}
9930BE534D8C5171
52C8428DCE381A3C
{
[
m_NodeKey
FD902E820BD07946
]
[
m_Class
6995218F4015D746
]
[
m_Name
Node
]
[
m_pTemplate
6995218F4015D746
1F3E403AB9B66D54
{
[
m_Name

]
[
m_nNodeFlags
0
]
[
m_Children
0
]
[
m_Position
000000000000000000000000
]
[
m_Frame
0000803F0000000000000000000000000000803F0000000000000000000000000000803F
]
[
m_Velocity
000000000000000000000000
]
[
m_Acceleration
000000000000000000000000
]
}
]
[
m_Children
1
23E338DC4B2BBF92
7DD8428DCE381A3C
{
[
m_NodeKey
585F31820BD07946
]
[
m_Class
913D1AE2AA2BB936
]
[
m_Name
Node
]
[
m_pTemplate
913D1AE2AA2BB936
203E403AB9B66D54
{
[
m_Name

]
[
m_nNodeFlags
0
]
[
m_Children
0
]
[
m_Position
000000000000000000000000
]
[
m_Frame
0000803F0000000000000000000000000000803F0000000000000000000000000000803F
]
[
m_pScene
0000000000000000
]
[
m_bNormalizeFrame
1
]
}
]
[
m_Children
0
]
[
m_Position
000000000000000000000000
]
[
m_Frame
0000803F0000000000000000000000000000803F0000000000000000000000000000803F
]
[
m_fFrameScale
40.000000
]
[
m_ScenePort
monsters\\crystal entity\\s_shard.prt
]
[
m_NormalizeFrame
0
]
}
]
[
m_Position
000000000000000000000000
]
[
m_Frame
0000803F0000000000000000000000000000803F0000000000000000000000000000803F
]
[
m_fFrameScale
1.000000
]
[
m_Velocity
000048C20000C8C200008C42
]
[
m_Acceleration
000000000000000000000000
]
}
9930BE534D8C5171
B45127BDCE381A3C
{
[
m_NodeKey
566636820BD07946
]
[
m_Class
6995218F4015D746
]
[
m_Name
Node
]
[
m_pTemplate
6995218F4015D746
213E403AB9B66D54
{
[
m_Name

]
[
m_nNodeFlags
0
]
[
m_Children
0
]
[
m_Position
000000000000000000000000
]
[
m_Frame
0000803F0000000000000000000000000000803F0000000000000000000000000000803F
]
[
m_Velocity
000000000000000000000000
]
[
m_Acceleration
000000000000000000000000
]
}
]
[
m_Children
1
23E338DC4B2BBF92
E36527BDCE381A3C
{
[
m_NodeKey
BC0339820BD07946
]
[
m_Class
913D1AE2AA2BB936
]
[
m_Name
Node
]
[
m_pTemplate
913D1AE2AA2BB936
223E403AB9B66D54
{
[
m_Name

]
[
m_nNodeFlags
0
]
[
m_Children
0
]
[
m_Position
000000000000000000000000
]
[
m_Frame
0000803F0000000000000000000000000000803F0000000000000000000000000000803F
]
[
m_pScene
0000000000000000
]
[
m_bNormalizeFrame
1
]
}
]
[
m_Children
0
]
[
m_Position
000000000000000000000000
]
[
m_Frame
0000803F0000000000000000000000000000803F0000000000000000000000000000803F
]
[
m_fFrameScale
20.000000
]
[
m_ScenePort
monsters\\crystal entity\\s_shard.prt
]
[
m_NormalizeFrame
0
]
}
]
[
m_Position
000000000000000000000000
]
[
m_Frame
0000803F0000000000000000000000000000803F0000000000000000000000000000803F
]
[
m_fFrameScale
1.000000
]
[
m_Velocity
000048420000C8C200008CC2
]
[
m_Acceleration
000000000000000000000000
]
}
9930BE534D8C5171
7936ED00CF381A3C
{
[
m_NodeKey
92D93D820BD07946
]
[
m_Class
6995218F4015D746
]
[
m_Name
Node
]
[
m_pTemplate
6995218F4015D746
233E403AB9B66D54
{
[
m_Name

]
[
m_nNodeFlags
0
]
[
m_Children
0
]
[
m_Position
000000000000000000000000
]
[
m_Frame
0000803F0000000000000000000000000000803F0000000000000000000000000000803F
]
[
m_Velocity
000000000000000000000000
]
[
m_Acceleration
000000000000000000000000
]
}
]
[
m_Children
1
23E338DC4B2BBF92
874AED00CF381A3C
{
[
m_NodeKey
999540820BD07946
]
[
m_Class
913D1AE2AA2BB936
]
[
m_Name
Node
]
[
m_pTemplate
913D1AE2AA2BB936
243E403AB9B66D54
{
[
m_Name

]
[
m_nNodeFlags
0
]
[
m_Children
0
]
[
m_Position
000000000000000000000000
]
[
m_Frame
0000803F0000000000000000000000000000803F0000000000000000000000000000803F
]
[
m_pScene
0000000000000000
]
[
m_bNormalizeFrame
1
]
}
]
[
m_Children
0
]
[
m_Position
000000000000000000000000
]
[
m_Frame
0000803F0000000000000000000000000000803F0000000000000000000000000000803F
]
[
m_fFrameScale
45.000000
]
[
m_ScenePort
monsters\\crystal entity\\s_shard.prt
]
[
m_NormalizeFrame
0
]
}
]
[
m_Position
000000000000000000000000
]
[
m_Frame
0000803F0000000000000000000000000000803F0000000000000000000000000000803F
]
[
m_fFrameScale
1.000000
]
[
m_Velocity
00009C420000824200008C42
]
[
m_Acceleration
000000000000000000000000
]
}
9930BE534D8C5171
FBE10B37CF381A3C
{
[
m_NodeKey
BC6345820BD07946
]
[
m_Class
6995218F4015D746
]
[
m_Name
Node
]
[
m_pTemplate
6995218F4015D746
253E403AB9B66D54
{
[
m_Name

]
[
m_nNodeFlags
0
]
[
m_Children
0
]
[
m_Position
000000000000000000000000
]
[
m_Frame
0000803F0000000000000000000000000000803F0000000000000000000000000000803F
]
[
m_Velocity
000000000000000000000000
]
[
m_Acceleration
000000000000000000000000
]
}
]
[
m_Children
1
23E338DC4B2BBF92
0CF30B37CF381A3C
{
[
m_NodeKey
BED247820BD07946
]
[
m_Class
913D1AE2AA2BB936
]
[
m_Name
Node
]
[
m_pTemplate
913D1AE2AA2BB936
263E403AB9B66D54
{
[
m_Name

]
[
m_nNodeFlags
0
]
[
m_Children
0
]
[
m_Position
000000000000000000000000
]
[
m_Frame
0000803F0000000000000000000000000000803F0000000000000000000000000000803F
]
[
m_pScene
0000000000000000
]
[
m_bNormalizeFrame
1
]
}
]
[
m_Children
0
]
[
m_Position
000000000000000000000000
]
[
m_Frame
0000803F0000000000000000000000000000803F0000000000000000000000000000803F
]
[
m_fFrameScale
20.000000
]
[
m_ScenePort
monsters\\crystal entity\\s_shard.prt
]
[
m_NormalizeFrame
0
]
}
]
[
m_Position
000000000000000000000000
]
[
m_Frame
0000803F0000000000000000000000000000803F0000000000000000000000000000803F
]
[
m_fFrameScale
1.000000
]
[
m_Velocity
000048C200008CC20000C8C2
]
[
m_Acceleration
000000000000000000000000
]
}
9930BE534D8C5171
EC4B8E6ECF381A3C
{
[
m_NodeKey
068A4E820BD07946
]
[
m_Class
6995218F4015D746
]
[
m_Name
Node
]
[
m_pTemplate
6995218F4015D746
273E403AB9B66D54
{
[
m_Name

]
[
m_nNodeFlags
0
]
[
m_Children
0
]
[
m_Position
000000000000000000000000
]
[
m_Frame
0000803F0000000000000000000000000000803F0000000000000000000000000000803F
]
[
m_Velocity
000000000000000000000000
]
[
m_Acceleration
000000000000000000000000
]
}
]
[
m_Children
1
23E338DC4B2BBF92
295D8E6ECF381A3C
{
[
m_NodeKey
DE1151820BD07946
]
[
m_Class
913D1AE2AA2BB936
]
[
m_Name
Node
]
[
m_pTemplate
913D1AE2AA2BB936
283E403AB9B66D54
{
[
m_Name

]
[
m_nNodeFlags
0
]
[
m_Children
0
]
[
m_Position
000000000000000000000000
]
[
m_Frame
0000803F0000000000000000000000000000803F0000000000000000000000000000803F
]
[
m_pScene
0000000000000000
]
[
m_bNormalizeFrame
1
]
}
]
[
m_Children
0
]
[
m_Position
000000000000000000000000
]
[
m_Frame
0000803F0000000000000000000000000000803F0000000000000000000000000000803F
]
[
m_fFrameScale
20.000000
]
[
m_ScenePort
monsters\\crystal entity\\s_shard.prt
]
[
m_NormalizeFrame
0
]
}
]
[
m_Position
000000000000000000000000
]
[
m_Frame
0000803F0000000000000000000000000000803F0000000000000000000000000000803F
]
[
m_fFrameScale
1.000000
]
[
m_Velocity
000048420000C84200008C42
]
[
m_Acceleration
000000000000000000000000
]
}
9930BE534D8C5171
7B707EA1CF381A3C
{
[
m_NodeKey
7ED955820BD07946
]
[
m_Class
6995218F4015D746
]
[
m_Name
Node
]
[
m_pTemplate
6995218F4015D746
293E403AB9B66D54
{
[
m_Name

]
[
m_nNodeFlags
0
]
[
m_Children
0
]
[
m_Position
000000000000000000000000
]
[
m_Frame
0000803F0000000000000000000000000000803F0000000000000000000000000000803F
]
[
m_Velocity
000000000000000000000000
]
[
m_Acceleration
000000000000000000000000
]
}
]
[
m_Children
1
23E338DC4B2BBF92
27817EA1CF381A3C
{
[
m_NodeKey
684558820BD07946
]
[
m_Class
913D1AE2AA2BB936
]
[
m_Name
Node
]
[
m_pTemplate
913D1AE2AA2BB936
2A3E403AB9B66D54
{
[
m_Name

]
[
m_nNodeFlags
0
]
[
m_Children
0
]
[
m_Position
000000000000000000000000
]
[
m_Frame
0000803F0000000000000000000000000000803F0000000000000000000000000000803F
]
[
m_pScene
0000000000000000
]
[
m_bNormalizeFrame
1
]
}
]
[
m_Children
0
]
[
m_Position
000000000000000000000000
]
[
m_Frame
0000803F0000000000000000000000000000803F0000000000000000000000000000803F
]
[
m_fFrameScale
60.000000
]
[
m_ScenePort
monsters\\crystal entity\\s_shard.prt
]
[
m_NormalizeFrame
0
]
}
]
[
m_Position
000000000000000000000000
]
[
m_Frame
0000803F0000000000000000000000000000803F0000000000000000000000000000803F
]
[
m_fFrameScale
1.000000
]
[
m_Velocity
000048420000C84200008CC2
]
[
m_Acceleration
000000000000000000000000
]
}
A3EF38DE4BABBF9C
D1BB8608D2381A3C
{
[
m_NodeKey
4B065D820BD07946
]
[
m_Class
B13DD2E2A2CBB936
]
[
m_Name
NodeSound
]
[
m_pTemplate
B13DD2E2A2CBB936
2B3E403AB9B66D54
{
[
m_Name

]
[
m_nNodeFlags
0
]
[
m_Children
0
]
[
m_Sound
0000000000000000
]
[
m_Falloff
0.020000
]
[
m_Loop
0
]
}
]
[
m_Children
0
]
[
m_SoundPort
sound\\neno\\explosion4.prt
]
[
m_Falloff
0.000000
]
[
m_Loop
0
]
}
]
[
m_Begin
1.000000
]
[
m_End
21.000000
]
[
m_Invert
0
]
[
m_WarpTime
1
]
[
m_Loop
0
]
[
m_LoopTime
0.000000
]
}
]
[
m_Begin
0.000000
]
[
m_End
21.000000
]
[
m_Invert
0
]
[
m_WarpTime
0
]
[
m_Loop
0
]
[
m_LoopTime
0.000000
]
}
]
[
m_Position
000000000000000000000000
]
[
m_Frame
0000803F0000000000000000000000000000803F0000000000000000000000000000803F
]
[
m_fFrameScale
1.000000
]
}
]
[
m_Fps
15.000000
]
[
m_Segments
1
Effect
0.000000
21.000000
]
[
m_TargetPosition
000000000000000000000000
]
[
m_TargetDistance
864.357788
]
[
m_TargetFrame
7C420C3FDB08CFBEF3793BBF78F5543F802EB63E100EDA3E2EF9B43DEAB057BF4C05083F
]
}
