PRT
BBE32C0F2208BFD2
E3A678AC2EE4B437
{
[
m_Root
E98E268F2008D746
53B8117ED7155938
{
[
m_NodeKey
E4AD05CD09D07946
]
[
m_Class
231158F1834B35BB
]
[
m_Name
Node
]
[
m_pTemplate
231158F1834B35BB
8BF1B168D380695C
{
[
m_Name

]
[
m_nNodeFlags
0
]
[
m_Children
0
]
[
m_Position
000000000000000000000000
]
[
m_Frame
0000803F0000000000000000000000000000803F0000000000000000000000000000803F
]
}
]
[
m_Children
2
F40F11A9E5528EFD
C5F872B078E7133B
{
[
m_NodeKey
34ED08CD09D07946
]
[
m_Class
C34AD77CBDD85FAC
]
[
m_Name
Node
]
[
m_pTemplate
C34AD77CBDD85FAC
8CF1B168D380695C
{
[
m_Name

]
[
m_nNodeFlags
0
]
[
m_Children
0
]
[
m_Bits
0
]
[
m_Type
00000000
]
[
m_MinDistance
0.000000
]
[
m_MaxDistance
32768.000000
]
[
m_fFadePercent
0.100000
]
[
m_MinDetailLevel
00000000
]
[
m_MaxDetailLevel
02000000
]
[
m_bZeroTime
0
]
}
]
[
m_Children
1
E98E268F2008D746
92BA0EEF06E7133B
{
[
m_NodeKey
212B0CCD09D07946
]
[
m_Class
231158F1834B35BB
]
[
m_Name
Node
]
[
m_pTemplate
231158F1834B35BB
8DF1B168D380695C
{
[
m_Name

]
[
m_nNodeFlags
0
]
[
m_Children
0
]
[
m_Position
000000000000000000000000
]
[
m_Frame
0000803F0000000000000000000000000000803F0000000000000000000000000000803F
]
}
]
[
m_Children
2
1633BE1F4D8C0670
C2D00EEF06E7133B
{
[
m_NodeKey
1C720FCD09D07946
]
[
m_Class
A961198F3000D746
]
[
m_Name
Node
]
[
m_pTemplate
A961198F3000D746
8EF1B168D380695C
{
[
m_Name

]
[
m_nNodeFlags
0
]
[
m_Children
0
]
[
m_Position
000000000000000000000000
]
[
m_Frame
0000803F0000000000000000000000000000803F0000000000000000000000000000803F
]
[
m_Yaw
0.000000
]
[
m_Pitch
0.000000
]
[
m_Roll
0.000000
]
}
]
[
m_Children
1
F40F11A9E5528EFD
600228F0522D7A4C
{
[
m_NodeKey
422028F0522D7A4C
]
[
m_Class
C34AD77CBDD85FAC
]
[
m_Name
Node
]
[
m_pTemplate
C34AD77CBDD85FAC
8FF1B168D380695C
{
[
m_Name

]
[
m_nNodeFlags
0
]
[
m_Children
0
]
[
m_Bits
0
]
[
m_Type
00000000
]
[
m_MinDistance
0.000000
]
[
m_MaxDistance
32768.000000
]
[
m_fFadePercent
0.100000
]
[
m_MinDetailLevel
00000000
]
[
m_MaxDetailLevel
02000000
]
[
m_bZeroTime
0
]
}
]
[
m_Children
1
C586FE462BF76149
61D0B55E502D7A4C
{
[
m_NodeKey
B49EB55E502D7A4C
]
[
m_Class
F0818A88AFB3A485
]
[
m_Name
cloud cover
]
[
m_pTemplate
F0818A88AFB3A485
90F1B168D380695C
{
[
m_Name

]
[
m_nNodeFlags
0
]
[
m_Children
0
]
[
m_Position
000000000000000000000000
]
[
m_Frame
0000803F0000000000000000000000000000803F0000000000000000000000000000803F
]
[
m_NodeFrames
0
]
[
m_Verts
0
]
[
m_Materials
0
]
[
m_Triangles
0
]
[
m_Hull
8096184B8096184B8096184B809618CB809618CB809618CB
]
[
m_Fps
15.000000
]
[
m_EnableLOD
0
]
[
m_MinLOD
1.000000
]
[
m_MaxLOD
750.000000
]
}
]
[
m_Children
0
]
[
m_Position
000000000000000000000000
]
[
m_Frame
15D87F3F4D05EDBC5CDF9FBC07F30E3DB71A543FF3100F3F0000000045270FBFCF3B543F
]
[
m_fFrameScale
1.000000
]
[
m_bExportNodeFrames
0
]
[
m_NodeFrames
0
]
[
m_Verts
274
75733A401783274295750F41000000000000803F000000003333733F8859903D
90D716411783274200000000000000000000803F000000000000403F8859903D
000000004FB42B4200000000000000000000803F000000009A99593F00000000
340D4741034F2042949E1041000000000000803F000000009999593FF8D6EE3D
BE289341D8231B4200000000000000000000803F000000000000403F8C59103E
10E6B540D8231B42E8F48B41000000000000803F000000003333733F8C59103E
496CAC41B2F10F4212E11141000000000000803F00000000384E503F94F03B3E
19B6D3413A31074200000000000000000000803F000000000000403F5086583E
784D7541B2F10F42C7718D41000000000000803F00000000FAE4623F94F03B3E
44D802413A3107427559C941000000000000803F000000003333733F5086583E
BF4AED41E23FED41EF131241000000000000803F00000000802A4C3F8CB3833E
74F604423449D94100000000000000000000803F00000000FFFF3F3F8A59903E
0379C3419807F441ED048E41000000000000803F000000009999593F90617E3E
99CA8E41E23FED419B1BCB41000000000000803F00000000B308673F8EB3833E
D75924413449D941FDE8FC41000000000000803F000000003333733F8A59903E
AB9D104258ACAA4196750F41000000000000803F0000000095E7493F2C3BAB3E
B8931942B893994100000000000000000000803F00000000FFFF3F3FEC6FB43E
CF9700426B6FB341E8F48B41000000000000803F00000000284E543FBC65A63E
DF94D4416B6FB3417559C941000000000000803F0000000009E55E3FBC65A63E
B3989D4158ACAA41FDE8FC41000000000000803F000000009D4B693F2E3BAB3E
E6D43D41B8939941790F1242000000000000803F000000003333733FEC6FB43E
4C11F4C0178327424F53B140000000000000803F000000009899193E8859903D
75733A401783274295750F41000000000000803F00000000D0CC4CBD8859903D
000000004FB42B4200000000000000000000803F00000000C8CC4C3D00000000
DA0F98C0034F2042CAFF6941000000000000803F00000000D2CC4C3D00D7EE3D
10E6B540D8231B42E8F48B41000000000000803F00000000D0CC4CBD8C59103E
C81B6EC1D8231B42F5FE2C41000000000000803F000000009899193E8C59103E
4DB400C0B1F10F420986BA41000000000000803F00000000E15A603C98F03B3E
44D802413A3107427559C941000000000000803F00000000D0CC4CBD5086583E
9A3D41C1B1F10F42675BA041000000000000803F0000000071C1B03D98F03B3E
2F47ABC13A310742ADE17841000000000000803F000000009899193E5086583E
1B3DF73EE23FED41943FF841000000000000803F00000000B35D7F3F8EB3833E
1B3DF73EE23FED41943FF841000000000000803F00000000004D22BB8EB3833E
EF5315C19807F441BCCAE541000000000000803F00000000C8CC4C3D90617E3E
C30A95C1E23FED410391C641000000000000803F000000002FDFD13D8EB3833E
6023D7C13449D941984E9C41000000000000803F000000009899193E8A59903E
C344294058ACAA41E99E1442000000000000803F00000000C81A7D3F2E3BAB3E
0987D6C06B6FB34178EC0F42000000000000803F000000008B2BF03CBC65A63E
C344294058ACAA41E99E1442000000000000803F00000000004E39BC2E3BAB3E
579B7BC16B6FB341E0320442000000000000803F00000000EAC1903DBC65A63E
F2D4BFC158ACAA416409E441000000000000803F0000000089F6E33D2E3BAB3E
2D7EF8C1B8939941658AB441000000000000803F000000009899193EEC6FB43E
4811F4C0178327425253B1C0000000000000803F000000003233B33E8859903D
000000004FB42B4200000000000000000000803F00000000FEFF7F3E00000000
920A76C1034F204255EAC4B5000000000000803F00000000FDFF7F3E00D7EE3D
C51B6EC1D8231B42F8FE2CC1000000000000803F000000003233B33E8C59103E
AE5DB6C1B2F10F426E5AA940000000000000803F0000000079D25A3E94F03B3E
AE5DB6C1B2F10F42765AA9C0000000000000803F00000000C296923E94F03B3E
2D47ABC13A310742B1E178C1000000000000803F000000003233B33E5086583E
89E7EAC1E23FED4120C62041000000000000803F000000009A434A3E8EB3833E
179EF1C19807F44144EA1DB6000000000000803F00000000FFFF7F3E90617E3E
88E7EAC1E23FED4127C620C1000000000000803F0000000032DE9A3E8CB3833E
5E23D7C13449D9419B4E9CC1000000000000803F000000003233B33E8A59903E
D9130AC258ACAA4188F35F41000000000000803F00000000ED37413E2E3BAB3E
892A11C26B6FB3416BC59740000000000000803F000000003ED26A3EBC65A63E
892A11C26B6FB3417AC597C0000000000000803F00000000E0968A3EBC65A63E
D9130AC258ACAA418FF35FC1000000000000803F0000000008649F3E2E3BAB3E
2A7EF8C1B8939941688AB4C1000000000000803F000000003233B33EEC6FB43E
7B733A401783274294750FC1000000000000803F00000000CCCC0C3F8859903D
000000004FB42B4200000000000000000000803F000000006566E63E00000000
D30F98C0034F2042CAFF69C1000000000000803F000000006566E63EF8D6EE3D
16E6B540D8231B42E7F48BC1000000000000803F00000000CCCC0C3F8C59103E
963D41C1B1F10F42675BA0C1000000000000803F00000000A3CFD33E94F03B3E
3DB400C0B1F10F420886BAC1000000000000803F0000000028FDF83E94F03B3E
47D802413A3107427359C9C1000000000000803F00000000CCCC0C3F4C86583E
C10A95C1E23FED410491C6C1000000000000803F000000003388CB3E8CB3833E
EA5315C19807F441BCCAE5C1000000000000803F000000006666E63E8C617E3E
B83DF73EE23FED41933FF8C1000000000000803F000000004CA2003F8CB3833E
DC5924413449D941FAE8FCC1000000000000803F00000000CCCC0C3F8A59903E
EFD4BFC158ACAA416509E4C1000000000000803F000000005D02C73E2E3BAB3E
509B7BC16B6FB341E03204C2000000000000803F0000000085CFDB3EBC65A63E
FA86D6C06B6FB34178EC0FC2000000000000803F0000000046FDF03EBC65A63E
DC44294058ACAA41E79E14C2000000000000803F0000000037E5023F2C3BAB3E
ECD43D41B8939941780F12C2000000000000803F00000000CCCC0C3FEC6FB43E
000000004FB42B4200000000000000000000803F000000006666263F00000000
360D4741034F2042929E10C1000000000000803F000000006666263FF8D6EE3D
784D7541B1F10F42C5718DC1000000000000803F00000000051B1D3F94F03B3E
486CAC41B1F10F4210E111C1000000000000803F00000000C7B12F3F94F03B3E
9BCA8E41E23FED41981BCBC1000000000000803F000000004DF7183F8CB3833E
0479C3419707F441EB048EC1000000000000803F000000006666263F90617E3E
BF4AED41E23FED41ED1312C1000000000000803F000000007FD5333F8CB3833E
B6989D4157ACAA41FAE8FCC1000000000000803F0000000062B4163F2E3BAB3E
E194D4416B6FB3417359C9C1000000000000803F00000000F61A213FBC65A63E
CF9700426B6FB341E7F48BC1000000000000803F00000000D6B12B3FBC65A63E
AB9D104257ACAA4194750FC1000000000000803F000000006A18363F2E3BAB3E
9D7823421F813E415053B140000000000000803F00000000B87D453FD231D23E
9D78234220813E414A53B1C0000000000000803F0000000047823A3FD031D23E
85E42A42D467854058EA4436000000000000803F000000000000403FAA25F03E
FF612542B61A8140F0FE2CC1000000000000803F000000001D94353FE8A8F03E
FE612542B71A8140F6FE2C41000000000000803F00000000E26B4A3FE8A8F03E
9B862942497689C0655AA9C0000000000000803F000000003CF03A3F132B083F
F7371F42B61A81C0A6E178C1000000000000803F0000000049D2303F8CAB073F
9A8629424A7689C0775AA940000000000000803F00000000C30F453F132B083F
F6371F42B71A81C0AFE17841000000000000803F00000000B62D4F3F8CAB073F
A2A01E42E30150C119C620C1000000000000803F0000000099E3353FA012193F
9547114220813EC1944E9CC1000000000000803F000000001FE42B3F18E7163F
24292342A8F355C1D864C536000000000000803F000000000000403F59D0193F
A1A01E42E20150C126C62041000000000000803F00000000671C4A3FA012193F
934711421F813EC19A4E9C41000000000000803F00000000E01B543F18E7163F
DA130A4258ACAAC180F35FC1000000000000803F00000000FC4D303F6A622A3F
307EF841B89399C1608AB4C1000000000000803F000000006766263F0AC8253F
8A2A11426C6FB3C164C597C0000000000000803F000000008FB43A3F22CD2C3F
8A2A11426C6FB3C17FC59740000000000000803F00000000704B453F22CD2C3F
D9130A4258ACAAC18EF35F41000000000000803F0000000004B24F3F6A622A3F
2B7EF841B89399C1668AB441000000000000803F000000009899593F0AC8253F
F279EB401F813E41E3512242000000000000803F00000000EBB0783FD231D23E
3E318F411F813E41E99E1442000000000000803F000000007AB56D3FD231D23E
243C5341D367854051872242000000000000803F000000003333733FAA25F03E
057AB841B71A814078EC0F42000000000000803F0000000050C7683FE8A8F03E
E9941F40B71A81402EA72A42000000000000803F00000000169F7D3FE8A8F03E
F20991414B7689C0DFAF1A42000000000000803F000000006F236E3F132B083F
B3C0D841B71A81C0E0320442000000000000803F000000007B05643F8CAB073F
5C0301414B7689C030C52742000000000000803F00000000F642783F132B083F
F3941FC0B71A81C02EA72A42000000000000803F000000005C3A183C8CAB073F
5C0301414B7689C030C52742000000000000803F0000000040A1F7BC132B083F
E9941F40B71A81402EA72A42000000000000803F00000000803A18BCE8A8F03E
5E7DAE41E20150C175710A42000000000000803F00000000CB16693FA012193F
CD71EE411F813EC16409E441000000000000803F0000000052175F3F18E7163F
7EAD4941AAF355C1D02C1B42000000000000803F000000003333733F5AD0193F
37AD2C40E20150C1BC482342000000000000803F000000009A4F7D3FA012193F
37AD2C40E20150C1BC482342000000000000803F0000000080192CBCA012193F
F679EBC01F813EC1E2512242000000000000803F000000007CE2E93C18E7163F
F0D4BF4158ACAAC16409E441000000000000803F000000002E81633F6A622A3F
539B7B416B6FB3C1E0320442000000000000803F00000000C3E76D3F22CD2C3F
0187D6406B6FB3C178EC0F42000000000000803F00000000A37E783F22CD2C3F
CD4429C058ACAAC1E79E1442000000000000803F00000000E14D393C6A622A3F
0187D6406B6FB3C178EC0F42000000000000803F00000000A02BF0BC22CD2C3F
E8D43DC1B89399C1780F1242000000000000803F00000000C8CC4C3D0AC8253F
944711C21F813E41994E9C41000000000000803F000000007B902F3ED231D23E
CF71EEC11F813E416309E441000000000000803F00000000B6A2033ED231D23E
4C410AC2D367854076E5C841000000000000803F000000009899193EAA25F03E
B4C0D8C1B71A8140DF320442000000000000803F000000001DD4DF3DE8A8F03E
F6371FC2B71A8140ACE17841000000000000803F000000002449433EE8A8F03E
A469F9C14A7689C0BC8AE941000000000000803F000000008B5A053E132B083F
067AB8C1B71A81C078EC0F42000000000000803F000000007CC5B93D8CAB073F
989715C24A7689C07F09A541000000000000803F00000000A5D82D3E132B083F
FE6125C2B71A81C0F3FE2C41000000000000803F000000007250563E8CAB073F
116AD1C1E10150C11C83FB41000000000000803F00000000F54FE23DA012193F
3F318FC11F813EC1E79E1442000000000000803F000000002E54923D18E7163F
F2FF03C2A8F355C18FCEBF41000000000000803F000000009899193E59D0193F
1BF517C2E10150C1F6E27241000000000000803F00000000360B423EA012193F
9D7823C21F813EC14953B140000000000000803F000000001B096A3E18E7163F
B4989DC158ACAAC1FAE8FC41000000000000803F0000000010A3B53D6A622A3F
E094D4C16B6FB3C17359C941000000000000803F00000000D86B043E22CD2C3F
CF9700C26B6FB3C1E6F48B41000000000000803F000000005BC72E3E22CD2C3F
AB9D10C258ACAAC191750F41000000000000803F00000000A961583E6A622A3F
B89319C2B89399C1CA4061B6000000000000803F00000000FFFF7F3E0AC8253F
CD71EEC120813E416509E4C1000000000000803F00000000A42EBE3ED031D23E
934711C21F813E419B4E9CC1000000000000803F00000000C137A83ED231D23E
4B410AC2D367854079E5C8C1000000000000803F000000003233B33EAA25F03E
F5371FC2B71A8140B5E178C1000000000000803F000000006D5B9E3EE8A8F03E
B3C0D8C1B61A8140E03204C2000000000000803F00000000F80AC83EE8A8F03E
999715C24A7689C08109A5C1000000000000803F00000000AB13A93E132B083F
FE6125C2B71A81C0FBFE2CC1000000000000803F00000000C5D7943E8CAB073F
A469F9C14A7689C0BF8AE9C1000000000000803F00000000B952BD3E132B083F
067AB8C1B61A81C078EC0FC2000000000000803F000000009F8ED13E8CAB073F
1BF517C2E20150C1FCE272C1000000000000803F0000000064FA9E3EA012193F
9D7823C21F813EC15853B1C0000000000000803F0000000071FB8A3E18E7163F
F2FF03C2A8F355C191CEBFC1000000000000803F000000003233B33E59D0193F
126AD1C1E30150C11F83FBC1000000000000803F00000000016CC73EA012193F
40318FC120813EC1E79E14C2000000000000803F00000000F36ADB3E18E7163F
AB9D10C257ACAAC197750FC1000000000000803F0000000029CF933E6A622A3F
CF9700C26B6FB3C1E8F48BC1000000000000803F00000000519CA83E22CD2C3F
E194D4C16B6FB3C17459C9C1000000000000803F0000000012CABD3E22CD2C3F
B5989DC157ACAAC1FAE8FCC1000000000000803F000000003A97D23E6A622A3F
EBD43DC1B89399C1780F12C2000000000000803F000000006466E63E0AC8253F
43318F4120813E41E79E14C2000000000000803F00000000864A123FD031D23E
FC79EB4020813E41E35122C2000000000000803F00000000144F073FD031D23E
2C3C5341D7678540528722C2000000000000803F00000000CCCC0C3FAA25F03E
F7941F40BA1A81402FA72AC2000000000000803F00000000E960023FE8A8F03E
0B7AB841BA1A814078EC0FC2000000000000803F00000000B038173FE8A8F03E
610301414E7689C02FC527C2000000000000803F0000000009BD073F132B083F
F4941FC0BA1A81C02FA72AC2000000000000803F000000002B3EFB3E8CAB073F
F70991414E7689C0DEAF1AC2000000000000803F0000000090DC113F132B083F
BAC0D841BA1A81C0DF3204C2000000000000803F0000000083FA1B3F8CAB073F
48AD2C40E30150C1BE4823C2000000000000803F0000000065B0023FA012193F
F979EBC020813EC1E35122C2000000000000803F00000000D661F13E18E7163F
85AD4941ABF355C1D02C1BC2000000000000803F00000000CCCC0C3F5AD0193F
637DAE41E30150C174710AC2000000000000803F0000000034E9163FA012193F
D471EE4120813EC15F09E4C1000000000000803F00000000AEE8203F18E7163F
CB4429C059ACAAC1E89E14C2000000000000803F000000008F35FA3E6A622A3F
0B87D6406D6FB3C178EC0FC2000000000000803F000000005C81073F23CD2C3F
5B9B7B416D6FB3C1DF3204C2000000000000803F000000003D18123F23CD2C3F
F5D4BF4159ACAAC16009E4C1000000000000803F00000000D17E1C3F6A622A3F
4C410A42D36785C078E5C841000000000000803F000000009999593F2BED073F
A569F9414B768940BD8AE941000000000000803F000000005CA95E3FDAA9EF3E
999715424B7689408009A541000000000000803F00000000D589543FDAA9EF3E
126AD141E30150412383FB41000000000000803F0000000000B6633FC2DACD3E
F2FF0342A9F3554193CEBF41000000000000803F000000009999593F4E5FCC3E
1CF51742E3015041FCE27241000000000000803F00000000327D4F3FC0DACD3E
263C53C1D36785C051872242000000000000803F00000000C8CC4C3D2BED073F
F30991C14B768940DEAF1A42000000000000803F0000000082E48E3DDAA9EF3E
5E0301C14B7689402FC52742000000000000803F0000000029A1F73CDAA9EF3E
607DAEC1E201504175710A42000000000000803F000000009F49B73DC0DACD3E
82AD49C1AAF35541D02C1B42000000000000803F00000000C8CC4C3D4E5FCC3E
43AD2CC0E2015041BE482342000000000000803F000000006E192C3CC2DACD3E
F279EB401F813E41E3512242000000000000803F00000000A0E2E9BCD231D23E
85E42AC2D46785C0E24683B6000000000000803F00000000FFFF7F3E2BED073F
9A8629C24A7689407B5AA9C0000000000000803F00000000861F8A3EDAA9EF3E
9A8629C24A768940675AA940000000000000803F00000000F2C06B3EDAA9EF3E
A1A01EC2E201504125C620C1000000000000803F00000000CD38943EC0DACD3E
252923C2AAF3554144EA1DB6000000000000803F00000000FFFF7F3E4E5FCC3E
A1A01EC2E201504123C62041000000000000803F00000000618E573EC2DACD3E
273C53C1D46785C0528722C2000000000000803F000000006566E63E2BED073F
5B0301C14C7689402FC527C2000000000000803F00000000EC85F03EDAA9EF3E
F10991C14A768940DEAF1AC2000000000000803F00000000DE46DC3EDAA9EF3E
2DAD2CC0E4015041BF4823C2000000000000803F00000000349FFA3EC0DACD3E
7CAD49C1AAF35541D22C1BC2000000000000803F000000006666E63E4E5FCC3E
5E7DAEC1E401504176710AC2000000000000803F00000000962DD23EC0DACD3E
4D410A42D46785C075E5C8C1000000000000803F000000006666263F2BED073F
9A9715424B7689407D09A5C1000000000000803F0000000029762B3FDAA9EF3E
A869F9414C768940BC8AE9C1000000000000803F00000000A356213FDAA9EF3E
1CF51742E3015041F7E272C1000000000000803F00000000CD82303FC0DACD3E
F3FF0342A8F355418FCEBFC1000000000000803F000000006666263F4E5FCC3E
156AD141E30150411E83FBC1000000000000803F00000000FF491C3FC0DACD3E
4911F440178327C25053B140000000000000803F00000000989919BECFF46D3F
76733AC0178327C294750F41000000000000803F00000000D2CC4C3DCFF46D3F
000000004FB42BC200000000000000000000803F00000000C7CC4CBD0000803F
D60F9840034F20C2C9FF6941000000000000803F00000000D0CC4CBD2125623F
13E6B5C0D8231BC2E7F48B41000000000000803F00000000D2CC4C3D9EE95B3F
C61B6E41D8231BC2F6FE2C41000000000000803F000000009999593F9EE95B3F
D60F9840034F20C2C9FF6941000000000000803F000000003333733F2125623F
4911F440178327C25053B140000000000000803F000000009A99593FCFF46D3F
48B40040B1F10FC20786BA41000000000000803F00000000005B60BCDB03513F
45D802C13A3107C27359C941000000000000803F00000000C8CC4C3D6DDE493F
983D4141B1F10FC2665BA041000000000000803F00000000D1E7693FDB03513F
48B40040B1F10FC20786BA41000000000000803F00000000947E7C3FDB03513F
2E47AB413A3107C2AFE17841000000000000803F000000009999593F6DDE493F
583DF7BEE23FEDC1923FF841000000000000803F000000005A4C223B3A263E3F
D85924C13449D9C1FAE8FC41000000000000803F00000000C8CC4C3D3BD3373F
EC5315419807F4C1BBCAE541000000000000803F00000000D0CC4CBD9D67403F
EC5315419807F4C1BBCAE541000000000000803F000000003333733F9D67403F
C10A9541E23FEDC10291C641000000000000803F0000000019C4653F3A263E3F
5E23D7413449D9C1994E9C41000000000000803F000000009999593F3CD3373F
90D716C1178327C2DC3D5DB5000000000000803F00000000FDFF7F3ECFF46D3F
000000004FB42BC200000000000000000000803F000000009999193E0000803F
350D47C1034F20C2929E1041000000000000803F000000009899193E2025623F
BE2893C1D8231BC203D7D7B5000000000000803F00000000FFFF7F3E9DE95B3F
496CACC1B2F10FC20FE11141000000000000803F000000001DC73E3EDA03513F
19B6D3C13A3107C278421BB6000000000000803F00000000FFFF7F3E6CDE493F
784D75C1B2F10FC2C6718D41000000000000803F0000000029D8E83DDB03513F
BF4AEDC1E23FEDC1EA131241000000000000803F00000000FE554F3E3A263E3F
74F604C23449D9C1900443B6000000000000803F00000000FFFF7F3E3BD3373F
0379C3C19807F4C1EA048E41000000000000803F000000009899193E9C67403F
99CA8EC1E23FEDC1981BCB41000000000000803F0000000065BAC73D3A263E3F
79733AC0178327C294750FC1000000000000803F000000006366E63ECFF46D3F
000000004FB42BC200000000000000000000803F000000003133B33E0000803F
360D47C1034F20C2939E10C1000000000000803F000000003133B33E2025623F
16E6B5C0D8231BC2E7F48BC1000000000000803F000000006466E63E9EE95B3F
794D75C1B2F10FC2C6718DC1000000000000803F00000000F3C9C53EDB03513F
47D802C13A3107C27359C9C1000000000000803F000000006466E63E6DDE493F
496CACC1B2F10FC211E111C1000000000000803F000000006F9CA03EDB03513F
9ACA8EC1E23FEDC1981BCBC1000000000000803F000000006411CE3E3A263E3F
DB5924C13449D9C1FAE8FCC1000000000000803F000000006466E63E3CD3373F
0279C3C19607F4C1EB048EC1000000000000803F000000003133B33E9C67403F
BF4AEDC1E23FEDC1EF1312C1000000000000803F00000000FF54983E3A263E3F
4F11F440178327C24A53B1C0000000000000803F000000006766263FCFF46D3F
000000004FB42BC200000000000000000000803F00000000CCCC0C3F0000803F
D90F9840034F20C2C6FF69C1000000000000803F00000000CCCC0C3F2125623F
CA1B6E41D8231BC2F0FE2CC1000000000000803F000000006766263F9EE95B3F
9D3D4141B2F10FC2655BA0C1000000000000803F000000002E18163FDC03513F
3147AB413A3107C2A6E178C1000000000000803F000000006766263F6DDE493F
4CB40040B2F10FC20886BAC1000000000000803F000000006B81033FDC03513F
C50A9541E23FEDC1FF90C6C1000000000000803F00000000E63B1A3F3A263E3F
6323D7413449D9C1944E9CC1000000000000803F000000006766263F3CD3373F
F05315419907F4C1B9CAE5C1000000000000803F00000000CCCC0C3F9D67403F
2E3DF7BEE23FEDC1913FF8C1000000000000803F0000000065BBFE3E3A263E3F
000000004FB42BC200000000000000000000803F000000000000403F0000803F
920A7641024F20C25AEA4436000000000000803F000000000000403F2125623F
AE5DB641B1F10FC2775AA940000000000000803F00000000614B493FDB03513F
AF5DB641B1F10FC2655AA9C0000000000000803F000000009FB4363FDB03513F
88E7EA41E23FEDC125C62041000000000000803F00000000196F4D3F3A263E3F
169EF1419707F4C146EA9D36000000000000803F000000000000403F9C67403F
8BE7EA41E23FEDC119C620C1000000000000803F00000000E790323F3A263E3F
]
[
m_Materials
1
planets\\mars\\materials\\cloudcover.prt
]
[
m_Triangles
1
1
500
000001000200
030004000100
000003000100
050003000000
060007000400
030006000400
080006000300
050008000300
090008000500
0A000B000700
06000A000700
0C000A000600
08000C000600
0D000C000800
09000D000800
0E000D000900
0F0010000B00
0A000F000B00
11000F000A00
0C0011000A00
120011000C00
0D0012000C00
130012000D00
0E0013000D00
140013000E00
150016001700
180019001600
150018001600
1A0018001500
1B001C001900
18001B001900
1D001B001800
1A001D001800
1E001D001A00
1F000E000900
1B0020001C00
210020001B00
1D0021001B00
220021001D00
1E0022001D00
230022001E00
240014000E00
1F0024000E00
250026002000
210025002000
270025002100
220027002100
280027002200
230028002200
290028002300
2A0015002B00
2C001A001500
2A002C001500
2D002C002A00
2E001E001A00
2C002E001A00
2F002E002C00
2D002F002C00
30002F002D00
310023001E00
2E0031001E00
320031002E00
2F0032002E00
330032002F00
300033002F00
340033003000
350029002300
310035002300
360035003100
320036003100
370036003200
330037003200
380037003300
340038003300
390038003400
3A002A003B00
3C002D002A00
3A003C002A00
3D003C003A00
3E0030002D00
3C003E002D00
3F003E003C00
3D003F003C00
40003F003D00
410034003000
3E0041003000
420041003E00
3F0042003E00
430042003F00
400043003F00
440043004000
450039003400
410045003400
460045004100
420046004100
470046004200
430047004200
480047004300
440048004300
490048004400
01003A004A00
4B003D003A00
01004B003A00
04004B000100
4C0040003D00
4B004C003D00
4D004C004B00
04004D004B00
07004D000400
4E0044004000
4C004E004000
4F004E004C00
4D004F004C00
50004F004D00
070050004D00
0B0050000700
510049004400
4E0051004400
520051004E00
4F0052004E00
530052004F00
500053004F00
540053005000
0B0054005000
100054000B00
550056001000
570058005600
550057005600
590057005500
5A005B005800
57005A005800
5C005A005700
59005C005700
5D005C005900
5E005F005B00
5A005E005B00
60005E005A00
5C0060005A00
610060005C00
5D0061005C00
620061005D00
630064005F00
5E0063005F00
650063005E00
600065005E00
660065006000
610066006000
670066006100
620067006100
680067006200
69006A001400
6B006C006A00
69006B006A00
6D006B006900
6E006F006C00
6B006E006C00
70006E006B00
6D0070006B00
710072007300
740075006F00
6E0074006F00
760074006E00
700076006E00
770076007000
710078007200
790078007100
7A0068007500
74007A007500
7B007A007400
76007B007400
7C007B007600
77007C007600
7D007E007800
79007D007800
7F007D007900
800081002900
820083008100
800082008100
840082008000
850086008300
820085008300
870085008200
840087008200
880087008400
89008A008600
850089008600
8B0089008500
87008B008500
8C008B008700
88008C008700
8D008C008800
8E007F008A00
89008E008A00
8F008E008900
8B008F008900
90008F008B00
8C0090008B00
910090008C00
8D0091008C00
920091008D00
930094003900
950096009400
930095009400
970095009300
980099009600
950098009600
9A0098009500
97009A009500
9B009A009700
9C009D009900
98009C009900
9E009C009800
9A009E009800
9F009E009A00
9B009F009A00
A0009F009B00
A10092009D00
9C00A1009D00
A200A1009C00
9E00A2009C00
A300A2009E00
9F00A3009E00
A400A3009F00
A000A4009F00
A500A400A000
A600A7004900
A800A900A700
A600A800A700
AA00A800A600
AB00AC00A900
A800AB00A900
AD00AB00A800
AA00AD00A800
AE00AD00AA00
AF00B000AC00
AB00AF00AC00
B100AF00AB00
AD00B100AB00
B200B100AD00
AE00B200AD00
B300B200AE00
B400A500B000
AF00B400B000
B500B400AF00
B100B500AF00
B600B500B100
B200B600B100
B700B600B200
B300B700B200
6400B700B300
620075006800
B8006F007500
6200B8007500
5D00B8006200
B9006C006F00
B800B9006F00
BA00B900B800
5D00BA00B800
5900BA005D00
BB006A006C00
B900BB006C00
BC00BB00B900
BA00BC00B900
BD00BC00BA00
5900BD00BA00
5500BD005900
130014006A00
BB0013006A00
12001300BB00
BC001200BB00
11001200BC00
BD001100BC00
0F001100BD00
55000F00BD00
10000F005500
79008A007F00
BE0086008A00
7900BE008A00
7100BE007900
BF0083008600
BE00BF008600
C000BF00BE00
7100C000BE00
7300C0007100
C10081008300
BF00C1008300
C200C100BF00
C000C200BF00
C300C200C000
7300C300C000
C400C3007300
280029008100
C10028008100
27002800C100
C2002700C100
25002700C200
C3002500C200
26002500C300
C4002600C300
140024006900
8D009D009200
C50099009D00
8D00C5009D00
8800C5008D00
C60096009900
C500C6009900
C700C600C500
8800C700C500
8400C7008800
C80094009600
C600C8009600
C900C800C600
C700C900C600
CA00C900C700
8400CA00C700
8000CA008400
380039009400
C80038009400
37003800C800
C9003700C800
36003700C900
CA003600C900
35003600CA00
80003500CA00
290035008000
A000B000A500
CB00AC00B000
A000CB00B000
9B00CB00A000
CC00A900AC00
CB00CC00AC00
CD00CC00CB00
9B00CD00CB00
9700CD009B00
CE00A700A900
CC00CE00A900
CF00CE00CC00
CD00CF00CC00
D000CF00CD00
9700D000CD00
9300D0009700
48004900A700
CE004800A700
47004800CE00
CF004700CE00
46004700CF00
D0004600CF00
45004600D000
93004500D000
390045009300
B3005F006400
D1005B005F00
B300D1005F00
AE00D100B300
D20058005B00
D100D2005B00
D300D200D100
AE00D300D100
AA00D300AE00
D40056005800
D200D4005800
D500D400D200
D300D500D200
D600D500D300
AA00D600D300
A600D600AA00
540010005600
D40054005600
53005400D400
D5005300D400
52005300D500
D6005200D500
51005200D600
A6005100D600
49005100A600
D700D800D900
DA00DB00D800
D700DA00D800
DC00DD00DE00
DF00E000DB00
DA00DF00DB00
E100E200DD00
DC00E100DD00
E300E100DC00
E400E500E000
DF00E400E000
E600E400DF00
E100E700E200
E800E700E100
E300E800E100
E900E800E300
7D007F00E500
E4007D00E500
7E007D00E400
E6007E00E400
7B007C00E700
E8007B00E700
7A007B00E800
E9007A00E800
68007A00E900
D800EA00EB00
EC00ED00EA00
D800EC00EA00
DB00EC00D800
EE00EF00ED00
EC00EE00ED00
F000EE00EC00
DB00F000EC00
E000F000DB00
F100F200EF00
EE00F100EF00
F300F100EE00
F000F300EE00
F400F300F000
E000F400F000
E500F400E000
91009200F200
F1009100F200
90009100F100
F3009000F100
8F009000F300
F4008F00F300
8E008F00F400
E5008E00F400
7F008E00E500
EA00F500F600
F700F800F500
EA00F700F500
ED00F700EA00
F900FA00F800
F700F900F800
FB00F900F700
ED00FB00F700
EF00FB00ED00
FC00FD00FA00
F900FC00FA00
FE00FC00F900
FB00FE00F900
FF00FE00FB00
EF00FF00FB00
F200FF00EF00
A400A500FD00
FC00A400FD00
A300A400FC00
FE00A300FC00
A200A300FE00
FF00A200FE00
A100A200FF00
F200A100FF00
9200A100F200
F50000010101
020103010001
F50002010001
F8000201F500
040105010301
020104010301
060104010201
F80006010201
FA000601F800
070108010501
040107010501
090107010401
060109010401
0A0109010601
FA000A010601
FD000A01FA00
B70064000801
0701B7000801
B600B7000701
0901B6000701
B500B6000901
0A01B5000901
B400B5000A01
FD00B4000A01
A500B400FD00
0001DE000B01
0C01DC00DE00
00010C01DE00
03010C010001
0D01E300DC00
0C010D01DC00
0E010D010C01
03010E010C01
05010E010301
0F01E900E300
0D010F01E300
10010F010D01
0E0110010D01
110110010E01
050111010E01
080111010501
67006800E900
0F016700E900
660067000F01
100166000F01
650066001001
110165001001
630065001101
080163001101
640063000801
]
[
m_Fps
15.000000
]
[
m_fMeshScale
2.050000
]
[
m_Reverse
0
]
[
m_Optimize
0
]
[
m_CalcNormals
1
]
[
m_EnableLOD
0
]
[
m_MinLOD
1.000000
]
[
m_MaxLOD
750.000000
]
}
]
[
m_Bits
0
]
[
m_Type
01000000
]
[
m_MinDistance
0.000000
]
[
m_MaxDistance
2000.000000
]
[
m_fFadePercent
1.000000
]
[
m_MinDetailLevel
00000000
]
[
m_MaxDetailLevel
02000000
]
[
m_bZeroTime
0
]
}
]
[
m_Position
000000000000000000000000
]
[
m_Frame
0000803F0000000000000000000000000000803F0000000000000000000000000000803F
]
[
m_fFrameScale
1.000000
]
[
m_Pitch
0.000000
]
[
m_Yaw
0.001745
]
[
m_Roll
0.000000
]
}
C586FE462BF76149
B7E70EEF06E7133B
{
[
m_NodeKey
594C33CE09D07946
]
[
m_Class
F0818A88AFB3A485
]
[
m_Name
GeoSphere01
]
[
m_pTemplate
F0818A88AFB3A485
91F1B168D380695C
{
[
m_Name

]
[
m_nNodeFlags
0
]
[
m_Children
0
]
[
m_Position
000000000000000000000000
]
[
m_Frame
0000803F0000000000000000000000000000803F0000000000000000000000000000803F
]
[
m_NodeFrames
0
]
[
m_Verts
0
]
[
m_Materials
0
]
[
m_Triangles
0
]
[
m_Hull
8096184B8096184B8096184B809618CB809618CB809618CB
]
[
m_Fps
15.000000
]
[
m_EnableLOD
0
]
[
m_MinLOD
1.000000
]
[
m_MaxLOD
750.000000
]
}
]
[
m_Children
1
ED2EE28E940CD7AE
1C54381E8EDB2A3F
{
[
m_NodeKey
14CD34CE09D07946
]
[
m_Class
B0FD1FA748B36222
]
[
m_Name
PathMap
]
[
m_pTemplate
B0FD1FA748B36222
92F1B168D380695C
{
[
m_Name

]
[
m_nNodeFlags
0
]
[
m_Children
0
]
[
m_Nodes
0
]
}
]
[
m_Children
0
]
}
]
[
m_Position
000000000000000000000000
]
[
m_Frame
0000803F0000000000000000000000000000803F0000000000000000000000000000803F
]
[
m_fFrameScale
1.000000
]
[
m_bExportNodeFrames
0
]
[
m_NodeFrames
0
]
[
m_Verts
274
75733A401783274295750F41000000000000803F000000003333733F8859903D
90D716411783274200000000000000000000803F000000000000403F8859903D
000000004FB42B4200000000000000000000803F000000009A99593F00000000
340D4741034F2042949E1041000000000000803F000000009999593FF8D6EE3D
BE289341D8231B4200000000000000000000803F000000000000403F8C59103E
10E6B540D8231B42E8F48B41000000000000803F000000003333733F8C59103E
496CAC41B2F10F4212E11141000000000000803F00000000384E503F94F03B3E
19B6D3413A31074200000000000000000000803F000000000000403F5086583E
784D7541B2F10F42C7718D41000000000000803F00000000FAE4623F94F03B3E
44D802413A3107427559C941000000000000803F000000003333733F5086583E
BF4AED41E23FED41EF131241000000000000803F00000000802A4C3F8CB3833E
74F604423449D94100000000000000000000803F00000000FFFF3F3F8A59903E
0379C3419807F441ED048E41000000000000803F000000009999593F90617E3E
99CA8E41E23FED419B1BCB41000000000000803F00000000B308673F8EB3833E
D75924413449D941FDE8FC41000000000000803F000000003333733F8A59903E
AB9D104258ACAA4196750F41000000000000803F0000000095E7493F2C3BAB3E
B8931942B893994100000000000000000000803F00000000FFFF3F3FEC6FB43E
CF9700426B6FB341E8F48B41000000000000803F00000000284E543FBC65A63E
DF94D4416B6FB3417559C941000000000000803F0000000009E55E3FBC65A63E
B3989D4158ACAA41FDE8FC41000000000000803F000000009D4B693F2E3BAB3E
E6D43D41B8939941790F1242000000000000803F000000003333733FEC6FB43E
4C11F4C0178327424F53B140000000000000803F000000009899193E8859903D
75733A401783274295750F41000000000000803F00000000D0CC4CBD8859903D
000000004FB42B4200000000000000000000803F00000000C8CC4C3D00000000
DA0F98C0034F2042CAFF6941000000000000803F00000000D2CC4C3D00D7EE3D
10E6B540D8231B42E8F48B41000000000000803F00000000D0CC4CBD8C59103E
C81B6EC1D8231B42F5FE2C41000000000000803F000000009899193E8C59103E
4DB400C0B1F10F420986BA41000000000000803F00000000E15A603C98F03B3E
44D802413A3107427559C941000000000000803F00000000D0CC4CBD5086583E
9A3D41C1B1F10F42675BA041000000000000803F0000000071C1B03D98F03B3E
2F47ABC13A310742ADE17841000000000000803F000000009899193E5086583E
1B3DF73EE23FED41943FF841000000000000803F00000000B35D7F3F8EB3833E
1B3DF73EE23FED41943FF841000000000000803F00000000004D22BB8EB3833E
EF5315C19807F441BCCAE541000000000000803F00000000C8CC4C3D90617E3E
C30A95C1E23FED410391C641000000000000803F000000002FDFD13D8EB3833E
6023D7C13449D941984E9C41000000000000803F000000009899193E8A59903E
C344294058ACAA41E99E1442000000000000803F00000000C81A7D3F2E3BAB3E
0987D6C06B6FB34178EC0F42000000000000803F000000008B2BF03CBC65A63E
C344294058ACAA41E99E1442000000000000803F00000000004E39BC2E3BAB3E
579B7BC16B6FB341E0320442000000000000803F00000000EAC1903DBC65A63E
F2D4BFC158ACAA416409E441000000000000803F0000000089F6E33D2E3BAB3E
2D7EF8C1B8939941658AB441000000000000803F000000009899193EEC6FB43E
4811F4C0178327425253B1C0000000000000803F000000003233B33E8859903D
000000004FB42B4200000000000000000000803F00000000FEFF7F3E00000000
920A76C1034F204255EAC4B5000000000000803F00000000FDFF7F3E00D7EE3D
C51B6EC1D8231B42F8FE2CC1000000000000803F000000003233B33E8C59103E
AE5DB6C1B2F10F426E5AA940000000000000803F0000000079D25A3E94F03B3E
AE5DB6C1B2F10F42765AA9C0000000000000803F00000000C296923E94F03B3E
2D47ABC13A310742B1E178C1000000000000803F000000003233B33E5086583E
89E7EAC1E23FED4120C62041000000000000803F000000009A434A3E8EB3833E
179EF1C19807F44144EA1DB6000000000000803F00000000FFFF7F3E90617E3E
88E7EAC1E23FED4127C620C1000000000000803F0000000032DE9A3E8CB3833E
5E23D7C13449D9419B4E9CC1000000000000803F000000003233B33E8A59903E
D9130AC258ACAA4188F35F41000000000000803F00000000ED37413E2E3BAB3E
892A11C26B6FB3416BC59740000000000000803F000000003ED26A3EBC65A63E
892A11C26B6FB3417AC597C0000000000000803F00000000E0968A3EBC65A63E
D9130AC258ACAA418FF35FC1000000000000803F0000000008649F3E2E3BAB3E
2A7EF8C1B8939941688AB4C1000000000000803F000000003233B33EEC6FB43E
7B733A401783274294750FC1000000000000803F00000000CCCC0C3F8859903D
000000004FB42B4200000000000000000000803F000000006566E63E00000000
D30F98C0034F2042CAFF69C1000000000000803F000000006566E63EF8D6EE3D
16E6B540D8231B42E7F48BC1000000000000803F00000000CCCC0C3F8C59103E
963D41C1B1F10F42675BA0C1000000000000803F00000000A3CFD33E94F03B3E
3DB400C0B1F10F420886BAC1000000000000803F0000000028FDF83E94F03B3E
47D802413A3107427359C9C1000000000000803F00000000CCCC0C3F4C86583E
C10A95C1E23FED410491C6C1000000000000803F000000003388CB3E8CB3833E
EA5315C19807F441BCCAE5C1000000000000803F000000006666E63E8C617E3E
B83DF73EE23FED41933FF8C1000000000000803F000000004CA2003F8CB3833E
DC5924413449D941FAE8FCC1000000000000803F00000000CCCC0C3F8A59903E
EFD4BFC158ACAA416509E4C1000000000000803F000000005D02C73E2E3BAB3E
509B7BC16B6FB341E03204C2000000000000803F0000000085CFDB3EBC65A63E
FA86D6C06B6FB34178EC0FC2000000000000803F0000000046FDF03EBC65A63E
DC44294058ACAA41E79E14C2000000000000803F0000000037E5023F2C3BAB3E
ECD43D41B8939941780F12C2000000000000803F00000000CCCC0C3FEC6FB43E
000000004FB42B4200000000000000000000803F000000006666263F00000000
360D4741034F2042929E10C1000000000000803F000000006666263FF8D6EE3D
784D7541B1F10F42C5718DC1000000000000803F00000000051B1D3F94F03B3E
486CAC41B1F10F4210E111C1000000000000803F00000000C7B12F3F94F03B3E
9BCA8E41E23FED41981BCBC1000000000000803F000000004DF7183F8CB3833E
0479C3419707F441EB048EC1000000000000803F000000006666263F90617E3E
BF4AED41E23FED41ED1312C1000000000000803F000000007FD5333F8CB3833E
B6989D4157ACAA41FAE8FCC1000000000000803F0000000062B4163F2E3BAB3E
E194D4416B6FB3417359C9C1000000000000803F00000000F61A213FBC65A63E
CF9700426B6FB341E7F48BC1000000000000803F00000000D6B12B3FBC65A63E
AB9D104257ACAA4194750FC1000000000000803F000000006A18363F2E3BAB3E
9D7823421F813E415053B140000000000000803F00000000B87D453FD231D23E
9D78234220813E414A53B1C0000000000000803F0000000047823A3FD031D23E
85E42A42D467854058EA4436000000000000803F000000000000403FAA25F03E
FF612542B61A8140F0FE2CC1000000000000803F000000001D94353FE8A8F03E
FE612542B71A8140F6FE2C41000000000000803F00000000E26B4A3FE8A8F03E
9B862942497689C0655AA9C0000000000000803F000000003CF03A3F132B083F
F7371F42B61A81C0A6E178C1000000000000803F0000000049D2303F8CAB073F
9A8629424A7689C0775AA940000000000000803F00000000C30F453F132B083F
F6371F42B71A81C0AFE17841000000000000803F00000000B62D4F3F8CAB073F
A2A01E42E30150C119C620C1000000000000803F0000000099E3353FA012193F
9547114220813EC1944E9CC1000000000000803F000000001FE42B3F18E7163F
24292342A8F355C1D864C536000000000000803F000000000000403F59D0193F
A1A01E42E20150C126C62041000000000000803F00000000671C4A3FA012193F
934711421F813EC19A4E9C41000000000000803F00000000E01B543F18E7163F
DA130A4258ACAAC180F35FC1000000000000803F00000000FC4D303F6A622A3F
307EF841B89399C1608AB4C1000000000000803F000000006766263F0AC8253F
8A2A11426C6FB3C164C597C0000000000000803F000000008FB43A3F22CD2C3F
8A2A11426C6FB3C17FC59740000000000000803F00000000704B453F22CD2C3F
D9130A4258ACAAC18EF35F41000000000000803F0000000004B24F3F6A622A3F
2B7EF841B89399C1668AB441000000000000803F000000009899593F0AC8253F
F279EB401F813E41E3512242000000000000803F00000000EBB0783FD231D23E
3E318F411F813E41E99E1442000000000000803F000000007AB56D3FD231D23E
243C5341D367854051872242000000000000803F000000003333733FAA25F03E
057AB841B71A814078EC0F42000000000000803F0000000050C7683FE8A8F03E
E9941F40B71A81402EA72A42000000000000803F00000000169F7D3FE8A8F03E
F20991414B7689C0DFAF1A42000000000000803F000000006F236E3F132B083F
B3C0D841B71A81C0E0320442000000000000803F000000007B05643F8CAB073F
5C0301414B7689C030C52742000000000000803F00000000F642783F132B083F
F3941FC0B71A81C02EA72A42000000000000803F000000005C3A183C8CAB073F
5C0301414B7689C030C52742000000000000803F0000000040A1F7BC132B083F
E9941F40B71A81402EA72A42000000000000803F00000000803A18BCE8A8F03E
5E7DAE41E20150C175710A42000000000000803F00000000CB16693FA012193F
CD71EE411F813EC16409E441000000000000803F0000000052175F3F18E7163F
7EAD4941AAF355C1D02C1B42000000000000803F000000003333733F5AD0193F
37AD2C40E20150C1BC482342000000000000803F000000009A4F7D3FA012193F
37AD2C40E20150C1BC482342000000000000803F0000000080192CBCA012193F
F679EBC01F813EC1E2512242000000000000803F000000007CE2E93C18E7163F
F0D4BF4158ACAAC16409E441000000000000803F000000002E81633F6A622A3F
539B7B416B6FB3C1E0320442000000000000803F00000000C3E76D3F22CD2C3F
0187D6406B6FB3C178EC0F42000000000000803F00000000A37E783F22CD2C3F
CD4429C058ACAAC1E79E1442000000000000803F00000000E14D393C6A622A3F
0187D6406B6FB3C178EC0F42000000000000803F00000000A02BF0BC22CD2C3F
E8D43DC1B89399C1780F1242000000000000803F00000000C8CC4C3D0AC8253F
944711C21F813E41994E9C41000000000000803F000000007B902F3ED231D23E
CF71EEC11F813E416309E441000000000000803F00000000B6A2033ED231D23E
4C410AC2D367854076E5C841000000000000803F000000009899193EAA25F03E
B4C0D8C1B71A8140DF320442000000000000803F000000001DD4DF3DE8A8F03E
F6371FC2B71A8140ACE17841000000000000803F000000002449433EE8A8F03E
A469F9C14A7689C0BC8AE941000000000000803F000000008B5A053E132B083F
067AB8C1B71A81C078EC0F42000000000000803F000000007CC5B93D8CAB073F
989715C24A7689C07F09A541000000000000803F00000000A5D82D3E132B083F
FE6125C2B71A81C0F3FE2C41000000000000803F000000007250563E8CAB073F
116AD1C1E10150C11C83FB41000000000000803F00000000F54FE23DA012193F
3F318FC11F813EC1E79E1442000000000000803F000000002E54923D18E7163F
F2FF03C2A8F355C18FCEBF41000000000000803F000000009899193E59D0193F
1BF517C2E10150C1F6E27241000000000000803F00000000360B423EA012193F
9D7823C21F813EC14953B140000000000000803F000000001B096A3E18E7163F
B4989DC158ACAAC1FAE8FC41000000000000803F0000000010A3B53D6A622A3F
E094D4C16B6FB3C17359C941000000000000803F00000000D86B043E22CD2C3F
CF9700C26B6FB3C1E6F48B41000000000000803F000000005BC72E3E22CD2C3F
AB9D10C258ACAAC191750F41000000000000803F00000000A961583E6A622A3F
B89319C2B89399C1CA4061B6000000000000803F00000000FFFF7F3E0AC8253F
CD71EEC120813E416509E4C1000000000000803F00000000A42EBE3ED031D23E
934711C21F813E419B4E9CC1000000000000803F00000000C137A83ED231D23E
4B410AC2D367854079E5C8C1000000000000803F000000003233B33EAA25F03E
F5371FC2B71A8140B5E178C1000000000000803F000000006D5B9E3EE8A8F03E
B3C0D8C1B61A8140E03204C2000000000000803F00000000F80AC83EE8A8F03E
999715C24A7689C08109A5C1000000000000803F00000000AB13A93E132B083F
FE6125C2B71A81C0FBFE2CC1000000000000803F00000000C5D7943E8CAB073F
A469F9C14A7689C0BF8AE9C1000000000000803F00000000B952BD3E132B083F
067AB8C1B61A81C078EC0FC2000000000000803F000000009F8ED13E8CAB073F
1BF517C2E20150C1FCE272C1000000000000803F0000000064FA9E3EA012193F
9D7823C21F813EC15853B1C0000000000000803F0000000071FB8A3E18E7163F
F2FF03C2A8F355C191CEBFC1000000000000803F000000003233B33E59D0193F
126AD1C1E30150C11F83FBC1000000000000803F00000000016CC73EA012193F
40318FC120813EC1E79E14C2000000000000803F00000000F36ADB3E18E7163F
AB9D10C257ACAAC197750FC1000000000000803F0000000029CF933E6A622A3F
CF9700C26B6FB3C1E8F48BC1000000000000803F00000000519CA83E22CD2C3F
E194D4C16B6FB3C17459C9C1000000000000803F0000000012CABD3E22CD2C3F
B5989DC157ACAAC1FAE8FCC1000000000000803F000000003A97D23E6A622A3F
EBD43DC1B89399C1780F12C2000000000000803F000000006466E63E0AC8253F
43318F4120813E41E79E14C2000000000000803F00000000864A123FD031D23E
FC79EB4020813E41E35122C2000000000000803F00000000144F073FD031D23E
2C3C5341D7678540528722C2000000000000803F00000000CCCC0C3FAA25F03E
F7941F40BA1A81402FA72AC2000000000000803F00000000E960023FE8A8F03E
0B7AB841BA1A814078EC0FC2000000000000803F00000000B038173FE8A8F03E
610301414E7689C02FC527C2000000000000803F0000000009BD073F132B083F
F4941FC0BA1A81C02FA72AC2000000000000803F000000002B3EFB3E8CAB073F
F70991414E7689C0DEAF1AC2000000000000803F0000000090DC113F132B083F
BAC0D841BA1A81C0DF3204C2000000000000803F0000000083FA1B3F8CAB073F
48AD2C40E30150C1BE4823C2000000000000803F0000000065B0023FA012193F
F979EBC020813EC1E35122C2000000000000803F00000000D661F13E18E7163F
85AD4941ABF355C1D02C1BC2000000000000803F00000000CCCC0C3F5AD0193F
637DAE41E30150C174710AC2000000000000803F0000000034E9163FA012193F
D471EE4120813EC15F09E4C1000000000000803F00000000AEE8203F18E7163F
CB4429C059ACAAC1E89E14C2000000000000803F000000008F35FA3E6A622A3F
0B87D6406D6FB3C178EC0FC2000000000000803F000000005C81073F23CD2C3F
5B9B7B416D6FB3C1DF3204C2000000000000803F000000003D18123F23CD2C3F
F5D4BF4159ACAAC16009E4C1000000000000803F00000000D17E1C3F6A622A3F
4C410A42D36785C078E5C841000000000000803F000000009999593F2BED073F
A569F9414B768940BD8AE941000000000000803F000000005CA95E3FDAA9EF3E
999715424B7689408009A541000000000000803F00000000D589543FDAA9EF3E
126AD141E30150412383FB41000000000000803F0000000000B6633FC2DACD3E
F2FF0342A9F3554193CEBF41000000000000803F000000009999593F4E5FCC3E
1CF51742E3015041FCE27241000000000000803F00000000327D4F3FC0DACD3E
263C53C1D36785C051872242000000000000803F00000000C8CC4C3D2BED073F
F30991C14B768940DEAF1A42000000000000803F0000000082E48E3DDAA9EF3E
5E0301C14B7689402FC52742000000000000803F0000000029A1F73CDAA9EF3E
607DAEC1E201504175710A42000000000000803F000000009F49B73DC0DACD3E
82AD49C1AAF35541D02C1B42000000000000803F00000000C8CC4C3D4E5FCC3E
43AD2CC0E2015041BE482342000000000000803F000000006E192C3CC2DACD3E
F279EB401F813E41E3512242000000000000803F00000000A0E2E9BCD231D23E
85E42AC2D46785C0E24683B6000000000000803F00000000FFFF7F3E2BED073F
9A8629C24A7689407B5AA9C0000000000000803F00000000861F8A3EDAA9EF3E
9A8629C24A768940675AA940000000000000803F00000000F2C06B3EDAA9EF3E
A1A01EC2E201504125C620C1000000000000803F00000000CD38943EC0DACD3E
252923C2AAF3554144EA1DB6000000000000803F00000000FFFF7F3E4E5FCC3E
A1A01EC2E201504123C62041000000000000803F00000000618E573EC2DACD3E
273C53C1D46785C0528722C2000000000000803F000000006566E63E2BED073F
5B0301C14C7689402FC527C2000000000000803F00000000EC85F03EDAA9EF3E
F10991C14A768940DEAF1AC2000000000000803F00000000DE46DC3EDAA9EF3E
2DAD2CC0E4015041BF4823C2000000000000803F00000000349FFA3EC0DACD3E
7CAD49C1AAF35541D22C1BC2000000000000803F000000006666E63E4E5FCC3E
5E7DAEC1E401504176710AC2000000000000803F00000000962DD23EC0DACD3E
4D410A42D46785C075E5C8C1000000000000803F000000006666263F2BED073F
9A9715424B7689407D09A5C1000000000000803F0000000029762B3FDAA9EF3E
A869F9414C768940BC8AE9C1000000000000803F00000000A356213FDAA9EF3E
1CF51742E3015041F7E272C1000000000000803F00000000CD82303FC0DACD3E
F3FF0342A8F355418FCEBFC1000000000000803F000000006666263F4E5FCC3E
156AD141E30150411E83FBC1000000000000803F00000000FF491C3FC0DACD3E
4911F440178327C25053B140000000000000803F00000000989919BECFF46D3F
76733AC0178327C294750F41000000000000803F00000000D2CC4C3DCFF46D3F
000000004FB42BC200000000000000000000803F00000000C7CC4CBD0000803F
D60F9840034F20C2C9FF6941000000000000803F00000000D0CC4CBD2125623F
13E6B5C0D8231BC2E7F48B41000000000000803F00000000D2CC4C3D9EE95B3F
C61B6E41D8231BC2F6FE2C41000000000000803F000000009999593F9EE95B3F
D60F9840034F20C2C9FF6941000000000000803F000000003333733F2125623F
4911F440178327C25053B140000000000000803F000000009A99593FCFF46D3F
48B40040B1F10FC20786BA41000000000000803F00000000005B60BCDB03513F
45D802C13A3107C27359C941000000000000803F00000000C8CC4C3D6DDE493F
983D4141B1F10FC2665BA041000000000000803F00000000D1E7693FDB03513F
48B40040B1F10FC20786BA41000000000000803F00000000947E7C3FDB03513F
2E47AB413A3107C2AFE17841000000000000803F000000009999593F6DDE493F
583DF7BEE23FEDC1923FF841000000000000803F000000005A4C223B3A263E3F
D85924C13449D9C1FAE8FC41000000000000803F00000000C8CC4C3D3BD3373F
EC5315419807F4C1BBCAE541000000000000803F00000000D0CC4CBD9D67403F
EC5315419807F4C1BBCAE541000000000000803F000000003333733F9D67403F
C10A9541E23FEDC10291C641000000000000803F0000000019C4653F3A263E3F
5E23D7413449D9C1994E9C41000000000000803F000000009999593F3CD3373F
90D716C1178327C2DC3D5DB5000000000000803F00000000FDFF7F3ECFF46D3F
000000004FB42BC200000000000000000000803F000000009999193E0000803F
350D47C1034F20C2929E1041000000000000803F000000009899193E2025623F
BE2893C1D8231BC203D7D7B5000000000000803F00000000FFFF7F3E9DE95B3F
496CACC1B2F10FC20FE11141000000000000803F000000001DC73E3EDA03513F
19B6D3C13A3107C278421BB6000000000000803F00000000FFFF7F3E6CDE493F
784D75C1B2F10FC2C6718D41000000000000803F0000000029D8E83DDB03513F
BF4AEDC1E23FEDC1EA131241000000000000803F00000000FE554F3E3A263E3F
74F604C23449D9C1900443B6000000000000803F00000000FFFF7F3E3BD3373F
0379C3C19807F4C1EA048E41000000000000803F000000009899193E9C67403F
99CA8EC1E23FEDC1981BCB41000000000000803F0000000065BAC73D3A263E3F
79733AC0178327C294750FC1000000000000803F000000006366E63ECFF46D3F
000000004FB42BC200000000000000000000803F000000003133B33E0000803F
360D47C1034F20C2939E10C1000000000000803F000000003133B33E2025623F
16E6B5C0D8231BC2E7F48BC1000000000000803F000000006466E63E9EE95B3F
794D75C1B2F10FC2C6718DC1000000000000803F00000000F3C9C53EDB03513F
47D802C13A3107C27359C9C1000000000000803F000000006466E63E6DDE493F
496CACC1B2F10FC211E111C1000000000000803F000000006F9CA03EDB03513F
9ACA8EC1E23FEDC1981BCBC1000000000000803F000000006411CE3E3A263E3F
DB5924C13449D9C1FAE8FCC1000000000000803F000000006466E63E3CD3373F
0279C3C19607F4C1EB048EC1000000000000803F000000003133B33E9C67403F
BF4AEDC1E23FEDC1EF1312C1000000000000803F00000000FF54983E3A263E3F
4F11F440178327C24A53B1C0000000000000803F000000006766263FCFF46D3F
000000004FB42BC200000000000000000000803F00000000CCCC0C3F0000803F
D90F9840034F20C2C6FF69C1000000000000803F00000000CCCC0C3F2125623F
CA1B6E41D8231BC2F0FE2CC1000000000000803F000000006766263F9EE95B3F
9D3D4141B2F10FC2655BA0C1000000000000803F000000002E18163FDC03513F
3147AB413A3107C2A6E178C1000000000000803F000000006766263F6DDE493F
4CB40040B2F10FC20886BAC1000000000000803F000000006B81033FDC03513F
C50A9541E23FEDC1FF90C6C1000000000000803F00000000E63B1A3F3A263E3F
6323D7413449D9C1944E9CC1000000000000803F000000006766263F3CD3373F
F05315419907F4C1B9CAE5C1000000000000803F00000000CCCC0C3F9D67403F
2E3DF7BEE23FEDC1913FF8C1000000000000803F0000000065BBFE3E3A263E3F
000000004FB42BC200000000000000000000803F000000000000403F0000803F
920A7641024F20C25AEA4436000000000000803F000000000000403F2125623F
AE5DB641B1F10FC2775AA940000000000000803F00000000614B493FDB03513F
AF5DB641B1F10FC2655AA9C0000000000000803F000000009FB4363FDB03513F
88E7EA41E23FEDC125C62041000000000000803F00000000196F4D3F3A263E3F
169EF1419707F4C146EA9D36000000000000803F000000000000403F9C67403F
8BE7EA41E23FEDC119C620C1000000000000803F00000000E790323F3A263E3F
]
[
m_Materials
1
planets\\mars\\materials\\planet.prt
]
[
m_Triangles
1
1
500
000001000200
030004000100
000003000100
050003000000
060007000400
030006000400
080006000300
050008000300
090008000500
0A000B000700
06000A000700
0C000A000600
08000C000600
0D000C000800
09000D000800
0E000D000900
0F0010000B00
0A000F000B00
11000F000A00
0C0011000A00
120011000C00
0D0012000C00
130012000D00
0E0013000D00
140013000E00
150016001700
180019001600
150018001600
1A0018001500
1B001C001900
18001B001900
1D001B001800
1A001D001800
1E001D001A00
1F000E000900
1B0020001C00
210020001B00
1D0021001B00
220021001D00
1E0022001D00
230022001E00
240014000E00
1F0024000E00
250026002000
210025002000
270025002100
220027002100
280027002200
230028002200
290028002300
2A0015002B00
2C001A001500
2A002C001500
2D002C002A00
2E001E001A00
2C002E001A00
2F002E002C00
2D002F002C00
30002F002D00
310023001E00
2E0031001E00
320031002E00
2F0032002E00
330032002F00
300033002F00
340033003000
350029002300
310035002300
360035003100
320036003100
370036003200
330037003200
380037003300
340038003300
390038003400
3A002A003B00
3C002D002A00
3A003C002A00
3D003C003A00
3E0030002D00
3C003E002D00
3F003E003C00
3D003F003C00
40003F003D00
410034003000
3E0041003000
420041003E00
3F0042003E00
430042003F00
400043003F00
440043004000
450039003400
410045003400
460045004100
420046004100
470046004200
430047004200
480047004300
440048004300
490048004400
01003A004A00
4B003D003A00
01004B003A00
04004B000100
4C0040003D00
4B004C003D00
4D004C004B00
04004D004B00
07004D000400
4E0044004000
4C004E004000
4F004E004C00
4D004F004C00
50004F004D00
070050004D00
0B0050000700
510049004400
4E0051004400
520051004E00
4F0052004E00
530052004F00
500053004F00
540053005000
0B0054005000
100054000B00
550056001000
570058005600
550057005600
590057005500
5A005B005800
57005A005800
5C005A005700
59005C005700
5D005C005900
5E005F005B00
5A005E005B00
60005E005A00
5C0060005A00
610060005C00
5D0061005C00
620061005D00
630064005F00
5E0063005F00
650063005E00
600065005E00
660065006000
610066006000
670066006100
620067006100
680067006200
69006A001400
6B006C006A00
69006B006A00
6D006B006900
6E006F006C00
6B006E006C00
70006E006B00
6D0070006B00
710072007300
740075006F00
6E0074006F00
760074006E00
700076006E00
770076007000
710078007200
790078007100
7A0068007500
74007A007500
7B007A007400
76007B007400
7C007B007600
77007C007600
7D007E007800
79007D007800
7F007D007900
800081002900
820083008100
800082008100
840082008000
850086008300
820085008300
870085008200
840087008200
880087008400
89008A008600
850089008600
8B0089008500
87008B008500
8C008B008700
88008C008700
8D008C008800
8E007F008A00
89008E008A00
8F008E008900
8B008F008900
90008F008B00
8C0090008B00
910090008C00
8D0091008C00
920091008D00
930094003900
950096009400
930095009400
970095009300
980099009600
950098009600
9A0098009500
97009A009500
9B009A009700
9C009D009900
98009C009900
9E009C009800
9A009E009800
9F009E009A00
9B009F009A00
A0009F009B00
A10092009D00
9C00A1009D00
A200A1009C00
9E00A2009C00
A300A2009E00
9F00A3009E00
A400A3009F00
A000A4009F00
A500A400A000
A600A7004900
A800A900A700
A600A800A700
AA00A800A600
AB00AC00A900
A800AB00A900
AD00AB00A800
AA00AD00A800
AE00AD00AA00
AF00B000AC00
AB00AF00AC00
B100AF00AB00
AD00B100AB00
B200B100AD00
AE00B200AD00
B300B200AE00
B400A500B000
AF00B400B000
B500B400AF00
B100B500AF00
B600B500B100
B200B600B100
B700B600B200
B300B700B200
6400B700B300
620075006800
B8006F007500
6200B8007500
5D00B8006200
B9006C006F00
B800B9006F00
BA00B900B800
5D00BA00B800
5900BA005D00
BB006A006C00
B900BB006C00
BC00BB00B900
BA00BC00B900
BD00BC00BA00
5900BD00BA00
5500BD005900
130014006A00
BB0013006A00
12001300BB00
BC001200BB00
11001200BC00
BD001100BC00
0F001100BD00
55000F00BD00
10000F005500
79008A007F00
BE0086008A00
7900BE008A00
7100BE007900
BF0083008600
BE00BF008600
C000BF00BE00
7100C000BE00
7300C0007100
C10081008300
BF00C1008300
C200C100BF00
C000C200BF00
C300C200C000
7300C300C000
C400C3007300
280029008100
C10028008100
27002800C100
C2002700C100
25002700C200
C3002500C200
26002500C300
C4002600C300
140024006900
8D009D009200
C50099009D00
8D00C5009D00
8800C5008D00
C60096009900
C500C6009900
C700C600C500
8800C700C500
8400C7008800
C80094009600
C600C8009600
C900C800C600
C700C900C600
CA00C900C700
8400CA00C700
8000CA008400
380039009400
C80038009400
37003800C800
C9003700C800
36003700C900
CA003600C900
35003600CA00
80003500CA00
290035008000
A000B000A500
CB00AC00B000
A000CB00B000
9B00CB00A000
CC00A900AC00
CB00CC00AC00
CD00CC00CB00
9B00CD00CB00
9700CD009B00
CE00A700A900
CC00CE00A900
CF00CE00CC00
CD00CF00CC00
D000CF00CD00
9700D000CD00
9300D0009700
48004900A700
CE004800A700
47004800CE00
CF004700CE00
46004700CF00
D0004600CF00
45004600D000
93004500D000
390045009300
B3005F006400
D1005B005F00
B300D1005F00
AE00D100B300
D20058005B00
D100D2005B00
D300D200D100
AE00D300D100
AA00D300AE00
D40056005800
D200D4005800
D500D400D200
D300D500D200
D600D500D300
AA00D600D300
A600D600AA00
540010005600
D40054005600
53005400D400
D5005300D400
52005300D500
D6005200D500
51005200D600
A6005100D600
49005100A600
D700D800D900
DA00DB00D800
D700DA00D800
DC00DD00DE00
DF00E000DB00
DA00DF00DB00
E100E200DD00
DC00E100DD00
E300E100DC00
E400E500E000
DF00E400E000
E600E400DF00
E100E700E200
E800E700E100
E300E800E100
E900E800E300
7D007F00E500
E4007D00E500
7E007D00E400
E6007E00E400
7B007C00E700
E8007B00E700
7A007B00E800
E9007A00E800
68007A00E900
D800EA00EB00
EC00ED00EA00
D800EC00EA00
DB00EC00D800
EE00EF00ED00
EC00EE00ED00
F000EE00EC00
DB00F000EC00
E000F000DB00
F100F200EF00
EE00F100EF00
F300F100EE00
F000F300EE00
F400F300F000
E000F400F000
E500F400E000
91009200F200
F1009100F200
90009100F100
F3009000F100
8F009000F300
F4008F00F300
8E008F00F400
E5008E00F400
7F008E00E500
EA00F500F600
F700F800F500
EA00F700F500
ED00F700EA00
F900FA00F800
F700F900F800
FB00F900F700
ED00FB00F700
EF00FB00ED00
FC00FD00FA00
F900FC00FA00
FE00FC00F900
FB00FE00F900
FF00FE00FB00
EF00FF00FB00
F200FF00EF00
A400A500FD00
FC00A400FD00
A300A400FC00
FE00A300FC00
A200A300FE00
FF00A200FE00
A100A200FF00
F200A100FF00
9200A100F200
F50000010101
020103010001
F50002010001
F8000201F500
040105010301
020104010301
060104010201
F80006010201
FA000601F800
070108010501
040107010501
090107010401
060109010401
0A0109010601
FA000A010601
FD000A01FA00
B70064000801
0701B7000801
B600B7000701
0901B6000701
B500B6000901
0A01B5000901
B400B5000A01
FD00B4000A01
A500B400FD00
0001DE000B01
0C01DC00DE00
00010C01DE00
03010C010001
0D01E300DC00
0C010D01DC00
0E010D010C01
03010E010C01
05010E010301
0F01E900E300
0D010F01E300
10010F010D01
0E0110010D01
110110010E01
050111010E01
080111010501
67006800E900
0F016700E900
660067000F01
100166000F01
650066001001
110165001001
630065001101
080163001101
640063000801
]
[
m_Fps
15.000000
]
[
m_fMeshScale
2.000000
]
[
m_Reverse
0
]
[
m_Optimize
0
]
[
m_CalcNormals
1
]
[
m_EnableLOD
0
]
[
m_MinLOD
1.000000
]
[
m_MaxLOD
750.000000
]
}
]
[
m_Position
000000000000000000000000
]
[
m_Frame
0000803F0000000000000000000000000000803F0000000000000000000000000000803F
]
[
m_fFrameScale
1.000000
]
}
]
[
m_Bits
0
]
[
m_Type
01000000
]
[
m_MinDistance
0.000000
]
[
m_MaxDistance
24000.000000
]
[
m_fFadePercent
0.100000
]
[
m_MinDetailLevel
00000000
]
[
m_MaxDetailLevel
02000000
]
[
m_bZeroTime
0
]
}
F40F11A9E5528EFD
479935AB85EEF948
{
[
m_NodeKey
F1BD35AB85EEF948
]
[
m_Class
C34AD77CBDD85FAC
]
[
m_Name
Aura
]
[
m_pTemplate
C34AD77CBDD85FAC
93F1B168D380695C
{
[
m_Name

]
[
m_nNodeFlags
0
]
[
m_Children
0
]
[
m_Bits
0
]
[
m_Type
00000000
]
[
m_MinDistance
0.000000
]
[
m_MaxDistance
32768.000000
]
[
m_fFadePercent
0.100000
]
[
m_MinDetailLevel
00000000
]
[
m_MaxDetailLevel
02000000
]
[
m_bZeroTime
0
]
}
]
[
m_Children
1
C781E0EC7C13561A
0278AD6A8FEEF948
{
[
m_NodeKey
25B5AD6A8FEEF948
]
[
m_Class
9C7E346439A5C1B5
]
[
m_Name
Node
]
[
m_pTemplate
9C7E346439A5C1B5
94F1B168D380695C
{
[
m_Name

]
[
m_nNodeFlags
0
]
[
m_Children
0
]
[
m_Position
000000000000000000000000
]
[
m_Frame
0000803F0000000000000000000000000000803F0000000000000000000000000000803F
]
[
m_Scale
1.000000
]
[
m_ScaleLock
0
]
[
m_ClampBack
0
]
[
m_EnableAlpha
0
]
[
m_Alpha
0.000000
]
[
m_AlphaV
0.000000
]
[
m_AlphaA
0.000000
]
[
m_AxisLock
00000000
]
[
m_Material
0000000000000000
]
}
]
[
m_Children
0
]
[
m_Position
000000000000000000000000
]
[
m_Frame
0000803F0000000000000000000000000000803F0000000000000000000000000000803F
]
[
m_fFrameScale
1.000000
]
[
m_Scale
320.000000
]
[
m_ScaleLock
0
]
[
m_ClampBack
0
]
[
m_EnableAlpha
1
]
[
m_Alpha
1.000000
]
[
m_AlphaV
0.000000
]
[
m_AlphaA
0.000000
]
[
m_AxisLock
00000000
]
[
m_MaterialPort
planets\\aura\\brownaura.prt
]
}
]
[
m_Bits
0
]
[
m_Type
01000000
]
[
m_MinDistance
0.000000
]
[
m_MaxDistance
500.000000
]
[
m_fFadePercent
0.500000
]
[
m_MinDetailLevel
00000000
]
[
m_MaxDetailLevel
02000000
]
[
m_bZeroTime
0
]
}
]
[
m_Position
000000000000000000000000
]
[
m_Frame
0000803F0000000000000000000000000000803F0000000000000000000000000000803F
]
[
m_fFrameScale
1.000000
]
}
]
[
m_Fps
30.000000
]
[
m_Segments
0
]
[
m_TargetPosition
5BBE8241D821A8C07144C2C0
]
[
m_TargetDistance
341.567047
]
[
m_TargetFrame
D7506FBF77A5B4BEFE7C243D9B8BA9BEE430683F8738853E064E03BEA7756B3EE6F776BF
]
}
