PRT
BBE32C0F2208BFD2
C64F8627DFAFC076
{
[
m_Root
E98E268F2008D746
4A361439E629C15A
{
[
m_NodeKey
43361439E629C15A
]
[
m_Class
231158F1834B35BB
]
[
m_Name
Node
]
[
m_pTemplate
231158F1834B35BB
6C361439E629C15A
{
[
m_Name

]
[
m_nNodeFlags
0
]
[
m_Children
0
]
[
m_Position
000000000000000000000000
]
[
m_Frame
0000803F0000000000000000000000000000803F0000000000000000000000000000803F
]
}
]
[
m_Children
1
F40F11A9E5528EFD
4C361439E629C15A
{
[
m_NodeKey
44361439E629C15A
]
[
m_Class
C34AD77CBDD85FAC
]
[
m_Name
Node
]
[
m_pTemplate
C34AD77CBDD85FAC
4D361439E629C15A
{
[
m_Name

]
[
m_nNodeFlags
0
]
[
m_Children
0
]
[
m_Bits
0
]
[
m_Type
00000000
]
[
m_MinDistance
0.000000
]
[
m_MaxDistance
32768.000000
]
[
m_fFadePercent
0.100000
]
[
m_MinDetailLevel
00000000
]
[
m_MaxDetailLevel
02000000
]
[
m_bZeroTime
0
]
}
]
[
m_Children
1
A7576C18F8579FE1
4E361439E629C15A
{
[
m_NodeKey
45361439E629C15A
]
[
m_Class
D47152A9AD198EFD
]
[
m_Name
Node
]
[
m_pTemplate
D47152A9AD198EFD
4F361439E629C15A
{
[
m_Name

]
[
m_nNodeFlags
0
]
[
m_Children
0
]
[
m_Begin
0.000000
]
[
m_End
0.000000
]
[
m_Invert
0
]
[
m_WarpTime
1
]
[
m_Loop
0
]
[
m_LoopEnd
0.000000
]
}
]
[
m_Children
2
03E3385C4B2B3792
50361439E629C15A
{
[
m_NodeKey
46361439E629C15A
]
[
m_Class
913518E22A23B936
]
[
m_Name
Node
]
[
m_pTemplate
913518E22A23B936
51361439E629C15A
{
[
m_Name

]
[
m_nNodeFlags
0
]
[
m_Children
0
]
[
m_Position
000000000000000000000000
]
[
m_Frame
0000803F0000000000000000000000000000803F0000000000000000000000000000803F
]
[
m_XV
0.000000
]
[
m_XA
0.000000
]
[
m_YV
0.000000
]
[
m_YA
0.000000
]
[
m_ZV
0.000000
]
[
m_ZA
0.000000
]
}
]
[
m_Children
1
C781E0EC7C13561A
52361439E629C15A
{
[
m_NodeKey
47361439E629C15A
]
[
m_Class
9C7E346439A5C1B5
]
[
m_Name
Node
]
[
m_pTemplate
9C7E346439A5C1B5
53361439E629C15A
{
[
m_Name

]
[
m_nNodeFlags
0
]
[
m_Children
0
]
[
m_Position
000000000000000000000000
]
[
m_Frame
0000803F0000000000000000000000000000803F0000000000000000000000000000803F
]
[
m_Scale
1.000000
]
[
m_ScaleLock
0
]
[
m_ClampBack
0
]
[
m_EnableAlpha
0
]
[
m_Alpha
-431602080.000000
]
[
m_AlphaV
-431602080.000000
]
[
m_AlphaA
-431602080.000000
]
[
m_AxisLock
00000000
]
[
m_Material
0000000000000000
]
}
]
[
m_Children
0
]
[
m_Position
000000000000000000000000
]
[
m_Frame
0000803F000000000000000000000000000000000000803F00000000000080BF00000000
]
[
m_fFrameScale
1.000000
]
[
m_Scale
0.500000
]
[
m_ScaleLock
0
]
[
m_ClampBack
0
]
[
m_EnableAlpha
1
]
[
m_Alpha
0.750000
]
[
m_AlphaV
-0.150000
]
[
m_AlphaA
0.000000
]
[
m_AxisLock
07000000
]
[
m_MaterialPort
gadgets\\materials\\ecm material.prt
]
}
]
[
m_Position
000000000000000000000000
]
[
m_Frame
0000803F0000000000000000000000000000803F0000000000000000000000000000803F
]
[
m_fFrameScale
1.000000
]
[
m_XV
11.000000
]
[
m_XA
1.000000
]
[
m_YV
0.000000
]
[
m_YA
0.000000
]
[
m_ZV
11.000000
]
[
m_ZA
1.000000
]
}
A3EF38DE4BABBF9C
54361439E629C15A
{
[
m_NodeKey
48361439E629C15A
]
[
m_Class
B13DD2E2A2CBB936
]
[
m_Name
NodeSound
]
[
m_pTemplate
B13DD2E2A2CBB936
55361439E629C15A
{
[
m_Name

]
[
m_nNodeFlags
0
]
[
m_Children
0
]
[
m_Sound
0000000000000000
]
[
m_Falloff
0.020000
]
[
m_Loop
0
]
}
]
[
m_Children
0
]
[
m_SoundPort
sound\\neno\\gadgets\\projectile\\02 cannon attack.prt
]
[
m_Falloff
0.004000
]
[
m_Loop
0
]
}
]
[
m_Begin
0.000000
]
[
m_End
5.000000
]
[
m_Invert
0
]
[
m_WarpTime
1
]
[
m_Loop
1
]
[
m_LoopTime
5.000000
]
}
]
[
m_Bits
0
]
[
m_Type
01000000
]
[
m_MinDistance
0.000000
]
[
m_MaxDistance
2000.000000
]
[
m_fFadePercent
0.100000
]
[
m_MinDetailLevel
00000000
]
[
m_MaxDetailLevel
02000000
]
[
m_bZeroTime
0
]
}
]
[
m_Position
000000000000000000000000
]
[
m_Frame
0000803F0000000000000000000000000000803F0000000000000000000000000000803F
]
[
m_fFrameScale
1.000000
]
}
]
[
m_Fps
15.000000
]
[
m_Segments
1
Effect
0.000000
5.000000
]
[
m_TargetPosition
000000000000000000000000
]
[
m_TargetDistance
24.349297
]
[
m_TargetFrame
562ACFBDE9F7A53C54A27EBF1585BF3E5E5D6D3FDEEB9CBCB5FF6B3F747DBFBE069BCFBD
]
}
