PRT
D037916DD75AE7ED
3F10B31647809DA7
{
[
m_Name
Grenadier
]
[
m_Description
"Its clobbering time"
]
[
m_Class
6F591505547C1D6E
]
[
m_Type
E61E2947C36CFB37
]
[
m_Scene
ships\\mi\\destroyer\\destroyer.prt
]
[
m_Mass
21.000000
]
[
m_bHullOverride
1
]
[
m_Hull
A4705DC0A4705DC0A4705DC0A4705D40A4705D40A4705D40
]
[
m_Flags
0
]
[
m_Data
2
8EC3E5980911121D
2EF44E16FDE3525A
{
[
m_sID
DESTROY
]
[
m_sPort

]
}
8EC3E5980911121D
2FF44E16FDE3525A
{
[
m_sID
NC_POD
]
[
m_sPort
ships\\icc\\pod\\nc_pod.prt
]
}
]
[
m_Resources
0
]
[
m_Drops
0
]
}
