PRT
B768E76C674D7856
31076EDDC520C533
{
[
m_Name
Canis Minor
]
[
m_Description
The Canis Minor cluster is connected via wormhole with Sagittarius. The MI threaten the remainder of the galaxy from this cluster of systems, and have established a strong foothold.
]
[
m_Type
3
]
[
m_Script

]
[
m_Scenery
scenery\\metaverse scenery.prt
]
[
m_Position
6666E63EB81E85BED7A3B0BF
]
[
m_Zones
3
1
universe\\metaverse\\systems\\kaus borealis.prt
0000803E0000000048E13A3F
1
universe\\metaverse\\systems\\Tetra.prt
CDCC4CBD00000000295C8F3D
1
universe\\metaverse\\systems\\xi bootis.prt
000080BE0000000048E13ABF
]
[
m_Teams
5
4
2

UGTO
United Galactic Trade Organization, fighting for a united humanity and a strong defense against common foes. By far the oldest faction in the Metaverse, the UGTO operates with a certain heavy-handed ethnocentric attitude due to their origins on Earth.
00FFFF00
ships\\ugto\\ugto fleet.prt
0
4
3

ICC
Interstellar Cultural Confederation, fighting for planetary rights and freedom from oppression under the UGTO. Formerly composed of outlying UGTO colony worlds, the ICC has grown from a mutual defense pact to a major player across the Metaverse.
FFFF0000
ships\\icc\\icc fleet.prt
0
4
4

K'Luth
The alien K'Luth, refugees of an attack in their galaxy, are fighting the humans for habitable space.
FF00FF00
ships\\kluth\\k'luth fleet.prt
0
4
7

MI
Unkown alien force.
FFFFFF00
ships\\mi\\mi fleet.prt
1
4
6

Pirates
Lawless bands of pirates and mercenaries, money is their only love. Pirates make do with whatever ships and weapons they can steal, capture, or salvage, which often results in their ships being weaker than their ICC or UGTO counterparts.
FFFFFF00
ships\\pirate\\pirate fleet.prt
1
]
[
m_Conditions
0
]
[
m_TimeLimit
0
]
[
m_UniversePort

]
}
