PRT
B768E76C674D7856
2FC5A56D1977A30B
{
[
m_Name
Lacerta
]
[
m_Description
As the birthplace of humanity, Sol boasts a large number of inhabited planets and moons, making it one of the largest in the Metaverse, with a combined population to match. Within Sol, Earth stands as the ruling seat of power for the UGTO, guards the single largest shipyard in human space, the Bifrost Fleet Foundry, and marks the place where humans first set foot amongst the stars.
]
[
m_Type
3
]
[
m_Script

]
[
m_Scenery
scenery\\metaverse scenery.prt
]
[
m_Position
3333F3BF0AD7A3BE48E1BABF
]
[
m_Zones
3
1
universe\\metaverse\\systems\\alpha centauri.prt
1F856BBE000000008FC2F5BC
1
universe\\metaverse\\systems\\RealSol.prt
1F856B3E000000003333B33E
1
universe\\metaverse\\systems\\struve 2398.prt
295C0FBE000000003333B3BE
]
[
m_Teams
5
4
2

UGTO
United Galactic Trade Organization, fighting for a united humanity and a strong defense against common foes. By far the oldest faction in the Metaverse, the UGTO operates with a certain heavy-handed ethnocentric attitude due to their origins on Earth.
00FFFF00
ships\\ugto\\ugto fleet.prt
0
4
3

ICC
Interstellar Cultural Confederation, fighting for planetary rights and freedom from oppression under the UGTO. Formerly composed of outlying UGTO colony worlds, the ICC has grown from a mutual defense pact to a major player across the Metaverse.
FFFF0000
ships\\icc\\icc fleet.prt
0
4
4

K'Luth
The alien K'Luth, refugees of an attack in their galaxy, are fighting the humans for habitable space.
FF00FF00
ships\\kluth\\k'luth fleet.prt
0
4
7

MI
Unknown alien force.
FFFFFF00
ships\\mi\\mi fleet.prt
1
4
6

Pirates
Lawless bands of pirates and mercenaries, money is their only love. Pirates make do with whatever ships and weapons they can steal, capture, or salvage, which often results in their ships being weaker than their ICC or UGTO counterparts.
FFFFFF00
ships\\pirate\\pirate fleet.prt
1
]
[
m_Conditions
0
]
[
m_TimeLimit
0
]
[
m_UniversePort

]
}
