PRT
BBE32C0F2208BFD2
48058BC5DF6AFD96
{
[
m_Root
E98E268F2008D746
02FBBB6598EC5E52
{
[
m_NodeKey
AE31BF171ED07946
]
[
m_Class
231158F1834B35BB
]
[
m_Name
Node
]
[
m_pTemplate
231158F1834B35BB
29C0136998EC5E52
{
[
m_Name

]
[
m_nNodeFlags
0
]
[
m_Children
0
]
[
m_Position
000000000000000000000000
]
[
m_Frame
0000803F0000000000000000000000000000803F0000000000000000000000000000803F
]
}
]
[
m_Children
1
D653FB23498C096B
58D34884D4F1B94D
{
[
m_NodeKey
1E864884D4F1B94D
]
[
m_Class
DCA6098D62B847D8
]
[
m_Name
M-401B Bomber Dreadnought
]
[
m_pTemplate
DCA6098D62B847D8
8C6432A5FFFFFFFF
{
[
m_Name

]
[
m_nNodeFlags
0
]
[
m_Children
0
]
[
m_Position
000000000000000000000000
]
[
m_Frame
0000803F0000000000000000000000000000803F0000000000000000000000000000803F
]
[
m_vOrientation
0
0
0
]
[
m_Flags
0
]
[
m_Tick
0
]
[
m_NounContext
0000000000000000
]
[
m_Traits
3
407D5D0F92E49EA5
{
}
DD2D5A9AF73452D9
0
4F7B2D2FC7265684
{
}
]
[
m_nTeamId
0
]
[
m_nUserId
0
]
[
m_DetectionFlags
4294967295
]
[
m_nCredits
0
]
[
m_Rank
0
]
[
m_Damage
0
]
[
m_Energy
100
]
[
m_fVelocity
0.000000
]
[
m_fSetVelocity
0.000000
]
[
m_RepairQueue
0
]
[
m_Order
00000000
]
[
m_OrderTarget
0
0000000000000000
]
[
m_pOrderFrom
0000000000000000
]
[
m_nOrderTime
0
]
[
m_Command
00000000
]
[
m_CommandTarget
0
0000000000000000
]
[
m_pHome
0000000000000000
]
[
m_bOutOfCombat
0
]
[
m_nAllyTime
0
]
}
]
[
m_Children
33
021294066BAB277B
866D4984D4F1B94D
{
[
m_NodeKey
B2504984D4F1B94D
]
[
m_Class
3B20082D22B2B734
]
[
m_Name
Trail
]
[
m_pTemplate
3B20082D22B2B734
{
[
m_Name

]
[
m_nNodeFlags
0
]
[
m_Children
0
]
[
m_Position
000000000000000000000000
]
[
m_Frame
0000803F0000000000000000000000000000803F0000000000000000000000000000803F
]
[
m_vOrientation
0
0
0
]
[
m_Flags
0
]
[
m_Tick
0
]
[
m_NounContext
0000000000000000
]
[
m_Traits
1
4F7B2D2FC7265684
{
}
]
[
m_nTeamId
0
]
[
m_nUserId
0
]
[
m_DetectionFlags
4294967295
]
}
]
[
m_Children
0
]
[
m_Position
6666C6BFB81E45BF666636C1
]
[
m_Frame
0000803F0000000000000000000000000000803F0000000000000000000000000000803F
]
[
m_fFrameScale
1.000000
]
[
m_NounContext
misc\\trail - icc.prt
]
}
021294066BAB277B
9CE84984D4F1B94D
{
[
m_NodeKey
42D44984D4F1B94D
]
[
m_Class
3B20082D22B2B734
]
[
m_Name
Trail
]
[
m_pTemplate
3B20082D22B2B734
{
[
m_Name

]
[
m_nNodeFlags
0
]
[
m_Children
0
]
[
m_Position
000000000000000000000000
]
[
m_Frame
0000803F0000000000000000000000000000803F0000000000000000000000000000803F
]
[
m_vOrientation
0
0
0
]
[
m_Flags
0
]
[
m_Tick
0
]
[
m_NounContext
0000000000000000
]
[
m_Traits
1
4F7B2D2FC7265684
{
}
]
[
m_nTeamId
0
]
[
m_nUserId
0
]
[
m_DetectionFlags
4294967295
]
}
]
[
m_Children
0
]
[
m_Position
6666C63FB81E45BF666636C1
]
[
m_Frame
0000803F0000000000000000000000000000803F0000000000000000000000000000803F
]
[
m_fFrameScale
1.000000
]
[
m_NounContext
misc\\trail - icc.prt
]
}
021294066BAB277B
88424A84D4F1B94D
{
[
m_NodeKey
B62D4A84D4F1B94D
]
[
m_Class
3B20082D22B2B734
]
[
m_Name
Trail
]
[
m_pTemplate
3B20082D22B2B734
{
[
m_Name

]
[
m_nNodeFlags
0
]
[
m_Children
0
]
[
m_Position
000000000000000000000000
]
[
m_Frame
0000803F0000000000000000000000000000803F0000000000000000000000000000803F
]
[
m_vOrientation
0
0
0
]
[
m_Flags
0
]
[
m_Tick
0
]
[
m_NounContext
0000000000000000
]
[
m_Traits
1
4F7B2D2FC7265684
{
}
]
[
m_nTeamId
0
]
[
m_nUserId
0
]
[
m_DetectionFlags
4294967295
]
}
]
[
m_Children
0
]
[
m_Position
0AD7233C713D0ABF000040C1
]
[
m_Frame
0000803F0000000000000000000000000000803F0000000000000000000000000000803F
]
[
m_fFrameScale
1.000000
]
[
m_NounContext
misc\\trail - icc.prt
]
}
B2B7329B7F92DA85
D2F74A84D4F1B94D
{
[
m_NodeKey
DAD64A84D4F1B94D
]
[
m_Class
9489CBAA441BE0BE
]
[
m_Name
Tachyon Drive
]
[
m_pTemplate
9489CBAA441BE0BE
8D6432A5FFFFFFFF
{
[
m_Name

]
[
m_nNodeFlags
0
]
[
m_Children
0
]
[
m_Position
000000000000000000000000
]
[
m_Frame
0000803F0000000000000000000000000000803F0000000000000000000000000000803F
]
[
m_vOrientation
0
0
0
]
[
m_Flags
65536
]
[
m_Tick
0
]
[
m_NounContext
0000000000000000
]
[
m_Traits
1
4F7B2D2FC7265684
{
}
]
[
m_nTeamId
0
]
[
m_nUserId
0
]
[
m_DetectionFlags
4294967295
]
[
m_nDamage
0
]
[
m_nGroup
0
]
[
m_Energy
0
]
[
m_Fuel
0
]
[
m_JumpTime
0
]
[
m_JumpVelocity
000000000000000000000000
]
[
m_JumpTarget
0
0000000000000000
]
}
]
[
m_Children
0
]
[
m_Position
00000000CDCC4C3F000030C1
]
[
m_Frame
0000803F0000000000000000000000000000803F0000000000000000000000000000803F
]
[
m_fFrameScale
5.000000
]
[
m_NounContext
gadgets\\tachyon drive.prt
]
[
m_nDamage
0
]
[
m_bMountFore
0
]
[
m_bMountRight
0
]
[
m_bMountLeft
0
]
[
m_bMountAft
1
]
}
B2B7329B7F92DA85
82274D84D4F1B94D
{
[
m_NodeKey
50134D84D4F1B94D
]
[
m_Class
3CE5D56D701CC3DF
]
[
m_Name
Composite Armor F
]
[
m_pTemplate
3CE5D56D701CC3DF
DA4885B79A59D051
{
[
m_Name

]
[
m_nNodeFlags
0
]
[
m_Children
0
]
[
m_Position
000000000000000000000000
]
[
m_Frame
0000803F0000000000000000000000000000803F0000000000000000000000000000803F
]
[
m_vOrientation
0
0
0
]
[
m_Flags
65536
]
[
m_Tick
0
]
[
m_NounContext
0000000000000000
]
[
m_Traits
1
4F7B2D2FC7265684
{
}
]
[
m_nTeamId
0
]
[
m_nUserId
0
]
[
m_DetectionFlags
4294967295
]
[
m_nDamage
0
]
[
m_nGroup
0
]
[
m_Armor
0
]
}
]
[
m_Children
0
]
[
m_Position
000000809A9999BE00001841
]
[
m_Frame
0000803F0000000000000000000000000000803F0000000000000000000000000000803F
]
[
m_fFrameScale
5.000000
]
[
m_NounContext
gadgets\\armorcomposite.prt
]
[
m_nDamage
0
]
[
m_bMountFore
1
]
[
m_bMountRight
0
]
[
m_bMountLeft
0
]
[
m_bMountAft
0
]
}
B2B7329B7F92DA85
F88D4D84D4F1B94D
{
[
m_NodeKey
A8794D84D4F1B94D
]
[
m_Class
3CE5D56D701CC3DF
]
[
m_Name
Composite Armor P
]
[
m_pTemplate
3CE5D56D701CC3DF
4536F3B99A59D051
{
[
m_Name

]
[
m_nNodeFlags
0
]
[
m_Children
0
]
[
m_Position
000000000000000000000000
]
[
m_Frame
0000803F0000000000000000000000000000803F0000000000000000000000000000803F
]
[
m_vOrientation
0
0
0
]
[
m_Flags
65536
]
[
m_Tick
0
]
[
m_NounContext
0000000000000000
]
[
m_Traits
1
4F7B2D2FC7265684
{
}
]
[
m_nTeamId
0
]
[
m_nUserId
0
]
[
m_DetectionFlags
4294967295
]
[
m_nDamage
0
]
[
m_nGroup
0
]
[
m_Armor
0
]
}
]
[
m_Children
0
]
[
m_Position
0000C0BFB81E05BF000070C0
]
[
m_Frame
0000803F0000000000000000000000000000803F0000000000000000000000000000803F
]
[
m_fFrameScale
5.000000
]
[
m_NounContext
gadgets\\armorcomposite.prt
]
[
m_nDamage
0
]
[
m_bMountFore
0
]
[
m_bMountRight
0
]
[
m_bMountLeft
1
]
[
m_bMountAft
0
]
}
B2B7329B7F92DA85
06074E84D4F1B94D
{
[
m_NodeKey
D6F04D84D4F1B94D
]
[
m_Class
3CE5D56D701CC3DF
]
[
m_Name
Composite Armor S
]
[
m_pTemplate
3CE5D56D701CC3DF
333D04BA9A59D051
{
[
m_Name

]
[
m_nNodeFlags
0
]
[
m_Children
0
]
[
m_Position
000000000000000000000000
]
[
m_Frame
0000803F0000000000000000000000000000803F0000000000000000000000000000803F
]
[
m_vOrientation
0
0
0
]
[
m_Flags
65536
]
[
m_Tick
0
]
[
m_NounContext
0000000000000000
]
[
m_Traits
1
4F7B2D2FC7265684
{
}
]
[
m_nTeamId
0
]
[
m_nUserId
0
]
[
m_DetectionFlags
4294967295
]
[
m_nDamage
0
]
[
m_nGroup
0
]
[
m_Armor
0
]
}
]
[
m_Children
0
]
[
m_Position
0000C03FB81E05BF000070C0
]
[
m_Frame
0000803F0000000000000000000000000000803F0000000000000000000000000000803F
]
[
m_fFrameScale
5.000000
]
[
m_NounContext
gadgets\\armorcomposite.prt
]
[
m_nDamage
0
]
[
m_bMountFore
0
]
[
m_bMountRight
1
]
[
m_bMountLeft
0
]
[
m_bMountAft
0
]
}
B2B7329B7F92DA85
50714E84D4F1B94D
{
[
m_NodeKey
FC5B4E84D4F1B94D
]
[
m_Class
3CE5D56D701CC3DF
]
[
m_Name
Composite Armor Full
]
[
m_pTemplate
3CE5D56D701CC3DF
32D314BA9A59D051
{
[
m_Name

]
[
m_nNodeFlags
0
]
[
m_Children
0
]
[
m_Position
000000000000000000000000
]
[
m_Frame
0000803F0000000000000000000000000000803F0000000000000000000000000000803F
]
[
m_vOrientation
0
0
0
]
[
m_Flags
65536
]
[
m_Tick
0
]
[
m_NounContext
0000000000000000
]
[
m_Traits
1
4F7B2D2FC7265684
{
}
]
[
m_nTeamId
0
]
[
m_nUserId
0
]
[
m_DetectionFlags
4294967295
]
[
m_nDamage
0
]
[
m_nGroup
0
]
[
m_Armor
0
]
}
]
[
m_Children
0
]
[
m_Position
000000009A9919BF85EB51BF
]
[
m_Frame
0000803F0000000000000000000000000000803F0000000000000000000000000000803F
]
[
m_fFrameScale
5.000000
]
[
m_NounContext
gadgets\\armorcomposite.prt
]
[
m_nDamage
0
]
[
m_bMountFore
1
]
[
m_bMountRight
1
]
[
m_bMountLeft
1
]
[
m_bMountAft
1
]
}
B2B7329B7F92DA85
84D84E84D4F1B94D
{
[
m_NodeKey
DAC34E84D4F1B94D
]
[
m_Class
953E49D61840A02D
]
[
m_Name
Active Shields F
]
[
m_pTemplate
953E49D61840A02D
220D26BA9A59D051
{
[
m_Name

]
[
m_nNodeFlags
0
]
[
m_Children
0
]
[
m_Position
000000000000000000000000
]
[
m_Frame
0000803F0000000000000000000000000000803F0000000000000000000000000000803F
]
[
m_vOrientation
0
0
0
]
[
m_Flags
65537
]
[
m_Tick
0
]
[
m_NounContext
0000000000000000
]
[
m_Traits
1
4F7B2D2FC7265684
{
}
]
[
m_nTeamId
0
]
[
m_nUserId
0
]
[
m_DetectionFlags
4294967295
]
[
m_nDamage
0
]
[
m_nGroup
0
]
[
m_Charge
0
]
}
]
[
m_Children
0
]
[
m_Position
000000809A9999BE00000041
]
[
m_Frame
0000803F0000000000000000000000000000803F0000000000000000000000000000803F
]
[
m_fFrameScale
5.000000
]
[
m_NounContext
gadgets\\active shields.prt
]
[
m_nDamage
0
]
[
m_bMountFore
1
]
[
m_bMountRight
0
]
[
m_bMountLeft
0
]
[
m_bMountAft
0
]
}
B2B7329B7F92DA85
8E414F84D4F1B94D
{
[
m_NodeKey
A82C4F84D4F1B94D
]
[
m_Class
953E49D61840A02D
]
[
m_Name
Active Shields P
]
[
m_pTemplate
953E49D61840A02D
C600ABBC9A59D051
{
[
m_Name

]
[
m_nNodeFlags
0
]
[
m_Children
0
]
[
m_Position
000000000000000000000000
]
[
m_Frame
0000803F0000000000000000000000000000803F0000000000000000000000000000803F
]
[
m_vOrientation
0
0
0
]
[
m_Flags
65537
]
[
m_Tick
0
]
[
m_NounContext
0000000000000000
]
[
m_Traits
1
4F7B2D2FC7265684
{
}
]
[
m_nTeamId
0
]
[
m_nUserId
0
]
[
m_DetectionFlags
4294967295
]
[
m_nDamage
0
]
[
m_nGroup
0
]
[
m_Charge
0
]
}
]
[
m_Children
0
]
[
m_Position
000098C00000E0BF00000CC1
]
[
m_Frame
0000803F0000000000000000000000000000803F0000000000000000000000000000803F
]
[
m_fFrameScale
5.000000
]
[
m_NounContext
gadgets\\active shields.prt
]
[
m_nDamage
0
]
[
m_bMountFore
0
]
[
m_bMountRight
0
]
[
m_bMountLeft
1
]
[
m_bMountAft
0
]
}
B2B7329B7F92DA85
F8A94F84D4F1B94D
{
[
m_NodeKey
8A954F84D4F1B94D
]
[
m_Class
953E49D61840A02D
]
[
m_Name
Active Shields S
]
[
m_pTemplate
953E49D61840A02D
C08ABCBC9A59D051
{
[
m_Name

]
[
m_nNodeFlags
0
]
[
m_Children
0
]
[
m_Position
000000000000000000000000
]
[
m_Frame
0000803F0000000000000000000000000000803F0000000000000000000000000000803F
]
[
m_vOrientation
0
0
0
]
[
m_Flags
65537
]
[
m_Tick
0
]
[
m_NounContext
0000000000000000
]
[
m_Traits
1
4F7B2D2FC7265684
{
}
]
[
m_nTeamId
0
]
[
m_nUserId
0
]
[
m_DetectionFlags
4294967295
]
[
m_nDamage
0
]
[
m_nGroup
0
]
[
m_Charge
0
]
}
]
[
m_Children
0
]
[
m_Position
CDCC94400000E0BF00000CC1
]
[
m_Frame
0000803F0000000000000000000000000000803F0000000000000000000000000000803F
]
[
m_fFrameScale
5.000000
]
[
m_NounContext
gadgets\\active shields.prt
]
[
m_nDamage
0
]
[
m_bMountFore
0
]
[
m_bMountRight
1
]
[
m_bMountLeft
0
]
[
m_bMountAft
0
]
}
B2B7329B7F92DA85
EE1C5084D4F1B94D
{
[
m_NodeKey
08085084D4F1B94D
]
[
m_Class
953E49D61840A02D
]
[
m_Name
Active Shields A
]
[
m_pTemplate
953E49D61840A02D
BB8ECDBC9A59D051
{
[
m_Name

]
[
m_nNodeFlags
0
]
[
m_Children
0
]
[
m_Position
000000000000000000000000
]
[
m_Frame
0000803F0000000000000000000000000000803F0000000000000000000000000000803F
]
[
m_vOrientation
0
0
0
]
[
m_Flags
65537
]
[
m_Tick
0
]
[
m_NounContext
0000000000000000
]
[
m_Traits
1
4F7B2D2FC7265684
{
}
]
[
m_nTeamId
0
]
[
m_nUserId
0
]
[
m_DetectionFlags
4294967295
]
[
m_nDamage
0
]
[
m_nGroup
0
]
[
m_Charge
0
]
}
]
[
m_Children
0
]
[
m_Position
000000006666E6BF000050C1
]
[
m_Frame
0000803F0000000000000000000000000000803F0000000000000000000000000000803F
]
[
m_fFrameScale
5.000000
]
[
m_NounContext
gadgets\\active shields.prt
]
[
m_nDamage
0
]
[
m_bMountFore
0
]
[
m_bMountRight
0
]
[
m_bMountLeft
0
]
[
m_bMountAft
1
]
}
B2B7329B7F92DA85
D8F05084D4F1B94D
{
[
m_NodeKey
8EDB5084D4F1B94D
]
[
m_Class
B327164F37779600
]
[
m_Name
Auxillary Fusion Reactor A
]
[
m_pTemplate
B327164F37779600
8DD483BE9A59D051
{
[
m_Name

]
[
m_nNodeFlags
0
]
[
m_Children
0
]
[
m_Position
000000000000000000000000
]
[
m_Frame
0000803F0000000000000000000000000000803F0000000000000000000000000000803F
]
[
m_vOrientation
0
0
0
]
[
m_Flags
65537
]
[
m_Tick
0
]
[
m_NounContext
0000000000000000
]
[
m_Traits
1
4F7B2D2FC7265684
{
}
]
[
m_nTeamId
0
]
[
m_nUserId
0
]
[
m_DetectionFlags
4294967295
]
[
m_nDamage
0
]
[
m_nGroup
0
]
}
]
[
m_Children
0
]
[
m_Position
00000080000000BF0000E0C0
]
[
m_Frame
0000803F0000000000000000000000000000803F0000000000000000000000000000803F
]
[
m_fFrameScale
5.000000
]
[
m_NounContext
gadgets\\reactor icc.prt
]
[
m_nDamage
0
]
[
m_bMountFore
0
]
[
m_bMountRight
0
]
[
m_bMountLeft
0
]
[
m_bMountAft
1
]
}
B2B7329B7F92DA85
34C15184D4F1B94D
{
[
m_NodeKey
16AD5184D4F1B94D
]
[
m_Class
C8CBE346A8D8C844
]
[
m_Name
Local ECM
]
[
m_pTemplate
C8CBE346A8D8C844
72403FD7E359D051
{
[
m_Name

]
[
m_nNodeFlags
0
]
[
m_Children
0
]
[
m_Position
000000000000000000000000
]
[
m_Frame
0000803F0000000000000000000000000000803F0000000000000000000000000000803F
]
[
m_vOrientation
0
0
0
]
[
m_Flags
65536
]
[
m_Tick
0
]
[
m_NounContext
0000000000000000
]
[
m_Traits
1
4F7B2D2FC7265684
{
}
]
[
m_nTeamId
0
]
[
m_nUserId
0
]
[
m_DetectionFlags
4294967295
]
[
m_nDamage
0
]
[
m_nGroup
0
]
}
]
[
m_Children
0
]
[
m_Position
000000803D0A0740000010C0
]
[
m_Frame
0000803F0000000000000000000000000000803F0000000000000000000000000000803F
]
[
m_fFrameScale
5.000000
]
[
m_NounContext
gadgets\\local ecm.prt
]
[
m_nDamage
0
]
[
m_bMountFore
1
]
[
m_bMountRight
0
]
[
m_bMountLeft
0
]
[
m_bMountAft
0
]
}
B2B7329B7F92DA85
8C275284D4F1B94D
{
[
m_NodeKey
B4135284D4F1B94D
]
[
m_Class
489FC3D8107F475A
]
[
m_Name
Scanner
]
[
m_pTemplate
489FC3D8107F475A
CC7772DED059D051
{
[
m_Name

]
[
m_nNodeFlags
0
]
[
m_Children
0
]
[
m_Position
000000000000000000000000
]
[
m_Frame
0000803F0000000000000000000000000000803F0000000000000000000000000000803F
]
[
m_vOrientation
0
0
0
]
[
m_Flags
65536
]
[
m_Tick
0
]
[
m_NounContext
0000000000000000
]
[
m_Traits
1
4F7B2D2FC7265684
{
}
]
[
m_nTeamId
0
]
[
m_nUserId
0
]
[
m_DetectionFlags
4294967295
]
[
m_nDamage
0
]
[
m_nGroup
0
]
}
]
[
m_Children
0
]
[
m_Position
000000809A9999BE00003041
]
[
m_Frame
0000803F0000000000000000000000000000803F0000000000000000000000000000803F
]
[
m_fFrameScale
5.000000
]
[
m_NounContext
gadgets\\scanner.prt
]
[
m_nDamage
0
]
[
m_bMountFore
1
]
[
m_bMountRight
0
]
[
m_bMountLeft
0
]
[
m_bMountAft
0
]
}
B2B7329B7F92DA85
1A995284D4F1B94D
{
[
m_NodeKey
AE825284D4F1B94D
]
[
m_Class
BC69EE7D970BCC7A
]
[
m_Name
Pulse Shield
]
[
m_pTemplate
BC69EE7D970BCC7A
8E6432A5FFFFFFFF
{
[
m_Name

]
[
m_nNodeFlags
0
]
[
m_Children
0
]
[
m_Position
000000000000000000000000
]
[
m_Frame
0000803F0000000000000000000000000000803F0000000000000000000000000000803F
]
[
m_vOrientation
0
0
0
]
[
m_Flags
65536
]
[
m_Tick
0
]
[
m_NounContext
0000000000000000
]
[
m_Traits
1
4F7B2D2FC7265684
{
}
]
[
m_nTeamId
0
]
[
m_nUserId
0
]
[
m_DetectionFlags
4294967295
]
[
m_nDamage
0
]
[
m_nGroup
0
]
[
m_Energy
0
]
}
]
[
m_Children
0
]
[
m_Position
0000008033330340C3F510C1
]
[
m_Frame
0000803F0000000000000000000000000000803F0000000000000000000000000000803F
]
[
m_fFrameScale
5.000000
]
[
m_NounContext
gadgets\\pulse shield.PRT
]
[
m_nDamage
0
]
[
m_bMountFore
1
]
[
m_bMountRight
1
]
[
m_bMountLeft
1
]
[
m_bMountAft
1
]
}
B2B7329B7F92DA85
E4460F4C20F0B94D
{
[
m_NodeKey
12000F4C20F0B94D
]
[
m_Class
C8CBE346A8D8C844
]
[
m_Name
Local ECM
]
[
m_pTemplate
C8CBE346A8D8C844
E80D9FCCC959D051
{
[
m_Name

]
[
m_nNodeFlags
0
]
[
m_Children
0
]
[
m_Position
000000000000000000000000
]
[
m_Frame
0000803F0000000000000000000000000000803F0000000000000000000000000000803F
]
[
m_vOrientation
0
0
0
]
[
m_Flags
65536
]
[
m_Tick
0
]
[
m_NounContext
0000000000000000
]
[
m_Traits
1
4F7B2D2FC7265684
{
}
]
[
m_nTeamId
0
]
[
m_nUserId
0
]
[
m_DetectionFlags
4294967295
]
[
m_nDamage
0
]
[
m_nGroup
0
]
}
]
[
m_Children
0
]
[
m_Position
CDCC4CBD06F020C03AA1F640
]
[
m_Frame
0000803F0000000000000000000000000000803F0000000000000000000000000000803F
]
[
m_fFrameScale
5.000000
]
[
m_NounContext
gadgets\\local ecm.prt
]
[
m_nDamage
0
]
[
m_bMountFore
1
]
[
m_bMountRight
1
]
[
m_bMountLeft
1
]
[
m_bMountAft
1
]
}
B2B7329B7F92DA85
100E14D120F0B94D
{
[
m_NodeKey
88CD13D120F0B94D
]
[
m_Class
1373B36827E9E15D
]
[
m_Name
PD Beam Full
]
[
m_pTemplate
1373B36827E9E15D
40F2307A3B58D051
{
[
m_Name

]
[
m_nNodeFlags
0
]
[
m_Children
0
]
[
m_Position
000000000000000000000000
]
[
m_Frame
0000803F0000000000000000000000000000803F0000000000000000000000000000803F
]
[
m_vOrientation
0
0
0
]
[
m_Flags
65536
]
[
m_Tick
0
]
[
m_NounContext
0000000000000000
]
[
m_Traits
1
4F7B2D2FC7265684
{
}
]
[
m_nTeamId
0
]
[
m_nUserId
0
]
[
m_DetectionFlags
4294967295
]
[
m_nDamage
0
]
[
m_nGroup
0
]
[
m_Energy
0
]
[
m_Duration
-1
]
[
m_PointDefense
0
]
[
m_Target
0
0000000000000000
]
}
]
[
m_Children
0
]
[
m_Position
0000008014AE07401F850BC0
]
[
m_Frame
0000803F0000000000000000000000000000803F0000000000000000000000000000803F
]
[
m_fFrameScale
5.000000
]
[
m_NounContext
gadgets\\pulse beam.prt
]
[
m_nDamage
0
]
[
m_bMountFore
1
]
[
m_bMountRight
1
]
[
m_bMountLeft
1
]
[
m_bMountAft
1
]
}
B2B7329B7F92DA85
A8988D0C3FF0B94D
{
[
m_NodeKey
2E458D0C3FF0B94D
]
[
m_Class
1373B36827E9E15D
]
[
m_Name
PD Beam Full
]
[
m_pTemplate
1373B36827E9E15D
887383A33158D051
{
[
m_Name

]
[
m_nNodeFlags
0
]
[
m_Children
0
]
[
m_Position
000000000000000000000000
]
[
m_Frame
0000803F0000000000000000000000000000803F0000000000000000000000000000803F
]
[
m_vOrientation
0
0
0
]
[
m_Flags
65536
]
[
m_Tick
0
]
[
m_NounContext
0000000000000000
]
[
m_Traits
1
4F7B2D2FC7265684
{
}
]
[
m_nTeamId
0
]
[
m_nUserId
0
]
[
m_DetectionFlags
4294967295
]
[
m_nDamage
0
]
[
m_nGroup
0
]
[
m_Energy
0
]
[
m_Duration
-1
]
[
m_PointDefense
0
]
[
m_Target
0
0000000000000000
]
}
]
[
m_Children
0
]
[
m_Position
000000803D0A57C014AEF7C0
]
[
m_Frame
0000803F0000000000000000000000000000803F0000000000000000000000000000803F
]
[
m_fFrameScale
5.000000
]
[
m_NounContext
gadgets\\pulse beam.prt
]
[
m_nDamage
0
]
[
m_bMountFore
1
]
[
m_bMountRight
1
]
[
m_bMountLeft
1
]
[
m_bMountAft
1
]
}
B2B7329B7F92DA85
5A7202483FF0B94D
{
[
m_NodeKey
BA3002483FF0B94D
]
[
m_Class
1373B36827E9E15D
]
[
m_Name
PD Beam FPS
]
[
m_pTemplate
1373B36827E9E15D
C8D36A952958D051
{
[
m_Name

]
[
m_nNodeFlags
0
]
[
m_Children
0
]
[
m_Position
000000000000000000000000
]
[
m_Frame
0000803F0000000000000000000000000000803F0000000000000000000000000000803F
]
[
m_vOrientation
0
0
0
]
[
m_Flags
65536
]
[
m_Tick
0
]
[
m_NounContext
0000000000000000
]
[
m_Traits
1
4F7B2D2FC7265684
{
}
]
[
m_nTeamId
0
]
[
m_nUserId
0
]
[
m_DetectionFlags
4294967295
]
[
m_nDamage
0
]
[
m_nGroup
0
]
[
m_Energy
0
]
[
m_Duration
-1
]
[
m_PointDefense
0
]
[
m_Target
0
0000000000000000
]
}
]
[
m_Children
0
]
[
m_Position
295C8FBD59DB22C090EAFC40
]
[
m_Frame
0000803F0000000000000000000000000000803F0000000000000000000000000000803F
]
[
m_fFrameScale
5.000000
]
[
m_NounContext
gadgets\\pulse beam.prt
]
[
m_nDamage
0
]
[
m_bMountFore
1
]
[
m_bMountRight
1
]
[
m_bMountLeft
1
]
[
m_bMountAft
0
]
}
B2B7329B7F92DA85
E09341843FF0B94D
{
[
m_NodeKey
984F41843FF0B94D
]
[
m_Class
1373B36827E9E15D
]
[
m_Name
PD Beam FPS
]
[
m_pTemplate
1373B36827E9E15D
C428705A2458D051
{
[
m_Name

]
[
m_nNodeFlags
0
]
[
m_Children
0
]
[
m_Position
000000000000000000000000
]
[
m_Frame
0000803F0000000000000000000000000000803F0000000000000000000000000000803F
]
[
m_vOrientation
0
0
0
]
[
m_Flags
65536
]
[
m_Tick
0
]
[
m_NounContext
0000000000000000
]
[
m_Traits
1
4F7B2D2FC7265684
{
}
]
[
m_nTeamId
0
]
[
m_nUserId
0
]
[
m_DetectionFlags
4294967295
]
[
m_nDamage
0
]
[
m_nGroup
0
]
[
m_Energy
0
]
[
m_Duration
-1
]
[
m_PointDefense
0
]
[
m_Target
0
0000000000000000
]
}
]
[
m_Children
0
]
[
m_Position
000000003333B33FCDCCFC40
]
[
m_Frame
0000803F0000000000000000000000000000803F0000000000000000000000000000803F
]
[
m_fFrameScale
5.000000
]
[
m_NounContext
gadgets\\pulse beam.prt
]
[
m_nDamage
0
]
[
m_bMountFore
1
]
[
m_bMountRight
1
]
[
m_bMountLeft
1
]
[
m_bMountAft
0
]
}
B2B7329B7F92DA85
82341BC23FF0B94D
{
[
m_NodeKey
76F01AC23FF0B94D
]
[
m_Class
1373B36827E9E15D
]
[
m_Name
PD Beam A
]
[
m_pTemplate
1373B36827E9E15D
767206B11258D051
{
[
m_Name

]
[
m_nNodeFlags
0
]
[
m_Children
0
]
[
m_Position
000000000000000000000000
]
[
m_Frame
0000803F0000000000000000000000000000803F0000000000000000000000000000803F
]
[
m_vOrientation
0
0
0
]
[
m_Flags
65536
]
[
m_Tick
0
]
[
m_NounContext
0000000000000000
]
[
m_Traits
1
4F7B2D2FC7265684
{
}
]
[
m_nTeamId
0
]
[
m_nUserId
0
]
[
m_DetectionFlags
4294967295
]
[
m_nDamage
0
]
[
m_nGroup
0
]
[
m_Energy
0
]
[
m_Duration
-1
]
[
m_PointDefense
0
]
[
m_Target
0
0000000000000000
]
}
]
[
m_Children
0
]
[
m_Position
00000000505DC6BF9FBD6DC1
]
[
m_Frame
0000803F0000000000000000000000000000803F0000000000000000000000000000803F
]
[
m_fFrameScale
5.000000
]
[
m_NounContext
gadgets\\pulse beam.prt
]
[
m_nDamage
0
]
[
m_bMountFore
0
]
[
m_bMountRight
0
]
[
m_bMountLeft
0
]
[
m_bMountAft
1
]
}
B2B7329B7F92DA85
86F5954B3AF0B94D
{
[
m_NodeKey
9AAF954B3AF0B94D
]
[
m_Class
5226331171D546F5
]
[
m_Name
MIRV Bomb
]
[
m_pTemplate
5226331171D546F5
8F6432A5FFFFFFFF
{
[
m_Name

]
[
m_nNodeFlags
0
]
[
m_Children
0
]
[
m_Position
000000000000000000000000
]
[
m_Frame
0000803F0000000000000000000000000000803F0000000000000000000000000000803F
]
[
m_vOrientation
0
0
0
]
[
m_Flags
65536
]
[
m_Tick
0
]
[
m_NounContext
0000000000000000
]
[
m_Traits
1
4F7B2D2FC7265684
{
}
]
[
m_nTeamId
0
]
[
m_nUserId
0
]
[
m_DetectionFlags
4294967295
]
[
m_nDamage
0
]
[
m_nGroup
0
]
[
m_Energy
0
]
[
m_Ammo
0
]
}
]
[
m_Children
0
]
[
m_Position
00000000787915C07B141EC0
]
[
m_Frame
0000803F000000000000000000000000000000800000803F00000000000080BF00000080
]
[
m_fFrameScale
0.500000
]
[
m_NounContext
gadgets\\mirv bomb.prt
]
[
m_nDamage
0
]
[
m_bMountFore
1
]
[
m_bMountRight
1
]
[
m_bMountLeft
1
]
[
m_bMountAft
1
]
}
B2B7329B7F92DA85
9F0774723AF0B94D
{
[
m_NodeKey
37C073723AF0B94D
]
[
m_Class
5226331171D546F5
]
[
m_Name
MIRV Bomb
]
[
m_pTemplate
5226331171D546F5
906432A5FFFFFFFF
{
[
m_Name

]
[
m_nNodeFlags
0
]
[
m_Children
0
]
[
m_Position
000000000000000000000000
]
[
m_Frame
0000803F0000000000000000000000000000803F0000000000000000000000000000803F
]
[
m_vOrientation
0
0
0
]
[
m_Flags
65536
]
[
m_Tick
0
]
[
m_NounContext
0000000000000000
]
[
m_Traits
1
4F7B2D2FC7265684
{
}
]
[
m_nTeamId
0
]
[
m_nUserId
0
]
[
m_DetectionFlags
4294967295
]
[
m_nDamage
0
]
[
m_nGroup
0
]
[
m_Energy
0
]
[
m_Ammo
0
]
}
]
[
m_Children
0
]
[
m_Position
6666E6BFAE4761C0713D0EC1
]
[
m_Frame
0000803F000000000000000000000000000000800000803F00000000000080BF00000080
]
[
m_fFrameScale
0.500000
]
[
m_NounContext
gadgets\\mirv bomb.prt
]
[
m_nDamage
0
]
[
m_bMountFore
1
]
[
m_bMountRight
1
]
[
m_bMountLeft
1
]
[
m_bMountAft
1
]
}
B2B7329B7F92DA85
F63889EDF5F0B94D
{
[
m_NodeKey
A66089EDF5F0B94D
]
[
m_Class
5226331171D546F5
]
[
m_Name
MIRV Bomb
]
[
m_pTemplate
5226331171D546F5
916432A5FFFFFFFF
{
[
m_Name

]
[
m_nNodeFlags
0
]
[
m_Children
0
]
[
m_Position
000000000000000000000000
]
[
m_Frame
0000803F0000000000000000000000000000803F0000000000000000000000000000803F
]
[
m_vOrientation
0
0
0
]
[
m_Flags
65536
]
[
m_Tick
0
]
[
m_NounContext
0000000000000000
]
[
m_Traits
1
4F7B2D2FC7265684
{
}
]
[
m_nTeamId
0
]
[
m_nUserId
0
]
[
m_DetectionFlags
4294967295
]
[
m_nDamage
0
]
[
m_nGroup
0
]
[
m_Energy
0
]
[
m_Ammo
0
]
}
]
[
m_Children
0
]
[
m_Position
6666E6BF5C8F62C0EC51F8C0
]
[
m_Frame
0000803F000000000000000000000000000000800000803F00000000000080BF00000080
]
[
m_fFrameScale
0.500000
]
[
m_NounContext
gadgets\\mirv bomb.prt
]
[
m_nDamage
0
]
[
m_bMountFore
1
]
[
m_bMountRight
1
]
[
m_bMountLeft
1
]
[
m_bMountAft
1
]
}
B2B7329B7F92DA85
D629FF2D3DF3B94D
{
[
m_NodeKey
52D6FE2D3DF3B94D
]
[
m_Class
5226331171D546F5
]
[
m_Name
MIRV Bomb
]
[
m_pTemplate
5226331171D546F5
926432A5FFFFFFFF
{
[
m_Name

]
[
m_nNodeFlags
0
]
[
m_Children
0
]
[
m_Position
000000000000000000000000
]
[
m_Frame
0000803F0000000000000000000000000000803F0000000000000000000000000000803F
]
[
m_vOrientation
0
0
0
]
[
m_Flags
65536
]
[
m_Tick
0
]
[
m_NounContext
0000000000000000
]
[
m_Traits
1
4F7B2D2FC7265684
{
}
]
[
m_nTeamId
0
]
[
m_nUserId
0
]
[
m_DetectionFlags
4294967295
]
[
m_nDamage
0
]
[
m_nGroup
0
]
[
m_Energy
0
]
[
m_Ammo
0
]
}
]
[
m_Children
0
]
[
m_Position
6666E6BFD7A360C0CDCCCCC0
]
[
m_Frame
0000803F000000000000000000000000000000800000803F00000000000080BF00000080
]
[
m_fFrameScale
0.500000
]
[
m_NounContext
gadgets\\mirv bomb.prt
]
[
m_nDamage
0
]
[
m_bMountFore
1
]
[
m_bMountRight
1
]
[
m_bMountLeft
1
]
[
m_bMountAft
1
]
}
B2B7329B7F92DA85
429078AA3DF3B94D
{
[
m_NodeKey
644178AA3DF3B94D
]
[
m_Class
5226331171D546F5
]
[
m_Name
MIRV Bomb
]
[
m_pTemplate
5226331171D546F5
936432A5FFFFFFFF
{
[
m_Name

]
[
m_nNodeFlags
0
]
[
m_Children
0
]
[
m_Position
000000000000000000000000
]
[
m_Frame
0000803F0000000000000000000000000000803F0000000000000000000000000000803F
]
[
m_vOrientation
0
0
0
]
[
m_Flags
65536
]
[
m_Tick
0
]
[
m_NounContext
0000000000000000
]
[
m_Traits
1
4F7B2D2FC7265684
{
}
]
[
m_nTeamId
0
]
[
m_nUserId
0
]
[
m_DetectionFlags
4294967295
]
[
m_nDamage
0
]
[
m_nGroup
0
]
[
m_Energy
0
]
[
m_Ammo
0
]
}
]
[
m_Children
0
]
[
m_Position
6666E63FAE4761C0713D0EC1
]
[
m_Frame
0000803F000000000000000000000000000000800000803F00000000000080BF00000080
]
[
m_fFrameScale
0.500000
]
[
m_NounContext
gadgets\\mirv bomb.prt
]
[
m_nDamage
0
]
[
m_bMountFore
1
]
[
m_bMountRight
1
]
[
m_bMountLeft
1
]
[
m_bMountAft
1
]
}
B2B7329B7F92DA85
9C3AF0CE3DF3B94D
{
[
m_NodeKey
C8E6EFCE3DF3B94D
]
[
m_Class
5226331171D546F5
]
[
m_Name
MIRV Bomb
]
[
m_pTemplate
5226331171D546F5
946432A5FFFFFFFF
{
[
m_Name

]
[
m_nNodeFlags
0
]
[
m_Children
0
]
[
m_Position
000000000000000000000000
]
[
m_Frame
0000803F0000000000000000000000000000803F0000000000000000000000000000803F
]
[
m_vOrientation
0
0
0
]
[
m_Flags
65536
]
[
m_Tick
0
]
[
m_NounContext
0000000000000000
]
[
m_Traits
1
4F7B2D2FC7265684
{
}
]
[
m_nTeamId
0
]
[
m_nUserId
0
]
[
m_DetectionFlags
4294967295
]
[
m_nDamage
0
]
[
m_nGroup
0
]
[
m_Energy
0
]
[
m_Ammo
0
]
}
]
[
m_Children
0
]
[
m_Position
6666E63F5C8F62C0EC51F8C0
]
[
m_Frame
0000803F000000000000000000000000000000800000803F00000000000080BF00000080
]
[
m_fFrameScale
0.500000
]
[
m_NounContext
gadgets\\mirv bomb.prt
]
[
m_nDamage
0
]
[
m_bMountFore
1
]
[
m_bMountRight
1
]
[
m_bMountLeft
1
]
[
m_bMountAft
1
]
}
B2B7329B7F92DA85
629406DFCCF3B94D
{
[
m_NodeKey
204506DFCCF3B94D
]
[
m_Class
5226331171D546F5
]
[
m_Name
MIRV Bomb
]
[
m_pTemplate
5226331171D546F5
956432A5FFFFFFFF
{
[
m_Name

]
[
m_nNodeFlags
0
]
[
m_Children
0
]
[
m_Position
000000000000000000000000
]
[
m_Frame
0000803F0000000000000000000000000000803F0000000000000000000000000000803F
]
[
m_vOrientation
0
0
0
]
[
m_Flags
65536
]
[
m_Tick
0
]
[
m_NounContext
0000000000000000
]
[
m_Traits
1
4F7B2D2FC7265684
{
}
]
[
m_nTeamId
0
]
[
m_nUserId
0
]
[
m_DetectionFlags
4294967295
]
[
m_nDamage
0
]
[
m_nGroup
0
]
[
m_Energy
0
]
[
m_Ammo
0
]
}
]
[
m_Children
0
]
[
m_Position
6666E63FD7A360C0CDCCCCC0
]
[
m_Frame
0000803F000000000000000000000000000000800000803F00000000000080BF00000080
]
[
m_fFrameScale
0.500000
]
[
m_NounContext
gadgets\\mirv bomb.prt
]
[
m_nDamage
0
]
[
m_bMountFore
1
]
[
m_bMountRight
1
]
[
m_bMountLeft
1
]
[
m_bMountAft
1
]
}
B2B7329B7F92DA85
28026B588059C34D
{
[
m_NodeKey
A9C96A588059C34D
]
[
m_Class
FDFCA20E6ABC5E7A
]
[
m_Name
Heavy IE Drive
]
[
m_pTemplate
FDFCA20E6ABC5E7A
FA023C506275D851
{
[
m_Name

]
[
m_nNodeFlags
0
]
[
m_Children
0
]
[
m_Position
000000000000000000000000
]
[
m_Frame
0000803F0000000000000000000000000000803F0000000000000000000000000000803F
]
[
m_vOrientation
0
0
0
]
[
m_Flags
65537
]
[
m_Tick
0
]
[
m_NounContext
0000000000000000
]
[
m_Traits
1
4F7B2D2FC7265684
{
}
]
[
m_nTeamId
0
]
[
m_nUserId
0
]
[
m_DetectionFlags
4294967295
]
[
m_nDamage
0
]
[
m_nGroup
0
]
}
]
[
m_Children
0
]
[
m_Position
C3F5C8BFE17A54BF000010C1
]
[
m_Frame
0000803F0000000000000000000000000000803F0000000000000000000000000000803F
]
[
m_fFrameScale
5.000000
]
[
m_NounContext
gadgets\\drive - hvie.prt
]
[
m_nDamage
0
]
[
m_bMountFore
0
]
[
m_bMountRight
0
]
[
m_bMountLeft
0
]
[
m_bMountAft
1
]
}
B2B7329B7F92DA85
FB7C0D318759C34D
{
[
m_NodeKey
B7450D318759C34D
]
[
m_Class
FDFCA20E6ABC5E7A
]
[
m_Name
Heavy IE Drive
]
[
m_pTemplate
FDFCA20E6ABC5E7A
72A86AF46D75D851
{
[
m_Name

]
[
m_nNodeFlags
0
]
[
m_Children
0
]
[
m_Position
000000000000000000000000
]
[
m_Frame
0000803F0000000000000000000000000000803F0000000000000000000000000000803F
]
[
m_vOrientation
0
0
0
]
[
m_Flags
65537
]
[
m_Tick
0
]
[
m_NounContext
0000000000000000
]
[
m_Traits
1
4F7B2D2FC7265684
{
}
]
[
m_nTeamId
0
]
[
m_nUserId
0
]
[
m_DetectionFlags
4294967295
]
[
m_nDamage
0
]
[
m_nGroup
0
]
}
]
[
m_Children
0
]
[
m_Position
C3F5C83FE17A54BF000010C1
]
[
m_Frame
0000803F0000000000000000000000000000803F0000000000000000000000000000803F
]
[
m_fFrameScale
5.000000
]
[
m_NounContext
gadgets\\drive - hvie.prt
]
[
m_nDamage
0
]
[
m_bMountFore
0
]
[
m_bMountRight
0
]
[
m_bMountLeft
0
]
[
m_bMountAft
1
]
}
B2B7329B7F92DA85
998D8AAB8659C34D
{
[
m_NodeKey
DF538AAB8659C34D
]
[
m_Class
FDFCA20E6ABC5E7A
]
[
m_Name
Heavy IE Drive
]
[
m_pTemplate
FDFCA20E6ABC5E7A
DC03DD258B74D851
{
[
m_Name

]
[
m_nNodeFlags
0
]
[
m_Children
0
]
[
m_Position
000000000000000000000000
]
[
m_Frame
0000803F0000000000000000000000000000803F0000000000000000000000000000803F
]
[
m_vOrientation
0
0
0
]
[
m_Flags
65537
]
[
m_Tick
0
]
[
m_NounContext
0000000000000000
]
[
m_Traits
1
4F7B2D2FC7265684
{
}
]
[
m_nTeamId
0
]
[
m_nUserId
0
]
[
m_DetectionFlags
4294967295
]
[
m_nDamage
0
]
[
m_nGroup
0
]
}
]
[
m_Children
0
]
[
m_Position
666626BF295C0FBF000000C1
]
[
m_Frame
0000803F0000000000000000000000000000803F0000000000000000000000000000803F
]
[
m_fFrameScale
5.000000
]
[
m_NounContext
gadgets\\drive - hvie.prt
]
[
m_nDamage
0
]
[
m_bMountFore
0
]
[
m_bMountRight
0
]
[
m_bMountLeft
0
]
[
m_bMountAft
1
]
}
B2B7329B7F92DA85
0AB2AF1F8559C34D
{
[
m_NodeKey
C277AF1F8559C34D
]
[
m_Class
FDFCA20E6ABC5E7A
]
[
m_Name
Heavy IE Drive
]
[
m_pTemplate
FDFCA20E6ABC5E7A
F6B1A0E89774D851
{
[
m_Name

]
[
m_nNodeFlags
0
]
[
m_Children
0
]
[
m_Position
000000000000000000000000
]
[
m_Frame
0000803F0000000000000000000000000000803F0000000000000000000000000000803F
]
[
m_vOrientation
0
0
0
]
[
m_Flags
65537
]
[
m_Tick
0
]
[
m_NounContext
0000000000000000
]
[
m_Traits
1
4F7B2D2FC7265684
{
}
]
[
m_nTeamId
0
]
[
m_nUserId
0
]
[
m_DetectionFlags
4294967295
]
[
m_nDamage
0
]
[
m_nGroup
0
]
}
]
[
m_Children
0
]
[
m_Position
6666263F295C0FBF000000C1
]
[
m_Frame
0000803F0000000000000000000000000000803F0000000000000000000000000000803F
]
[
m_fFrameScale
5.000000
]
[
m_NounContext
gadgets\\drive - hvie.prt
]
[
m_nDamage
0
]
[
m_bMountFore
0
]
[
m_bMountRight
0
]
[
m_bMountLeft
0
]
[
m_bMountAft
1
]
}
]
[
m_Position
000000000000000000000000
]
[
m_Frame
0000803F0000000000000000000000000000803F0000000000000000000000000000803F
]
[
m_fFrameScale
1.000000
]
[
m_NounContext
ships\\icc\\dreadnought\\m400-b\\nc_m400b.prt
]
[
m_nFleetId
-1
]
[
m_Orbiting

]
[
m_OrbitVelocity
0.000000
]
}
]
[
m_Position
000000000000000000000000
]
[
m_Frame
0000803F0000000000000000000000000000803F0000000000000000000000000000803F
]
[
m_fFrameScale
1.000000
]
}
]
[
m_Fps
15.000000
]
[
m_Segments
0
]
[
m_TargetPosition
00000000787915C07B141EC0
]
[
m_TargetDistance
47.758121
]
[
m_TargetFrame
369925BFBA3260BDEEB8423F4F96AF3D78627C3F524F133EFAFC41BFA911223EF60E22BF
]
}
