PRT
BBE32C0F2208BFD2
DEF81B7A6F186659
{
[
m_Root
E98E268F2008D746
695DA7C6FFFFFFFF
{
[
m_NodeKey
645DA7C6FFFFFFFF
]
[
m_Class
231158F1834B35BB
]
[
m_Name
Node
]
[
m_pTemplate
231158F1834B35BB
C45DA7C6FFFFFFFF
{
[
m_Name

]
[
m_nNodeFlags
0
]
[
m_Children
0
]
[
m_Position
000000000000000000000000
]
[
m_Frame
0000803F0000000000000000000000000000803F0000000000000000000000000000803F
]
}
]
[
m_Children
1
F40F11A9E5528EFD
C55DA7C6FFFFFFFF
{
[
m_NodeKey
845DA7C6FFFFFFFF
]
[
m_Class
C34AD77CBDD85FAC
]
[
m_Name
Node
]
[
m_pTemplate
C34AD77CBDD85FAC
C65DA7C6FFFFFFFF
{
[
m_Name

]
[
m_nNodeFlags
0
]
[
m_Children
0
]
[
m_Bits
0
]
[
m_Type
00000000
]
[
m_MinDistance
0.000000
]
[
m_MaxDistance
32768.000000
]
[
m_fFadePercent
0.100000
]
[
m_MinDetailLevel
00000000
]
[
m_MaxDetailLevel
02000000
]
[
m_bZeroTime
0
]
}
]
[
m_Children
1
ED2EE28E940CD7AE
C75DA7C6FFFFFFFF
{
[
m_NodeKey
855DA7C6FFFFFFFF
]
[
m_Class
BCD8C64E28ED4A4B
]
[
m_Name
Node
]
[
m_pTemplate
BCD8C64E28ED4A4B
C85DA7C6FFFFFFFF
{
[
m_Name

]
[
m_nNodeFlags
0
]
[
m_Children
0
]
}
]
[
m_Children
6
F40F11A9E5528EFD
CB5DA7C6FFFFFFFF
{
[
m_NodeKey
885DA7C6FFFFFFFF
]
[
m_Class
C34AD77CBDD85FAC
]
[
m_Name
Trusters
]
[
m_pTemplate
C34AD77CBDD85FAC
CC5DA7C6FFFFFFFF
{
[
m_Name

]
[
m_nNodeFlags
0
]
[
m_Children
0
]
[
m_Bits
0
]
[
m_Type
00000000
]
[
m_MinDistance
0.000000
]
[
m_MaxDistance
32768.000000
]
[
m_fFadePercent
0.100000
]
[
m_MinDetailLevel
00000000
]
[
m_MaxDetailLevel
02000000
]
[
m_bZeroTime
0
]
}
]
[
m_Children
4
23E338DC4B2BBF92
CD5DA7C6FFFFFFFF
{
[
m_NodeKey
895DA7C6FFFFFFFF
]
[
m_Class
913D1AE2AA2BB936
]
[
m_Name
Node
]
[
m_pTemplate
913D1AE2AA2BB936
CE5DA7C6FFFFFFFF
{
[
m_Name

]
[
m_nNodeFlags
0
]
[
m_Children
0
]
[
m_Position
000000000000000000000000
]
[
m_Frame
0000803F0000000000000000000000000000803F0000000000000000000000000000803F
]
[
m_pScene
0000000000000000
]
[
m_bNormalizeFrame
1
]
}
]
[
m_Children
0
]
[
m_Position
0000803E9A9999BE0000003F
]
[
m_Frame
0000803F0000000000000000000000000000803F0000000000000000000000000000803F
]
[
m_fFrameScale
0.900000
]
[
m_ScenePort
ships\\mi\\thrusters\\mi thruster.prt
]
[
m_NormalizeFrame
0
]
}
23E338DC4B2BBF92
CF5DA7C6FFFFFFFF
{
[
m_NodeKey
8A5DA7C6FFFFFFFF
]
[
m_Class
913D1AE2AA2BB936
]
[
m_Name
Node
]
[
m_pTemplate
913D1AE2AA2BB936
D05DA7C6FFFFFFFF
{
[
m_Name

]
[
m_nNodeFlags
0
]
[
m_Children
0
]
[
m_Position
000000000000000000000000
]
[
m_Frame
0000803F0000000000000000000000000000803F0000000000000000000000000000803F
]
[
m_pScene
0000000000000000
]
[
m_bNormalizeFrame
1
]
}
]
[
m_Children
0
]
[
m_Position
000080BE9A9999BE0000003F
]
[
m_Frame
0000803F0000000000000000000000000000803F0000000000000000000000000000803F
]
[
m_fFrameScale
0.900000
]
[
m_ScenePort
ships\\mi\\thrusters\\mi thruster.prt
]
[
m_NormalizeFrame
0
]
}
23E338DC4B2BBF92
5E5EA7C6FFFFFFFF
{
[
m_NodeKey
5C5EA7C6FFFFFFFF
]
[
m_Class
913D1AE2AA2BB936
]
[
m_Name
Node
]
[
m_pTemplate
913D1AE2AA2BB936
5F5EA7C6FFFFFFFF
{
[
m_Name

]
[
m_nNodeFlags
0
]
[
m_Children
0
]
[
m_Position
000000000000000000000000
]
[
m_Frame
0000803F0000000000000000000000000000803F0000000000000000000000000000803F
]
[
m_pScene
0000000000000000
]
[
m_bNormalizeFrame
1
]
}
]
[
m_Children
0
]
[
m_Position
0000803ECDCC4C3E9A99993E
]
[
m_Frame
0000803F0000000000000000000000000000803F0000000000000000000000000000803F
]
[
m_fFrameScale
0.900000
]
[
m_ScenePort
ships\\mi\\thrusters\\mi thruster.prt
]
[
m_NormalizeFrame
0
]
}
23E338DC4B2BBF92
605EA7C6FFFFFFFF
{
[
m_NodeKey
5D5EA7C6FFFFFFFF
]
[
m_Class
913D1AE2AA2BB936
]
[
m_Name
Node
]
[
m_pTemplate
913D1AE2AA2BB936
615EA7C6FFFFFFFF
{
[
m_Name

]
[
m_nNodeFlags
0
]
[
m_Children
0
]
[
m_Position
000000000000000000000000
]
[
m_Frame
0000803F0000000000000000000000000000803F0000000000000000000000000000803F
]
[
m_pScene
0000000000000000
]
[
m_bNormalizeFrame
1
]
}
]
[
m_Children
0
]
[
m_Position
000080BECDCC4C3E9A99993E
]
[
m_Frame
0000803F0000000000000000000000000000803F0000000000000000000000000000803F
]
[
m_fFrameScale
0.900000
]
[
m_ScenePort
ships\\mi\\thrusters\\mi thruster.prt
]
[
m_NormalizeFrame
0
]
}
]
[
m_Bits
2
]
[
m_Type
01000000
]
[
m_MinDistance
0.000000
]
[
m_MaxDistance
32768.000000
]
[
m_fFadePercent
0.100000
]
[
m_MinDetailLevel
00000000
]
[
m_MaxDetailLevel
02000000
]
[
m_bZeroTime
0
]
}
F40F11A9E5528EFD
D15DA7C6FFFFFFFF
{
[
m_NodeKey
8B5DA7C6FFFFFFFF
]
[
m_Class
C34AD77CBDD85FAC
]
[
m_Name
Damage1
]
[
m_pTemplate
C34AD77CBDD85FAC
D25DA7C6FFFFFFFF
{
[
m_Name

]
[
m_nNodeFlags
0
]
[
m_Children
0
]
[
m_Bits
0
]
[
m_Type
00000000
]
[
m_MinDistance
0.000000
]
[
m_MaxDistance
32768.000000
]
[
m_fFadePercent
0.100000
]
[
m_MinDetailLevel
00000000
]
[
m_MaxDetailLevel
02000000
]
[
m_bZeroTime
0
]
}
]
[
m_Children
0
]
[
m_Bits
0
]
[
m_Type
01000000
]
[
m_MinDistance
0.000000
]
[
m_MaxDistance
32768.000000
]
[
m_fFadePercent
0.100000
]
[
m_MinDetailLevel
00000000
]
[
m_MaxDetailLevel
02000000
]
[
m_bZeroTime
0
]
}
F40F11A9E5528EFD
D35DA7C6FFFFFFFF
{
[
m_NodeKey
8C5DA7C6FFFFFFFF
]
[
m_Class
C34AD77CBDD85FAC
]
[
m_Name
Damage2
]
[
m_pTemplate
C34AD77CBDD85FAC
D45DA7C6FFFFFFFF
{
[
m_Name

]
[
m_nNodeFlags
0
]
[
m_Children
0
]
[
m_Bits
0
]
[
m_Type
00000000
]
[
m_MinDistance
0.000000
]
[
m_MaxDistance
32768.000000
]
[
m_fFadePercent
0.100000
]
[
m_MinDetailLevel
00000000
]
[
m_MaxDetailLevel
02000000
]
[
m_bZeroTime
0
]
}
]
[
m_Children
0
]
[
m_Bits
0
]
[
m_Type
01000000
]
[
m_MinDistance
0.000000
]
[
m_MaxDistance
32768.000000
]
[
m_fFadePercent
0.100000
]
[
m_MinDetailLevel
00000000
]
[
m_MaxDetailLevel
02000000
]
[
m_bZeroTime
0
]
}
F40F11A9E5528EFD
D55DA7C6FFFFFFFF
{
[
m_NodeKey
8D5DA7C6FFFFFFFF
]
[
m_Class
C34AD77CBDD85FAC
]
[
m_Name
Damage2
]
[
m_pTemplate
C34AD77CBDD85FAC
D65DA7C6FFFFFFFF
{
[
m_Name

]
[
m_nNodeFlags
0
]
[
m_Children
0
]
[
m_Bits
0
]
[
m_Type
00000000
]
[
m_MinDistance
0.000000
]
[
m_MaxDistance
32768.000000
]
[
m_fFadePercent
0.100000
]
[
m_MinDetailLevel
00000000
]
[
m_MaxDetailLevel
02000000
]
[
m_bZeroTime
0
]
}
]
[
m_Children
0
]
[
m_Bits
0
]
[
m_Type
01000000
]
[
m_MinDistance
0.000000
]
[
m_MaxDistance
32768.000000
]
[
m_fFadePercent
0.100000
]
[
m_MinDetailLevel
00000000
]
[
m_MaxDetailLevel
02000000
]
[
m_bZeroTime
0
]
}
C586FE462BF76149
D75DA7C6FFFFFFFF
{
[
m_NodeKey
8E5DA7C6FFFFFFFF
]
[
m_Class
F0818A88AFB3A485
]
[
m_Name
Cube
]
[
m_pTemplate
F0818A88AFB3A485
D85DA7C6FFFFFFFF
{
[
m_Name

]
[
m_nNodeFlags
0
]
[
m_Children
0
]
[
m_Position
000000000000000000000000
]
[
m_Frame
0000803F0000000000000000000000000000803F0000000000000000000000000000803F
]
[
m_NodeFrames
0
]
[
m_Verts
0
]
[
m_Materials
0
]
[
m_Triangles
0
]
[
m_Hull
8096184B8096184B8096184B809618CB809618CB809618CB
]
[
m_Fps
15.000000
]
[
m_EnableLOD
0
]
[
m_MinLOD
1.000000
]
[
m_MaxLOD
750.000000
]
}
]
[
m_Children
0
]
[
m_Position
000000000000000000000000
]
[
m_Frame
0000803F00000000000000000000000000308D24000080BF000000000000803F00308D24
]
[
m_fFrameScale
1.000000
]
[
m_bExportNodeFrames
0
]
[
m_NodeFrames
0
]
[
m_Verts
1048
2C2C203F80483F3CFA999C3F2F91973E96EB4A3F116D08BFA94E07BEA643033F
001B783FA1F61FBF103F7B3FA427523F99A9CC3EA2C5D0BE89458C3ED13D7B3E
001B783FF60910BFB1176A3FA177503FCAD5E43E7B8DBDBEBD558F3E2313003F
BD6F283F600001BE7C2C893F03BD013F6E1F373FED4DF6BE000000006BB8343F
EB6FC93E2F6A27C0EB1A9BBFF615FB3E201B10BF554F2ABF25928C3F8A75EA3E
1CD228B9A2962BC0D315A0BF000180B85F432FBF75973ABF9A3EA73FB3EDDC3E
7F8722B9884A10C07D40E0BF8001C0B8B9935CBF04E901BF4C34B03F8FDE403F
81B3B43E151E0CC09545DBBF1239093F621D31BFEFA9F7BE9F3D993FFEEF4C3F
8BE1EAB8690097BE14222640000100B87035B8BEDED96E3F37E0C53F6745283F
8BE1EAB87559BEBFE5600440000100B8E351F1BEC4C5613F1C9A883F357F383F
A08A9B3E7FFABDBFED470140AC09D63EB1B5D8BE9CC34D3FE814863F9C6F243F
C28A9B3E690097BEFAD222409565CA3E52FDA8BEB76F5B3F965BC23F6309133F
C28A9B3E7EFC593F499C3B40DB85ED3EFF997F3EB397593F787FE43F986B093F
8BE1EAB88FFC593FFA083E40000100B874333A3F5FAD2F3F226CE43F0344093F
89D1EB3EF94A46C029254CBFAEE9D63E9B794DBFB2EDD8BEC9CB223F9A09663E
2D23CD3EE12649C0AC1D45BFBBB1DD3E5CE72DBF2FAB17BFEC511C3FDF53493E
1CD228B935424CC0158D51BF000180B8DCF5EDBEC5A962BFEC511C3F81B1BE3D
1CD228B948DC4AC0D2535CBF000180B89C0F4EBF30E517BFC9CB223F81B1BE3D
CAA74B3FAAD793BF6B2CD53F761F3B3F13A189BE4191203FF16502BEF7223E3F
B5FD733F47C987BFCF2FC83F90F1473FE6F972BE28DF133F9B8EE0BDFA5F723F
C70F653F9B1C7E3DAFCF0040A025503FAA11D5BD25A1123F7EAA42BF8D63803F
9203323FB8AF03BDDC800440FB617DBE4545A23ED5636A3F198E47BF399C513F
49D8FF3E29223FC03D0A63BFECF1F53E15AB0ABF619530BFA56A893FDFC14F3E
1CD228B9A18045C01BBA75BF000180B8474523BF8A2B45BF1E88A83F76C24B3E
2C2C203F80483F3CFA999C3F2F91973E96EB4A3F116D08BF5567553EF5D7233F
00E6823F7D97623EEDD5BF3FEC19763EAF6F573FEFA5F7BE4698A23D2F51F53E
D6A9923FB14E29BF18CF903FCD85663F2ADD943E4B89A5BE46B5C83ED3DDF53E
001B783FA1F61FBF103F7B3FA427523F99A9CC3EA2C5D0BED89DD63EF5D7233F
DBDD173F632A1DBEB2121940E6C3723F3DA11E3D423DA13E2596C03F28EEF83E
F3C8033F37A6ABBF6CD1EE3F7013383F462DA3BE3C151E3FD027843F207D0F3F
AB77903E280A51C0310B49BFCBB5653F2EC116BEAA0DD5BE2559173F3A5C2B3E
1CD228B900C84CC03E404FBF000100B97ADD3C3F5ACF2CBF2559173F81B1BE3D
4031EA3E4698463F76A42F4037571B3F63AF313F8D4DC6BEFA29E43F23F9FA3E
8BE1EAB84698463F76A42F40000000007E073F3F55692ABF22ABDB3FA169113F
8BE1EAB88FFC593FFA083E40000100B874333A3F5FAD2F3F29B4D83F0344093F
C28A9B3E7EFC593F499C3B40DB85ED3EFF997F3EB397593F7EC7D83F986B093F
4031EA3E4698463F76A42F4037571B3F63AF313F8D4DC6BE0072D83F23F9FA3E
DBDD173F632A1DBEB2121940E6C3723F3DA11E3D423DA13E0F0A8ABE09A4C43B
DFC3CD3E19A9F73C66680C4045AB223F62D1303F61B1B0BEA7EC44BE8ACD473E
4031EA3E4698463F76A42F4037571B3F63AF313F8D4DC6BE789A3CBF98F9C63E
8BE1EAB84698463F76A42F40000000007E073F3F55692ABF30F523BF8A76213F
8BE1EAB8DBA2D43E02D41C408001C0B8E613733F4195A0BE1B62C4BE88BD083F
768D523FAE0EFEBF446B49BFD8356C3F8BA1C53D7E15BFBEE7FB253F226D033F
4CA8203F65551AC06F4A85BFB15D583FD9516CBEEECDF6BE4CFB6A3F1B4BF03E
AB41183FA1BEFFBF698DC1BFDC116E3F456922BE54C9A9BE5BCD803F344B4E3F
5723133F8E3FD3BFAAD292BFBCFD5D3FC231E13EDE216FBEBBD4383F50E44D3F
8BE1EAB8CF4C51C0BDE2D93E000100B8C54162BFDF81EF3EE2AF993E793C413F
1CD228B9B1A860C00B4334BE000180B8F7B57BBF75A13A3E9B1DC93D22C63B3F
4837923E60735EC0FF2539BE339F193F96294BBF9A21CD3DFB03E53D3CF9283F
D5EA9B3EE75650C00E68D13E1A130D3F802B40BF7595BA3EB62D9A3E18432D3F
1CD228B9846661C02FBF4FBF000100B9F81D7CBF638931BE05DBC8BDDEAC2D3F
54FC6F3EA20B5EC0E5D24CBF53AD293F756B3ABF658132BED9AF9BBD7E8A1F3F
89D1EB3EF94A46C029254CBFAEE9D63E9B794DBFB2EDD8BE1C5EE03F2EAA513F
3597273FCB8040C0204111BF723F393F60E32FBF0CD185BD9A27CB3F3690523F
4A790D3F81ED49C0FFD0D4BE63BF313F70FF37BF25A112BDDBC4C53FB131373F
2D23CD3EE12649C0AC1D45BFBBB1DD3E5CE72DBF2FAB17BFB708E03F32574A3F
23BA4B3FB9A82DC0249955BCA2D9503F17770BBF8D91463E2DEA9B3FEBA74F3F
8DCF203F14083BC0F149273E84D3413F36251BBFF3A9793EE690983FD460263F
E44B3C3F5D8734C094863ABFA019503F4B79A5BEF009F8BE65A7673F49684B3E
B22A7E3F5E2E17C031B4C2BEDF756F3FC351E1BD5805ACBED977153FAFD25D3E
60ABDC3EC82642C0D251963E92F1483F23BF11BFF4217A3E8909963FBD1D053F
1D76C73E172A52C0F27892BE99874C3F34F119BFEC01763B46CEC23FFB751B3F
AB77903E280A51C0310B49BFCBB5653F2EC116BEAA0DD5BE1214E53F7F153C3F
1D76C73E172A52C0F27892BE99874C3F34F119BFEC01763B0BD4C23D0611193F
60ABDC3EC82642C0D251963E92F1483F23BF11BFF4217A3E1B65953E5D171A3F
AB77903E280A51C0310B49BFCBB5653F2EC116BEAA0DD5BE9A0685BD0A68123F
001B783F8F348ABFA033253FB169583F8AF1C43E7CC5BDBEEBA8223F35287A3E
001B783F3A3E82BF520C143FF97B7C3F3149183E26E1923DE2AB213F2313003F
B6F76D3FD810B0BFBD73A83D97AF4B3FDBB1ED3E8E31C7BE0B7F803F2E8CC43E
16FC4E3F821AA8BF2AC6793CF385793F400120B9C9B964BE0000803F03CC2C3F
8BE1EAB8145900C0A08DDE3F000100B81D7B0EBFA9AD543F06805E3FA20C3D3F
BF7FAB3E7F34FEBF7236D93FAFB5D73EF1B5F8BE880B443FDDED5A3F2D60263F
8BE1EAB83CDA22C0A0C4AB3F0000000058D52BBF7CC13D3FC158273FA31F3D3F
43C9BC3E58E421C0F4A5A93FBF9DDF3E39671CBF5205293F70B6253FEE77283F
A794733F98BEF9BFBCC9333FB4135A3FACC5D5BE44E1A13EF5BD263FD3306C3F
003C7A3F44A7C5BFC24B9C3FAAE9543F6795B3BEB955DC3E2A537C3E7FDD593F
01DC4C3F5532D8BF3545B03F80D33F3F7839BCBE1AFF0C3FB16D613EA7912E3F
B9193E3F9B1F11C0D785853F9CEF4D3FCFADE7BE8A05C53EDAE2163FCE36233F
B6F76D3FD810B0BFBD73A83D97AF4B3FDBB1ED3E8E31C7BEE50B523FF5D7233F
001B783F8F348ABFA033253FB169583F8AF1C43E7CC5BDBE23831C3FF5D7233F
4F229A3F7D3D97BFDA00543FD9996C3F28ED933EFF917FBE1806183FCB2EF03E
14CC963F8F6DC9BFC232963EE193703FC791633E0AF184BE3F1F513F94DBF63E
F3C8033F37A6ABBF6CD1EE3F7013383F462DA3BE3C151E3F901120BEEA25F63E
F94A083FE2ABEDBF1B67C73F600B303F7A0DBDBE4005203F5E82433EFF59F33E
342D0D3FFE981AC007EF993F75893A3FF371F9BEED69F63EE89F103F7231EE3E
F94A083FE2ABEDBF1B67C73F600B303F7A0DBDBE4005203FE2E8563FFDF5123F
342D0D3FFE981AC007EF993F75893A3FF371F9BEED69F63E718F213F965A173F
E3C7503FDFDC853FD9E80F4011BB083FCCD9E53E6F63373F406AA5BF03B5803F
58AD2C3FFA9C733F785F124092F748BFF1A5F83E8ADDC43E1A6CA6BF9967613F
49D8FF3E29223FC03D0A63BFECF1F53E15AB0ABF619530BFC24D7E3F8410703E
2522FC3EF98744C06FBC53BFD965EC3E6D7536BF0E2B07BFC24D7E3FD82B3C3F
1CD228B9064A49C06C5F64BF000180B87DAF3EBF56CB2ABF8716D93BD82B3C3F
1CD228B9A18045C01BBA75BF000180B8474523BF8A2B45BF8716D93B8410703E
2522FC3EF98744C06FBC53BFD965EC3E6D7536BF0E2B07BFA7B2283FF224793E
1CD228B9064A49C06C5F64BF000180B87DAF3EBF56CB2ABFA7B2283F81B1BE3D
B5FD733F47C987BFCF2FC83F90F1473FE6F972BE28DF133F28F1913E49BAF63E
BA4A913FED654FBF779FA53FEB49753F8F6147BD2161903E82FF953E2A541F3F
BAF8773F541AA13EBCCADE3FC4CF613FBC01DE3E79793CBE10EBCDBDDF1B2F3F
C70F653F9B1C7E3DAFCF0040A025503FAA11D5BD25A1123FBC93CFBD12DB0D3F
BA4A913FED654FBF779FA53FEB49753F8F6147BD2161903E717320408410703E
D6A9923FB14E29BF18CF903FCD85663F2ADD943E4B89A5BE71732040D82B3C3F
00E6823F7D97623EEDD5BF3FEC19763EAF6F573FEFA5F7BE1729C43FD82B3C3F
BAF8773F541AA13EBCCADE3FC4CF613FBC01DE3E79793CBE15C9A13F8410703E
EFCA523F933A893EBF60DD3FD9A9ECBEC023603F20C10FBEB8017B3FA2B4673E
E44B3C3F5D8734C094863ABFA019503F4B79A5BEF009F8BEC24D7E3F8410703E
AA80333FE4493CC0185F24BF91BB483F277F13BFD8196CBEC24D7E3FD82B3C3F
2522FC3EF98744C06FBC53BFD965EC3E6D7536BF0E2B07BF8716D93BD82B3C3F
49D8FF3E29223FC03D0A63BFECF1F53E15AB0ABF619530BF8716D93B8410703E
AA80333FE4493CC0185F24BF91BB483F277F13BFD8196CBEA989A43F2998093F
3597273FCB8040C0204111BF723F393F60E32FBF0CD185BD06BCA43F5D15003F
89D1EB3EF94A46C029254CBFAEE9D63E9B794DBFB2EDD8BE4A5FB23FA357033F
2522FC3EF98744C06FBC53BFD965EC3E6D7536BF0E2B07BFDCD9B13FB2B8073F
B22A7E3F5E2E17C031B4C2BEDF756F3FC351E1BD5805ACBEC24D7E3F8410703E
9291813F84D320C0B62C5FBED1BF683FAAF5D4BE278193BCC24D7E3FD82B3C3F
AA80333FE4493CC0185F24BF91BB483F277F13BFD8196CBE8716D93BD82B3C3F
E44B3C3F5D8734C094863ABFA019503F4B79A5BEF009F8BE8716D93B8410703E
9291813F84D320C0B62C5FBED1BF683FAAF5D4BE278193BCD3FA873F1553113F
23BA4B3FB9A82DC0249955BCA2D9503F17770BBF8D91463E9B8D893F8B53E53E
4F229A3F7D3D97BFDA00543FD9996C3F28ED933EFF917FBEC24D7E3F8410703E
7556973FE1D4A7BF2558783FEA3F753F5D612EBED8196C3EC24D7E3FD82B3C3F
1442993F4F02DBBF0B25E33EEA17753F037981BE1D890E3E8716D93BD82B3C3F
14CC963F8F6DC9BFC232963EE193703FC791633E0AF184BE8716D93B8410703E
7556973FE1D4A7BF2558783FEA3F753F5D612EBED8196C3E4A0AFC3E971D163F
003C7A3F44A7C5BFC24B9C3FAAE9543F6795B3BEB955DC3EDBC1F83E9814E73E
A794733F98BEF9BFBCC9333FB4135A3FACC5D5BE44E1A13E630E363F0744F03E
1442993F4F02DBBF0B25E33EEA17753F037981BE1D890E3E876E363F24B41D3F
D6A9923FB14E29BF18CF903FCD85663F2ADD943E4B89A5BEC24D7E3F8410703E
BA4A913FED654FBF779FA53FEB49753F8F6147BD2161903EC24D7E3FD82B3C3F
7556973FE1D4A7BF2558783FEA3F753F5D612EBED8196C3E8716D93BD82B3C3F
4F229A3F7D3D97BFDA00543FD9996C3F28ED933EFF917FBE8716D93B8410703E
AB41183FA1BEFFBF698DC1BFDC116E3F456922BE54C9A9BEADA4553F8120A83E
81B3B43E151E0CC09545DBBF1239093F621D31BFEFA9F7BE6EBE8D3F232EC03E
2B69953E081F02C0F2240AC0DE3DEF3E063103BEC0EF5FBFB1BF983FAEF0363F
1939033F5855DFBFFA28F3BF615D303FCF69E73E220B11BF5A2E5B3F88D52B3F
5723133F8E3FD3BFAAD292BFBCFD5D3FC231E13EDE216FBE4510EF3EA3E6AB3E
71ADDE3E42E9C3BF139ECEBF8F53473F3239193F82E940BE795A1A3FC0422A3F
7F8722B9884A10C07D40E0BF8001C0B8B9935CBF04E901BFFAF0B03FC85BAE3E
1CD228B97B4B06C066A20CC0000180B86815B4BEDFA36FBFAC56B83F473A2F3F
58AD2C3FFA9C733F785F124092F748BFF1A5F83E8ADDC43E6879D63E0F621F3F
AE81453FFCFD7E3F4C16FD3F94DB49BF78FDBB3EF999FCBE00E1DB3E20D5F83E
9203323FB8AF03BDDC800440FB617DBE4545A23ED5636A3F9012573F0F621F3F
EFCA523F933A893EBF60DD3FD9A9ECBEC023603F20C10FBEE5253F3F9D12D83E
FDBB623FEA77873F1E1AFA3F642B323F5237293F1F918FBEA43784BE9BE52E3F
E3C7503FDFDC853FD9E80F4011BB083FCCD9E53E6F63373F944CA6BE2F6F1A3F
E3C7503FDFDC853FD9E80F4011BB083FCCD9E53E6F63373FBF7CA23E1F2B28BE
FDBB623FEA77873F1E1AFA3F642B323F5237293F1F918FBE309F283F1A6C2ABE
AE81453FFCFD7E3F4C16FD3F94DB49BF78FDBB3EF999FCBE309F283F5C1ED3BE
58AD2C3FFA9C733F785F124092F748BFF1A5F83E8ADDC43EBF7CA23EA053D0BE
BAF8773F541AA13EBCCADE3FC4CF613FBC01DE3E79793CBE0000803FD2AC2CBE
EFCA523F933A893EBF60DD3FD9A9ECBEC023603F20C10FBE0000803F18E9D5BE
6AFAECB87B6A753C2F8B853F000100B8A95F543F1EEF0EBF691C0A3F4E9C103F
2C2C203F80483F3CFA999C3F2F91973E96EB4A3F116D08BF3A3DEF3E075C273E
F44D7A3EAE6532BE4ACF543F5BB12D3E9343493F301F18BF062C393F5585D63E
BD6F283F600001BE7C2C893F03BD013F6E1F373FED4DF6BE849B183F22A9153E
6AFAECB8C5FE42BE7120483F000100B890D7473F40FD1FBF596C3F3FE5D0123F
5722F83EC479C0BEB0C8233F4C01A63E50EB273F5D7B2EBF35D2663F9E068C3E
6AFAECB8E31CA5BE9D491B3F000100B85395293F80C33FBF0797623FBB45143F
5722F83E48DF4CBF8BFAC43EE2C170BEB2F7583FE799F3BEE42C183F7383593F
5722F83EC479C0BEB0C8233F4C01A63E50EB273F5D7B2EBF51FA923E48895D3F
5722F83E48DF4CBF8BFAC43EE2C170BEB2F7583FE799F3BE861E9B3F14238B3E
8BE1EAB8853E38BFF5A0B03E000100B8537F293F80D73FBF4371973FBB45143F
5722F83EE92A91BF78D0ECBCECE5F5BE9185483F940DCABEEEB0C53F7233943E
8BE1EAB85C9083BF78D0ECBC000100B8C4ED613FE1BDF0BEEE3FBE3FF643183F
8BE1EAB8C6FDADBFAAD292BF000180B8FB8B7D3F1B410DBE7FC0033D5875B63E
963ECC3EA0C5BABFAAD292BFDD75EE3EBDAD5E3F4D6926BE79CE963E22FAB53E
E8F8983EC24CB5BF139ECEBF9D4DCE3EAE1B573F73B1B9BEE108D23E9371303F
8BDE29B98FAAAEBF139ECEBF000180B8E543723F4B71A5BEE3FF5E3E1CD0263F
E8F8983EC24CB5BF139ECEBF9D4DCE3EAE1B573F73B1B9BEC26D2D3DCD72293F
1939033F5855DFBFFA28F3BF615D303FCF69E73E220B11BFCEA7F63E2CBCB33E
8BDE29B91E54D2BF3CA3FBBF000100B84A33253F878D43BF6FF0F53E49A27F3F
8BDE29B98FAAAEBF139ECEBF000180B8E543723F4B71A5BE000000000000803F
71ADDE3E42E9C3BF139ECEBF8F53473F3239193F82E940BECF4BA53DF48CA53E
5036253F1D3E81BE37DF0D40A21F513F2DB5963EFCF5FD3E25043FBFE25B2C3F
DBDD173F632A1DBEB2121940E6C3723F3DA11E3D423DA13EC7F25ABFB5FD133F
234E033FE6771ABBA643F93F059D823EA003503F0C29063FD787F5BCCF9E1B3E
8BE1EAB8D194953ED32FED3F000180B8FB6D7D3F21B1103ED1CABDBA8EAE063F
836B1D408FDF4B3E6B9F0EBEC21D613F4421A23DE15DF0BE3F9084BEAA27273F
4B051B40637D4B3F1B4982BCD23D693F1B598D3E39AD9CBEB2BA21BF9560213F
95451C4037AA3B3FDC470E3EEE37773F9F614F3E4D49263EAF7B1BBFE030093F
45D51D407A8B073E5FB5B23DF4C1793F4541A2BCBFB15F3ED8BA74BE8941043F
C1FE1840DB6F15BF774889BEBACD5C3F7CC13DBD02FF00BF2234523EE597293F
1C9A1B40D90927BF5C001A3DEF51773F254112BEB8195C3E82AD623E1C78F53E
2BF6074087E1E9BF28B6D2BE87A9433F0ED986BE2DAD16BF1574733FF3932A3F
47910B4057E9F4BFC51A2EBDC6C9623F8961C4BE0B8D853EDFC0783F0ABCE33E
DC4A813FC503C8BF1AA6263E84EF41BFB7A1DB3D4AD3243F56BB5A3F4563153F
2EFFD13FF0A4DDBE91633B3E92E148BF2B69953E18FD0B3FE8C1853E1C0C153F
ECA0CC3FF470BABEEA5AFBBDC99964BF8C15C63ED7716BBE35B27B3E033FEA3E
3929743FF4FBBCBF3BA8A4BEBB995DBF0AF5843EB625DBBEBE66553F2C7FEE3E
8ACAEC3F71E27B3E74CE4F3EC1B560BF6CE9353EC8C5E33E18CFC0BDB56C0D3F
FDF6EB3F431BA03E145BC1BCF35D79BFB6115B3E2BB195BD64CDE8BDCB2BEF3E
9620F93FFDBF623F003A6C3E917D48BFBEC1DE3EC76DE33EC66CD1BE19CB083F
0AA0F63F2993723F00529B3DC20561BFD6F9EA3E0959043E7C5FDCBE66F4F33E
2BF6074087E1E9BF28B6D2BE87A9433F0ED986BE2DAD16BF7994883F1991683E
9225ED3F2B16DBBF0DC515BF8ED9463E7C013EBDF6D77ABF4FE5843F8E05E53E
DEE50A401DB0E3BE8A73F4BE19B98C3EBDA1DE3DE98D74BF3B71493E213FE33E
C1FE1840DB6F15BF774889BEBACD5C3F7CC13DBD02FF00BFE76D6C3E1991683E
1C9A1B40D90927BF5C001A3DEF51773F254112BEB8195C3E766D3F3E2E1F953F
48A710400F0927BF6DC9AA3E197D0C3FED91F6BDA8C3533FE84F4B3E6091733F
27DAFD3F7899F1BF944B233ECE01E73E3EE19EBEAC33563F25797E3F69006B3F
47910B4057E9F4BFC51A2EBDC6C9623F8961C4BE0B8D853E118B803FF4C18C3F
4B051B40637D4B3F1B4982BCD23D693F1B598D3E39AD9CBEB29B833F014FA23E
0118104024D6863FD602FBBD3375193F38199C3E7B733DBF26C3853F5EA23A3E
72F91540577A693F359AA43E814B403FA7B1533E417D203FE90D533F75E59B3E
95451C4037AA3B3FDC470E3EEE37773F9F614F3E4D49263E7D40743F1CCDB93E
A4E10A40FB3CA63E297599BE260D933E9199483EE00570BF93FCA0BEFA41093F
836B1D408FDF4B3E6B9F0EBEC21D613F4421A23DE15DF0BE219497BE7CEF973E
0118104024D6863FD602FBBD3375193F38199C3E7B733DBF486D52BF4E0A133F
4B051B40637D4B3F1B4982BCD23D693F1B598D3E39AD9CBEB45832BF3222C93E
45D51D407A8B073E5FB5B23DF4C1793F4541A2BCBFB15F3E7AA89DBEC3D3853F
761815403DEF163E1345A83E17770B3F4C0126BCADA5563F00E296BEC9E35D3F
95451C4037AA3B3FDC470E3EEE37773F9F614F3E4D49263EC3D630BF554C693F
72F91540577A693F359AA43E814B403FA7B1533E417D203FB8C948BF1A35433F
E99AC73F44DC3BC0919CECBD6B69B53EC8F963BF2409923E59DDD03F2CBCE33E
F6D4B63FE55E37C0118B98BDFE017FBE4ECD26BF6F6D373F1EA4DF3FC64EE83E
1F0FAF3FFDDA31C09415E3BEBA15DDBECFB9E7BE8FB947BFB9FDDC3F51DD2C3F
B264C03F585836C0F419F8BEB229593E6DB136BF56E72ABFF436CE3F03942A3F
BC91AD3F9F73C7BFF71E06BF320D99BE1371093EE4DB71BFC72E833FD655493F
A299EB3F41BBBBBE669FD7BEC221E1BE0B89853EB8015CBF43E53F3ECA6D2B3F
BC91AD3F9F73C7BFF71E06BF320D99BE1371093EE4DB71BF452E5C3FF8C5A53E
A299EB3F41BBBBBE669FD7BEC221E1BE0B89853EB8015CBF5039763EF8C5A53E
F018F03F433A14BFB81FD03E863143BE4F61273DF6157B3FAC013A3EF1BC3C3F
C72AC13F7176E1BF0553A53E00E27FBD3EE11EBEF9637C3F645B7A3F85CE173F
2EFFD13FF0A4DDBE91633B3E92E148BF2B69953E18FD0B3F4226F93D5E12E73E
DC4A813FC503C8BF1AA6263E84EF41BFB7A1DB3D4AD3243F65C5743F15376E3E
4B1EFB3F2060833F3C13FABD70E337BF0A2B053FD97DECBEC9C9843DE3FD863F
0AA0F63F2993723F00529B3DC20561BFD6F9EA3E0959043E89B48DBC0394723F
9620F93FFDBF623F003A6C3E917D48BFBEC1DE3EC76DE33E6424BBBDBCB26B3F
AE0F0240137D623F4853A53EEBB1F5BE4619A33EA343513F8BFB1FBE4DF77E3F
7C0BF13F5E9DB33EA48D8BBE341F1ABF0765833E838D41BF6EBE99BE60E73A3F
7C0BF13F5E9DB33EA48D8BBE341F1ABF0765833E838D41BFA1D9F5BD3BACB83E
4B1EFB3F2060833F3C13FABD70E337BF0A2B053FD97DECBE84D544BF444E433F
4B1EFB3F2060833F3C13FABD70E337BF0A2B053FD97DECBE93A6E9BE8027C53E
431BFE3F6C7A303E6C5FB83E54D5A9BE45B1A23DE1A3703F82FD97BEE9B8263F
8ACAEC3F71E27B3E74CE4F3EC1B560BF6CE9353EC8C5E33E1822AFBEC11E033F
AE0F0240137D623F4853A53EEBB1F5BE4619A33EA343513F6FD941BF85CE173F
AE0F0240137D623F4853A53EEBB1F5BE4619A33EA343513F6F84D5BEC9031D3F
431BFE3F6C7A303E6C5FB83E54D5A9BE45B1A23DE1A3703FC50495BDA988273F
B6F76D3FD810B0BFBD73A83D97AF4B3FDBB1ED3E8E31C7BED480813DF04FC93E
E8A1623FAD14DEBF8868DCBEBCF55D3F56D5AA3E7B69BDBE5FD2D03E1C95EB3E
09DD2D3F158FC1BF9CA62BBFA4DD513FAB59553E118B08BF3E25E73EB726293F
16FC4E3F821AA8BF2AC6793CF385793F400120B9C9B964BED063943D5BB1EF3E
8BE1EAB859143FC0BBB8553F00000000943B4ABF3AF51C3F0954E73EF2083E3F
C764A93E711E3EC0637B513FFBA1FD3E6D8F36BFFCF5FD3EAD18E63E67262C3F
8BE1EAB859143FC0BBB8553F00000000943B4ABF3AF51C3F0954E73EF208423F
86AE643F0DA819C0EE7C8F3EAD5B563FDB49EDBE296D943E49117D3F45F15A3F
B8912A3F66D929C0E929063F90E9473F174B0BBF3A099D3E6E19703F69E52A3F
7AE28B3F567D02C0232DD5BDE9B1743F1D418E3D243192BEADDEB13E4F58523E
14CC963F8F6DC9BFC232963EE193703FC791633E0AF184BEB7B2C43C33374F3E
44DFF53E35EF31C0EA912A3F860F433F202D10BF47A9A33EB7426C3F9887FC3E
44DFF53E35EF31C0EA912A3F860F433F202D10BF47A9A33E728CDC3E001F183F
E8F48C3FC9C80BC071585A3DE743733F33B999BE5381A93DD66E6B3FF0C2163F
86AE643F0DA819C0EE7C8F3EAD5B563FDB49EDBE296D943E096E6C3FA395EB3E
7AE28B3F567D02C0232DD5BDE9B1743F1D418E3D243192BEC24D7E3FD82B3C3F
E8F48C3FC9C80BC071585A3DE743733F33B999BE5381A93D8716D93BD82B3C3F
9291813F84D320C0B62C5FBED1BF683FAAF5D4BE278193BC8716D93B8410703E
7AE28B3F567D02C0232DD5BDE9B1743F1D418E3D243192BE8716D93B8410703E
14CC963F8F6DC9BFC232963EE193703FC791633E0AF184BEC24D7E3F8410703E
1442993F4F02DBBF0B25E33EEA17753F037981BE1D890E3EC24D7E3FD82B3C3F
963ECC3EA0C5BABFAAD292BFDD75EE3EBDAD5E3F4D6926BEEBE4243F30486A3F
3E3DDE3ED4B6A9BF024930BF938149BCA5B1523F235D11BF7BBEC63E7CB54B3F
8BE1EAB8C6FDADBFAAD292BF000180B8FB8B7D3F1B410DBE2BBF0840CDAC0D3F
8BE1EAB891989CBF024930BF000100B8EA05753F294594BE8FFDF43FFA44263F
3E3DDE3ED4B6A9BF024930BF938149BCA5B1523F235D11BFA6D6FB3F8523C03E
963ECC3EA0C5BABFAAD292BFDD75EE3EBDAD5E3F4D6926BE0AF70B400DFF993E
EFCA523F933A893EBF60DD3FD9A9ECBEC023603F20C10FBE63287F3F78421B3F
0F2B043FED83CC3DD32FED3FA8C1D33CE9A1743F2C3D963E57B3263F4CDF773F
234E033FE6771ABBA643F93F059D823EA003503F0C29063F6D91EC3ED6FC6C3F
0F2B043FED83CC3DD32FED3FA8C1D33CE9A1743F2C3D963EF1D84F3D63603D3E
6AFAECB82CD5353ECD93A93F000100B8EA2B753F275593BE2E20AC3E056A0D3F
5036253F1D3E81BE37DF0D40A21F513F2DB5963EFCF5FD3EA3E96CBBECDC243F
9203323FB8AF03BDDC800440FB617DBE4545A23ED5636A3F55C0AD3E6FF0193F
5036253F1D3E81BE37DF0D40A21F513F2DB5963EFCF5FD3E6B9B22BE7B1002BD
90BED33FD31518C0170C2E3D48C9A33E7345B9BEC027603F4C53AE3F20B6503F
B75EEF3F78281BC0B7D4A1BD899F443F102D08BF6D81B63E2156AF3FF0697A3F
F6D4B63FE55E37C0118B98BDFE017FBE4ECD26BF6F6D373F74CEDD3F9030343F
E99AC73F44DC3BC0919CECBD6B69B53EC8F963BF2409923EDF88DE3FB2F15C3F
8028E83F90A415C01F68E5BE3CFF1D3F8231C1BE61BF30BF9CA5B83F63D5B03E
25C9C73F0BB30FC083FB09BF74213A3DDD71EEBDFCFD7DBFB955B63F8E76083F
B264C03F585836C0F419F8BEB229593E6DB136BF56E72ABFA436E93FF299EC3E
1F0FAF3FFDDA31C09415E3BEBA15DDBECFB9E7BE8FB947BF0C02E73FCDAD103F
B75EEF3F78281BC0B7D4A1BD899F443F102D08BF6D81B63EE49EA63F2CBCE33E
8028E83F90A415C01F68E5BE3CFF1D3F8231C1BE61BF30BF7FF8A33F03942A3F
E066B53F0F0D14C0C460FE3D5F812F3C4179A0BEE613733F795BAD3F9D2B263F
3FFFA73F64CA0AC0DB8902BFEDA176BEBA015DBDF01378BFB7EFB53FF5D6343F
E5997B3FA4A60CC03FC4CEBE99574CBFBF915FBE1FB50FBFDC2C923FBFD6ED3E
3203853F8D2A12C023DCA43D65AF32BF6DA9B6BE3EF31E3F3A91943F537A163F
E5997B3FA4A60CC03FC4CEBE99574CBFBF915FBE1FB50FBFDC4B064087C3363F
3203853F8D2A12C023DCA43D65AF32BF6DA9B6BE3EF31E3F129F0740331BFC3E
3203853F8D2A12C023DCA43D65AF32BF6DA9B6BE3EF31E3F2156B53F7619CE3E
3FFFA73F64CA0AC0DB8902BFEDA176BEBA015DBDF01378BFF73B943FAF7AB83E
1F0FAF3FFDDA31C09415E3BEBA15DDBECFB9E7BE8FB947BF0FB6B83FCDE6E13E
14CB4D3E9F944AC0E755C7BF4941243F14090A3F17A50BBF221A8DBE73BB0B3F
F2601B3E363A4FC0FD16CDBF3A151D3FB99DDCBE536129BF973B93BECBBB0E3F
1CD228B9DBC152C0228DCEBF800140B9B14DD8BED00568BFC11CA5BE276A113F
1CD228B9316146C08193C5BF8001C0B8B15B583F12D508BF7C659EBE2330023F
AB77903E280A51C0310B49BFCBB5653F2EC116BEAA0DD5BE4819293F4FCCDA3E
67987A3E1C7E4CC038DA99BFBEE15E3FF759FB3EFD41FEBC77F5663FCD02E53E
1CD228B9AE4A48C0DB1798BF400120B9FD4B7E3FD7A1EB3D23BB663FD499173F
1CD228B900C84CC03E404FBF000100B97ADD3C3F5ACF2CBFBF652E3FD499173F
14CB4D3E9F944AC0E755C7BF4941243F14090A3F17A50BBF87A58D3F99A0EE3E
1CD228B9316146C08193C5BF8001C0B8B15B583F12D508BF58708D3FDC47163F
20B85A3E28D254C05DA799BF617F303F5D672EBFF8D17BBEF41990BE13431E3F
67987A3E1C7E4CC038DA99BFBEE15E3FF759FB3EFD41FEBC8E778FBED4B6153F
F2601B3E363A4FC0FD16CDBF3A151D3FB99DDCBE536129BFCEFB17BF22FB283F
14CB4D3E9F944AC0E755C7BF4941243F14090A3F17A50BBFCC4514BF19E7233F
1CD228B9CD5958C07A1D9BBF800140B9EA0D75BF281194BE47739CBEACE52A3F
1CD228B9DBC152C0228DCEBF800140B9B14DD8BED00568BFA2EC11BF62DC313F
F2601B3E363A4FC0FD16CDBF3A151D3FB99DDCBE536129BF9BC814BF22FB283F
1404373F79E56ABF302A9BBF3C171EBF7F51BF3E622B31BF2F879D3FD9981B3F
BC743F3FF3E44ABFD94363BF1E210F3DFF457F3F102188BDA7914E3FD9981B3F
BF81753FF3CB68BF97E55BBFB3BB593F0C3F063F476123BDA7914E3F28D7783F
92EA5F3FE3FD84BF7EA799BF57792B3F456DA2BE58DB2BBF2F879D3F28D7783F
3E3DDE3ED4B6A9BF024930BF938149BCA5B1523F235D11BF9B8E003E81D08A3E
D273173F6BBB89BF45F259BFB4195ABFE16170BD0A3305BFD76A0FBD28B9033E
4A274A3F0D009DBF9C3356BF8C35C63E7DA93EBF16250BBF7EE4B6BDB151763E
09DD2D3F158FC1BF9CA62BBFA4DD513FAB59553E118B08BFE50A6F3DCCB8D13E
D273173F6BBB89BF45F259BFB4195ABFE16170BD0A3305BF9297D53EB6A1823F
1404373F79E56ABF302A9BBF3C171EBF7F51BF3E622B31BF9912A13EE8BB7B3F
92EA5F3FE3FD84BF7EA799BF57792B3F456DA2BE58DB2BBF2AFE8F3E47AB863F
4A274A3F0D009DBF9C3356BF8C35C63E7DA93EBF16250BBFCDCBB93EC7F4903F
5722F83EE92A91BF78D0ECBCECE5F5BE9185483F940DCABED5AEE93D3CDD393F
36EA213F2ECB6BBF4776D5BE63BDB1BECE37673F0231813E3274ECBAF9F7653F
D273173F6BBB89BF45F259BFB4195ABFE16170BD0A3305BFBF61423E116F8D3F
3E3DDE3ED4B6A9BF024930BF938149BCA5B1523F235D11BFFB77C53E645B863F
36EA213F2ECB6BBF4776D5BE63BDB1BECE37673F0231813ED7DE633F056BE43E
BC743F3FF3E44ABFD94363BF1E210F3DFF457F3F102188BD2654743F18D12E3F
1404373F79E56ABF302A9BBF3C171EBF7F51BF3E622B31BFA185883FC7804C3F
D273173F6BBB89BF45F259BFB4195ABFE16170BD0A3305BFC9768A3FAC1B273F
09DD2D3F158FC1BF9CA62BBFA4DD513FAB59553E118B08BFCC63ED3E965A7F3F
4A274A3F0D009DBF9C3356BF8C35C63E7DA93EBF16250BBF3273813E3509883F
E2EA643F3B6E88BFE431C3BED8216C3F0DAD863E22C5903E3FE2573DD481583F
16FC4E3F821AA8BF2AC6793CF385793F400120B9C9B964BE20EB393E7A34293F
92EA5F3FE3FD84BF7EA799BF57792B3F456DA2BE58DB2BBF677D5A3E78D09C3F
BF81753FF3CB68BF97E55BBFB3BB593F0C3F063F476123BD2A91C43DFA268D3F
16FC4E3F821AA8BF2AC6793CF385793F400120B9C9B964BE2F879D3F28D7783F
E2EA643F3B6E88BFE431C3BED8216C3F0DAD863E22C5903EA7914E3F28D7783F
36EA213F2ECB6BBF4776D5BE63BDB1BECE37673F0231813EA7914E3FD9981B3F
5722F83EE92A91BF78D0ECBCECE5F5BE9185483F940DCABE2F879D3FD9981B3F
E2EA643F3B6E88BFE431C3BED8216C3F0DAD863E22C5903E2F879D3F28D7783F
36EA213F2ECB6BBF4776D5BE63BDB1BECE37673F0231813E2F879D3FD9981B3F
310B153F7F30F03DE1B4B43FAF61D7BDEA23753F135189BE5435A93E191B3A3E
310B153F7F30F03DE1B4B43FAF61D7BDEA23753F135189BE3F90FC3DBF44243F
B2BE813D22FD9ABF640719BF59AD2CBF48DF23BF7941BCBE1A18193FA86F793F
2B6DC13E7C7EA4BF640719BFE191F03E7DAB3EBFE591F2BE75B1E13EA86F793F
9030D43E3DB592BF1041F5BD9F71CF3E43A921BF523B293FB14FD83E18403C3F
B2BE813DCFD988BF1041F5BD28E113BF177D0BBF37971B3F1A18193F18403C3F
44DCD43E286489BFE0D6DD3C3E131F3F814540BFC95964BED4B897BDA4FC3C3F
44DCD43E909F55BF666BA53E6401B23ED43DEABEA381513FD4B897BD2F19173F
05538D3D7FDC46BF2FDB963E16110BBFA221D1BE78C73B3F7556CB3D2BBD1A3F
05538D3DE84F7FBFE0D6DD3C877B43BF3D471EBF7D713EBE7556CB3DA4FC3C3F
05538D3D7FDC46BF2FDB963E16110BBFA221D1BE78C73B3F3EAE053F2BBD1A3F
FB5B023D58CACABEE3C3A43E78DB3BBF2601933B5CE52D3F3BE5A93EFF42173F
FB5B023DD8F329BF92744DBB698F34BFF00178BB6B7735BFE773EE3EC2DA403F
05538D3DE84F7FBFE0D6DD3C877B43BF3D471EBF7D713EBEFBE7213FA4FC3C3F
05538D3DF92C8FBD2FDB963E7F89BFBED2D9683F722139BE3ACB2C3E2BBD1A3F
05538D3DEEB194BEE0D6DD3CB6115BBE28C3133F93BF49BFF5D88E3EA4FC3C3F
05538D3DE84F7FBFE0D6DD3C877B43BF3D471EBF7D713EBE7556CB3DFE0DA03F
FB5B023DD8F329BF92744DBB698F34BFF00178BB6B7735BFF968F13DFAB68A3F
A8E5E73E359941BF92744DBB69A9343FDE01EFBB6B5D35BF58CBBDBD4DA0903F
44DCD43E286489BFE0D6DD3C3E131F3F814540BFC95964BED4B897BD18ECA43F
05538D3DEEB194BEE0D6DD3CB6115BBE28C3133F93BF49BF7556CB3D7BA0653F
44DCD43EBEA2BBBEE0D6DD3CB221D93E1395093F75973ABFD4B897BDAF5C6F3F
44DCD43E909F55BF666BA53E6401B23ED43DEABEA381513FD4B897BDE4A1953F
A8E5E73E72A5EEBE8273B63E59BB2C3F4001A03A7AEF3C3F58CBBDBD5C1D7C3F
FB5B023D58CACABEE3C3A43E78DB3BBF2601933B5CE52D3FF968F13D9E26733F
05538D3D7FDC46BF2FDB963E16110BBFA221D1BE78C73B3F7556CB3D20F1913F
44DCD43E7FA202BE666BA53E2DBF163F963D4B3F36091BBED4B897BD58C8503F
05538D3DF92C8FBD2FDB963E7F89BFBED2D9683F722139BE7556CB3DCF66493F
44DCD43E286489BFE0D6DD3C3E131F3F814540BFC95964BEA2B7A8BEA4FC3C3F
A8E5E73E359941BF92744DBB69A9343FDE01EFBB6B5D35BFCDE6F9BEC2DA403F
A8E5E73E72A5EEBE8273B63E59BB2C3F4001A03A7AEF3C3FA51622BF1FD7123F
44DCD43E909F55BF666BA53E6401B23ED43DEABEA381513F72E0E5BE2F19173F
A8E5E73E359941BF92744DBB69A9343FDE01EFBB6B5D35BF990C033FC2DA403F
44DCD43EBEA2BBBEE0D6DD3CB221D93E1395093F75973ABF5D51A23EA4FC3C3F
44DCD43E7FA202BE666BA53E2DBF163F963D4B3F36091BBE5D514A3E2F19173F
A8E5E73E72A5EEBE8273B63E59BB2C3F4001A03A7AEF3C3FB7D2BB3E1FD7123F
9030D43E3DB592BF1041F5BD9F71CF3E43A921BF523B293FB14FD83EF1847E3E
7380E83E0F6247BF361E8CBD797B3C3F9C01CE3B5A372D3FBF27CE3E32E8843D
DA38E23C3B6F2FBF361E8CBD6B7135BF37811B3C6993343F19AB1D3F7E72943C
B2BE813DCFD988BF1041F5BD28E113BF177D0BBF37971B3F1A18193F1617573E
7380E83E0F6247BF361E8CBD797B3C3F9C01CE3B5A372D3FBF27CE3E834E883F
9030D43E14E7E0BE1041F5BD1DAB0E3FA54B523FEE31F73DB14FD83EBB25653F
B2BE813D5B79B9BE1041F5BDF14978BEE82D743F6B59353E1A18193F564A5B3F
DA38E23C3B6F2FBF361E8CBD6B7135BF37811B3C6993343F19AB1D3FCA51823F
B2BE813DCFD988BF1041F5BD28E113BF177D0BBF37971B3F2E37283E18403C3F
DA38E23C3B6F2FBF361E8CBD6B7135BF37811B3C6993343FBD8CE2BCDAAD353F
DA38E23C88805BBFBF2B26BF6B7735BF5001283A698F34BF91446F3DF300803F
B2BE813D22FD9ABF640719BF59AD2CBF48DF23BF7941BCBE9CC4703EA86F793F
DA38E23C3B6F2FBF361E8CBD6B7135BF37811B3C6993343F9AEB783FDAAD353F
B2BE813D5B79B9BE1041F5BDF14978BEE82D743F6B59353E5C924F3F18403C3F
B2BE813D530301BF640719BF918148BE9219493F2D4316BFA6B5613FA86F793F
DA38E23C88805BBFBF2B26BF6B7735BF5001283A698F34BF257A873FF300803F
2B6DC13E7C7EA4BF640719BFE191F03E7DAB3EBFE591F2BE02658B3EA86F793F
63B5D13E899872BFBF2B26BF5D612E3F5C012EBB77693BBF4B02D43DF300803F
7380E83E0F6247BF361E8CBD797B3C3F9C01CE3B5A372D3F8CA19C3CDAAD353F
9030D43E3DB592BF1041F5BD9F71CF3E43A921BF523B293F09A54F3E18403C3F
63B5D13E899872BFBF2B26BF5D612E3F5C012EBB77693BBF25408D3FF300803F
2B6DC13E080614BF640719BFE8EDF33E619F303F17810BBF00376B3FA86F793F
9030D43E14E7E0BE1041F5BD1DAB0E3FA54B523FEE31F73DC26D593F18403C3F
7380E83E0F6247BF361E8CBD797B3C3F9C01CE3B5A372D3F8672823FDAAD353F
B2BE813D22FD9ABF640719BF59AD2CBF48DF23BF7941BCBE1A18193F42D28F3E
DA38E23C88805BBFBF2B26BF6B7735BF5001283A698F34BF19AB1D3F1762D53D
63B5D13E899872BFBF2B26BF5D612E3F5C012EBB77693BBF478DD93E0DE1183E
2B6DC13E7C7EA4BF640719BFE191F03E7DAB3EBFE591F2BE75B1E13EF6D4A23E
DA38E23C88805BBFBF2B26BF6B7735BF5001283A698F34BF19AB1D3F21568D3F
B2BE813D530301BF640719BF918148BE9219493F2D4316BF1A18193FB16D6D3F
2B6DC13E080614BF640719BFE8EDF33E619F303F17810BBF75B1E13E0BEF763F
63B5D13E899872BFBF2B26BF5D612E3F5C012EBB77693BBF478DD93E221C933F
B2BE813D530301BF640719BF918148BE9219493F2D4316BF1A18193FA86F793F
8C10BE3D2508FFBE7F320EBF3213193F8FBD473F78D93B3EF452153F3E05743F
C501B43E3D290FBF7F320EBF1F598FBEDA316D3F0195803E2767E83E3E05743F
9030D43E14E7E0BE1041F5BD1DAB0E3FA54B523FEE31F73DB14FD83E18403C3F
E772C33E9CC5E3BE1BF425BEE2C970BE8569423F37471BBF97AEE03E82AA413F
B2BE813D5B79B9BE1041F5BDF14978BEE82D743F6B59353E1A18193F18403C3F
8C10BE3DCA52C3BE1BF425BE01B7003F54072A3F1B9F0DBFF452153F82AA413F
44DCD43E7FA202BE666BA53E2DBF163F963D4B3F36091BBED4B897BD2F19173F
44DCD43EBEA2BBBEE0D6DD3CB221D93E1395093F75973ABFD4B897BDA4FC3C3F
CC09C23EA609ABBEB24A693D9171C8BED1AF683F26D112BEBB2664BDAA29393F
CC09C23E445015BE2D94943EA4C951BE1B650D3F9ED94EBFBB2664BDEC4E1B3F
05538D3DF92C8FBD2FDB963E7F89BFBED2D9683F722139BE7556CB3D2BBD1A3F
6B9DD83DFB92CDBD971A893EDEFDEE3EFC2DFE3E77593BBF85B1A53D512D1E3F
05538D3DEEB194BEE0D6DD3CB6115BBE28C3133F93BF49BF7556CB3DA4FC3C3F
6B9DD83DC45A8CBEB24A693D4FBF273F7ED53E3FF4C1F9BD85B1A53DAA29393F
6B9DD83DC45A8CBEB24A693D4FBF273F7ED53E3FF4C1F9BD60AD8A3EAA29393F
6B9DD83DFB92CDBD971A893EDEFDEE3EFC2DFE3E77593BBFBB643C3E512D1E3F
6B9DD83D1E1A76BE971A893E26EB123F66D1B23E7B9D3DBF8506823E512D1E3F
6B9DD83D1503D4BEB24A693D9E214F3F0ED7063F0B65853E8881AE3EAA29393F
CC09C23EA609ABBEB24A693D9171C8BED1AF683F26D112BEBB2664BD69366B3F
6B9DD83DC45A8CBEB24A693D4FBF273F7ED53E3FF4C1F9BD85B1A53DB18A633F
6B9DD83D1503D4BEB24A693D9E214F3F0ED7063F0B65853E85B1A53DC574753F
CC09C23EF7B1F2BEB24A693D655B32BF4999243F46D5A23EBB2664BD7D207D3F
6B9DD83DFB92CDBD971A893EDEFDEE3EFC2DFE3E77593BBF85B1A53D2F4D4D3F
CC09C23E445015BE2D94943EA4C951BE1B650D3F9ED94EBFBB2664BD081E533F
CC09C23E725092BE2D94943E8AD9C4BE9395C93EABBF55BFBB2664BD1C08653F
6B9DD83D1E1A76BE971A893E26EB123F66D1B23E7B9D3DBF85B1A53D43375F3F
CC09C23E445015BE2D94943EA4C951BE1B650D3F9ED94EBF1EA8533EEC4E1B3F
CC09C23EA609ABBEB24A693D9171C8BED1AF683F26D112BED1049A3EAA29393F
CC09C23EF7B1F2BEB24A693D655B32BF4999243F46D5A23EF9D8BD3EAA29393F
CC09C23E725092BE2D94943E8AD9C4BE9395C93EABBF55BF37A88D3EEC4E1B3F
8C10BE3DCA52C3BE1BF425BE01B7003F54072A3F1B9F0DBFF452153FBAC05D3F
E772C33E9CC5E3BE1BF425BEE2C970BE8569423F37471BBF97AEE03E6EDD653F
E772C33E07B715BF1BF425BED405EABE17850B3F68EF33BF97AEE03E82C7773F
8C10BE3D9E7D05BF1BF425BE37631B3FDFB9EF3E496124BFF452153FCEAA6F3F
8C10BE3D2508FFBE7F320EBF3213193F8FBD473F78D93B3E06F6603F3E05743F
8C10BE3DCA52C3BE1BF425BE01B7003F54072A3F1B9F0DBFAF08523F82AA413F
8C10BE3D9E7D05BF1BF425BE37631B3FDFB9EF3E496124BFD4F2633F82AA413F
8C10BE3D4B5823BF7F320EBF6F8F373F1B970D3FB229D93E2AE0723F3E05743F
E772C33E9CC5E3BE1BF425BEE2C970BE8569423F37471BBF63255A3F82AA413F
C501B43E3D290FBF7F320EBF1F598FBEDA316D3F0195803E9BC8683F3E05743F
C501B43E76FD32BF7F320EBF14EB09BF4971243F17890B3FC0B27A3F3E05743F
E772C33E07B715BF1BF425BED405EABE17850B3F68EF33BF880F6C3F82AA413F
8C10BE3D2508FFBE7F320EBF3213193F8FBD473F78D93B3EF452153F10AE6C3F
8C10BE3D4B5823BF7F320EBF6F8F373F1B970D3FB229D93EF452153F24987E3F
C501B43E76FD32BF7F320EBF14EB09BF4971243F17890B3F2767E83E5D35833F
CC09C23E725092BE2D94943E8AD9C4BE9395C93EABBF55BF04047F3FF7E72A3F
CC09C23EF7B1F2BEB24A693D655B32BF4999243F46D5A23E04047F3F13B8613F
6B9DD83D1503D4BEB24A693D9E214F3F0ED7063F0B65853EF833483F13B8613F
6B9DD83D1E1A76BE971A893E26EB123F66D1B23E7B9D3DBFF833483FF7E72A3F
C501B43E76FD32BF7F320EBF14EB09BF4971243F17890B3F04047F3F13B8613F
8C10BE3D4B5823BF7F320EBF6F8F373F1B970D3FB229D93EF833483F13B8613F
8C10BE3D9E7D05BF1BF425BE37631B3FDFB9EF3E496124BFF833483FF7E72A3F
E772C33E07B715BF1BF425BED405EABE17850B3F68EF33BF04047F3FF7E72A3F
16FC4E3F821AA8BF2AC6793CF385793F400120B9C9B964BE0000803F583AF73E
001B783F3A3E82BF520C143FF97B7C3F3149183E26E1923D0000803F7C28413F
5722F83E48DF4CBF8BFAC43EE2C170BEB2F7583FE799F3BE6073623F4296253F
5722F83EE92A91BF78D0ECBCECE5F5BE9185483F940DCABECC62623FEFFE0C3F
16FC4E3F821AA8BF2AC6793CF385793F400120B9C9B964BEDFDD463FB6F4343F
ED80873F983515BF28F139BE514B283F19A18CBE67A133BF8E21103FF1B7213F
A1A2943FFBB1C9BE984F363E6B83353FE621F33D64EF313F616B163F54FCEF3E
001B783F3A3E82BF520C143FF97B7C3F3149183E26E1923D52B6503F1C40E73E
DE01663FC8D2EFBE9ED156BE041102BF6999343EB0D157BF2672453FC64DFD3E
ED80873F983515BF28F139BE514B283F19A18CBE67A133BF045A4A3FC575D43E
001B783F3A3E82BF520C143FF97B7C3F3149183E26E1923DCB9D153F2520F63E
A1A2943FFBB1C9BE984F363E6B83353FE621F33D64EF313FC18E4F3F92CBE73E
DE01663F00A882BE57CE5E3D703138BF2821143F89A1C43E560B583F7633173F
5722F83E48DF4CBF8BFAC43EE2C170BEB2F7583FE799F3BE82E7223F9B56323F
5722F83E48DF4CBF8BFAC43EE2C170BEB2F7583FE799F3BE645A473F4B05253F
DE01663F00A882BE57CE5E3D703138BF2821143F89A1C43E39D41B3F4B05253F
DE01663FC8D2EFBE9ED156BE041102BF6999343EB0D157BF39D41B3F61FEF23E
5722F83EE92A91BF78D0ECBCECE5F5BE9185483F940DCABE645A473F61FEF23E
DE01663F00A882BE57CE5E3D703138BF2821143F89A1C43E645A473F4B05253F
81D0943F1E6D943E12DD33BD98294CBF8021C03EE4D9F13E39D41B3F4B05253F
81D0943F371C463E2F4F27BE20EF0FBFFCC1FD3DA34F51BF39D41B3F61FEF23E
DE01663FC8D2EFBE9ED156BE041102BF6999343EB0D157BF645A473F61FEF23E
7CBAA63FF698683E9FB0443C57AD2B3F4C21263D7B9D3D3F4E7E873F4375FB3E
81D0943F1E6D943E12DD33BD98294CBF8021C03EE4D9F13E9069893FEAB10D3F
81D0943F371C463E2F4F27BE20EF0FBFFCC1FD3DA34F51BFADA4153FA69BF43E
25CAA03F6D1C113E10401ABE55772A3FAC3156BE6F5137BF2F50163F01F6E13E
25CAA03F6D1C113E10401ABE55772A3FAC3156BE6F5137BFD3C0A73E1365133F
7CBAA63FF698683E9FB0443C57AD2B3F4C21263D7B9D3D3FE770AD3E3886003F
05A6B53FC4B2793F05A49DBE4CD7253F00C27FBE703B38BF1A4DAE3CFB760E3F
E38BBA3F48DE853F5BED31BE4B5B253F80E13FBD860F433F4F5DF93C92CDFD3E
A4C5AB3F1E50823FC406A3BE38D71BBFDA216D3D958D4ABFBF63A03EFA090B3F
05A6B53FC4B2793F05A49DBE4CD7253F00C27FBE703B38BF0EA3A03E0DA7003F
E38BBA3F48DE853F5BED31BE4B5B253F80E13FBD860F433F85B2AE3F6402063F
A4C5AB3F177E8C3FA62661BEA3AD51BF22CD903EFF89FF3EB247B03F4D2D133F
81D0943F1E6D943E12DD33BD98294CBF8021C03EE4D9F13E645A473F4B05253F
A4C5AB3F177E8C3FA62661BEA3AD51BF22CD903EFF89FF3E39D41B3F4B05253F
A4C5AB3F1E50823FC406A3BE38D71BBFDA216D3D958D4ABF39D41B3F61FEF23E
81D0943F371C463E2F4F27BE20EF0FBFFCC1FD3DA34F51BF645A473F61FEF23E
A4C5AB3F177E8C3FA62661BEA3AD51BF22CD903EFF89FF3E645A473F4B05253F
58E2C93F30BAF23FE86C89BE1E070FBFA2EF503F2EE9163E39D41B3F4B05253F
58E2C93F378CE83F59E0BBBE75693ABEC4CDE13EC2F960BF39D41B3F61FEF23E
A4C5AB3F1E50823FC406A3BE38D71BBFDA216D3D958D4ABF645A473F61FEF23E
A0A8D83F611AEC3F84A063BEC145603FB435DA3ECEE1663ECD05CC3FF629FF3E
58E2C93F30BAF23FE86C89BE1E070FBFA2EF503F2EE9163EF29ACD3FF4BF0C3F
58E2C93F378CE83F59E0BBBE75693ABEC4CDE13EC2F960BF2E90803D3D28103F
B9C2D33F7215E33FBB7DB6BE5A092D3F1FB90F3E723339BFCBBDC03BE42E063F
B9C2D33F7215E33FBB7DB6BE5A092D3F1FB90F3E723339BFB45955BE5796083F
A0A8D83F611AEC3F84A063BEC145603FB435DA3ECEE1663EADF74BBE4A0CF23E
A0A8D83F611AEC3F84A063BEC145603FB435DA3ECEE1663E00000000C30C293F
58E2C93F30BAF23FE86C89BE1E070FBFA2EF503F2EE9163E1C256F3D09C11A3F
3F8F513EB5DCB7BF0551B3BF8E0D473F84C141BE338119BF2B2F793FAC57153F
A661083E62BE3CBFA4DED9BF9A094D3FDF71EFBD2D5316BF60742D3F2F161A3F
2C2D033E215A3BBFF969C2BFAD45563FE581723EF989FC3EAB3F323F4CA8083F
92CF3B3E5438B6BF82AA93BFA2E1503F4351A13EF025F83E0000803F450FFC3E
8BDE29B95C03B3BF2635B8BF8001C0B89005C8BED7A56BBF5F7A733F06102A3F
7233DCB8AF0B33BF30D5DEBF400120B91F798FBEEBBB75BFD3A1273F3F57273F
941799B83D6125BFDF53BDBF000180B97591BA3EDD656E3FFF202A3F9049F63E
8BE1EAB8232EACBFA96A8EBFC00160B9ECFDF53EC181603F2559773FA836D83E
5C92A33D2315C63DB360ECBFB6E95A3F2941943C099F04BF21E8B03E624E143F
780C8F3D2A37D13D1F12DABFAB7D553F8561423D19BD0C3F80B8B33EEB72063F
DE1E84B85ED5093ED062F1BF200190B9F001783A00FE7FBF0796A33E6D591E3F
A48C38B8247F403E3C16D5BFC00160B9EEE1763DFF877F3FDE02A13E8943F63E
1B80AD3DB8AD893F4964D5BFAF51573F7CC1BD3E93ADC9BEB936543DB1A5FF3E
5AD69D3DD95F8A3FDAFFCCBFC3BD613F3175983E7639BB3E96404A3D62A1EE3E
5A828CB812878E3FB77CDABFA001D0B95361293F80F33FBF97AC0A3AB81D063F
20F040B84B5C953F7636C8BFE001F0B95ED32E3F76013B3F00000000A836D83E
2B69953E081F02C0F2240AC0DE3DEF3E063103BEC0EF5FBFB8B06A3F1286213F
1CD228B97B4B06C066A20CC0000180B86815B4BEDFA36FBF0000803F0000803F
2B6995BE081F02C0F2240AC0DF49EFBE063103BEC0ED5FBFB8B06A3F1286213F
193903BF5855DFBFFA28F3BF616130BFCF69E73E220911BFCEA7F63E2CBCB33E
5AD69DBDD95F8A3FDAFFCCBFC4C561BF3151983E762DBB3E96404A3D62A1EE3E
1B80ADBDB8AD893F4964D5BFAF6357BF7B9DBD3E9385C9BEB936543DB1A5FF3E
780C8FBD2A37D13D1F12DABFAB8755BF8541423D19AF0C3F80B8B33EEB72063F
5C92A3BD2315C63DB360ECBFB6F35ABF2801943C098F04BF21E8B03E624E143F
2C2D03BE215A3BBFF969C2BFAD4F56BFE571723EF96DFC3EAB3F323F4CA8083F
A66108BE62BE3CBFA4DED9BF9A0F4DBFDF51EFBD2D4B16BF60742D3F2F161A3F
92CF3BBE5438B6BF82AA93BFA2EB50BF4349A13EF00DF83E0000803F450FFC3E
3F8F51BEB5DCB7BF0551B3BF8E1147BF83B941BE337D19BF2B2F793FAC57153F
A0A8D8BF611AEC3F84A063BEC14560BFB435DA3ECEE1663E00000000C30C293F
58E2C9BF30BAF23FE86C89BE1E070F3FA2EF503F2EE9163E1C256F3D09C11A3F
58E2C9BF378CE83F59E0BBBE75693A3EC4CDE13EC2F960BF2E90803D3D28103F
B9C2D3BF7215E33FBB7DB6BE5A092DBF1FB90F3E723339BFCBBDC03BE42E063F
05A6B5BFC4B2793F05A49DBE4CD725BF00C27FBE703B38BF1A4DAE3CFB760E3F
E38BBABF48DE853F5BED31BE4B5B25BF80E13FBD860F433F4F5DF93C92CDFD3E
A0A8D8BF611AEC3F84A063BEC14560BFB435DA3ECEE1663EADF74BBE4A0CF23E
B9C2D3BF7215E33FBB7DB6BE5A092DBF1FB90F3E723339BFB45955BE5796083F
A4C5ABBF1E50823FC406A3BE38D71B3FDA216D3D958D4ABFBF63A03EFA090B3F
05A6B5BFC4B2793F05A49DBE4CD725BF00C27FBE703B38BF0EA3A03E0DA7003F
E38BBABF48DE853F5BED31BE4B5B25BF80E13FBD860F433F85B2AE3F6402063F
A4C5ABBF177E8C3FA62661BEA3AD513F22CD903EFF89FF3EB247B03F4D2D133F
58E2C9BF30BAF23FE86C89BE1E070F3FA2EF503F2EE9163EF29ACD3FF4BF0C3F
A0A8D8BF611AEC3F84A063BEC14560BFB435DA3ECEE1663ECD05CC3FF629FF3E
A4C5ABBF177E8C3FA62661BEA3AD513F22CD903EFF89FF3E645A473F4B05253F
A4C5ABBF1E50823FC406A3BE38D71B3FDA216D3D958D4ABF645A473F61FEF23E
58E2C9BF378CE83F59E0BBBE75693A3EC4CDE13EC2F960BF39D41B3F61FEF23E
58E2C9BF30BAF23FE86C89BE1E070F3FA2EF503F2EE9163E39D41B3F4B05253F
81D094BF1E6D943E12DD33BD97AB4B3F7DB5BE3EE999F43E645A473F4B05253F
81D094BF371C463E2F4F27BE22D7103F0419023EA18D50BF645A473F61FEF23E
A4C5ABBF1E50823FC406A3BE38D71B3FDA216D3D958D4ABF39D41B3F61FEF23E
A4C5ABBF177E8C3FA62661BEA3AD513F22CD903EFF89FF3E39D41B3F4B05253F
7CBAA6BFF698683E9FB0443C5DBF2EBF03A1813D755D3A3F4E7E873F4375FB3E
81D094BF1E6D943E12DD33BD97AB4B3F7DB5BE3EE999F43E9069893FEAB10D3F
81D094BF371C463E2F4F27BE22D7103F0419023EA18D50BFADA4153FA69BF43E
25CAA0BF6D1C113E10401ABE535729BF7D613EBE74FB39BF2F50163F01F6E13E
25CAA0BF6D1C113E10401ABE535729BF7D613EBE74FB39BFD3C0A73E1365133F
7CBAA6BFF698683E9FB0443C5DBF2EBF03A1813D755D3A3FE770AD3E3886003F
8D7B8DBF983515BF28F139BE4E2D27BF12FD88BE6B5D35BF8E21103FF1B7213F
419D9ABFFBB1C9BE984F363E6C3336BFE811F43D6237313F616B163F54FCEF3E
DE0166BFC8D2EFBE9ED156BE06F7023F6F79373EAE1F57BF2672453FC64DFD3E
8D7B8DBF983515BF28F139BE4E2D27BF12FD88BE6B5D35BF045A4A3FC575D43E
419D9ABFFBB1C9BE984F363E6C3336BFE811F43D6237313FC18E4F3F92CBE73E
DE0166BF00A882BE57CE5E3D6F79373F28FF133F8FA9C73E560B583F7633173F
DE0166BF00A882BE57CE5E3D6F79373F28FF133F8FA9C73E645A473F4B05253F
DE0166BFC8D2EFBE9ED156BE06F7023F6F79373EAE1F57BF645A473F61FEF23E
81D094BF371C463E2F4F27BE22D7103F0419023EA18D50BF39D41B3F61FEF23E
81D094BF1E6D943E12DD33BD97AB4B3F7DB5BE3EE999F43E39D41B3F4B05253F
5722F8BE48DF4CBF8BFAC43EDDA16E3EB219593FE7A5F3BE645A473F4B05253F
5722F8BEE92A91BF78D0ECBCECC5F53E918D483F9415CABE645A473F61FEF23E
DE0166BFC8D2EFBE9ED156BE06F7023F6F79373EAE1F57BF39D41B3F61FEF23E
DE0166BF00A882BE57CE5E3D6F79373F28FF133F8FA9C73E39D41B3F4B05253F
001B78BF3A3E82BF520C143FFAD57CBF1149083E5201A93DCB9D153F2520F63E
5722F8BE48DF4CBF8BFAC43EDDA16E3EB219593FE7A5F3BE82E7223F9B56323F
5722F8BEE92A91BF78D0ECBCECC5F53E918D483F9415CABECC62623FEFFE0C3F
16FC4EBF821AA8BF2AC6793CF4E979BFC20161BCBB715DBE0000803F583AF73E
16FC4EBF821AA8BF2AC6793CF4E979BFC20161BCBB715DBEDFDD463FB6F4343F
001B78BF3A3E82BF520C143FFAD57CBF1149083E5201A93D52B6503F1C40E73E
5722F8BE48DF4CBF8BFAC43EDDA16E3EB219593FE7A5F3BE6073623F4296253F
001B78BF3A3E82BF520C143FFAD57CBF1149083E5201A93D0000803F7C28413F
5722F8BEC479C0BEB0C8233F4C05A6BE50EB273F5D7B2EBF35D2663F9E068C3E
BD6F28BF600001BE7C2C893F03BD01BF6E1F373FED4DF6BE849B183F22A9153E
F44D7ABEAE6532BE4ACF543F5BB92DBE9343493F301F18BF062C393F5585D63E
001B78BFF60910BFB1176A3FA17750BFCAD5E43E7B8DBDBEBD558F3E2313003F
BD6F28BF600001BE7C2C893F03BD01BF6E1F373FED4DF6BE000000006BB8343F
5722F8BEC479C0BEB0C8233F4C05A6BE50EB273F5D7B2EBF51FA923E48895D3F
C501B4BE76FD32BF7F320EBF14EB093F4971243F17890B3F04047F3F13B8613F
E772C3BE07B715BF1BF425BED405EA3E17850B3F68EF33BF04047F3FF7E72A3F
8C10BEBD9E7D05BF1BF425BE37631BBFDFB9EF3E496124BFF833483FF7E72A3F
8C10BEBD4B5823BF7F320EBF6F8F37BF1B970D3FB229D93EF833483F13B8613F
CC09C2BE725092BE2D94943E8AD9C43E9395C93EABBF55BF04047F3FF7E72A3F
6B9DD8BD1E1A76BE971A893E26EB12BF66D1B23E7B9D3DBFF833483FF7E72A3F
6B9DD8BD1503D4BEB24A693D9E214FBF0ED7063F0B65853EF833483F13B8613F
CC09C2BEF7B1F2BEB24A693D655B323F4999243F46D5A23E04047F3F13B8613F
C501B4BE3D290FBF7F320EBF1F598F3EDA316D3F0195803E2767E83EA680743F
C501B4BE76FD32BF7F320EBF14EB093F4971243F17890B3F2767E83E5D35833F
8C10BEBD4B5823BF7F320EBF6F8F37BF1B970D3FB229D93EF452153F24987E3F
8C10BEBD2508FFBE7F320EBF321319BF8FBD473F78D93B3EF452153F10AE6C3F
E772C3BE9CC5E3BE1BF425BEE2C9703E8569423F37471BBF63255A3F82AA413F
E772C3BE07B715BF1BF425BED405EA3E17850B3F68EF33BF880F6C3F82AA413F
C501B4BE76FD32BF7F320EBF14EB093F4971243F17890B3FC0B27A3F3E05743F
C501B4BE3D290FBF7F320EBF1F598F3EDA316D3F0195803E9BC8683F3E05743F
8C10BEBD2508FFBE7F320EBF321319BF8FBD473F78D93B3E06F6603F3E05743F
8C10BEBD4B5823BF7F320EBF6F8F37BF1B970D3FB229D93E2AE0723F3E05743F
8C10BEBD9E7D05BF1BF425BE37631BBFDFB9EF3E496124BFD4F2633F82AA413F
8C10BEBDCA52C3BE1BF425BE01B700BF54072A3F1B9F0DBFAF08523F82AA413F
8C10BEBDCA52C3BE1BF425BE01B700BF54072A3F1B9F0DBFF452153FBAC05D3F
8C10BEBD9E7D05BF1BF425BE37631BBFDFB9EF3E496124BFF452153FCEAA6F3F
E772C3BE07B715BF1BF425BED405EA3E17850B3F68EF33BF97AEE03E82C7773F
E772C3BE9CC5E3BE1BF425BEE2C9703E8569423F37471BBF97AEE03E6EDD653F
CC09C2BE445015BE2D94943EA4C9513E1B650D3F9ED94EBF1EA8533EEC4E1B3F
CC09C2BE725092BE2D94943E8AD9C43E9395C93EABBF55BF37A88D3EEC4E1B3F
CC09C2BEF7B1F2BEB24A693D655B323F4999243F46D5A23EF9D8BD3EAA29393F
CC09C2BEA609ABBEB24A693D9171C83ED1AF683F26D112BED1049A3EAA29393F
6B9DD8BDFB92CDBD971A893EDEFDEEBEFC2DFE3E77593BBF85B1A53D2F4D4D3F
6B9DD8BD1E1A76BE971A893E26EB12BF66D1B23E7B9D3DBF85B1A53D43375F3F
CC09C2BE725092BE2D94943E8AD9C43E9395C93EABBF55BFBB2664BD1C08653F
CC09C2BE445015BE2D94943EA4C9513E1B650D3F9ED94EBFBB2664BD081E533F
CC09C2BEA609ABBEB24A693D9171C83ED1AF683F26D112BEBB2664BD69366B3F
CC09C2BEF7B1F2BEB24A693D655B323F4999243F46D5A23EBB2664BD7D207D3F
6B9DD8BD1503D4BEB24A693D9E214FBF0ED7063F0B65853E85B1A53DC574753F
6B9DD8BDC45A8CBEB24A693D4FBF27BF7ED53E3FF4C1F9BD85B1A53DB18A633F
6B9DD8BDC45A8CBEB24A693D4FBF27BF7ED53E3FF4C1F9BD60AD8A3EAA29393F
6B9DD8BD1503D4BEB24A693D9E214FBF0ED7063F0B65853E8881AE3EAA29393F
6B9DD8BD1E1A76BE971A893E26EB12BF66D1B23E7B9D3DBF8506823E512D1E3F
6B9DD8BDFB92CDBD971A893EDEFDEEBEFC2DFE3E77593BBFBB643C3E512D1E3F
05538DBDEEB194BEE0D6DD3CB6115B3E28C3133F93BF49BF7556CB3DA4FC3C3F
6B9DD8BDC45A8CBEB24A693D4FBF27BF7ED53E3FF4C1F9BD85B1A53DAA29393F
6B9DD8BDFB92CDBD971A893EDEFDEEBEFC2DFE3E77593BBF85B1A53D512D1E3F
05538DBDF92C8FBD2FDB963E7F89BF3ED2D9683F722139BE7556CB3D2BBD1A3F
44DCD4BEBEA2BBBEE0D6DD3CB221D9BE1395093F75973ABFD4B897BDA4FC3C3F
CC09C2BEA609ABBEB24A693D9171C83ED1AF683F26D112BEBB2664BDAA29393F
CC09C2BE445015BE2D94943EA4C9513E1B650D3F9ED94EBFBB2664BDEC4E1B3F
44DCD4BE7FA202BE666BA53E2DBF16BF963D4B3F36091BBED4B897BD2F19173F
B2BE81BD5B79B9BE1041F5BDF149783EE82D743F6B59353E1A18193F18403C3F
8C10BEBDCA52C3BE1BF425BE01B700BF54072A3F1B9F0DBFF452153F82AA413F
E772C3BE9CC5E3BE1BF425BEE2C9703E8569423F37471BBF97AEE03E82AA413F
9030D4BE14E7E0BE1041F5BD1DAB0EBFA54B523FEE31F73DB14FD83E18403C3F
B2BE81BD530301BF640719BF9181483E9219493F2D4316BF1A18193FA86F793F
8C10BEBD2508FFBE7F320EBF321319BF8FBD473F78D93B3EF452153F3E05743F
2B6DC1BE080614BF640719BFE8EDF3BE619F303F17810BBF75B1E13EA86F793F
DA38E2BC88805BBFBF2B26BF6B77353F5001283A698F34BF19AB1D3F21568D3F
63B5D1BE899872BFBF2B26BF5D612EBF5C012EBB77693BBF478DD93E221C933F
B2BE81BD530301BF640719BF9181483E9219493F2D4316BF1A18193FB16D6D3F
B2BE81BD22FD9ABF640719BF59AD2C3F48DF23BF7941BCBE1A18193F42D28F3E
2B6DC1BE7C7EA4BF640719BFE191F0BE7DAB3EBFE591F2BE75B1E13EF6D4A23E
63B5D1BE899872BFBF2B26BF5D612EBF5C012EBB77693BBF478DD93E0DE1183E
DA38E2BC88805BBFBF2B26BF6B77353F5001283A698F34BF19AB1D3F1762D53D
63B5D1BE899872BFBF2B26BF5D612EBF5C012EBB77693BBF25408D3FF300803F
7380E8BE0F6247BF361E8CBD797B3CBF9C01CE3B5A372D3F8672823FDAAD353F
9030D4BE14E7E0BE1041F5BD1DAB0EBFA54B523FEE31F73DC26D593F18403C3F
2B6DC1BE080614BF640719BFE8EDF3BE619F303F17810BBF00376B3FA86F793F
2B6DC1BE7C7EA4BF640719BFE191F0BE7DAB3EBFE591F2BE02658B3EA86F793F
9030D4BE3DB592BF1041F5BD9F71CFBE43A921BF523B293F09A54F3E18403C3F
7380E8BE0F6247BF361E8CBD797B3CBF9C01CE3B5A372D3F8CA19C3CDAAD353F
63B5D1BE899872BFBF2B26BF5D612EBF5C012EBB77693BBF4B02D43DF300803F
DA38E2BC3B6F2FBF361E8CBD6B71353F37811B3C6993343F9AEB783FDAAD353F
DA38E2BC88805BBFBF2B26BF6B77353F5001283A698F34BF257A873FF300803F
B2BE81BD530301BF640719BF9181483E9219493F2D4316BFA6B5613FA86F793F
B2BE81BD5B79B9BE1041F5BDF149783EE82D743F6B59353E5C924F3F18403C3F
B2BE81BDCFD988BF1041F5BD28E1133F177D0BBF37971B3F2E37283E18403C3F
B2BE81BD22FD9ABF640719BF59AD2C3F48DF23BF7941BCBE9CC4703EA86F793F
DA38E2BC88805BBFBF2B26BF6B77353F5001283A698F34BF91446F3DF300803F
DA38E2BC3B6F2FBF361E8CBD6B71353F37811B3C6993343FBD8CE2BCDAAD353F
7380E8BE0F6247BF361E8CBD797B3CBF9C01CE3B5A372D3FBF27CE3E834E883F
DA38E2BC3B6F2FBF361E8CBD6B71353F37811B3C6993343F19AB1D3FCA51823F
B2BE81BD5B79B9BE1041F5BDF149783EE82D743F6B59353E1A18193F564A5B3F
9030D4BE14E7E0BE1041F5BD1DAB0EBFA54B523FEE31F73DB14FD83EBB25653F
9030D4BE3DB592BF1041F5BD9F71CFBE43A921BF523B293FB14FD83EF1847E3E
B2BE81BDCFD988BF1041F5BD28E1133F177D0BBF37971B3F1A18193F1617573E
DA38E2BC3B6F2FBF361E8CBD6B71353F37811B3C6993343F19AB1D3F7E72943C
7380E8BE0F6247BF361E8CBD797B3CBF9C01CE3B5A372D3FBF27CE3E32E8843D
A8E5E7BE359941BF92744DBB69A934BFDE01EFBB6B5D35BF990C033FC2DA403F
A8E5E7BE72A5EEBE8273B63E59BB2CBF4001A03A7AEF3C3FB7D2BB3E1FD7123F
44DCD4BE7FA202BE666BA53E2DBF16BF963D4B3F36091BBE5D514A3E2F19173F
44DCD4BEBEA2BBBEE0D6DD3CB221D9BE1395093F75973ABF5D51A23EA4FC3C3F
44DCD4BE286489BFE0D6DD3C3E131FBF814540BFC95964BEA2B7A8BEA4FC3C3F
44DCD4BE909F55BF666BA53E6401B2BED43DEABEA381513F72E0E5BE2F19173F
A8E5E7BE72A5EEBE8273B63E59BB2CBF4001A03A7AEF3C3FA51622BF1FD7123F
A8E5E7BE359941BF92744DBB69A934BFDE01EFBB6B5D35BFCDE6F9BEC2DA403F
A8E5E7BE72A5EEBE8273B63E59BB2CBF4001A03A7AEF3C3F58CBBDBD5C1D7C3F
FB5B02BD79CACABEE3C3A43E78DB3B3F2601933B5CE52D3FF968F13D9E26733F
05538DBDF92C8FBD2FDB963E7F89BF3ED2D9683F722139BE7556CB3DCF66493F
44DCD4BE7FA202BE666BA53E2DBF16BF963D4B3F36091BBED4B897BD58C8503F
44DCD4BE909F55BF666BA53E6401B2BED43DEABEA381513FD4B897BDE4A1953F
05538DBD7FDC46BF2FDB963E16110B3FA221D1BE78C73B3F7556CB3D20F1913F
FB5B02BDD8F329BF92744DBB698F343FF00178BB6B7735BFF968F13DFAB68A3F
A8E5E7BE359941BF92744DBB69A934BFDE01EFBB6B5D35BF58CBBDBD4DA0903F
44DCD4BEBEA2BBBEE0D6DD3CB221D9BE1395093F75973ABFD4B897BDAF5C6F3F
05538DBDEEB194BEE0D6DD3CB6115B3E28C3133F93BF49BF7556CB3D7BA0653F
05538DBDE84F7FBFE0D6DD3C877B433F3D471EBF7D713EBE7556CB3DFE0DA03F
44DCD4BE286489BFE0D6DD3C3E131FBF814540BFC95964BED4B897BD18ECA43F
FB5B02BD79CACABEE3C3A43E78DB3B3F2601933B5CE52D3F3BE5A93EFF42173F
FB5B02BDD8F329BF92744DBB698F343FF00178BB6B7735BFE773EE3EC2DA403F
05538DBDEEB194BEE0D6DD3CB6115B3E28C3133F93BF49BFF5D88E3EA4FC3C3F
05538DBDF92C8FBD2FDB963E7F89BF3ED2D9683F722139BE3ACB2C3E2BBD1A3F
05538DBD7FDC46BF2FDB963E16110B3FA221D1BE78C73B3F3EAE053F2BBD1A3F
05538DBDE84F7FBFE0D6DD3C877B433F3D471EBF7D713EBEFBE7213FA4FC3C3F
44DCD4BE286489BFE0D6DD3C3E131FBF814540BFC95964BED4B897BDA4FC3C3F
05538DBDE84F7FBFE0D6DD3C877B433F3D471EBF7D713EBE7556CB3DA4FC3C3F
05538DBD7FDC46BF2FDB963E16110B3FA221D1BE78C73B3F7556CB3D2BBD1A3F
44DCD4BE909F55BF666BA53E6401B2BED43DEABEA381513FD4B897BD2F19173F
B2BE81BD22FD9ABF640719BF59AD2C3F48DF23BF7941BCBE1A18193FA86F793F
B2BE81BDCFD988BF1041F5BD28E1133F177D0BBF37971B3F1A18193F18403C3F
9030D4BE3DB592BF1041F5BD9F71CFBE43A921BF523B293FB14FD83E18403C3F
2B6DC1BE7C7EA4BF640719BFE191F0BE7DAB3EBFE591F2BE75B1E13EA86F793F
00E682BF7D97623EEDD5BF3F082184BDBF9F5F3FEE05F7BE4698A23D2F51F53E
310B15BF7F30F03DE1B4B43F5741AB3CF1A9783FE56172BE3F90FC3DBF44243F
2C2C20BF80483F3CFA999C3F2F9597BE96E94A3F116F08BF5567553EF5D7233F
310B15BF7F30F03DE1B4B43F5741AB3CF1A9783FE56172BE5435A93E191B3A3E
2C2C20BF80483F3CFA999C3F2F9597BE96E94A3F116F08BF3A3DEF3E075C273E
0F2B04BFED83CC3DD32FED3F36E11A3DFA0F7D3F2BA9153EF1D84F3D63603D3E
0F2B04BFED83CC3DD32FED3F36E11A3DFA0F7D3F2BA9153E9C6C43BD77F8273F
E2EA64BF3B6E88BFE431C3BED8216CBF0DAD863E22C5903E2F879D3F28D7783F
36EA21BF2ECB6BBF4776D5BE63BDB13ECE37673F0231813E2F879D3FD9981B3F
BC743FBFF3E44ABFD94363BF1E210FBDFF457F3F102188BDA7914E3FD9981B3F
BF8175BFF3CB68BF97E55BBFB3BB59BF0C3F063F476123BDA7914E3F28D7783F
16FC4EBF821AA8BF2AC6793CF4E979BFC20161BCBB715DBE2F879D3F28D7783F
5722F8BEE92A91BF78D0ECBCECC5F53E918D483F9415CABE2F879D3FD9981B3F
36EA21BF2ECB6BBF4776D5BE63BDB13ECE37673F0231813EA7914E3FD9981B3F
E2EA64BF3B6E88BFE431C3BED8216CBF0DAD863E22C5903EA7914E3F28D7783F
4A274ABF0D009DBF9C3356BF8C35C6BE7DA93EBF16250BBF3273813E3509883F
E2EA64BF3B6E88BFE431C3BED8216CBF0DAD863E22C5903E3FE2573DD481583F
BF8175BFF3CB68BF97E55BBFB3BB59BF0C3F063F476123BD2A91C43DFA268D3F
92EA5FBFE3FD84BF7EA799BF57792BBF456DA2BE58DB2BBF677D5A3E78D09C3F
09DD2DBF158FC1BF9CA62BBFA4DD51BFAB59553E118B08BFCC63ED3E965A7F3F
16FC4EBF821AA8BF2AC6793CF4E979BFC20161BCBB715DBE20EB393E7A34293F
36EA21BF2ECB6BBF4776D5BE63BDB13ECE37673F0231813ED7DE633F056BE43E
D27317BF6BBB89BF45F259BFB4195A3FE16170BD0A3305BFC9768A3FAC1B273F
140437BF79E56ABF302A9BBF3C171E3F7F51BF3E622B31BFA185883FC7804C3F
BC743FBFF3E44ABFD94363BF1E210FBDFF457F3F102188BD2654743F18D12E3F
5722F8BEE92A91BF78D0ECBCECC5F53E918D483F9415CABED5AEE93D3CDD393F
3E3DDEBED4B6A9BF024930BF9181483CA5B1523F235D11BFFB77C53E645B863F
D27317BF6BBB89BF45F259BFB4195A3FE16170BD0A3305BFBF61423E116F8D3F
36EA21BF2ECB6BBF4776D5BE63BDB13ECE37673F0231813E3274ECBAF9F7653F
D27317BF6BBB89BF45F259BFB4195A3FE16170BD0A3305BF9297D53EB6A1823F
4A274ABF0D009DBF9C3356BF8C35C6BE7DA93EBF16250BBFCDCBB93EC7F4903F
92EA5FBFE3FD84BF7EA799BF57792BBF456DA2BE58DB2BBF2AFE8F3E47AB863F
140437BF79E56ABF302A9BBF3C171E3F7F51BF3E622B31BF9912A13EE8BB7B3F
3E3DDEBED4B6A9BF024930BF9181483CA5B1523F235D11BF9B8E003E81D08A3E
09DD2DBF158FC1BF9CA62BBFA4DD51BFAB59553E118B08BFE50A6F3DCCB8D13E
4A274ABF0D009DBF9C3356BF8C35C6BE7DA93EBF16250BBF7EE4B6BDB151763E
D27317BF6BBB89BF45F259BFB4195A3FE16170BD0A3305BFD76A0FBD28B9033E
140437BF79E56ABF302A9BBF3C171E3F7F51BF3E622B31BF2F879D3FD9981B3F
92EA5FBFE3FD84BF7EA799BF57792BBF456DA2BE58DB2BBF2F879D3F28D7783F
20B85ABE28D254C05DA799BF618930BF5D5F2EBFF8C97BBEF41990BE13431E3F
F2601BBE363A4FC0FD16CDBF3A1F1DBFB98DDCBE535D29BF9BC814BF22FB283F
54FC6FBEA20B5EC0E5D24CBF53B329BF75653ABF658132BED9AF9BBD7E8A1F3F
67987ABE1C7E4CC038DA99BFBEE75EBFF745FB3EFD81FEBC8E778FBED4B6153F
14CB4DBE9F944AC0EF55C7BF494924BF14010A3F17A10BBFCC4514BF19E7233F
F2601BBE363A4FC0FD16CDBF3A1F1DBFB98DDCBE535D29BFCEFB17BF22FB283F
AB7790BE280A51C0310B49BFCBB565BF2EC916BEAA05D5BE9A0685BD0A68123F
67987ABE1C7E4CC038DA99BFBEE75EBFF745FB3EFD81FEBC77F5663FCD02E53E
14CB4DBE9F944AC0EF55C7BF494924BF14010A3F17A10BBF87A58D3F99A0EE3E
AB7790BE280A51C0310B49BFCBB565BF2EC916BEAA05D5BE4819293F4FCCDA3E
14CB4DBE9F944AC0EF55C7BF494924BF14010A3F17A10BBF221A8DBE73BB0B3F
F2601BBE363A4FC0FD16CDBF3A1F1DBFB98DDCBE535D29BF973B93BECBBB0E3F
BC91ADBF9F73C7BFF71E06BF320D993E1371093EE4DB71BF452E5C3FF8C5A53E
392974BFF4FBBCBF3BA8A4BEBB995D3F0AF5843EB625DBBEBE66553F2C7FEE3E
E5997BBFA4A60CC03FC4CEBE99574C3FBF915FBE1FB50FBFDC2C923FBFD6ED3E
3FFFA7BF64CA0AC0DB8902BFEDA1763EBA015DBDF01378BFF73B943FAF7AB83E
1F0FAFBFFDDA31C09415E3BEBA15DD3ECFB9E7BE8FB947BF0FB6B83FCDE6E13E
DC4A81BFC503C8BF1AA6263E84EF413FB7A1DB3D4AD3243F65C5743F15376E3E
C72AC1BF7176E1BF0553A53E00E27F3D3EE11EBEF9637C3F645B7A3F85CE173F
E066B5BF0F0D14C0C460FE3D5F812FBC4179A0BEE613733F795BAD3F9D2B263F
320385BF8D2A12C023DCA43D65AF323F6DA9B6BE3EF31E3F2156B53F7619CE3E
F6D4B6BFE55E37C0118B98BDFE017F3E4ECD26BF6F6D373F74CEDD3F9030343F
E5997BBFA4A60CC03FC4CEBE99574C3FBF915FBE1FB50FBFDC4B064087C3363F
320385BF8D2A12C023DCA43D65AF323F6DA9B6BE3EF31E3F129F0740331BFC3E
F6D4B6BFE55E37C0118B98BDFE017F3E4ECD26BF6F6D373F1EA4DF3FC64EE83E
1F0FAFBFFDDA31C09415E3BEBA15DD3ECFB9E7BE8FB947BFB9FDDC3F51DD2C3F
DC4A81BFC503C8BF1AA6263E84EF413FB7A1DB3D4AD3243F56BB5A3F4563153F
320385BF8D2A12C023DCA43D65AF323F6DA9B6BE3EF31E3F3A91943F537A163F
9225EDBF2B16DBBF0DC515BF8ED946BE7C013EBDF6D77ABFB151823F6B7D1D3F
BC91ADBF9F73C7BFF71E06BF320D993E1371093EE4DB71BFDE8E803FD5EA933E
3FFFA7BF64CA0AC0DB8902BFEDA1763EBA015DBDF01378BF126BB13F4ED4BA3E
25C9C7BF0BB30FC083FB09BF74213ABDDD71EEBDFCFD7DBF16DCB13F2E1C083F
1F0FAFBFFDDA31C09415E3BEBA15DD3ECFB9E7BE8FB947BF32AEE03F4FE6FF3E
27DAFDBF7899F1BF944B233ECE01E7BE3EE19EBEAC33563F25797E3F69006B3F
90BED3BFD31518C0170C2E3D48C9A3BE7345B9BEC027603F4C53AE3F20B6503F
B75EEFBF78281BC0B7D4A1BD899F44BF102D08BF6D81B63EE49EA63F2CBCE33E
8028E8BF90A415C01F68E5BE3CFF1DBF8231C1BE61BF30BF7FF8A33F03942A3F
B264C0BF585836C0F419F8BEB22959BE6DB136BF56E72ABFF436CE3F03942A3F
E99AC7BF44DC3BC0919CECBD6B69B5BEC8F963BF2409923E59DDD03F2CBCE33E
47910BC057E9F4BFC51A2EBDC6C962BF8961C4BE0B8D853EDFC0783F0ABCE33E
2BF607C087E1E9BF28B6D2BE87A943BF0ED986BE2DAD16BF1574733FF3932A3F
8028E8BF90A415C01F68E5BE3CFF1DBF8231C1BE61BF30BFA725B43FA853363F
B264C0BF585836C0F419F8BEB22959BE6DB136BF56E72ABF45D6E23F8351193F
2BF607C087E1E9BF28B6D2BE87A943BF0ED986BE2DAD16BFFAEF853F4AB5533F
B75EEFBF78281BC0B7D4A1BD899F44BF102D08BF6D81B63E2156AF3FF0697A3F
E99AC7BF44DC3BC0919CECBD6B69B5BEC8F963BF2409923EDF88DE3FB2F15C3F
47910BC057E9F4BFC51A2EBDC6C962BF8961C4BE0B8D853E118B803FF4C18C3F
503625BF1D3E81BE37DF0D40A21F51BF2DB5963EFCF5FD3E6B9B22BE7B1002BD
DFC3CDBE19A9F73C66680C4045AF22BF62CF303F61B1B0BEA7EC44BE8ACD473E
234E03BFE6771ABBA643F93F05A982BEA0FF4F3F0C2B063FD787F5BCCF9E1B3E
DBDD17BF632A1DBEB2121940E6C372BF3DA11E3D423DA13E0F0A8ABE09A4C43B
920332BFB8AF03BDDC800440FB617D3E4545A23ED5636A3FC5752C3FA29AEA3E
234E03BFE6771ABBA643F93F05A982BEA0FF4F3F0C2B063FB2D6283F76FB183F
EFCA52BF933A893EBF60DD3F1DB10E3F98ED4B3FDF816FBEA33D763FC784083F
503625BF1D3E81BE37DF0D40A21F51BF2DB5963EFCF5FD3E4CC10A3FCBD6D23E
EFCA52BF933A893EBF60DD3F1DB10E3F98ED4B3FDF816FBE2D6002BDD734F73E
0F2B04BFED83CC3DD32FED3F36E11A3DFA0F7D3F2BA9153E1539383FD8D4253F
3E3DDEBED4B6A9BF024930BF9181483CA5B1523F235D11BFA6D6FB3F8523C03E
5722F8BEE92A91BF78D0ECBCECC5F53E918D483F9415CABEEEB0C53F7233943E
963ECCBEA0C5BABFAAD292BFDD7DEEBEBDAB5E3F4D6926BE0AF70B400DFF993E
963ECCBEA0C5BABFAAD292BFDD7DEEBEBDAB5E3F4D6926BEEBE4243F30486A3F
572313BF8E3FD3BFAAD292BFBCFD5DBFC231E13EDE216FBEBBD4383F50E44D3F
09DD2DBF158FC1BF9CA62BBFA4DD51BFAB59553E118B08BF3E25E73EB726293F
3E3DDEBED4B6A9BF024930BF9181483CA5B1523F235D11BF7BBEC63E7CB54B3F
7AE28BBF567D02C0232DD5BDE9B174BF1D418E3D243192BE8716D93B8410703E
E8F48CBFC9C80BC071585A3DE74373BF33B999BE5381A93D8716D93BD82B3C3F
144299BF4F02DBBF0B25E33EEA1775BF037981BE1D890E3EC24D7E3FD82B3C3F
14CC96BF8F6DC9BFC232963EE19370BFC791633E0AF184BEC24D7E3F8410703E
B22A7EBF5E2E17C031B4C2BEDF756FBFC351E1BD5805ACBEC24D7E3F8410703E
929181BF84D320C0B62C5FBED1BF68BFAAF5D4BE278193BC8716D93B8410703E
7AE28BBF567D02C0232DD5BDE9B174BF1D418E3D243192BEC24D7E3FD82B3C3F
E8F48CBFC9C80BC071585A3DE74373BF33B999BE5381A93DD66E6B3FF0C2163F
86AE64BF0DA819C0EE7C8F3EAD5B56BFDB49EDBE296D943E096E6C3FA395EB3E
A79473BF98BEF9BFBCC9333FB4135ABFACC5D5BE44E1A13E630E363F0744F03E
144299BF4F02DBBF0B25E33EEA1775BF037981BE1D890E3E876E363F24B41D3F
929181BF84D320C0B62C5FBED1BF68BFAAF5D4BE278193BCD3FA873F1553113F
23BA4BBFB9A82DC0249955BCA2D950BF17770BBF8D91463E9B8D893F8B53E53E
C764A9BE711E3EC0637B513FFBA1FDBE6D8D36BFFCF5FD3EAD18E63E67262C3F
44DFF5BE35EF31C0EA912A3F860F43BF202D10BF47A9A33E728CDC3E001F183F
60ABDCBEC82642C0D251963E92F148BF23BF11BFF4217A3E1B65953E5D171A3F
D5EA9BBEE75650C00E68D13E1A150DBF802940BF7595BA3EB62D9A3E18432D3F
43C9BCBE58E421C0F4A5A93FBFA1DFBE39671CBF5205293F70B6253FEE77283F
342D0DBFFE981AC007EF993F75893ABFF371F9BEED69F63E718F213F965A173F
44DFF5BE35EF31C0EA912A3F860F43BF202D10BF47A9A33EB7426C3F9887FC3E
B8912ABF66D929C0E929063F90E947BF174B0BBF3A099D3E6E19703F69E52A3F
8DCF20BF14083BC0F149273E84D341BF36251BBFF3A9793EE690983FD460263F
60ABDCBEC82642C0D251963E92F148BF23BF11BFF4217A3E8909963FBD1D053F
342D0DBFFE981AC007EF993F75893ABFF371F9BEED69F63EE89F103F7231EE3E
B9193EBF9B1F11C0D785853F9CEF4DBFCFADE7BE8A05C53EDAE2163FCE36233F
E8A162BFAD14DEBF8868DCBEBCF55DBF56D5AA3E7B69BDBE5FD2D03E1C95EB3E
7AE28BBF567D02C0232DD5BDE9B174BF1D418E3D243192BEADDEB13E4F58523E
14CC96BF8F6DC9BFC232963EE19370BFC791633E0AF184BEB7B2C43C33374F3E
B6F76DBFD810B0BFBD73A83D97AF4BBFDBB1ED3E8E31C7BED480813DF04FC93E
768D52BFAE0EFEBF446B49BFD8356CBF8BA1C53D7E15BFBEE7FB253F226D033F
B22A7EBF5E2E17C031B4C2BEDF756FBFC351E1BD5805ACBED977153FAFD25D3E
86AE64BF0DA819C0EE7C8F3EAD5B56BFDB49EDBE296D943E49117D3F45F15A3F
A79473BF98BEF9BFBCC9333FB4135ABFACC5D5BE44E1A13EF5BD263FD3306C3F
23BA4BBFB9A82DC0249955BCA2D950BF17770BBF8D91463E2DEA9B3FEBA74F3F
16FC4EBF821AA8BF2AC6793CF4E979BFC20161BCBB715DBED063943D5BB1EF3E
AE0F02C0137D623F4853A53EEBB1F53E4619A33EA343513F6F84D5BEC9031D3F
431BFEBF6C7A303E6C5FB83E54D5A93E45B1A23DE1A3703FC50495BDA988273F
8ACAECBF71E27B3E74CE4F3EC1B5603F6CE9353EC8C5E33E18CFC0BDB56C0D3F
9620F9BFFDBF623F003A6C3E917D483FBEC1DE3EC76DE33EC66CD1BE19CB083F
72F915C0577A693F359AA43E814B40BFA7B1533E417D203FB8C948BF1A35433F
761815C03DEF163E1345A83E17770BBF4C0126BCADA5563F00E296BEC9E35D3F
431BFEBF6C7A303E6C5FB83E54D5A93E45B1A23DE1A3703F82FD97BEE9B8263F
AE0F02C0137D623F4853A53EEBB1F53E4619A33EA343513F6FD941BF85CE173F
F018F0BF433A14BFB81FD03E8631433E4F61273DF6157B3FAC013A3EF1BC3C3F
2EFFD1BFF0A4DDBE91633B3E92E1483F2B69953E18FD0B3F4226F93D5E12E73E
8ACAECBF71E27B3E74CE4F3EC1B5603F6CE9353EC8C5E33E1822AFBEC11E033F
48A710C00F0927BF6DC9AA3E197D0CBFED91F6BDA8C3533FE84F4B3E6091733F
7C0BF1BF5E9DB33EA48D8BBE341F1A3F0765833E838D41BFA1D9F5BD3BACB83E
4B1EFBBF2060833F3C13FABD70E3373F0A2B053FD97DECBE93A6E9BE8027C53E
0AA0F6BF2993723F00529B3DC205613FD6F9EA3E0959043E7C5FDCBE66F4F33E
FDF6EBBF431BA03E145BC1BCF35D793FB6115B3E2BB195BD64CDE8BDCB2BEF3E
A4E10AC0FB3CA63E297599BE260D93BE9199483EE00570BF093791BEAA7F083F
011810C024D6863FD602FBBD337519BF38199C3E7B733DBFD7A645BF13D6FE3E
4B1EFBBF2060833F3C13FABD70E3373F0A2B053FD97DECBE31B238BF22E3A13E
7C0BF1BF5E9DB33EA48D8BBE341F1A3F0765833E838D41BF28808ABE5C71B13E
A299EBBF41BBBBBE669FD7BEC221E13E0B89853EB8015CBF5039763EF8C5A53E
ECA0CCBFF470BABEEA5AFBBDC999643F8C15C63ED7716BBE35B27B3E033FEA3E
DEE50AC01DB0E3BE8A73F4BE19B98CBEBDA1DE3DE98D74BF266E553E1DE71E3F
A299EBBF41BBBBBE669FD7BEC221E13E0B89853EB8015CBFE3A54B3E6894CE3E
4B1EFBBF2060833F3C13FABD70E3373F0A2B053FD97DECBEC9C9843DE3FD863F
AE0F02C0137D623F4853A53EEBB1F53E4619A33EA343513F8BFB1FBE4DF77E3F
9620F9BFFDBF623F003A6C3E917D483FBEC1DE3EC76DE33E6424BBBDBCB26B3F
0AA0F6BF2993723F00529B3DC205613FD6F9EA3E0959043E89B48DBC0394723F
95451CC037AA3B3FDC470E3EEE3777BF9F614F3E4D49263EC3D630BF554C693F
45D51DC07A8B073E5FB5B23DF4C179BF4541A2BCBFB15F3E7AA89DBEC3D3853F
1C9A1BC0D90927BF5C001A3DEF5177BF254112BEB8195C3E766D3F3E2E1F953F
836B1DC08FDF4B3E6B9F0EBEC21D61BF4421A23DE15DF0BE55D987BE6475433F
4B051BC0637D4B3F1B4982BCD23D69BF1B598D3E39AD9CBE7EAA26BF4E0D2C3F
C1FE18C0DB6F15BF774889BEBACD5CBF7CC13DBD02FF00BFEFAA773E8143543F
4B051BC0637D4B3F1B4982BCD23D69BF1B598D3E39AD9CBEB29B833F014FA23E
95451CC037AA3B3FDC470E3EEE3777BF9F614F3E4D49263E7D40743F1CCDB93E
72F915C0577A693F359AA43E814B40BFA7B1533E417D203FE90D533F75E59B3E
011810C024D6863FD602FBBD337519BF38199C3E7B733DBF26C3853F5EA23A3E
2EFFD1BFF0A4DDBE91633B3E92E1483F2B69953E18FD0B3FE8C1853E1C0C153F
1C9A1BC0D90927BF5C001A3DEF5177BF254112BEB8195C3E82AD623E1C78F53E
C1FE18C0DB6F15BF774889BEBACD5CBF7CC13DBD02FF00BF2234523EE597293F
45D51DC07A8B073E5FB5B23DF4C179BF4541A2BCBFB15F3ED8BA74BE8941043F
836B1DC08FDF4B3E6B9F0EBEC21D61BF4421A23DE15DF0BE3F9084BEAA27273F
95451CC037AA3B3FDC470E3EEE3777BF9F614F3E4D49263EAF7B1BBFE030093F
4B051BC0637D4B3F1B4982BCD23D69BF1B598D3E39AD9CBEB2BA21BF9560213F
503625BF1D3E81BE37DF0D40A21F51BF2DB5963EFCF5FD3E25043FBFE25B2C3F
F3C803BF37A6ABBF6CD1EE3F701338BF462DA3BE3C151E3F901120BEEA25F63E
DBDD17BF632A1DBEB2121940E6C372BF3DA11E3D423DA13EC7F25ABFB5FD133F
920332BFB8AF03BDDC800440FB617D3E4545A23ED5636A3F198E47BF399C513F
CAA74BBFAAD793BF6B2CD53F761F3BBF13A189BE4191203FF16502BEF7223E3F
E8F898BEC24CB5BF139ECEBF9D59CEBEAE19573F73ADB9BEC26D2D3DCD72293F
71ADDEBE42E9C3BF139ECEBF8F5347BF3239193F82E940BECF4BA53DF48CA53E
963ECCBEA0C5BABFAAD292BFDD7DEEBEBDAB5E3F4D6926BE79CE963E22FAB53E
E8F898BEC24CB5BF139ECEBF9D59CEBEAE19573F73ADB9BEE108D23E9371303F
71ADDEBE42E9C3BF139ECEBF8F5347BF3239193F82E940BE795A1A3FC0422A3F
572313BF8E3FD3BFAAD292BFBCFD5DBFC231E13EDE216FBE4510EF3EA3E6AB3E
5722F8BE48DF4CBF8BFAC43EDDA16E3EB219593FE7A5F3BE861E9B3F14238B3E
001B78BF3A3E82BF520C143FFAD57CBF1149083E5201A93DE2AB213F2313003F
5722F8BE48DF4CBF8BFAC43EDDA16E3EB219593FE7A5F3BEE42C183F7383593F
FDBB62BFEA77873F1E1AFA3F642B32BF5237293F1F918FBE309F283F1A6C2ABE
AE8145BFFCFD7E3F4C16FD3F94DB493F78FDBB3EF999FCBE309F283F5C1ED3BE
EFCA52BF933A893EBF60DD3F1DB10E3F98ED4B3FDF816FBE0000803F18E9D5BE
BAF877BF541AA13EBCCADE3FC4CF61BFBC01DE3E79793CBE0000803FD2AC2CBE
E3C750BFDFDC853FD9E80F4011BB08BFCCD9E53E6F63373FBF7CA23E1F2B28BE
58AD2CBFFA9C733F785F124092F7483FF1A5F83E8ADDC43EBF7CA23EA053D0BE
FDBB62BFEA77873F1E1AFA3F642B32BF5237293F1F918FBEA43784BE9BE52E3F
C70F65BF9B1C7E3DAFCF0040A02550BFAA11D5BD25A1123FBC93CFBD12DB0D3F
E3C750BFDFDC853FD9E80F4011BB08BFCCD9E53E6F63373F944CA6BE2F6F1A3F
BAF877BF541AA13EBCCADE3FC4CF61BFBC01DE3E79793CBE10EBCDBDDF1B2F3F
AE8145BFFCFD7E3F4C16FD3F94DB493F78FDBB3EF999FCBE7F6C323FB076EC3E
920332BFB8AF03BDDC800440FB617D3E4545A23ED5636A3F4F57873F9EEA143F
EFCA52BF933A893EBF60DD3F1DB10E3F98ED4B3FDF816FBE03B0793F20B7CF3E
58AD2CBFFA9C733F785F124092F7483FF1A5F83E8ADDC43E6F0D303F9EEA143F
81B3B4BE151E0CC09545DBBF123F09BF621931BFEFA5F7BE6EBE8D3F232EC03E
2B6995BE081F02C0F2240AC0DF49EFBE063103BEC0ED5FBFB1BF983FAEF0363F
193903BF5855DFBFFA28F3BF616130BFCF69E73E220911BF5A2E5B3F88D52B3F
AB4118BFA1BEFFBF698DC1BFDC116EBF456922BE54C9A9BEADA4553F8120A83E
BA4A91BFED654FBF779FA53FEB4975BF8F6147BD2161903E82FF953E2A541F3F
755697BFE1D4A7BF2558783FEA3F75BF5D612EBED8196C3E4A0AFC3E971D163F
003C7ABF44A7C5BFC24B9C3FAAE954BF6795B3BEB955DC3EDBC1F83E9814E73E
B5FD73BF47C987BFCF2FC83F90F147BFE6F972BE28DF133F28F1913E49BAF63E
D6A992BFB14E29BF18CF903FCD8566BF2ADD943E4B89A5BEC24D7E3F8410703E
4F229ABF7D3D97BFDA00543FD9996CBF28ED933EFF917FBE8716D93B8410703E
755697BFE1D4A7BF2558783FEA3F75BF5D612EBED8196C3E8716D93BD82B3C3F
BA4A91BFED654FBF779FA53FEB4975BF8F6147BD2161903EC24D7E3FD82B3C3F
4F229ABF7D3D97BFDA00543FD9996CBF28ED933EFF917FBEC24D7E3F8410703E
14CC96BF8F6DC9BFC232963EE19370BFC791633E0AF184BE8716D93B8410703E
144299BF4F02DBBF0B25E33EEA1775BF037981BE1D890E3E8716D93BD82B3C3F
755697BFE1D4A7BF2558783FEA3F75BF5D612EBED8196C3EC24D7E3FD82B3C3F
AA8033BFE4493CC0185F24BF91BB48BF277F13BFD8196CBEA989A43F2998093F
359727BFCB8040C0204111BF723F39BF60E32FBF0CD185BD06BCA43F5D15003F
E44B3CBF5D8734C094863ABFA01950BF4B79A5BEF009F8BE8716D93B8410703E
AA8033BFE4493CC0185F24BF91BB48BF277F13BFD8196CBE8716D93BD82B3C3F
929181BF84D320C0B62C5FBED1BF68BFAAF5D4BE278193BCC24D7E3FD82B3C3F
2522FCBEF98744C06FBC53BFD96DECBE6D7336BF0E2907BFDCD9B13FB2B8073F
89D1EBBEF94A46C029254CBFAEF1D6BE9B794DBFB2E9D8BE4A5FB23FA357033F
E44B3CBF5D8734C094863ABFA01950BF4B79A5BEF009F8BEC24D7E3F8410703E
49D8FFBE29223FC03D0A63BFECF9F5BE15A90ABF619330BF8716D93B8410703E
2522FCBEF98744C06FBC53BFD96DECBE6D7336BF0E2907BF8716D93BD82B3C3F
AA8033BFE4493CC0185F24BF91BB48BF277F13BFD8196CBEC24D7E3FD82B3C3F
BAF877BF541AA13EBCCADE3FC4CF61BFBC01DE3E79793CBEFD884F3ED2AC2CBE
EFCA52BF933A893EBF60DD3F1DB10E3F98ED4B3FDF816FBEC87B353E18E9D5BE
00E682BF7D97623EEDD5BF3F082184BDBF9F5F3FEE05F7BEE31CDD3EB98E31BE
BA4A91BFED654FBF779FA53FEB4975BF8F6147BD2161903EC24D7E3F8410703E
BAF877BF541AA13EBCCADE3FC4CF61BFBC01DE3E79793CBE8716D93B8410703E
00E682BF7D97623EEDD5BF3F082184BDBF9F5F3FEE05F7BE8716D93BD82B3C3F
D6A992BFB14E29BF18CF903FCD8566BF2ADD943E4B89A5BEC24D7E3FD82B3C3F
2522FCBEF98744C06FBC53BFD96DECBE6D7336BF0E2907BFA7B2283FF224793E
89D1EBBEF94A46C029254CBFAEF1D6BE9B794DBFB2E9D8BEC9CB223F9A09663E
49D8FFBE29223FC03D0A63BFECF9F5BE15A90ABF619330BFC24D7E3F8410703E
2522FCBEF98744C06FBC53BFD96DECBE6D7336BF0E2907BFC24D7E3FD82B3C3F
C70F65BF9B1C7E3DAFCF0040A02550BFAA11D5BD25A1123F7EAA42BF8D63803F
58AD2CBFFA9C733F785F124092F7483FF1A5F83E8ADDC43E1A6CA6BF9967613F
E3C750BFDFDC853FD9E80F4011BB08BFCCD9E53E6F63373F406AA5BF03B5803F
BF7FABBE7F34FEBF7236D93FAFBDD7BEF1B5F8BE880B443FDDED5A3F2D60263F
F94A08BFE2ABEDBF1B67C73F600B30BF7A0DBDBE4005203FE2E8563FFDF5123F
A08A9BBE7FFABDBFED470140AC11D6BEB1B1D8BE9CC34D3FE814863F9C6F243F
F3C803BF37A6ABBF6CD1EE3F701338BF462DA3BE3C151E3FD027843F207D0F3F
F94A08BFE2ABEDBF1B67C73F600B30BF7A0DBDBE4005203F5E82433EFF59F33E
01DC4CBF5532D8BF3545B03F80D33FBF7839BCBE1AFF0C3FB16D613EA7912E3F
001B78BF8F348ABFA033253FB16958BF8AF1C43E7CC5BDBE23831C3FF5D7233F
4F229ABF7D3D97BFDA00543FD9996CBF28ED933EFF917FBE1806183FCB2EF03E
D6A992BFB14E29BF18CF903FCD8566BF2ADD943E4B89A5BE46B5C83ED3DDF53E
001B78BFA1F61FBF103F7B3FA42752BF99A9CC3EA2C5D0BED89DD63EF5D7233F
B6F76DBFD810B0BFBD73A83D97AF4BBFDBB1ED3E8E31C7BEE50B523FF5D7233F
14CC96BF8F6DC9BFC232963EE19370BFC791633E0AF184BE3F1F513F94DBF63E
003C7ABF44A7C5BFC24B9C3FAAE954BF6795B3BEB955DC3E2A537C3E7FDD593F
B5FD73BF47C987BFCF2FC83F90F147BFE6F972BE28DF133F9B8EE0BDFA5F723F
001B78BF8F348ABFA033253FB16958BF8AF1C43E7CC5BDBEEBA8223F35287A3E
16FC4EBF821AA8BF2AC6793CF4E979BFC20161BCBB715DBE0000803F03CC2C3F
B6F76DBFD810B0BFBD73A83D97AF4BBFDBB1ED3E8E31C7BE0B7F803F2E8CC43E
001B78BFA1F61FBF103F7B3FA42752BF99A9CC3EA2C5D0BE89458C3ED13D7B3E
483792BE60735EC0FF2539BE33A319BF96274BBF9A21CD3DFB03E53D3CF9283F
1D76C7BE172A52C0F27892BE99874CBF34F119BFEC01763B0BD4C23D0611193F
1D76C7BE172A52C0F27892BE99874CBF34F119BFEC01763B46CEC23FFB751B3F
4A790DBF81ED49C0FFD0D4BE63BF31BF70FF37BF25A112BDDBC4C53FB131373F
2D23CDBEE12649C0AC1D45BFBBB9DDBE5CE92DBF2FA717BFB708E03F32574A3F
AB7790BE280A51C0310B49BFCBB565BF2EC916BEAA05D5BE1214E53F7F153C3F
4CA820BF65551AC06F4A85BFB15D58BFD9516CBEEECDF6BE4CFB6A3F1B4BF03E
E44B3CBF5D8734C094863ABFA01950BF4B79A5BEF009F8BE65A7673F49684B3E
EB6FC9BE2F6A27C0EB1A9BBFF61DFBBE201910BF554D2ABF25928C3F8A75EA3E
49D8FFBE29223FC03D0A63BFECF9F5BE15A90ABF619330BFA56A893FDFC14F3E
359727BFCB8040C0204111BF723F39BF60E32FBF0CD185BD9A27CB3F3690523F
89D1EBBEF94A46C029254CBFAEF1D6BE9B794DBFB2E9D8BE1C5EE03F2EAA513F
AB4118BFA1BEFFBF698DC1BFDC116EBF456922BE54C9A9BE5BCD803F344B4E3F
81B3B4BE151E0CC09545DBBF123F09BF621931BFEFA5F7BE9F3D993FFEEF4C3F
4031EABE4698463F76A42F4037571BBF63AF313F8D4DC6BE789A3CBF98F9C63E
4031EABE4698463F76A42F4037571BBF63AF313F8D4DC6BE0072D83F23F9FA3E
C28A9BBE7EFC593F499C3B40DB8DEDBEFF917F3EB395593F7EC7D83F986B093F
C28A9BBE690097BEFAD22240956DCABE52FDA8BEB76D5B3F965BC23F6309133F
C28A9BBE7EFC593F499C3B40DB8DEDBEFF917F3EB395593F787FE43F986B093F
4031EABE4698463F76A42F4037571BBF63AF313F8D4DC6BEFA29E43F23F9FA3E
DBDD17BF632A1DBEB2121940E6C372BF3DA11E3D423DA13E2596C03F28EEF83E
2D23CDBEE12649C0AC1D45BFBBB9DDBE5CE92DBF2FA717BFEC511C3FDF53493E
AB7790BE280A51C0310B49BFCBB565BF2EC916BEAA05D5BE2559173F3A5C2B3E
2C2C20BF80483F3CFA999C3F2F9597BE96E94A3F116F08BFA94E07BEA643033F
310B153F7F30F03DE1B4B43FAF61D7BDEA23753F135189BE7DB1EF3E58903A3F
0F2B043FED83CC3DD32FED3FA8C1D33CE9A1743F2C3D963ED768B9BC08E55D3E
011810C024D6863FD602FBBD337519BF38199C3E7B733DBF4293C43E78D4183E
72F915C0577A693F359AA43E814B40BFA7B1533E417D203FBCCB253EEBE0A03D
655311C0D9CFE43FE623493EA4E9D1BEC141E03E9ACD4C3F20D4653EDC2E043F
A1300EC044C2F53FF014B23D3E211FBF6CD5353F5215A9BE6BF08E3E3621153F
4B1EFBBF2060833F3C13FABD70E3373F0A2B053FD97DECBEF33B453FED0B343F
011810C024D6863FD602FBBD337519BF38199C3E7B733DBF0F44123FED0B343F
A1300EC044C2F53FF014B23D3E211FBF6CD5353F5215A9BE0F44123F0A14013F
C11F06C03BFEF13F57CD933D80ED3F3F520F293F5A212D3DF33B453F0A14013F
C3F109C02523E33F4145453ED40DEA3E7219B93EA003503F263429BEE109213F
655311C0D9CFE43FE623493EA4E9D1BEC141E03E9ACD4C3F363E33BE57B5343F
AE0F02C0137D623F4853A53EEBB1F53E4619A33EA343513F1AA7613FACFDD53E
4B1EFBBF2060833F3C13FABD70E3373F0A2B053FD97DECBEBA2C523F83C1093F
C11F06C03BFEF13F57CD933D80ED3F3F520F293F5A212D3DE318153F255BE53E
C3F109C02523E33F4145453ED40DEA3E7219B93EA003503F8B361F3FACFDD53E
4B1EFB3F2060833F3C13FABD70E337BF0A2B053FD97DECBEE23B3D3F78D1173F
AE0F0240137D623F4853A53EEBB1F5BE4619A33EA343513F28D7403F5A103A3F
C3F109402523E33F4145453ED40DEABE7219B93EA003503F64B0023F9A94223F
C11F06403BFEF13F57CD933D80ED3FBF520F293F5A212D3D1EE2F73E78D1173F
65531140D9CFE43FE623493EA4E9D13EC141E03E9ACD4C3F740BA7BF1F2B083F
C3F109402523E33F4145453ED40DEABE7219B93EA003503F802DA5BFE23CEC3E
0118104024D6863FD602FBBD3375193F38199C3E7B733DBFF33B453FED0B343F
4B1EFB3F2060833F3C13FABD70E337BF0A2B053FD97DECBE0F44123FED0B343F
C11F06403BFEF13F57CD933D80ED3FBF520F293F5A212D3D0F44123F0A14013F
A1300E4044C2F53FF014B23D3E211F3F6CD5353F5215A9BEF33B453F0A14013F
72F91540577A693F359AA43E814B403FA7B1533E417D203FBCCB253ED733A43D
0118104024D6863FD602FBBD3375193F38199C3E7B733DBF4293C43EAA7D1A3E
A1300E4044C2F53FF014B23D3E211F3F6CD5353F5215A9BE6BF08E3E938B153F
65531140D9CFE43FE623493EA4E9D13EC141E03E9ACD4C3F20D4653E2899043F
A1300EC044C2F53FF014B23D3E211FBF6CD5353F5215A9BE8AE44F3FAC8C623F
655311C0D9CFE43FE623493EA4E9D1BEC141E03E9ACD4C3FB01C9B3FAC8C623F
C3F109C02523E33F4145453ED40DEA3E7219B93EA003503FBD1D973F0BEC293F
C11F06C03BFEF13F57CD933D80ED3F3F520F293F5A212D3D9BAE473FAFE9293F
A1300E4044C2F53FF014B23D3E211F3F6CD5353F5215A9BE8AE44F3FAC8C623F
C11F06403BFEF13F57CD933D80ED3FBF520F293F5A212D3D9BAE473FAFE9293F
C3F109402523E33F4145453ED40DEABE7219B93EA003503FBD1D973F0BEC293F
65531140D9CFE43FE623493EA4E9D13EC141E03E9ACD4C3FB01C9B3FAC8C623F
]
[
m_Materials
5
ships\\mi\\materials\\panels 14.prt
ships\\mi\\materials\\panels 02.prt
ships\\mi\\materials\\panels 01.prt
ships\\mi\\materials\\panels 12.prt
ships\\mi\\materials\\panels 06.prt
]
[
m_Triangles
1
5
35
59005A005B00
5B005C005900
630064006500
650066006300
660065006700
680069006A00
6A006B006800
700071007200
720073007000
760077007800
780079007600
7E007F008000
800081007E00
7000FC00FD00
FD00FE007000
FF0000010101
0101FD00FF00
330334033503
350336033303
370338033403
340339033703
A703A803A903
A903AA03A703
AB03AC03AD03
AD03AE03AB03
3703B103B203
B203B3033703
B603B703B803
B803B903B603
BD03BE03BF03
BF03C003BD03
C3035C005B00
5B00C403C303
6500F2036700
6700F203F303
28
B000B100B200
B200B300B000
B400B000B300
B300B500B400
B600B400B500
B500B700B600
D400D500D600
D600D700D400
B70018011901
1901B600B700
1801D400D700
D70019011801
1E01D600D500
D5001F011E01
09030A030B03
0B030C030903
160317031803
180319031603
1A031B031703
170316031A03
190318030C03
0C030B031903
1B031A037D03
7D037E031B03
7E037D037F03
7F0380037E03
80037F038103
810382038003
238
180019001A00
1A001B001800
4E004F005000
500051004E00
4F001B001A00
1A0050004F00
5F0060006100
610062005F00
6C006D006E00
6E006F006C00
740075006D00
6D006C007400
7A007B007C00
7C007D007A00
60005F007B00
7B007A006000
820083008400
840085008200
860082008500
850087008600
830088008900
890084008300
61008E006200
8E008F006200
A300A400A500
A500A600A300
A40086008700
8700A500A400
A700A800A900
AA00A700A900
A700AB00A800
7400FA00FB00
FB0075007400
FA007D007C00
7C00FB00FA00
380139013A01
3A013B013801
3C013D013E01
3E013F013C01
400141014201
420143014001
440145014601
460147014401
480149014A01
4A014B014801
49014C014D01
4D014A014901
190018005501
560157015801
580159015601
5A015B015C01
5C015D015A01
5E015F016001
600161015E01
5F0162016301
630160015F01
640165016601
660167016401
650168016901
690166016501
6A016B016C01
6C016D016A01
6B016E016F01
6F016C016B01
700171017201
720173017001
740175017601
760177017401
780179017A01
7A017B017801
7C017D017E01
7E017F017C01
800181018201
820183018001
840185018601
860187018401
880189018A01
8A018B018801
8C018D018E01
8E018F018C01
900191019201
920193019001
940195019601
960197019401
960198019901
99019A019601
9B0196019A01
9A019C019B01
98019D019E01
9E0199019801
9D019B019C01
9C019E019D01
9F01A001A101
A101A2019F01
A3019F01A201
A201A401A301
A001A501A601
A601A101A001
A501A301A401
A401A601A501
A701A801A901
A901AA01A701
AB01AC01AD01
AD01AE01AB01
AF01B001B101
B101B201AF01
B301B401B501
B501B601B301
B701B801B901
B901BA01B701
BB01BC01BD01
BD01BE01BB01
BF01C001C101
C101C201BF01
9A01C301C401
C401C5019A01
A8001002A900
10021102A900
1202A9001102
1302A9001202
5C025D025E02
5E025F025C02
600261026202
620263026002
640265026602
660267026402
680269026A02
6A026B026802
6C026D026E02
6E026F026C02
700271027202
720273027002
740275027602
760277027402
780279027A02
7A027B027802
7C027D027E02
7E027F027C02
800281027D02
7D027C028002
7F027E028202
820283027F02
830282028102
810280028302
840285028602
860287028402
880289028502
850284028802
870286025C02
5C028A028702
8A025C028902
890288028A02
8B028C028A02
8A028D028B02
8E028F029002
900291028E02
920293029402
940295029202
960297029802
980299029602
9A029B029C02
9C029D029A02
9E029F02A002
A002A1029E02
A202A302A402
A402A502A202
A602A702A802
A802A902A602
AA02AB02AC02
AC02AD02AA02
AE02AF02B002
B002B102AE02
B202B302B402
B402B502B202
B602B702B302
B302B202B602
B802B902BA02
BA02BB02B802
BC02BD02B902
B902B802BC02
BE02BF02C002
C002C102BE02
C202C302BF02
BF02BE02C202
C402C502C602
C602C702C402
C802C902CA02
CA02CB02C802
CC02CD02CE02
CC02D202CD02
DB02DC02DD02
DD02DE02DB02
DF02E002DC02
DC02DB02DF02
E102E202E302
E302E402E102
E502E602E702
E702E802E502
E902EA02EB02
EB02EC02E902
ED02EE02EF02
EF02F002ED02
D202CC022A03
3A033B033C03
3C033D033A03
3E033F033B03
3B033A033E03
880313028903
AA00A9008803
8803A9001302
8A038B038C03
8C038D038A03
A300A6008B03
8B038A03A300
970398039903
9A0398039703
9F03A0038900
890088009F03
8D038C03A103
A103A2038D03
A203A103A003
A0039F03A203
A303A403A503
A503A603A303
A4033D033C03
3C03A503A403
3E03AF03B003
B0033F033E03
AF03B403B503
B503B003AF03
A60398039A03
9A03A303A603
CE03CF03D003
D003D103CE03
D203D303CF03
CF03CE03D203
CE02D103D003
D003CC02CE02
567
000001000200
020003000000
040005000600
060007000400
080009000A00
0A000B000800
08000B000C00
0C000D000800
0E000F001000
100011000E00
120013001400
140015001200
040016001700
170005000400
1C000B000A00
0A001D001C00
0F001E001F00
1F0010000F00
0B001C002000
20000C000B00
210022002300
230024002100
250026002700
270026002800
290028002600
2A002B002C00
2C002D002A00
2B0004000700
07002C002B00
2E002F003000
300031002E00
2F0032003300
330030002F00
340035003600
360037003400
350038003900
390036003500
04002B003A00
3A0016000400
2B002A003B00
3B003A002B00
3C003D003600
360039003C00
3D003E003700
370036003D00
310030003F00
3F0040003100
300033004100
41003F003000
010042004300
430002000100
420044004500
450043004200
090046004700
47000A000900
460048004900
490047004600
4A004B004C00
4C004D004A00
4B0013001200
12004C004B00
520053004C00
4C0012005200
530054004D00
4D004C005300
0A0047005500
55001D000A00
470049005600
560055004700
140057005800
580015001400
5D000E001100
11005E005D00
8A008B008C00
8B008D008C00
900091009200
920093009000
910094009500
950092009100
960097009800
980097009900
98009A009600
9B009C009A00
9A0098009B00
43009D009E00
9E0002004300
9F00A0009C00
9C009B009F00
A100A200A000
A0009F00A100
AC0052001200
1500AC001200
AC00AD005200
AE00AF002900
2600AE002900
B800B900BA00
BA00BB00B800
B900BC00BD00
BD00BA00B900
BC00BE00BF00
BF00BD00BC00
C000C100C200
C200C300C000
C400C500C600
C600C700C400
C800C900CA00
CA00CB00C800
C300C200CC00
CC00CD00C300
CD00CC00CE00
CE00CF00CD00
D000D100C500
C500C400D000
D200D300D100
D100D000D200
C100D800D900
D900C200C100
DA00BB00BA00
BA00DB00DA00
C500DC00DD00
DD00C600C500
DC00DE00DF00
DF00DD00DC00
E000E100E200
E200E300E000
C200D900E400
E400CC00C200
DB00BA00BD00
BD00E500DB00
CC00E400E600
E600CE00CC00
E500BD00BF00
BF00E700E500
D100E800DC00
DC00C500D100
E800E900DE00
DE00DC00E800
D300EA00E800
E800D100D300
EB00BE00BC00
BC00EC00EB00
ED00EE00EF00
EF00F000ED00
EE002A002D00
2D00EF00EE00
4800F100F200
F20049004800
F3002E003100
3100F200F300
3800F400F500
F50039003800
F4004A004D00
4D00F500F400
2A00EE00F600
F6003B002A00
EE00ED00F700
F700F600EE00
5400F800F500
F5004D005400
F8003C003900
3900F500F800
4900F200F900
F90056004900
F20031004000
4000F900F200
02010301EF00
EF002D000201
040105010601
060107010401
0501A200A100
A10006010501
080109010A01
0B01AF00AE00
AF000B010C01
0D010E010A01
0E0108010A01
25000F012600
0F01AE002600
970096000C01
C60010011101
1101C700C600
100112011301
130111011001
C00014011501
1501C100C000
140116011701
170115011401
1A0112011001
DD001A011001
1001C600DD00
150117011B01
C10015011B01
1B01D800C100
BB001C011D01
1D01B800BB00
200112011A01
DF0020011A01
1A01DD00DF00
210122011C01
DA0021011C01
1C01BB00DA00
230124012501
250126012301
270128012901
29012A012701
28012B012C01
2C0129012801
33002D012E01
2E0141003300
2D012F013001
30012E012D01
320031012D01
2D0133003200
310132013301
33012D013101
54010C010B01
540197000C01
02009E000300
9B0098009900
CE01CF01D001
D001D101CE01
D201D301D401
D401D501D201
D101D601D701
D701CE01D101
D801D901DA01
DA01DB01D801
DC01DD01DE01
DE01DF01DC01
E001E101E201
E201E301E001
D901E401E501
E501DA01D901
D601E601E701
E701D701D601
D301E801E901
E901D401D301
E801EA01EB01
EB01E901E801
E601EC01ED01
ED01E701E601
E401EE01EF01
EF01E501E401
F001F101F201
F201F301F001
F401F501F601
F601F701F401
EE01F801F901
F901EF01EE01
EC01FA01FB01
FB01ED01EC01
EA01FC01FD01
FD01EB01EA01
FE01FB01FA01
FA01FF01FE01
000201020202
020203020002
000204020502
050201020002
030202020602
060207020302
020201020802
080209020202
010205020A02
0A0208020102
060202020902
09020B020602
090208020C02
0C020D020902
08020A020E02
0E020C020802
0B0209020D02
0D020F020B02
0D020C020E02
0E020F020D02
14020F020E02
0E0215021402
0B020F021402
140216020B02
170215020E02
0E020A021702
160214021502
150217021602
06020B021602
160218020602
190217020A02
0A0205021902
180216021702
170219021802
1A0207020602
060218021A02
1B0219020502
050204021B02
1B021A021802
180219021B02
1C021D021E02
1E021F021C02
200221022202
220223022002
240225021F02
1F021E022402
260227022802
280229022602
2A022B022C02
2C022D022A02
2E022F023002
300231022E02
320233022702
270226023202
340235022502
250224023402
360237022102
210220023602
380239023702
370236023802
3A023B023502
350234023A02
3C023D023302
330232023C02
3E023F024002
400241023E02
420243024402
440245024202
460247023D02
3D023C024602
480249023B02
3B023A024802
4A024B023902
390238024A02
490248024C02
4C024D024902
4E024F025002
510252025302
CF020C01D002
CF02D1020C01
3101F302F402
F40232013101
3200F502F302
F30231013200
F302F602F702
F702F802F302
F502F902F602
F602F302F502
FA0229012C01
2C01FB02FA02
FC022A012901
2901FA02FC02
FD0226012501
2501FE02FD02
FF0200030103
01030203FF02
020301030303
040305030603
060307030403
070306030803
00030D030E03
0E0301030003
0F0310031103
110312030F03
120311031303
050314031503
150306030503
060315030803
1C0312031303
13031D031C03
1E030F031203
12031C031E03
15031F032003
200308031503
140321031F03
1F0315031403
D0020C019600
220323032403
250323032203
260327032803
290327032603
AF000C01D102
D1022403AF00
280327032B03
05012C032D03
2D03A2000501
04012E032C03
2C0305010401
2F0330033103
310332032F03
400341034203
420343034003
440345034103
410340034403
460347034803
480349034603
4A034B034703
470346034A03
4C034D034E03
4E034F034C03
500351034D03
4D034C035003
520347034B03
4B0353035203
540348034703
470352035403
F30040034303
43032E00F300
480044034003
4003F1004800
4C0331033003
300350034C03
4F0355033103
31034C034F03
560357035803
580359035603
5A035B035C03
5C035D035A03
5C035E035F03
5F0360035C03
5B0361035E03
5E035C035B03
620363036403
640365036203
660367036803
680369036603
6A0362036503
65036B036A03
6C0366036903
69036D036C03
6E036F037003
700371036E03
5E0305030403
04035F035E03
610314030503
05035E036103
FF026A036B03
6B030003FF02
0F036C036D03
6D0310030F03
720373035B03
5B035A037203
730374036103
61035B037303
750376036703
670366037503
770375036603
66036C037703
780379037A03
7A037B037803
740321031403
140361037403
1E0377036C03
6C030F031E03
580365036403
640359035803
7C036B036503
650358037C03
0D0300036B03
6B037C030D03
230329002403
24032900AF00
830384038503
860387038303
830387038403
2D038E03A000
A000A2002D03
8E034E029C00
9C00A0008E03
8F0351025302
530290038F03
4E0250029A00
9A009C004E02
500296009A00
50024F02D002
96005002D002
910392039303
930394039103
950396039203
920391039503
9B039C039D03
9E039C039B03
BA03BB03BC03
C1035E001100
1100C203C103
C5038603C603
C603C703C503
C803C9034503
45034403C803
CA03CB03C903
C903C803CA03
CC03CD034B03
4B034A03CC03
84038703CD03
CD03CC038403
D403CD038703
8703D503D403
53034B03CD03
CD03D4035303
4600C8034403
440348004600
0900CA03C803
C80346000900
D6038F03D703
D703D803D603
D90351028F03
8F03D603D903
DA03DB03F902
F902F502DA03
43034203DB03
DB03DA034303
DC03DD03DE03
DE03DF03DC03
49034803DD03
DD03DC034903
E003E1035103
51035003E003
E203E303E103
E103E003E203
E403DD034803
48035403E403
E503DE03DD03
DD03E403E503
2F00DA03F502
F50232002F00
2E004303DA03
DA032F002E00
E003E603E703
E703E203E003
50033003E603
E603E0035003
290023032800
E80328002303
2503E8032303
2100E903EA03
EA0322002100
EB03EC03ED03
ED03EE03EB03
EF0310001F00
1F00F003EF03
EE03CB03CA03
CA03EB03EE03
E20305001700
1700E303E203
87038603C503
C503D5038703
C20311001000
1000EF03C203
08000D00EC03
EC03EB030800
0800EB03CA03
CA0309000800
E203E7030600
06000500E203
F10352025102
5102D903F103
F403F503F603
F603F703F403
F803F903FA03
FA03FB03F803
5A035D03FC03
FC03FD035A03
FE03FF030004
00040104FE03
020403040404
040405040204
EA00D3000604
06040704EA00
080409040A04
0A040B040804
0C040D040E04
0E040F040C04
24
340135013601
360137013401
4E014F015001
500151014E01
520136013501
350153015201
C601C701C801
C801C901C601
CA01CB01CC01
CC01CD01CA01
540255025602
560257025402
580259025A02
5A025B025802
D302D402D502
D502D602D302
D702D802D902
D902DA02D702
F102F202D602
D602D502F102
100411041204
120413041004
140415041604
160417041404
]
[
m_Fps
15.000000
]
[
m_fMeshScale
1.000000
]
[
m_Reverse
0
]
[
m_Optimize
1
]
[
m_CalcNormals
0
]
[
m_EnableLOD
0
]
[
m_MinLOD
1.000000
]
[
m_MaxLOD
750.000000
]
}
F40F11A9E5528EFD
B8895B2DABBF525A
{
[
m_NodeKey
B6895B2DABBF525A
]
[
m_Class
C34AD77CBDD85FAC
]
[
m_Name
Node
]
[
m_pTemplate
C34AD77CBDD85FAC
B9895B2DABBF525A
{
[
m_Name

]
[
m_nNodeFlags
0
]
[
m_Children
0
]
[
m_Bits
0
]
[
m_Type
00000000
]
[
m_MinDistance
0.000000
]
[
m_MaxDistance
32768.000000
]
[
m_fFadePercent
0.100000
]
[
m_MinDetailLevel
00000000
]
[
m_MaxDetailLevel
02000000
]
[
m_bZeroTime
0
]
}
]
[
m_Children
1
A3EF38DE4BABBF9C
BA895B2DABBF525A
{
[
m_NodeKey
B7895B2DABBF525A
]
[
m_Class
B13DD2E2A2CBB936
]
[
m_Name
NodeSound
]
[
m_pTemplate
B13DD2E2A2CBB936
BB895B2DABBF525A
{
[
m_Name

]
[
m_nNodeFlags
0
]
[
m_Children
0
]
[
m_Sound
0000000000000000
]
[
m_Falloff
0.010000
]
[
m_Loop
0
]
}
]
[
m_Children
0
]
[
m_SoundPort
sound\\neno\\ships\\03 alien truster.prt
]
[
m_Falloff
0.004000
]
[
m_Loop
1
]
}
]
[
m_Bits
2
]
[
m_Type
01000000
]
[
m_MinDistance
0.000000
]
[
m_MaxDistance
32768.000000
]
[
m_fFadePercent
0.100000
]
[
m_MinDetailLevel
00000000
]
[
m_MaxDetailLevel
02000000
]
[
m_bZeroTime
0
]
}
]
}
]
[
m_Bits
0
]
[
m_Type
01000000
]
[
m_MinDistance
0.000000
]
[
m_MaxDistance
32768.000000
]
[
m_fFadePercent
0.100000
]
[
m_MinDetailLevel
00000000
]
[
m_MaxDetailLevel
02000000
]
[
m_bZeroTime
0
]
}
]
[
m_Position
000000000000000000000000
]
[
m_Frame
0000803F0000000000000000000000000000803F0000000000000000000000000000803F
]
[
m_fFrameScale
1.000000
]
}
]
[
m_Fps
15.000000
]
[
m_Segments
0
]
[
m_TargetPosition
B18CA53F8856FF3BDBBA5CBF
]
[
m_TargetDistance
7.964845
]
[
m_TargetFrame
54E5023F6DDB8BBD3E4F5BBF4509BFBDCC8D7C3F078A09BE96B45A3F5327183E8C01FF3E
]
}
