PRT
BBE32C0F2208BFD2
F9E6A8CC2F2725DB
{
[
m_Root
E98E268F2008D746
5E7C0249742B5054
{
[
m_NodeKey
F3CA660E1FD07946
]
[
m_Class
231158F1834B35BB
]
[
m_Name
Node
]
[
m_pTemplate
231158F1834B35BB
5F7C0249742B5054
{
[
m_Name

]
[
m_nNodeFlags
0
]
[
m_Children
0
]
[
m_Position
000000000000000000000000
]
[
m_Frame
0000803F0000000000000000000000000000803F0000000000000000000000000000803F
]
}
]
[
m_Children
1
F40F11A9E5528EFD
EA3D821A0D616142
{
[
m_NodeKey
0AFA690E1FD07946
]
[
m_Class
C34AD77CBDD85FAC
]
[
m_Name
Node
]
[
m_pTemplate
C34AD77CBDD85FAC
0AE67DB815BA6B4F
{
[
m_Name

]
[
m_nNodeFlags
0
]
[
m_Children
0
]
[
m_Bits
0
]
[
m_Type
00000000
]
[
m_MinDistance
0.000000
]
[
m_MaxDistance
32768.000000
]
[
m_fFadePercent
0.100000
]
[
m_MinDetailLevel
00000000
]
[
m_MaxDetailLevel
02000000
]
[
m_bZeroTime
0
]
}
]
[
m_Children
1
1633BE1F4D8C0670
E071D86D1ABA6B4F
{
[
m_NodeKey
553CD86D1ABA6B4F
]
[
m_Class
A961198F3000D746
]
[
m_Name
Node
]
[
m_pTemplate
A961198F3000D746
D7CBD86D1ABA6B4F
{
[
m_Name

]
[
m_nNodeFlags
0
]
[
m_Children
0
]
[
m_Position
000000000000000000000000
]
[
m_Frame
0000803F0000000000000000000000000000803F0000000000000000000000000000803F
]
[
m_Yaw
0.000000
]
[
m_Pitch
0.000000
]
[
m_Roll
0.000000
]
}
]
[
m_Children
4
A7576C18F8579FE1
DD4CD96D1ABA6B4F
{
[
m_NodeKey
A03ED96D1ABA6B4F
]
[
m_Class
D47152A9AD198EFD
]
[
m_Name
Node
]
[
m_pTemplate
D47152A9AD198EFD
5A78D96D1ABA6B4F
{
[
m_Name

]
[
m_nNodeFlags
0
]
[
m_Children
0
]
[
m_Begin
0.000000
]
[
m_End
0.000000
]
[
m_Invert
0
]
[
m_WarpTime
1
]
[
m_Loop
0
]
[
m_LoopEnd
0.000000
]
}
]
[
m_Children
5
23E338DC4B2BBF92
8ECED96D1ABA6B4F
{
[
m_NodeKey
97BCD96D1ABA6B4F
]
[
m_Class
913D1AE2AA2BB936
]
[
m_Name
Node
]
[
m_pTemplate
913D1AE2AA2BB936
691DDA6D1ABA6B4F
{
[
m_Name

]
[
m_nNodeFlags
0
]
[
m_Children
0
]
[
m_Position
000000000000000000000000
]
[
m_Frame
0000803F0000000000000000000000000000803F0000000000000000000000000000803F
]
[
m_pScene
0000000000000000
]
[
m_bNormalizeFrame
1
]
}
]
[
m_Children
0
]
[
m_Position
000000000000000000000000
]
[
m_Frame
0000803F0000000000000000000000000000803F0000000000000000000000000000803F
]
[
m_fFrameScale
1.000000
]
[
m_ScenePort
ships\\icc\\cruiser\\cruiser carrier.PRT
]
[
m_NormalizeFrame
0
]
}
23E338DC4B2BBF92
CD62B96A54BA6B4F
{
[
m_NodeKey
0684B96A54BA6B4F
]
[
m_Class
913D1AE2AA2BB936
]
[
m_Name
Node
]
[
m_pTemplate
913D1AE2AA2BB936
7E21EC6A54BA6B4F
{
[
m_Name

]
[
m_nNodeFlags
0
]
[
m_Children
0
]
[
m_Position
000000000000000000000000
]
[
m_Frame
0000803F0000000000000000000000000000803F0000000000000000000000000000803F
]
[
m_pScene
0000000000000000
]
[
m_bNormalizeFrame
1
]
}
]
[
m_Children
0
]
[
m_Position
9A99193F6666E63ECDCCCCBE
]
[
m_Frame
0000803F0000000000000000000000000000803F0000000000000000000000000000803F
]
[
m_fFrameScale
1.000000
]
[
m_ScenePort
effects\\fires\\shipfire2.prt
]
[
m_NormalizeFrame
1
]
}
23E338DC4B2BBF92
090CF29286BB6B4F
{
[
m_NodeKey
272DF29286BB6B4F
]
[
m_Class
913D1AE2AA2BB936
]
[
m_Name
Node
]
[
m_pTemplate
913D1AE2AA2BB936
0996259386BB6B4F
{
[
m_Name

]
[
m_nNodeFlags
0
]
[
m_Children
0
]
[
m_Position
000000000000000000000000
]
[
m_Frame
0000803F0000000000000000000000000000803F0000000000000000000000000000803F
]
[
m_pScene
0000000000000000
]
[
m_bNormalizeFrame
1
]
}
]
[
m_Children
0
]
[
m_Position
9A99193F6666E6BECDCCCCBE
]
[
m_Frame
0000803F0000000000000000000000000000803F0000000000000000000000000000803F
]
[
m_fFrameScale
1.000000
]
[
m_ScenePort
effects\\explosions\\parts\\small explosion.prt
]
[
m_NormalizeFrame
1
]
}
23E338DC4B2BBF92
D0CB83ACA3BB6B4F
{
[
m_NodeKey
1E9083ACA3BB6B4F
]
[
m_Class
913D1AE2AA2BB936
]
[
m_Name
Node
]
[
m_pTemplate
913D1AE2AA2BB936
395684ACA3BB6B4F
{
[
m_Name

]
[
m_nNodeFlags
0
]
[
m_Children
0
]
[
m_Position
000000000000000000000000
]
[
m_Frame
0000803F0000000000000000000000000000803F0000000000000000000000000000803F
]
[
m_pScene
0000000000000000
]
[
m_bNormalizeFrame
1
]
}
]
[
m_Children
0
]
[
m_Position
3333333FCDCCCCBD9A99993F
]
[
m_Frame
6FFB4E3F5A73D63D0E3E14BF77ED153FFF2841BDED264F3F3C356B3D674E7EBF69AECBBD
]
[
m_fFrameScale
1.000000
]
[
m_ScenePort
effects\\fires\\shipfire2.prt
]
[
m_NormalizeFrame
1
]
}
23E338DC4B2BBF92
CA6AABEC04BB6B4F
{
[
m_NodeKey
E92AABEC04BB6B4F
]
[
m_Class
913D1AE2AA2BB936
]
[
m_Name
Node
]
[
m_pTemplate
913D1AE2AA2BB936
DCFAABEC04BB6B4F
{
[
m_Name

]
[
m_nNodeFlags
0
]
[
m_Children
0
]
[
m_Position
000000000000000000000000
]
[
m_Frame
0000803F0000000000000000000000000000803F0000000000000000000000000000803F
]
[
m_pScene
0000000000000000
]
[
m_bNormalizeFrame
1
]
}
]
[
m_Children
0
]
[
m_Position
000080BFCDCCCCBD9A99993F
]
[
m_Frame
162F4FBF17816DBE4D260ABFBAE309BF945596BDDCDE563FF8E86FBE1A4F783FDB2F86BD
]
[
m_fFrameScale
1.000000
]
[
m_ScenePort
effects\\fires\\shipfire2.prt
]
[
m_NormalizeFrame
1
]
}
]
[
m_Begin
0.000000
]
[
m_End
15.000000
]
[
m_Invert
0
]
[
m_WarpTime
1
]
[
m_Loop
0
]
[
m_LoopTime
0.000000
]
}
A7576C18F8579FE1
EFD3A2DF6DBB6B4F
{
[
m_NodeKey
BAF9A2DF6DBB6B4F
]
[
m_Class
D47152A9AD198EFD
]
[
m_Name
Node
]
[
m_pTemplate
D47152A9AD198EFD
52AFC4DF6DBB6B4F
{
[
m_Name

]
[
m_nNodeFlags
0
]
[
m_Children
0
]
[
m_Begin
0.000000
]
[
m_End
0.000000
]
[
m_Invert
0
]
[
m_WarpTime
1
]
[
m_Loop
0
]
[
m_LoopEnd
0.000000
]
}
]
[
m_Children
1
23E338DC4B2BBF92
2AD262B66BBB6B4F
{
[
m_NodeKey
47F162B66BBB6B4F
]
[
m_Class
913D1AE2AA2BB936
]
[
m_Name
Node
]
[
m_pTemplate
913D1AE2AA2BB936
861F9BB66BBB6B4F
{
[
m_Name

]
[
m_nNodeFlags
0
]
[
m_Children
0
]
[
m_Position
000000000000000000000000
]
[
m_Frame
0000803F0000000000000000000000000000803F0000000000000000000000000000803F
]
[
m_pScene
0000000000000000
]
[
m_bNormalizeFrame
1
]
}
]
[
m_Children
0
]
[
m_Position
000020C0CDCCCCBE000000C0
]
[
m_Frame
0000803F0000000000000000000000000000803F0000000000000000000000000000803F
]
[
m_fFrameScale
1.000000
]
[
m_ScenePort
effects\\explosions\\parts\\small blue fireball.prt
]
[
m_NormalizeFrame
1
]
}
]
[
m_Begin
7.000000
]
[
m_End
17.000000
]
[
m_Invert
0
]
[
m_WarpTime
1
]
[
m_Loop
0
]
[
m_LoopTime
0.000000
]
}
A7576C18F8579FE1
FA28DF43AAB86B4F
{
[
m_NodeKey
AB47DF43AAB86B4F
]
[
m_Class
D47152A9AD198EFD
]
[
m_Name
Node
]
[
m_pTemplate
D47152A9AD198EFD
C00D1344AAB86B4F
{
[
m_Name

]
[
m_nNodeFlags
0
]
[
m_Children
0
]
[
m_Begin
0.000000
]
[
m_End
0.000000
]
[
m_Invert
0
]
[
m_WarpTime
1
]
[
m_Loop
0
]
[
m_LoopEnd
0.000000
]
}
]
[
m_Children
2
23E338DC4B2BBF92
EA8B09B5BBB86B4F
{
[
m_NodeKey
68B009B5BBB86B4F
]
[
m_Class
913D1AE2AA2BB936
]
[
m_Name
Node
]
[
m_pTemplate
913D1AE2AA2BB936
17FC47B5BBB86B4F
{
[
m_Name

]
[
m_nNodeFlags
0
]
[
m_Children
0
]
[
m_Position
000000000000000000000000
]
[
m_Frame
0000803F0000000000000000000000000000803F0000000000000000000000000000803F
]
[
m_pScene
0000000000000000
]
[
m_bNormalizeFrame
1
]
}
]
[
m_Children
0
]
[
m_Position
000000000000000000000040
]
[
m_Frame
0000803F0000000000000000000000000000803F0000000000000000000000000000803F
]
[
m_fFrameScale
1.000000
]
[
m_ScenePort
effects\\explosions\\parts\\medium fireball.prt
]
[
m_NormalizeFrame
1
]
}
23E338DC4B2BBF92
43E9C050C5B96B4F
{
[
m_NodeKey
38A6C050C5B96B4F
]
[
m_Class
913D1AE2AA2BB936
]
[
m_Name
Node
]
[
m_pTemplate
913D1AE2AA2BB936
FF89C150C5B96B4F
{
[
m_Name

]
[
m_nNodeFlags
0
]
[
m_Children
0
]
[
m_Position
000000000000000000000000
]
[
m_Frame
0000803F0000000000000000000000000000803F0000000000000000000000000000803F
]
[
m_pScene
0000000000000000
]
[
m_bNormalizeFrame
1
]
}
]
[
m_Children
0
]
[
m_Position
000000000000000000000000
]
[
m_Frame
0000803F0000000000000000000000000000803F0000000000000000000000000000803F
]
[
m_fFrameScale
1.000000
]
[
m_ScenePort
effects\\explosions\\parts\\large blue explosion.prt
]
[
m_NormalizeFrame
1
]
}
]
[
m_Begin
10.000000
]
[
m_End
20.000000
]
[
m_Invert
0
]
[
m_WarpTime
1
]
[
m_Loop
0
]
[
m_LoopTime
0.000000
]
}
A7576C18F8579FE1
6FCD29E1B1B86B4F
{
[
m_NodeKey
F9EE29E1B1B86B4F
]
[
m_Class
D47152A9AD198EFD
]
[
m_Name
Node
]
[
m_pTemplate
D47152A9AD198EFD
845043E1B1B86B4F
{
[
m_Name

]
[
m_nNodeFlags
0
]
[
m_Children
0
]
[
m_Begin
0.000000
]
[
m_End
0.000000
]
[
m_Invert
0
]
[
m_WarpTime
1
]
[
m_Loop
0
]
[
m_LoopEnd
0.000000
]
}
]
[
m_Children
1
23E338DC4B2BBF92
7B6741CAD6B86B4F
{
[
m_NodeKey
062841CAD6B86B4F
]
[
m_Class
913D1AE2AA2BB936
]
[
m_Name
Node
]
[
m_pTemplate
913D1AE2AA2BB936
F0EE41CAD6B86B4F
{
[
m_Name

]
[
m_nNodeFlags
0
]
[
m_Children
0
]
[
m_Position
000000000000000000000000
]
[
m_Frame
0000803F0000000000000000000000000000803F0000000000000000000000000000803F
]
[
m_pScene
0000000000000000
]
[
m_bNormalizeFrame
1
]
}
]
[
m_Children
0
]
[
m_Position
000000000000000000000080
]
[
m_Frame
0000803F0000000000000000000000000000803F0000000000000000000000000000803F
]
[
m_fFrameScale
1.000000
]
[
m_ScenePort
effects\\explosions\\parts\\large fireball.prt
]
[
m_NormalizeFrame
1
]
}
]
[
m_Begin
14.000000
]
[
m_End
24.000000
]
[
m_Invert
0
]
[
m_WarpTime
1
]
[
m_Loop
0
]
[
m_LoopTime
0.000000
]
}
]
[
m_Position
000000000000000000000000
]
[
m_Frame
0000803F0000000000000000000000000000803F0000000000000000000000000000803F
]
[
m_fFrameScale
1.000000
]
[
m_Pitch
-0.104720
]
[
m_Yaw
0.034907
]
[
m_Roll
0.087266
]
}
]
[
m_Bits
0
]
[
m_Type
01000000
]
[
m_MinDistance
0.000000
]
[
m_MaxDistance
3000.000000
]
[
m_fFadePercent
0.100000
]
[
m_MinDetailLevel
00000000
]
[
m_MaxDetailLevel
02000000
]
[
m_bZeroTime
0
]
}
]
[
m_Position
000000000000000000000000
]
[
m_Frame
0000803F0000000000000000000000000000803F0000000000000000000000000000803F
]
[
m_fFrameScale
1.000000
]
}
]
[
m_Fps
15.000000
]
[
m_Segments
1
effect
0.000000
24.000000
]
[
m_TargetPosition
000000000000000000000000
]
[
m_TargetDistance
95.641853
]
[
m_TargetFrame
F7F6793EEB6A30BF19AA2EBFE88F68BFD85FAB3D62AFD1BE67BBAD3E1244383F64091BBF
]
}
