PRT
BBE32C0F2208BFD2
095DEEB5BCDA7CCD
{
[
m_Root
E98E268F2008D746
C87C0249742B5054
{
[
m_NodeKey
08C9762A881EBB4B
]
[
m_Class
231158F1834B35BB
]
[
m_Name
Node
]
[
m_pTemplate
231158F1834B35BB
C97C0249742B5054
{
[
m_Name

]
[
m_nNodeFlags
0
]
[
m_Children
0
]
[
m_Position
000000000000000000000000
]
[
m_Frame
0000803F0000000000000000000000000000803F0000000000000000000000000000803F
]
}
]
[
m_Children
1
F40F11A9E5528EFD
1019772A881EBB4B
{
[
m_NodeKey
300E772A881EBB4B
]
[
m_Class
C34AD77CBDD85FAC
]
[
m_Name
Node
]
[
m_pTemplate
C34AD77CBDD85FAC
3818FF7F22B06B4F
{
[
m_Name

]
[
m_nNodeFlags
0
]
[
m_Children
0
]
[
m_Bits
0
]
[
m_Type
00000000
]
[
m_MinDistance
0.000000
]
[
m_MaxDistance
32768.000000
]
[
m_fFadePercent
0.100000
]
[
m_MinDetailLevel
00000000
]
[
m_MaxDetailLevel
02000000
]
[
m_bZeroTime
0
]
}
]
[
m_Children
1
1633BE1F4D8C0670
82BE8B6B3DB06B4F
{
[
m_NodeKey
90898B6B3DB06B4F
]
[
m_Class
A961198F3000D746
]
[
m_Name
Node
]
[
m_pTemplate
A961198F3000D746
34158C6B3DB06B4F
{
[
m_Name

]
[
m_nNodeFlags
0
]
[
m_Children
0
]
[
m_Position
000000000000000000000000
]
[
m_Frame
0000803F0000000000000000000000000000803F0000000000000000000000000000803F
]
[
m_Yaw
0.000000
]
[
m_Pitch
0.000000
]
[
m_Roll
0.000000
]
}
]
[
m_Children
3
A7576C18F8579FE1
6B9E8C6B3DB06B4F
{
[
m_NodeKey
40908C6B3DB06B4F
]
[
m_Class
D47152A9AD198EFD
]
[
m_Name
Node
]
[
m_pTemplate
D47152A9AD198EFD
10C08C6B3DB06B4F
{
[
m_Name

]
[
m_nNodeFlags
0
]
[
m_Children
0
]
[
m_Begin
0.000000
]
[
m_End
0.000000
]
[
m_Invert
0
]
[
m_WarpTime
1
]
[
m_Loop
0
]
[
m_LoopEnd
0.000000
]
}
]
[
m_Children
8
23E338DC4B2BBF92
A2158D6B3DB06B4F
{
[
m_NodeKey
BD038D6B3DB06B4F
]
[
m_Class
913D1AE2AA2BB936
]
[
m_Name
Node
]
[
m_pTemplate
913D1AE2AA2BB936
C25E8D6B3DB06B4F
{
[
m_Name

]
[
m_nNodeFlags
0
]
[
m_Children
0
]
[
m_Position
000000000000000000000000
]
[
m_Frame
0000803F0000000000000000000000000000803F0000000000000000000000000000803F
]
[
m_pScene
0000000000000000
]
[
m_bNormalizeFrame
1
]
}
]
[
m_Children
0
]
[
m_Position
000000000000000000000000
]
[
m_Frame
0000803F0000000000000000000000000000803F0000000000000000000000000000803F
]
[
m_fFrameScale
1.000000
]
[
m_ScenePort
ships\\icc\\cruiser\\icc-cc-mk7.prt
]
[
m_NormalizeFrame
0
]
}
901B82F4E788E60C
B107250E4BB06B4F
{
[
m_NodeKey
C025250E4BB06B4F
]
[
m_Class
1A0F914D30CE700C
]
[
m_Name
Node
]
[
m_pTemplate
1A0F914D30CE700C
C6FE570E4BB06B4F
{
[
m_Name

]
[
m_nNodeFlags
2
]
[
m_Children
0
]
[
m_Position
000000000000000000000000
]
[
m_Frame
0000803F0000000000000000000000000000803F0000000000000000000000000000803F
]
[
m_Material
0000000000000000
]
[
m_SystemDuration
60.000000
]
[
m_bContinuous
0
]
[
m_bLocalSpace
0
]
[
m_ParticleRadius
0.200000
]
[
m_percentRadiusRandomness
0.350000
]
[
m_maxNumParticles
256
]
[
m_MeanInitialSpeed
0.000000
]
[
m_InitialPositionMaxRadius
30.000000
]
[
m_percentInitialPositionRandomness
0000803F0000803F0000803F
]
[
m_percentInitialSpeedRandomness
0.500000
]
[
m_percentInitialDirectionRandomness
0000803F0000803F0000803F
]
[
m_ParticleEmissionRate
57.000000
]
[
m_percentEmissionRateRandomness
0.900000
]
[
m_ParticleLifeRandomness
0.000000
]
[
m_ParticleLifetime
3.500000
]
[
m_FadeInDuration
1.500000
]
[
m_FadeOutDuration
1.500000
]
[
m_ParticleMass
0.000000
]
[
m_BouyantForceMagnitude
4.300000
]
[
m_WindAcceleration
000000000000000000000000
]
[
m_bAlphaFadeIn
0
]
[
m_bAlphaFadeOut
1
]
[
m_bScaleIn
0
]
[
m_bScaleOut
0
]
[
m_bRadialVelocity
0
]
[
m_InitVelocity
0000000000000000000080BF
]
[
m_bAnimateColor
0
]
[
m_ColorGradStart
FFFFFFFF
]
[
m_ColorGradEnd
FFFFFFFF
]
[
m_bCreateOnSurface
0
]
[
m_BoxDiagonal
000000000000000000000000
]
[
m_bCreateInBox
0
]
[
m_bLiveInBox
0
]
}
]
[
m_Children
0
]
[
m_Position
000000000000000000000000
]
[
m_Frame
0000803F0000000000000000000000000000803F0000000000000000000000000000803F
]
[
m_fFrameScale
1.000000
]
[
m_MaterialPort

]
[
m_SystemDuration
60.000000
]
[
m_bContinuous
0
]
[
m_bLocalSpace
0
]
[
m_ParticleRadius
0.400000
]
[
m_percentRadiusRandomness
0.350000
]
[
m_maxNumParticles
512
]
[
m_MeanInitialSpeed
1.000000
]
[
m_InitialPositionMaxRadius
1.000000
]
[
m_percentInitialPositionRandomness
0000803F0000803F0000803F
]
[
m_percentInitialSpeedRandomness
0.500000
]
[
m_ParticleEmissionRate
32.000000
]
[
m_percentEmissionRateRandomness
0.900000
]
[
m_ParticleLifeRandomness
0.000000
]
[
m_ParticleLifetime
3.000000
]
[
m_FadeInDuration
0.500000
]
[
m_FadeOutDuration
0.500000
]
[
m_ParticleMass
0.000000
]
[
m_BouyantForceMagnitude
0.000000
]
[
m_bAlphaFadeIn
0
]
[
m_bAlphaFadeOut
1
]
[
m_bScaleIn
0
]
[
m_bScaleOut
0
]
[
m_bRadialVelocity
0
]
[
m_percentInitialDirectionRandomness
0000803F0000803F0000803F
]
[
m_InitVelocity
000000000000000000000000
]
[
m_bAnimateColor
0
]
[
m_ColorGradStart
16777215
]
[
m_ColorGradEnd
16777215
]
[
m_bCreateOnSurface
0
]
[
m_BoxDiagonal
000000000000000000000000
]
[
m_bCreateInBox
0
]
[
m_bLiveInBox
0
]
}
23E338DC4B2BBF92
1A54CE1DFFB16B4F
{
[
m_NodeKey
3914CE1DFFB16B4F
]
[
m_Class
913D1AE2AA2BB936
]
[
m_Name
Node
]
[
m_pTemplate
913D1AE2AA2BB936
8DE9CE1DFFB16B4F
{
[
m_Name

]
[
m_nNodeFlags
0
]
[
m_Children
0
]
[
m_Position
000000000000000000000000
]
[
m_Frame
0000803F0000000000000000000000000000803F0000000000000000000000000000803F
]
[
m_pScene
0000000000000000
]
[
m_bNormalizeFrame
1
]
}
]
[
m_Children
0
]
[
m_Position
333333C09A99993ECDCC4CBE
]
[
m_Frame
0000803F0000000000000000000000000000803F0000000000000000000000000000803F
]
[
m_fFrameScale
1.000000
]
[
m_ScenePort
effects\\fires\\shipfire2.prt
]
[
m_NormalizeFrame
0
]
}
23E338DC4B2BBF92
218B594B17B16B4F
{
[
m_NodeKey
98AA594B17B16B4F
]
[
m_Class
913D1AE2AA2BB936
]
[
m_Name
Node
]
[
m_pTemplate
913D1AE2AA2BB936
64258B4B17B16B4F
{
[
m_Name

]
[
m_nNodeFlags
0
]
[
m_Children
0
]
[
m_Position
000000000000000000000000
]
[
m_Frame
0000803F0000000000000000000000000000803F0000000000000000000000000000803F
]
[
m_pScene
0000000000000000
]
[
m_bNormalizeFrame
1
]
}
]
[
m_Children
0
]
[
m_Position
333333C09A9999BECDCC4CBE
]
[
m_Frame
0000803F0000000000000000000000000000803F0000000000000000000000000000803F
]
[
m_fFrameScale
1.000000
]
[
m_ScenePort
effects\\explosions\\parts\\small explosion.prt
]
[
m_NormalizeFrame
1
]
}
23E338DC4B2BBF92
5FEF5DC427B16B4F
{
[
m_NodeKey
1DAA5DC427B16B4F
]
[
m_Class
913D1AE2AA2BB936
]
[
m_Name
Node
]
[
m_pTemplate
913D1AE2AA2BB936
FB855EC427B16B4F
{
[
m_Name

]
[
m_nNodeFlags
0
]
[
m_Children
0
]
[
m_Position
000000000000000000000000
]
[
m_Frame
0000803F0000000000000000000000000000803F0000000000000000000000000000803F
]
[
m_pScene
0000000000000000
]
[
m_bNormalizeFrame
1
]
}
]
[
m_Children
0
]
[
m_Position
333333C0CDCC4CBE000080BF
]
[
m_Frame
0000803F00000000000000000000000060F88EBC05F67F3F0000000005F67FBF60F88EBC
]
[
m_fFrameScale
5.000000
]
[
m_ScenePort
effects\\fires\\shipfire2.prt
]
[
m_NormalizeFrame
0
]
}
23E338DC4B2BBF92
B2CBD87306B66B4F
{
[
m_NodeKey
548DD87306B66B4F
]
[
m_Class
913D1AE2AA2BB936
]
[
m_Name
Node
]
[
m_pTemplate
913D1AE2AA2BB936
E45CD97306B66B4F
{
[
m_Name

]
[
m_nNodeFlags
0
]
[
m_Children
0
]
[
m_Position
000000000000000000000000
]
[
m_Frame
0000803F0000000000000000000000000000803F0000000000000000000000000000803F
]
[
m_pScene
0000000000000000
]
[
m_bNormalizeFrame
1
]
}
]
[
m_Children
0
]
[
m_Position
333333C0CDCC4CBE000080BF
]
[
m_Frame
000080BF000000000000000000000000D0F20E3D14D87FBF0000008014D87FBFD0F20EBD
]
[
m_fFrameScale
5.000000
]
[
m_ScenePort
effects\\fires\\shipfire2.prt
]
[
m_NormalizeFrame
0
]
}
23E338DC4B2BBF92
9440EDF8C9B46B4F
{
[
m_NodeKey
F968EDF8C9B46B4F
]
[
m_Class
913D1AE2AA2BB936
]
[
m_Name
Node
]
[
m_pTemplate
913D1AE2AA2BB936
DEB125F9C9B46B4F
{
[
m_Name

]
[
m_nNodeFlags
0
]
[
m_Children
0
]
[
m_Position
000000000000000000000000
]
[
m_Frame
0000803F0000000000000000000000000000803F0000000000000000000000000000803F
]
[
m_pScene
0000000000000000
]
[
m_bNormalizeFrame
1
]
}
]
[
m_Children
0
]
[
m_Position
333333409A99993E000030C0
]
[
m_Frame
0000803F0000000000000000000000000000803F0000000000000000000000000000803F
]
[
m_fFrameScale
2.000000
]
[
m_ScenePort
effects\\fires\\shipfire3.prt
]
[
m_NormalizeFrame
0
]
}
23E338DC4B2BBF92
E131699B5FB46B4F
{
[
m_NodeKey
C2F3689B5FB46B4F
]
[
m_Class
913D1AE2AA2BB936
]
[
m_Name
Node
]
[
m_pTemplate
913D1AE2AA2BB936
C9BE699B5FB46B4F
{
[
m_Name

]
[
m_nNodeFlags
0
]
[
m_Children
0
]
[
m_Position
000000000000000000000000
]
[
m_Frame
0000803F0000000000000000000000000000803F0000000000000000000000000000803F
]
[
m_pScene
0000000000000000
]
[
m_bNormalizeFrame
1
]
}
]
[
m_Children
0
]
[
m_Position
CDCCCC3D6666863F000040C0
]
[
m_Frame
0000803F0000000000000000000000000000803F0000000000000000000000000000803F
]
[
m_fFrameScale
1.000000
]
[
m_ScenePort
effects\\fires\\shipfire6.prt
]
[
m_NormalizeFrame
1
]
}
]
[
m_Begin
0.000000
]
[
m_End
12.000000
]
[
m_Invert
0
]
[
m_WarpTime
1
]
[
m_Loop
0
]
[
m_LoopTime
0.000000
]
}
A7576C18F8579FE1
E3A9E03A2EB66B4F
{
[
m_NodeKey
D7C7E03A2EB66B4F
]
[
m_Class
D47152A9AD198EFD
]
[
m_Name
Node
]
[
m_pTemplate
D47152A9AD198EFD
450E143B2EB66B4F
{
[
m_Name

]
[
m_nNodeFlags
0
]
[
m_Children
0
]
[
m_Begin
0.000000
]
[
m_End
0.000000
]
[
m_Invert
0
]
[
m_WarpTime
1
]
[
m_Loop
0
]
[
m_LoopEnd
0.000000
]
}
]
[
m_Children
1
23E338DC4B2BBF92
5CE2DC672AB66B4F
{
[
m_NodeKey
AC04DD672AB66B4F
]
[
m_Class
913D1AE2AA2BB936
]
[
m_Name
Node
]
[
m_pTemplate
913D1AE2AA2BB936
3EA80D682AB66B4F
{
[
m_Name

]
[
m_nNodeFlags
0
]
[
m_Children
0
]
[
m_Position
000000000000000000000000
]
[
m_Frame
0000803F0000000000000000000000000000803F0000000000000000000000000000803F
]
[
m_pScene
0000000000000000
]
[
m_bNormalizeFrame
1
]
}
]
[
m_Children
0
]
[
m_Position
33333340CDCC4CBE000080BF
]
[
m_Frame
0000803F0000000000000000000000000000803F0000000000000000000000000000803F
]
[
m_fFrameScale
1.000000
]
[
m_ScenePort
effects\\explosions\\parts\\medium fireball.prt
]
[
m_NormalizeFrame
1
]
}
]
[
m_Begin
8.000000
]
[
m_End
18.000000
]
[
m_Invert
0
]
[
m_WarpTime
1
]
[
m_Loop
0
]
[
m_LoopTime
0.000000
]
}
A7576C18F8579FE1
A573D86EEEB76B4F
{
[
m_NodeKey
F094D86EEEB76B4F
]
[
m_Class
D47152A9AD198EFD
]
[
m_Name
Node
]
[
m_pTemplate
D47152A9AD198EFD
FAFEEB6EEEB76B4F
{
[
m_Name

]
[
m_nNodeFlags
0
]
[
m_Children
0
]
[
m_Begin
0.000000
]
[
m_End
0.000000
]
[
m_Invert
0
]
[
m_WarpTime
1
]
[
m_Loop
0
]
[
m_LoopEnd
0.000000
]
}
]
[
m_Children
2
23E338DC4B2BBF92
212BF068FDB76B4F
{
[
m_NodeKey
40F4EF68FDB76B4F
]
[
m_Class
913D1AE2AA2BB936
]
[
m_Name
Node
]
[
m_pTemplate
913D1AE2AA2BB936
4FB4F068FDB76B4F
{
[
m_Name

]
[
m_nNodeFlags
0
]
[
m_Children
0
]
[
m_Position
000000000000000000000000
]
[
m_Frame
0000803F0000000000000000000000000000803F0000000000000000000000000000803F
]
[
m_pScene
0000000000000000
]
[
m_bNormalizeFrame
1
]
}
]
[
m_Children
0
]
[
m_Position
0000803F0000803F0000803F
]
[
m_Frame
0000803F0000000000000000000000000000803F0000000000000000000000000000803F
]
[
m_fFrameScale
1.000000
]
[
m_ScenePort
effects\\explosions\\parts\\large blue explosion.prt
]
[
m_NormalizeFrame
1
]
}
23E338DC4B2BBF92
60440316FDBA6B4F
{
[
m_NodeKey
F8030316FDBA6B4F
]
[
m_Class
913D1AE2AA2BB936
]
[
m_Name
Node
]
[
m_pTemplate
913D1AE2AA2BB936
67E20316FDBA6B4F
{
[
m_Name

]
[
m_nNodeFlags
0
]
[
m_Children
0
]
[
m_Position
000000000000000000000000
]
[
m_Frame
0000803F0000000000000000000000000000803F0000000000000000000000000000803F
]
[
m_pScene
0000000000000000
]
[
m_bNormalizeFrame
1
]
}
]
[
m_Children
0
]
[
m_Position
000080BF000080BF000080BF
]
[
m_Frame
0000803F0000000000000000000000000000803F0000000000000000000000000000803F
]
[
m_fFrameScale
1.000000
]
[
m_ScenePort
effects\\explosions\\parts\\large blue explosion.prt
]
[
m_NormalizeFrame
1
]
}
]
[
m_Begin
7.000000
]
[
m_End
17.000000
]
[
m_Invert
0
]
[
m_WarpTime
1
]
[
m_Loop
0
]
[
m_LoopTime
0.000000
]
}
]
[
m_Position
000000000000000000000000
]
[
m_Frame
0000803F0000000000000000000000000000803F0000000000000000000000000000803F
]
[
m_fFrameScale
1.000000
]
[
m_Pitch
0.000000
]
[
m_Yaw
0.000000
]
[
m_Roll
-0.150000
]
}
]
[
m_Bits
0
]
[
m_Type
01000000
]
[
m_MinDistance
0.000000
]
[
m_MaxDistance
3000.000000
]
[
m_fFadePercent
0.100000
]
[
m_MinDetailLevel
00000000
]
[
m_MaxDetailLevel
02000000
]
[
m_bZeroTime
0
]
}
]
[
m_Position
000000000000000000000000
]
[
m_Frame
0000803F0000000000000000000000000000803F0000000000000000000000000000803F
]
[
m_fFrameScale
1.000000
]
}
]
[
m_Fps
15.000000
]
[
m_Segments
1
effect
0.000000
20.000000
]
[
m_TargetPosition
A189D7BF1CCE0E4002564DBF
]
[
m_TargetDistance
118.584053
]
[
m_TargetFrame
571519BFB45948BF4D2431BE54354C3FC2261ABFEF0F08BD4017A0BD0BA521BE3BFF7B3F
]
}
