PRT
BBE32C0F2208BFD2
15A457F72F0043D8
{
[
m_Root
E98E268F2008D746
2FCF0249742B5054
{
[
m_NodeKey
E98F681B4E2D9151
]
[
m_Class
231158F1834B35BB
]
[
m_Name
Node
]
[
m_pTemplate
BCD8C64E28ED4A4B
89FF681B4E2D9151
{
[
m_Name

]
[
m_nNodeFlags
0
]
[
m_Children
0
]
}
]
[
m_Children
1
F40F11A9E5528EFD
AE97691B4E2D9151
{
[
m_NodeKey
B9A6691B4E2D9151
]
[
m_Class
C34AD77CBDD85FAC
]
[
m_Name
Node
]
[
m_pTemplate
C34AD77CBDD85FAC
71136A1B4E2D9151
{
[
m_Name

]
[
m_nNodeFlags
0
]
[
m_Children
0
]
[
m_Bits
0
]
[
m_Type
00000000
]
[
m_MinDistance
0.000000
]
[
m_MaxDistance
32768.000000
]
[
m_fFadePercent
0.100000
]
[
m_MinDetailLevel
00000000
]
[
m_MaxDetailLevel
02000000
]
[
m_bZeroTime
0
]
}
]
[
m_Children
1
1633BE1F4D8C0670
4EEF6A1B4E2D9151
{
[
m_NodeKey
71FE6A1B4E2D9151
]
[
m_Class
A961198F3000D746
]
[
m_Name
Node
]
[
m_pTemplate
A961198F3000D746
79686B1B4E2D9151
{
[
m_Name

]
[
m_nNodeFlags
0
]
[
m_Children
0
]
[
m_Position
000000000000000000000000
]
[
m_Frame
0000803F0000000000000000000000000000803F0000000000000000000000000000803F
]
[
m_Yaw
0.000000
]
[
m_Pitch
0.000000
]
[
m_Roll
0.000000
]
}
]
[
m_Children
3
A7576C18F8579FE1
D9106C1B4E2D9151
{
[
m_NodeKey
011F6C1B4E2D9151
]
[
m_Class
D47152A9AD198EFD
]
[
m_Name
Node
]
[
m_pTemplate
D47152A9AD198EFD
29746C1B4E2D9151
{
[
m_Name

]
[
m_nNodeFlags
0
]
[
m_Children
0
]
[
m_Begin
0.000000
]
[
m_End
0.000000
]
[
m_Invert
0
]
[
m_WarpTime
1
]
[
m_Loop
0
]
[
m_LoopEnd
0.000000
]
}
]
[
m_Children
5
23E338DC4B2BBF92
61226D1B4E2D9151
{
[
m_NodeKey
A1306D1B4E2D9151
]
[
m_Class
913D1AE2AA2BB936
]
[
m_Name
Node
]
[
m_pTemplate
913D1AE2AA2BB936
31846D1B4E2D9151
{
[
m_Name

]
[
m_nNodeFlags
0
]
[
m_Children
0
]
[
m_Position
000000000000000000000000
]
[
m_Frame
0000803F0000000000000000000000000000803F0000000000000000000000000000803F
]
[
m_pScene
0000000000000000
]
[
m_bNormalizeFrame
1
]
}
]
[
m_Children
0
]
[
m_Position
000000000000000000000000
]
[
m_Frame
0000803F0000000000000000000000000000803F0000000000000000000000000000803F
]
[
m_fFrameScale
1.000000
]
[
m_ScenePort
ships\\icc\\cruiser\\command cruiser.prt
]
[
m_NormalizeFrame
0
]
}
23E338DC4B2BBF92
89D66E1B4E2D9151
{
[
m_NodeKey
79E46E1B4E2D9151
]
[
m_Class
913D1AE2AA2BB936
]
[
m_Name
Node
]
[
m_pTemplate
913D1AE2AA2BB936
A1306F1B4E2D9151
{
[
m_Name

]
[
m_nNodeFlags
0
]
[
m_Children
0
]
[
m_Position
000000000000000000000000
]
[
m_Frame
0000803F0000000000000000000000000000803F0000000000000000000000000000803F
]
[
m_pScene
0000000000000000
]
[
m_bNormalizeFrame
1
]
}
]
[
m_Children
0
]
[
m_Position
6666263F3333B33E333393BF
]
[
m_Frame
25D97C3F5B3020BE000000005B30203E25D97C3F0000008000000000000000000000803F
]
[
m_fFrameScale
1.000000
]
[
m_ScenePort
effects\\fires\\shipfire2.prt
]
[
m_NormalizeFrame
1
]
}
23E338DC4B2BBF92
E607701B4E2D9151
{
[
m_NodeKey
7E16701B4E2D9151
]
[
m_Class
913D1AE2AA2BB936
]
[
m_Name
Node
]
[
m_pTemplate
913D1AE2AA2BB936
A95A701B4E2D9151
{
[
m_Name

]
[
m_nNodeFlags
0
]
[
m_Children
0
]
[
m_Position
000000000000000000000000
]
[
m_Frame
0000803F0000000000000000000000000000803F0000000000000000000000000000803F
]
[
m_pScene
0000000000000000
]
[
m_bNormalizeFrame
1
]
}
]
[
m_Children
0
]
[
m_Position
9A9919BF9A9919BECDCC4C3F
]
[
m_Frame
6361D83ECB03683F00000080BFFA67BFF358D83E3DF68E3C4691813C4EACF1BB05F67F3F
]
[
m_fFrameScale
1.000000
]
[
m_ScenePort
effects\\fires\\shipfire2.prt
]
[
m_NormalizeFrame
1
]
}
23E338DC4B2BBF92
161D711B4E2D9151
{
[
m_NodeKey
F12A711B4E2D9151
]
[
m_Class
913D1AE2AA2BB936
]
[
m_Name
Node
]
[
m_pTemplate
913D1AE2AA2BB936
4971711B4E2D9151
{
[
m_Name

]
[
m_nNodeFlags
0
]
[
m_Children
0
]
[
m_Position
000000000000000000000000
]
[
m_Frame
0000803F0000000000000000000000000000803F0000000000000000000000000000803F
]
[
m_pScene
0000000000000000
]
[
m_bNormalizeFrame
1
]
}
]
[
m_Children
0
]
[
m_Position
0000000000000000000040C0
]
[
m_Frame
0000803F0000000000000000000000000000803F0000000000000000000000000000803F
]
[
m_fFrameScale
1.000000
]
[
m_ScenePort
effects\\explosions\\parts\\medium small fireball.prt
]
[
m_NormalizeFrame
1
]
}
A7576C18F8579FE1
9E24721B4E2D9151
{
[
m_NodeKey
0133721B4E2D9151
]
[
m_Class
D47152A9AD198EFD
]
[
m_Name
Node
]
[
m_pTemplate
D47152A9AD198EFD
7179721B4E2D9151
{
[
m_Name

]
[
m_nNodeFlags
0
]
[
m_Children
0
]
[
m_Begin
0.000000
]
[
m_End
0.000000
]
[
m_Invert
0
]
[
m_WarpTime
1
]
[
m_Loop
0
]
[
m_LoopEnd
0.000000
]
}
]
[
m_Children
1
23E338DC4B2BBF92
4615731B4E2D9151
{
[
m_NodeKey
3122731B4E2D9151
]
[
m_Class
913D1AE2AA2BB936
]
[
m_Name
Node
]
[
m_pTemplate
913D1AE2AA2BB936
AE63731B4E2D9151
{
[
m_Name

]
[
m_nNodeFlags
0
]
[
m_Children
0
]
[
m_Position
000000000000000000000000
]
[
m_Frame
0000803F0000000000000000000000000000803F0000000000000000000000000000803F
]
[
m_pScene
0000000000000000
]
[
m_bNormalizeFrame
1
]
}
]
[
m_Children
0
]
[
m_Position
000000000000000000004040
]
[
m_Frame
0000803F0000000000000000000000000000803F0000000000000000000000000000803F
]
[
m_fFrameScale
1.000000
]
[
m_ScenePort
effects\\explosions\\parts\\red shockwave advanced.prt
]
[
m_NormalizeFrame
1
]
}
]
[
m_Begin
3.000000
]
[
m_End
13.000000
]
[
m_Invert
0
]
[
m_WarpTime
1
]
[
m_Loop
0
]
[
m_LoopTime
0.000000
]
}
]
[
m_Begin
0.000000
]
[
m_End
12.800000
]
[
m_Invert
0
]
[
m_WarpTime
1
]
[
m_Loop
0
]
[
m_LoopTime
0.000000
]
}
A7576C18F8579FE1
A675741B4E2D9151
{
[
m_NodeKey
EE81741B4E2D9151
]
[
m_Class
D47152A9AD198EFD
]
[
m_Name
Node
]
[
m_pTemplate
D47152A9AD198EFD
A1C6741B4E2D9151
{
[
m_Name

]
[
m_nNodeFlags
0
]
[
m_Children
0
]
[
m_Begin
0.000000
]
[
m_End
0.000000
]
[
m_Invert
0
]
[
m_WarpTime
1
]
[
m_Loop
0
]
[
m_LoopEnd
0.000000
]
}
]
[
m_Children
3
23E338DC4B2BBF92
4664751B4E2D9151
{
[
m_NodeKey
B171751B4E2D9151
]
[
m_Class
913D1AE2AA2BB936
]
[
m_Name
Node
]
[
m_pTemplate
913D1AE2AA2BB936
2EB7751B4E2D9151
{
[
m_Name

]
[
m_nNodeFlags
0
]
[
m_Children
0
]
[
m_Position
000000000000000000000000
]
[
m_Frame
0000803F0000000000000000000000000000803F0000000000000000000000000000803F
]
[
m_pScene
0000000000000000
]
[
m_bNormalizeFrame
1
]
}
]
[
m_Children
0
]
[
m_Position
0000000000000000000000C0
]
[
m_Frame
0000803F0000000000000000000000000000803F0000000000000000000000000000803F
]
[
m_fFrameScale
1.000000
]
[
m_ScenePort
effects\\explosions\\parts\\small blue fireball.prt
]
[
m_NormalizeFrame
1
]
}
F122BE274D8CF862
B67D761B4E2D9151
{
[
m_NodeKey
C98B761B4E2D9151
]
[
m_Class
2912078ED02FD646
]
[
m_Name
Node
]
[
m_pTemplate
2912078ED02FD646
2ED8761B4E2D9151
{
[
m_Name

]
[
m_nNodeFlags
0
]
[
m_Children
0
]
[
m_Time
1.000000
]
[
m_Steps
4
]
[
m_Blending
03000000
]
}
]
[
m_Children
1
23E338DC4B2BBF92
7E6A771B4E2D9151
{
[
m_NodeKey
A676771B4E2D9151
]
[
m_Class
913D1AE2AA2BB936
]
[
m_Name
Node
]
[
m_pTemplate
913D1AE2AA2BB936
5EBC771B4E2D9151
{
[
m_Name

]
[
m_nNodeFlags
0
]
[
m_Children
0
]
[
m_Position
000000000000000000000000
]
[
m_Frame
0000803F0000000000000000000000000000803F0000000000000000000000000000803F
]
[
m_pScene
0000000000000000
]
[
m_bNormalizeFrame
1
]
}
]
[
m_Children
0
]
[
m_Position
0000000000000000000000C0
]
[
m_Frame
0000803F0000000000000000000000000000803F0000000000000000000000000000803F
]
[
m_fFrameScale
0.200000
]
[
m_ScenePort
effects\\misc\\electro_flare.prt
]
[
m_NormalizeFrame
0
]
}
]
[
m_Time
1.000000
]
[
m_Steps
2
]
[
m_Blending
03000000
]
}
A3EF38DE4BABBF9C
469B781B4E2D9151
{
[
m_NodeKey
19A7781B4E2D9151
]
[
m_Class
B13DD2E2A2CBB936
]
[
m_Name
NodeSound
]
[
m_pTemplate
B13DD2E2A2CBB936
8903791B4E2D9151
{
[
m_Name

]
[
m_nNodeFlags
0
]
[
m_Children
0
]
[
m_Sound
0000000000000000
]
[
m_Falloff
0.020000
]
[
m_Loop
0
]
}
]
[
m_Children
0
]
[
m_SoundPort
sound\\neno\\ships\\01 hyper jump activate.prt
]
[
m_Falloff
0.000100
]
[
m_Loop
0
]
}
]
[
m_Begin
7.000000
]
[
m_End
13.000000
]
[
m_Invert
0
]
[
m_WarpTime
1
]
[
m_Loop
0
]
[
m_LoopTime
0.000000
]
}
A7576C18F8579FE1
89DF791B4E2D9151
{
[
m_NodeKey
FEF0791B4E2D9151
]
[
m_Class
D47152A9AD198EFD
]
[
m_Name
Node
]
[
m_pTemplate
D47152A9AD198EFD
0E357A1B4E2D9151
{
[
m_Name

]
[
m_nNodeFlags
0
]
[
m_Children
0
]
[
m_Begin
0.000000
]
[
m_End
0.000000
]
[
m_Invert
0
]
[
m_WarpTime
1
]
[
m_Loop
0
]
[
m_LoopEnd
0.000000
]
}
]
[
m_Children
2
23E338DC4B2BBF92
8E007B1B4E2D9151
{
[
m_NodeKey
A10E7B1B4E2D9151
]
[
m_Class
913D1AE2AA2BB936
]
[
m_Name
Node
]
[
m_pTemplate
913D1AE2AA2BB936
16577B1B4E2D9151
{
[
m_Name

]
[
m_nNodeFlags
0
]
[
m_Children
0
]
[
m_Position
000000000000000000000000
]
[
m_Frame
0000803F0000000000000000000000000000803F0000000000000000000000000000803F
]
[
m_pScene
0000000000000000
]
[
m_bNormalizeFrame
1
]
}
]
[
m_Children
0
]
[
m_Position
000000000000000000000000
]
[
m_Frame
0000803F0000000000000000000000000000803F0000000000000000000000000000803F
]
[
m_fFrameScale
1.000000
]
[
m_ScenePort
effects\\explosions\\parts\\medium fireball.prt
]
[
m_NormalizeFrame
1
]
}
23E338DC4B2BBF92
36127C1B4E2D9151
{
[
m_NodeKey
39207C1B4E2D9151
]
[
m_Class
913D1AE2AA2BB936
]
[
m_Name
Node
]
[
m_pTemplate
913D1AE2AA2BB936
99647C1B4E2D9151
{
[
m_Name

]
[
m_nNodeFlags
0
]
[
m_Children
0
]
[
m_Position
000000000000000000000000
]
[
m_Frame
0000803F0000000000000000000000000000803F0000000000000000000000000000803F
]
[
m_pScene
0000000000000000
]
[
m_bNormalizeFrame
1
]
}
]
[
m_Children
0
]
[
m_Position
000000000000000000000000
]
[
m_Frame
0000803F0000000000000000000000000000803F0000000000000000000000000000803F
]
[
m_fFrameScale
1.000000
]
[
m_ScenePort
effects\\explosions\\parts\\large fireball.prt
]
[
m_NormalizeFrame
1
]
}
]
[
m_Begin
9.000000
]
[
m_End
25.000000
]
[
m_Invert
0
]
[
m_WarpTime
1
]
[
m_Loop
0
]
[
m_LoopTime
0.000000
]
}
]
[
m_Position
000000000000000000000000
]
[
m_Frame
0000803F0000000000000000000000000000803F0000000000000000000000000000803F
]
[
m_fFrameScale
1.000000
]
[
m_Pitch
0.000000
]
[
m_Yaw
-0.150000
]
[
m_Roll
-0.200000
]
}
]
[
m_Bits
0
]
[
m_Type
01000000
]
[
m_MinDistance
0.000000
]
[
m_MaxDistance
3000.000000
]
[
m_fFadePercent
0.100000
]
[
m_MinDetailLevel
00000000
]
[
m_MaxDetailLevel
02000000
]
[
m_bZeroTime
0
]
}
]
[
m_Position
000000000000000000000000
]
[
m_Frame
0000803F0000000000000000000000000000803F0000000000000000000000000000803F
]
[
m_fFrameScale
1.000000
]
}
]
[
m_Fps
15.000000
]
[
m_Segments
1
effect
0.000000
25.000000
]
[
m_TargetPosition
A449293F92487FBEC20B803E
]
[
m_TargetDistance
50.751160
]
[
m_TargetFrame
A08041BFA59B1E3F5BC0583E875011BD5121B9BE98816E3FE55C273F655B323F2530973E
]
}
