PRT
BBE32C0F2208BFD2
E3FAE8DDB581641A
{
[
m_Root
E98E268F2008D746
FBCF0249742B5054
{
[
m_NodeKey
D46E64FA634AB451
]
[
m_Class
231158F1834B35BB
]
[
m_Name
Node
]
[
m_pTemplate
BCD8C64E28ED4A4B
34CE64FA634AB451
{
[
m_Name

]
[
m_nNodeFlags
0
]
[
m_Children
0
]
}
]
[
m_Children
1
F40F11A9E5528EFD
1C6565FA634AB451
{
[
m_NodeKey
AF7465FA634AB451
]
[
m_Class
C34AD77CBDD85FAC
]
[
m_Name
Node
]
[
m_pTemplate
C34AD77CBDD85FAC
AC0566FA634AB451
{
[
m_Name

]
[
m_nNodeFlags
0
]
[
m_Children
0
]
[
m_Bits
0
]
[
m_Type
00000000
]
[
m_MinDistance
0.000000
]
[
m_MaxDistance
32768.000000
]
[
m_fFadePercent
0.100000
]
[
m_MinDetailLevel
00000000
]
[
m_MaxDetailLevel
02000000
]
[
m_bZeroTime
0
]
}
]
[
m_Children
1
1633BE1F4D8C0670
8CC566FA634AB451
{
[
m_NodeKey
27D566FA634AB451
]
[
m_Class
A961198F3000D746
]
[
m_Name
Node
]
[
m_pTemplate
A961198F3000D746
F73267FA634AB451
{
[
m_Name

]
[
m_nNodeFlags
0
]
[
m_Children
0
]
[
m_Position
000000000000000000000000
]
[
m_Frame
0000803F0000000000000000000000000000803F0000000000000000000000000000803F
]
[
m_Yaw
0.000000
]
[
m_Pitch
0.000000
]
[
m_Roll
0.000000
]
}
]
[
m_Children
3
A7576C18F8579FE1
ECD567FA634AB451
{
[
m_NodeKey
5CE467FA634AB451
]
[
m_Class
D47152A9AD198EFD
]
[
m_Name
Node
]
[
m_pTemplate
D47152A9AD198EFD
BF3468FA634AB451
{
[
m_Name

]
[
m_nNodeFlags
0
]
[
m_Children
0
]
[
m_Begin
0.000000
]
[
m_End
0.000000
]
[
m_Invert
0
]
[
m_WarpTime
1
]
[
m_Loop
0
]
[
m_LoopEnd
0.000000
]
}
]
[
m_Children
5
23E338DC4B2BBF92
7CDC68FA634AB451
{
[
m_NodeKey
F7E968FA634AB451
]
[
m_Class
913D1AE2AA2BB936
]
[
m_Name
Node
]
[
m_pTemplate
913D1AE2AA2BB936
B43C69FA634AB451
{
[
m_Name

]
[
m_nNodeFlags
0
]
[
m_Children
0
]
[
m_Position
000000000000000000000000
]
[
m_Frame
0000803F0000000000000000000000000000803F0000000000000000000000000000803F
]
[
m_pScene
0000000000000000
]
[
m_bNormalizeFrame
1
]
}
]
[
m_Children
0
]
[
m_Position
000000000000000000000000
]
[
m_Frame
0000803F0000000000000000000000000000803F0000000000000000000000000000803F
]
[
m_fFrameScale
1.000000
]
[
m_ScenePort
ships\\icc\\cruiser\\cruiser.prt
]
[
m_NormalizeFrame
0
]
}
23E338DC4B2BBF92
B4976AFA634AB451
{
[
m_NodeKey
3FA56AFA634AB451
]
[
m_Class
913D1AE2AA2BB936
]
[
m_Name
Node
]
[
m_pTemplate
913D1AE2AA2BB936
CFEF6AFA634AB451
{
[
m_Name

]
[
m_nNodeFlags
0
]
[
m_Children
0
]
[
m_Position
000000000000000000000000
]
[
m_Frame
0000803F0000000000000000000000000000803F0000000000000000000000000000803F
]
[
m_pScene
0000000000000000
]
[
m_bNormalizeFrame
1
]
}
]
[
m_Children
0
]
[
m_Position
6666263F3333B33E333393BF
]
[
m_Frame
25D97C3F5B3020BE000000005B30203E25D97C3F0000008000000000000000000000803F
]
[
m_fFrameScale
1.000000
]
[
m_ScenePort
effects\\fires\\shipfire2.prt
]
[
m_NormalizeFrame
1
]
}
23E338DC4B2BBF92
47B46BFA634AB451
{
[
m_NodeKey
44C16BFA634AB451
]
[
m_Class
913D1AE2AA2BB936
]
[
m_Name
Node
]
[
m_pTemplate
913D1AE2AA2BB936
D7086CFA634AB451
{
[
m_Name

]
[
m_nNodeFlags
0
]
[
m_Children
0
]
[
m_Position
000000000000000000000000
]
[
m_Frame
0000803F0000000000000000000000000000803F0000000000000000000000000000803F
]
[
m_pScene
0000000000000000
]
[
m_bNormalizeFrame
1
]
}
]
[
m_Children
0
]
[
m_Position
9A9919BF9A9919BECDCC4C3F
]
[
m_Frame
6361D83ECB03683F00000080BFFA67BFF358D83E3DF68E3C4691813C4EACF1BB05F67F3F
]
[
m_fFrameScale
1.000000
]
[
m_ScenePort
effects\\fires\\shipfire2.prt
]
[
m_NormalizeFrame
1
]
}
23E338DC4B2BBF92
0CB96CFA634AB451
{
[
m_NodeKey
7CC56CFA634AB451
]
[
m_Class
913D1AE2AA2BB936
]
[
m_Name
Node
]
[
m_pTemplate
913D1AE2AA2BB936
84096DFA634AB451
{
[
m_Name

]
[
m_nNodeFlags
0
]
[
m_Children
0
]
[
m_Position
000000000000000000000000
]
[
m_Frame
0000803F0000000000000000000000000000803F0000000000000000000000000000803F
]
[
m_pScene
0000000000000000
]
[
m_bNormalizeFrame
1
]
}
]
[
m_Children
0
]
[
m_Position
0000000000000000000040C0
]
[
m_Frame
0000803F0000000000000000000000000000803F0000000000000000000000000000803F
]
[
m_fFrameScale
1.000000
]
[
m_ScenePort
effects\\explosions\\parts\\medium small fireball.prt
]
[
m_NormalizeFrame
1
]
}
A7576C18F8579FE1
B7BC6DFA634AB451
{
[
m_NodeKey
DFC86DFA634AB451
]
[
m_Class
D47152A9AD198EFD
]
[
m_Name
Node
]
[
m_pTemplate
D47152A9AD198EFD
97136EFA634AB451
{
[
m_Name

]
[
m_nNodeFlags
0
]
[
m_Children
0
]
[
m_Begin
0.000000
]
[
m_End
0.000000
]
[
m_Invert
0
]
[
m_WarpTime
1
]
[
m_Loop
0
]
[
m_LoopEnd
0.000000
]
}
]
[
m_Children
1
23E338DC4B2BBF92
BCB16EFA634AB451
{
[
m_NodeKey
2FC06EFA634AB451
]
[
m_Class
913D1AE2AA2BB936
]
[
m_Name
Node
]
[
m_pTemplate
913D1AE2AA2BB936
27026FFA634AB451
{
[
m_Name

]
[
m_nNodeFlags
0
]
[
m_Children
0
]
[
m_Position
000000000000000000000000
]
[
m_Frame
0000803F0000000000000000000000000000803F0000000000000000000000000000803F
]
[
m_pScene
0000000000000000
]
[
m_bNormalizeFrame
1
]
}
]
[
m_Children
0
]
[
m_Position
000000000000000000004040
]
[
m_Frame
0000803F0000000000000000000000000000803F0000000000000000000000000000803F
]
[
m_fFrameScale
1.000000
]
[
m_ScenePort
effects\\explosions\\parts\\red shockwave advanced.prt
]
[
m_NormalizeFrame
1
]
}
]
[
m_Begin
3.000000
]
[
m_End
13.000000
]
[
m_Invert
0
]
[
m_WarpTime
1
]
[
m_Loop
0
]
[
m_LoopTime
0.000000
]
}
]
[
m_Begin
0.000000
]
[
m_End
12.800000
]
[
m_Invert
0
]
[
m_WarpTime
1
]
[
m_Loop
0
]
[
m_LoopTime
0.000000
]
}
A7576C18F8579FE1
9F0A70FA634AB451
{
[
m_NodeKey
AF1970FA634AB451
]
[
m_Class
D47152A9AD198EFD
]
[
m_Name
Node
]
[
m_pTemplate
D47152A9AD198EFD
DC5D70FA634AB451
{
[
m_Name

]
[
m_nNodeFlags
0
]
[
m_Children
0
]
[
m_Begin
0.000000
]
[
m_End
0.000000
]
[
m_Invert
0
]
[
m_WarpTime
1
]
[
m_Loop
0
]
[
m_LoopEnd
0.000000
]
}
]
[
m_Children
3
23E338DC4B2BBF92
2FEE70FA634AB451
{
[
m_NodeKey
1CF970FA634AB451
]
[
m_Class
913D1AE2AA2BB936
]
[
m_Name
Node
]
[
m_pTemplate
913D1AE2AA2BB936
D76B71FA634AB451
{
[
m_Name

]
[
m_nNodeFlags
0
]
[
m_Children
0
]
[
m_Position
000000000000000000000000
]
[
m_Frame
0000803F0000000000000000000000000000803F0000000000000000000000000000803F
]
[
m_pScene
0000000000000000
]
[
m_bNormalizeFrame
1
]
}
]
[
m_Children
0
]
[
m_Position
0000000000000000000000C0
]
[
m_Frame
0000803F0000000000000000000000000000803F0000000000000000000000000000803F
]
[
m_fFrameScale
1.000000
]
[
m_ScenePort
effects\\explosions\\parts\\small blue fireball.prt
]
[
m_NormalizeFrame
1
]
}
F122BE274D8CF862
973872FA634AB451
{
[
m_NodeKey
9F4572FA634AB451
]
[
m_Class
2912078ED02FD646
]
[
m_Name
Node
]
[
m_pTemplate
2912078ED02FD646
6F9972FA634AB451
{
[
m_Name

]
[
m_nNodeFlags
0
]
[
m_Children
0
]
[
m_Time
1.000000
]
[
m_Steps
4
]
[
m_Blending
03000000
]
}
]
[
m_Children
1
23E338DC4B2BBF92
3F2173FA634AB451
{
[
m_NodeKey
BF3073FA634AB451
]
[
m_Class
913D1AE2AA2BB936
]
[
m_Name
Node
]
[
m_pTemplate
913D1AE2AA2BB936
977773FA634AB451
{
[
m_Name

]
[
m_nNodeFlags
0
]
[
m_Children
0
]
[
m_Position
000000000000000000000000
]
[
m_Frame
0000803F0000000000000000000000000000803F0000000000000000000000000000803F
]
[
m_pScene
0000000000000000
]
[
m_bNormalizeFrame
1
]
}
]
[
m_Children
0
]
[
m_Position
0000000000000000000000C0
]
[
m_Frame
0000803F0000000000000000000000000000803F0000000000000000000000000000803F
]
[
m_fFrameScale
0.200000
]
[
m_ScenePort
effects\\misc\\electro_flare.prt
]
[
m_NormalizeFrame
0
]
}
]
[
m_Time
1.000000
]
[
m_Steps
2
]
[
m_Blending
03000000
]
}
A3EF38DE4BABBF9C
0F5874FA634AB451
{
[
m_NodeKey
FC6574FA634AB451
]
[
m_Class
B13DD2E2A2CBB936
]
[
m_Name
NodeSound
]
[
m_pTemplate
B13DD2E2A2CBB936
B7C874FA634AB451
{
[
m_Name

]
[
m_nNodeFlags
0
]
[
m_Children
0
]
[
m_Sound
0000000000000000
]
[
m_Falloff
0.020000
]
[
m_Loop
0
]
}
]
[
m_Children
0
]
[
m_SoundPort
sound\\neno\\ships\\01 hyper jump activate.prt
]
[
m_Falloff
0.000100
]
[
m_Loop
0
]
}
]
[
m_Begin
7.000000
]
[
m_End
13.000000
]
[
m_Invert
0
]
[
m_WarpTime
1
]
[
m_Loop
0
]
[
m_LoopTime
0.000000
]
}
A7576C18F8579FE1
2FBC75FA634AB451
{
[
m_NodeKey
C7C775FA634AB451
]
[
m_Class
D47152A9AD198EFD
]
[
m_Name
Node
]
[
m_pTemplate
D47152A9AD198EFD
740D76FA634AB451
{
[
m_Name

]
[
m_nNodeFlags
0
]
[
m_Children
0
]
[
m_Begin
0.000000
]
[
m_End
0.000000
]
[
m_Invert
0
]
[
m_WarpTime
1
]
[
m_Loop
0
]
[
m_LoopEnd
0.000000
]
}
]
[
m_Children
2
23E338DC4B2BBF92
54AA76FA634AB451
{
[
m_NodeKey
34B676FA634AB451
]
[
m_Class
913D1AE2AA2BB936
]
[
m_Name
Node
]
[
m_pTemplate
913D1AE2AA2BB936
ACFB76FA634AB451
{
[
m_Name

]
[
m_nNodeFlags
0
]
[
m_Children
0
]
[
m_Position
000000000000000000000000
]
[
m_Frame
0000803F0000000000000000000000000000803F0000000000000000000000000000803F
]
[
m_pScene
0000000000000000
]
[
m_bNormalizeFrame
1
]
}
]
[
m_Children
0
]
[
m_Position
000000000000000000000000
]
[
m_Frame
0000803F0000000000000000000000000000803F0000000000000000000000000000803F
]
[
m_fFrameScale
1.000000
]
[
m_ScenePort
effects\\explosions\\parts\\medium fireball.prt
]
[
m_NormalizeFrame
1
]
}
23E338DC4B2BBF92
DFC377FA634AB451
{
[
m_NodeKey
A4D277FA634AB451
]
[
m_Class
913D1AE2AA2BB936
]
[
m_Name
Node
]
[
m_pTemplate
913D1AE2AA2BB936
2F1878FA634AB451
{
[
m_Name

]
[
m_nNodeFlags
0
]
[
m_Children
0
]
[
m_Position
000000000000000000000000
]
[
m_Frame
0000803F0000000000000000000000000000803F0000000000000000000000000000803F
]
[
m_pScene
0000000000000000
]
[
m_bNormalizeFrame
1
]
}
]
[
m_Children
0
]
[
m_Position
000000000000000000000000
]
[
m_Frame
0000803F0000000000000000000000000000803F0000000000000000000000000000803F
]
[
m_fFrameScale
1.000000
]
[
m_ScenePort
effects\\explosions\\parts\\large fireball.prt
]
[
m_NormalizeFrame
1
]
}
]
[
m_Begin
9.000000
]
[
m_End
25.000000
]
[
m_Invert
0
]
[
m_WarpTime
1
]
[
m_Loop
0
]
[
m_LoopTime
0.000000
]
}
]
[
m_Position
000000000000000000000000
]
[
m_Frame
0000803F0000000000000000000000000000803F0000000000000000000000000000803F
]
[
m_fFrameScale
1.000000
]
[
m_Pitch
0.000000
]
[
m_Yaw
-0.150000
]
[
m_Roll
-0.200000
]
}
]
[
m_Bits
0
]
[
m_Type
01000000
]
[
m_MinDistance
0.000000
]
[
m_MaxDistance
3000.000000
]
[
m_fFadePercent
0.100000
]
[
m_MinDetailLevel
00000000
]
[
m_MaxDetailLevel
02000000
]
[
m_bZeroTime
0
]
}
]
[
m_Position
000000000000000000000000
]
[
m_Frame
0000803F0000000000000000000000000000803F0000000000000000000000000000803F
]
[
m_fFrameScale
1.000000
]
}
]
[
m_Fps
15.000000
]
[
m_Segments
1
effect
0.000000
25.000000
]
[
m_TargetPosition
A449293F92487FBEC20B803E
]
[
m_TargetDistance
50.751160
]
[
m_TargetFrame
BC8E47BF6EC11FBE734C1BBFDD1302BF844D393FACFCEE3EAA89BB3EB40E2C3FBBBD24BF
]
}
