PRT
BBE32C0F2208BFD2
CFF932E4C0507A5A
{
[
m_Root
E98E268F2008D746
5CD00249742B5054
{
[
m_NodeKey
D76C1A741FD07946
]
[
m_Class
231158F1834B35BB
]
[
m_Name
Node
]
[
m_pTemplate
BCD8C64E28ED4A4B
FD1134DA988B6C4F
{
[
m_Name

]
[
m_nNodeFlags
0
]
[
m_Children
0
]
}
]
[
m_Children
1
F40F11A9E5528EFD
E600E7510303C242
{
[
m_NodeKey
27561C741FD07946
]
[
m_Class
C34AD77CBDD85FAC
]
[
m_Name
Node
]
[
m_pTemplate
C34AD77CBDD85FAC
BBEC34DA988B6C4F
{
[
m_Name

]
[
m_nNodeFlags
0
]
[
m_Children
0
]
[
m_Bits
0
]
[
m_Type
00000000
]
[
m_MinDistance
0.000000
]
[
m_MaxDistance
32768.000000
]
[
m_fFadePercent
0.100000
]
[
m_MinDetailLevel
00000000
]
[
m_MaxDetailLevel
02000000
]
[
m_bZeroTime
0
]
}
]
[
m_Children
2
1633BE1F4D8C0670
656609EFB18B6C4F
{
[
m_NodeKey
BF3009EFB18B6C4F
]
[
m_Class
A961198F3000D746
]
[
m_Name
Node
]
[
m_pTemplate
A961198F3000D746
FEB709EFB18B6C4F
{
[
m_Name

]
[
m_nNodeFlags
0
]
[
m_Children
0
]
[
m_Position
000000000000000000000000
]
[
m_Frame
0000803F0000000000000000000000000000803F0000000000000000000000000000803F
]
[
m_Yaw
0.000000
]
[
m_Pitch
0.000000
]
[
m_Roll
0.000000
]
}
]
[
m_Children
4
A7576C18F8579FE1
F4330AEFB18B6C4F
{
[
m_NodeKey
A0240AEFB18B6C4F
]
[
m_Class
D47152A9AD198EFD
]
[
m_Name
Node
]
[
m_pTemplate
D47152A9AD198EFD
2D5E0AEFB18B6C4F
{
[
m_Name

]
[
m_nNodeFlags
0
]
[
m_Children
0
]
[
m_Begin
0.000000
]
[
m_End
0.000000
]
[
m_Invert
0
]
[
m_WarpTime
1
]
[
m_Loop
0
]
[
m_LoopEnd
0.000000
]
}
]
[
m_Children
4
23E338DC4B2BBF92
C5AD0AEFB18B6C4F
{
[
m_NodeKey
B59F0AEFB18B6C4F
]
[
m_Class
913D1AE2AA2BB936
]
[
m_Name
Node
]
[
m_pTemplate
913D1AE2AA2BB936
DAFB0AEFB18B6C4F
{
[
m_Name

]
[
m_nNodeFlags
0
]
[
m_Children
0
]
[
m_Position
000000000000000000000000
]
[
m_Frame
0000803F0000000000000000000000000000803F0000000000000000000000000000803F
]
[
m_pScene
0000000000000000
]
[
m_bNormalizeFrame
1
]
}
]
[
m_Children
0
]
[
m_Position
000000000000000000000000
]
[
m_Frame
0000803F0000000000000000000000000000803F0000000000000000000000000000803F
]
[
m_fFrameScale
1.000000
]
[
m_ScenePort
ships\\icc\\cruiser\\cruiser mc.PRT
]
[
m_NormalizeFrame
0
]
}
23E338DC4B2BBF92
0943B1A0D68B6C4F
{
[
m_NodeKey
A360B1A0D68B6C4F
]
[
m_Class
913D1AE2AA2BB936
]
[
m_Name
Node
]
[
m_pTemplate
913D1AE2AA2BB936
9283E1A0D68B6C4F
{
[
m_Name

]
[
m_nNodeFlags
0
]
[
m_Children
0
]
[
m_Position
000000000000000000000000
]
[
m_Frame
0000803F0000000000000000000000000000803F0000000000000000000000000000803F
]
[
m_pScene
0000000000000000
]
[
m_bNormalizeFrame
1
]
}
]
[
m_Children
0
]
[
m_Position
6666263F0000003F3333B3BE
]
[
m_Frame
0000803F0000000000000000000000000000803F0000000000000000000000000000803F
]
[
m_fFrameScale
1.000000
]
[
m_ScenePort
effects\\fires\\shipfire2.prt
]
[
m_NormalizeFrame
1
]
}
23E338DC4B2BBF92
91868528838A6C4F
{
[
m_NodeKey
A94A8528838A6C4F
]
[
m_Class
913D1AE2AA2BB936
]
[
m_Name
Node
]
[
m_pTemplate
913D1AE2AA2BB936
871D8628838A6C4F
{
[
m_Name

]
[
m_nNodeFlags
0
]
[
m_Children
0
]
[
m_Position
000000000000000000000000
]
[
m_Frame
0000803F0000000000000000000000000000803F0000000000000000000000000000803F
]
[
m_pScene
0000000000000000
]
[
m_bNormalizeFrame
1
]
}
]
[
m_Children
0
]
[
m_Position
3333B3BECDCCCC3DCDCC0C3F
]
[
m_Frame
5DBA77BE4D65783F000000004D6578BF5DBA77BE0000000000000000000000000000803F
]
[
m_fFrameScale
1.000000
]
[
m_ScenePort
effects\\fires\\shipfire2.prt
]
[
m_NormalizeFrame
1
]
}
A7576C18F8579FE1
BAD75DE31E896C4F
{
[
m_NodeKey
5FF95DE31E896C4F
]
[
m_Class
D47152A9AD198EFD
]
[
m_Name
Node
]
[
m_pTemplate
D47152A9AD198EFD
588596E31E896C4F
{
[
m_Name

]
[
m_nNodeFlags
0
]
[
m_Children
0
]
[
m_Begin
0.000000
]
[
m_End
0.000000
]
[
m_Invert
0
]
[
m_WarpTime
1
]
[
m_Loop
0
]
[
m_LoopEnd
0.000000
]
}
]
[
m_Children
1
23E338DC4B2BBF92
E30E8B2210896C4F
{
[
m_NodeKey
0CD18A2210896C4F
]
[
m_Class
913D1AE2AA2BB936
]
[
m_Name
Node
]
[
m_pTemplate
913D1AE2AA2BB936
B1A68B2210896C4F
{
[
m_Name

]
[
m_nNodeFlags
0
]
[
m_Children
0
]
[
m_Position
000000000000000000000000
]
[
m_Frame
0000803F0000000000000000000000000000803F0000000000000000000000000000803F
]
[
m_pScene
0000000000000000
]
[
m_bNormalizeFrame
1
]
}
]
[
m_Children
0
]
[
m_Position
6666263F0000003F3333B3BE
]
[
m_Frame
0000803F0000000000000000000000000000803F0000000000000000000000000000803F
]
[
m_fFrameScale
1.000000
]
[
m_ScenePort
effects\\explosions\\parts\\small blue fireball.prt
]
[
m_NormalizeFrame
1
]
}
]
[
m_Begin
0.000000
]
[
m_End
10.000000
]
[
m_Invert
0
]
[
m_WarpTime
1
]
[
m_Loop
1
]
[
m_LoopTime
5.000000
]
}
]
[
m_Begin
0.000000
]
[
m_End
13.800000
]
[
m_Invert
0
]
[
m_WarpTime
1
]
[
m_Loop
0
]
[
m_LoopTime
0.000000
]
}
A7576C18F8579FE1
FDE9BA98D38A6C4F
{
[
m_NodeKey
0C08BB98D38A6C4F
]
[
m_Class
D47152A9AD198EFD
]
[
m_Name
Node
]
[
m_pTemplate
D47152A9AD198EFD
7779ED98D38A6C4F
{
[
m_Name

]
[
m_nNodeFlags
0
]
[
m_Children
0
]
[
m_Begin
0.000000
]
[
m_End
0.000000
]
[
m_Invert
0
]
[
m_WarpTime
1
]
[
m_Loop
0
]
[
m_LoopEnd
0.000000
]
}
]
[
m_Children
1
23E338DC4B2BBF92
A8DE1A79C88A6C4F
{
[
m_NodeKey
69F91A79C88A6C4F
]
[
m_Class
913D1AE2AA2BB936
]
[
m_Name
Node
]
[
m_pTemplate
913D1AE2AA2BB936
ABEA4A79C88A6C4F
{
[
m_Name

]
[
m_nNodeFlags
0
]
[
m_Children
0
]
[
m_Position
000000000000000000000000
]
[
m_Frame
0000803F0000000000000000000000000000803F0000000000000000000000000000803F
]
[
m_pScene
0000000000000000
]
[
m_bNormalizeFrame
1
]
}
]
[
m_Children
0
]
[
m_Position
000000000000000000000040
]
[
m_Frame
0000803F0000000000000000000000000000803F0000000000000000000000000000803F
]
[
m_fFrameScale
1.000000
]
[
m_ScenePort
effects\\explosions\\parts\\medium small fireball.prt
]
[
m_NormalizeFrame
1
]
}
]
[
m_Begin
6.000000
]
[
m_End
25.000000
]
[
m_Invert
0
]
[
m_WarpTime
1
]
[
m_Loop
0
]
[
m_LoopTime
0.000000
]
}
A7576C18F8579FE1
D293202EF58A6C4F
{
[
m_NodeKey
CB61202EF58A6C4F
]
[
m_Class
D47152A9AD198EFD
]
[
m_Name
Node
]
[
m_pTemplate
D47152A9AD198EFD
AEFF202EF58A6C4F
{
[
m_Name

]
[
m_nNodeFlags
0
]
[
m_Children
0
]
[
m_Begin
0.000000
]
[
m_End
0.000000
]
[
m_Invert
0
]
[
m_WarpTime
1
]
[
m_Loop
0
]
[
m_LoopEnd
0.000000
]
}
]
[
m_Children
1
23E338DC4B2BBF92
AA99212EF58A6C4F
{
[
m_NodeKey
ED7D212EF58A6C4F
]
[
m_Class
913D1AE2AA2BB936
]
[
m_Name
Node
]
[
m_pTemplate
913D1AE2AA2BB936
D900222EF58A6C4F
{
[
m_Name

]
[
m_nNodeFlags
0
]
[
m_Children
0
]
[
m_Position
000000000000000000000000
]
[
m_Frame
0000803F0000000000000000000000000000803F0000000000000000000000000000803F
]
[
m_pScene
0000000000000000
]
[
m_bNormalizeFrame
1
]
}
]
[
m_Children
0
]
[
m_Position
0000000000000000000020C0
]
[
m_Frame
0000803F0000000000000000000000000000803F0000000000000000000000000000803F
]
[
m_fFrameScale
1.000000
]
[
m_ScenePort
effects\\explosions\\parts\\medium small fireball.prt
]
[
m_NormalizeFrame
1
]
}
]
[
m_Begin
8.000000
]
[
m_End
25.000000
]
[
m_Invert
0
]
[
m_WarpTime
1
]
[
m_Loop
0
]
[
m_LoopTime
0.000000
]
}
A7576C18F8579FE1
D6F1B8F6E98A6C4F
{
[
m_NodeKey
4DC0B8F6E98A6C4F
]
[
m_Class
D47152A9AD198EFD
]
[
m_Name
Node
]
[
m_pTemplate
D47152A9AD198EFD
0A5AB9F6E98A6C4F
{
[
m_Name

]
[
m_nNodeFlags
0
]
[
m_Children
0
]
[
m_Begin
0.000000
]
[
m_End
0.000000
]
[
m_Invert
0
]
[
m_WarpTime
1
]
[
m_Loop
0
]
[
m_LoopEnd
0.000000
]
}
]
[
m_Children
1
23E338DC4B2BBF92
45F4B9F6E98A6C4F
{
[
m_NodeKey
54D3B9F6E98A6C4F
]
[
m_Class
913D1AE2AA2BB936
]
[
m_Name
Node
]
[
m_pTemplate
913D1AE2AA2BB936
1959BAF6E98A6C4F
{
[
m_Name

]
[
m_nNodeFlags
0
]
[
m_Children
0
]
[
m_Position
000000000000000000000000
]
[
m_Frame
0000803F0000000000000000000000000000803F0000000000000000000000000000803F
]
[
m_pScene
0000000000000000
]
[
m_bNormalizeFrame
1
]
}
]
[
m_Children
0
]
[
m_Position
0000000000000000000000BF
]
[
m_Frame
0000803F0000000000000000000000000000803F0000000000000000000000000000803F
]
[
m_fFrameScale
1.000000
]
[
m_ScenePort
effects\\explosions\\parts\\medium small fireball.prt
]
[
m_NormalizeFrame
1
]
}
]
[
m_Begin
10.000000
]
[
m_End
25.000000
]
[
m_Invert
0
]
[
m_WarpTime
1
]
[
m_Loop
0
]
[
m_LoopTime
0.000000
]
}
]
[
m_Position
000000000000000000000000
]
[
m_Frame
0000803F0000000000000000000000000000803F0000000000000000000000000000803F
]
[
m_fFrameScale
1.000000
]
[
m_Pitch
0.000000
]
[
m_Yaw
0.000000
]
[
m_Roll
-0.067000
]
}
A7576C18F8579FE1
09DC1E890C8A6C4F
{
[
m_NodeKey
DCAE1E890C8A6C4F
]
[
m_Class
D47152A9AD198EFD
]
[
m_Name
Node
]
[
m_pTemplate
D47152A9AD198EFD
46321F890C8A6C4F
{
[
m_Name

]
[
m_nNodeFlags
0
]
[
m_Children
0
]
[
m_Begin
0.000000
]
[
m_End
0.000000
]
[
m_Invert
0
]
[
m_WarpTime
1
]
[
m_Loop
0
]
[
m_LoopEnd
0.000000
]
}
]
[
m_Children
1
23E338DC4B2BBF92
C8CA1F890C8A6C4F
{
[
m_NodeKey
E5AA1F890C8A6C4F
]
[
m_Class
913D1AE2AA2BB936
]
[
m_Name
Node
]
[
m_pTemplate
913D1AE2AA2BB936
942820890C8A6C4F
{
[
m_Name

]
[
m_nNodeFlags
0
]
[
m_Children
0
]
[
m_Position
000000000000000000000000
]
[
m_Frame
0000803F0000000000000000000000000000803F0000000000000000000000000000803F
]
[
m_pScene
0000000000000000
]
[
m_bNormalizeFrame
1
]
}
]
[
m_Children
0
]
[
m_Position
000000000000000000000000
]
[
m_Frame
0000803F0000000000000000000000000000803F0000000000000000000000000000803F
]
[
m_fFrameScale
1.000000
]
[
m_ScenePort
effects\\explosions\\parts\\large blue explosion.prt
]
[
m_NormalizeFrame
1
]
}
]
[
m_Begin
8.000000
]
[
m_End
25.000000
]
[
m_Invert
0
]
[
m_WarpTime
1
]
[
m_Loop
0
]
[
m_LoopTime
0.000000
]
}
]
[
m_Bits
0
]
[
m_Type
01000000
]
[
m_MinDistance
0.000000
]
[
m_MaxDistance
3000.000000
]
[
m_fFadePercent
0.100000
]
[
m_MinDetailLevel
00000000
]
[
m_MaxDetailLevel
02000000
]
[
m_bZeroTime
0
]
}
]
[
m_Position
000000000000000000000000
]
[
m_Frame
0000803F0000000000000000000000000000803F0000000000000000000000000000803F
]
[
m_fFrameScale
1.000000
]
}
]
[
m_Fps
15.000000
]
[
m_Segments
1
effect
0.000000
25.000000
]
[
m_TargetPosition
000000000000000000000000
]
[
m_TargetDistance
61.046326
]
[
m_TargetFrame
2D1172BFB2CB88BEE6353EBECEFB99BE197E6F3F8ACD3D3ECE77FE3DB0AD6C3E580777BF
]
}
