PRT
BBE32C0F2208BFD2
564FF615EC0D21D1
{
[
m_Root
E98E268F2008D746
005BA7C6FFFFFFFF
{
[
m_NodeKey
FB5AA7C6FFFFFFFF
]
[
m_Class
231158F1834B35BB
]
[
m_Name
Node
]
[
m_pTemplate
231158F1834B35BB
BD5BA7C6FFFFFFFF
{
[
m_Name

]
[
m_nNodeFlags
0
]
[
m_Children
0
]
[
m_Position
000000000000000000000000
]
[
m_Frame
0000803F0000000000000000000000000000803F0000000000000000000000000000803F
]
}
]
[
m_Children
1
F40F11A9E5528EFD
BE5BA7C6FFFFFFFF
{
[
m_NodeKey
195BA7C6FFFFFFFF
]
[
m_Class
C34AD77CBDD85FAC
]
[
m_Name
Node
]
[
m_pTemplate
C34AD77CBDD85FAC
BF5BA7C6FFFFFFFF
{
[
m_Name

]
[
m_nNodeFlags
0
]
[
m_Children
0
]
[
m_Bits
0
]
[
m_Type
00000000
]
[
m_MinDistance
0.000000
]
[
m_MaxDistance
32768.000000
]
[
m_fFadePercent
0.100000
]
[
m_MinDetailLevel
00000000
]
[
m_MaxDetailLevel
02000000
]
[
m_bZeroTime
0
]
}
]
[
m_Children
1
ED2EE28E940CD7AE
C05BA7C6FFFFFFFF
{
[
m_NodeKey
1A5BA7C6FFFFFFFF
]
[
m_Class
BCD8C64E28ED4A4B
]
[
m_Name
Node
]
[
m_pTemplate
BCD8C64E28ED4A4B
C15BA7C6FFFFFFFF
{
[
m_Name

]
[
m_nNodeFlags
0
]
[
m_Children
0
]
}
]
[
m_Children
6
C586FE462BF76149
C25BA7C6FFFFFFFF
{
[
m_NodeKey
1B5BA7C6FFFFFFFF
]
[
m_Class
F0818A88AFB3A485
]
[
m_Name
Corvette
]
[
m_pTemplate
F0818A88AFB3A485
C35BA7C6FFFFFFFF
{
[
m_Name

]
[
m_nNodeFlags
0
]
[
m_Children
0
]
[
m_Position
000000000000000000000000
]
[
m_Frame
0000803F0000000000000000000000000000803F0000000000000000000000000000803F
]
[
m_NodeFrames
0
]
[
m_Verts
0
]
[
m_Materials
0
]
[
m_Triangles
0
]
[
m_Hull
8096184B8096184B8096184B809618CB809618CB809618CB
]
[
m_Fps
15.000000
]
[
m_EnableLOD
0
]
[
m_MinLOD
1.000000
]
[
m_MaxLOD
750.000000
]
}
]
[
m_Children
0
]
[
m_Position
000000000000000000000000
]
[
m_Frame
0000803F0000000000000000000000002EBD3BB3000080BF000000000000803F2EBD3BB3
]
[
m_fFrameScale
1.000000
]
[
m_bExportNodeFrames
0
]
[
m_NodeFrames
0
]
[
m_Verts
621
4C4FF83E8B8AA2BF0000000056232B3F78353CBFCB51E5BD48E0A13FB667FE3E
6343CF3ED6379CBF91444FBECD99E63E04EF01BF78073CBFE6AFA03F79571D3F
2F6D243FF0A22BBF73F799BE30FB173FA62953BE8E1D47BFE0D86F3F16F7273F
029E583F494838BF00000000D8156C3F6F49B7BE2B9115BE876A6E3FE42DEF3E
6E4FF83E4A7925BF0D1BED3E5DB32E3F1DBD8EBE5AF92C3F0E16F63EEFE1263F
FE60E03EFBB084BF0D1BED3EAD41D6BCF9597CBEF001783F5D8BFE3E49BA9E3F
20D42D3FA43912BF4DF8C53EC23961BE15630A3FA0DF4F3F2C0E373EC495033F
C0ED2D3FB75E13BE0D1BED3E9C3F4E3F7F51BFBD2BBF153F5C908D3E747903BE
6343CF3ED6379CBF91444FBECD99E63E04EF01BF78073CBF3848E83E4DF4F93E
C973AD3E20ED17BFA245E6BECD71E63E6011B0BEA6F752BFFF3DD03E766E263F
16A7FA3E1C5CBABDA245E6BE4B7F253FEDB1F6BD82D940BF59A3A63EB038383F
2F6D243FF0A22BBF73F799BE30FB173FA62953BE8E1D47BFBF47C53E17BB0D3F
2F6D243FF0A22BBF73F799BE30FB173FA62953BE8E1D47BF1A363ABE5473E9BE
16A7FA3E1C5CBABDA245E6BE4B7F253FEDB1F6BD82D940BFA46EA73D18278EBE
ED2AFC3E0133233F1D3DA6BEA5B1523E2F73173F8F8D47BFFB21963EF5A0203D
D8D2533F05190D3F73F799BEB9A5DC3E8371C13DCBBB65BF4FCE003E5F0DD03D
C0ED2D3FB75E13BE0D1BED3E9C3F4E3F7F51BFBD2BBF153FAFEE2C3F734B3B3E
20D42D3FA43912BF4DF8C53EC23961BE15630A3FA0DF4F3F00C7623F4E64763E
FA0D4F3F54E0EC3E9351AD3E3F691F3FAB81D5BC9031483FEC85BA3ECF136F3E
41F11F3FB954313F0D1BED3E4B59253F23AD913E6B59353F94A5863EB8E8E43D
D8D2533F05190D3F73F799BEB9A5DC3E8371C13DCBBB65BF69C3993E16F7273F
48DE8B3F9B73003F00000000F6D17A3F6D71B6BD6F6137BE09E2A43EB3B6E93E
4C4FF83E18B496BF1AC4573E6161303F676B33BF7AF93C3E79AE9D3FC0CFC03E
C9AF4F3F639B20BF1AC4573EFED17E3F8821C4BDF801FCBAA56B663F6117B53E
A5F9813F8120183F1AC4573E9C214E3F14118ABD2ED1163FF986923E5B40B03E
48DE8B3FB003D13F0000000058C12B3F0B61053F0E1107BF3F026FBEEE96D43E
AF25823FB003D13F1AC4573E0F59073F5035A83E9159483F539265BE31999A3E
E7FF153EC2C249BFA245E6BE35419A3EB211D9BEB5A35ABFC214B73F03D10F3F
C973AD3E20ED17BFA245E6BECD71E63E6011B0BEA6F752BF8ECEB73FF7AC2B3F
6343CF3ED6379CBF91444FBECD99E63E04EF01BF78073CBF5DDE9A3FD925063F
0B9C3C3E772DA5BF19FE43BE2951943E48E723BF6C1F36BF80EF9E3FF10EE03E
0000000054A8ACBF0A8633BE0000000054EF29BF7F753FBF65FEA13F378CBA3E
00000000895D73BFA245E6BE00000000CF41E7BEC96364BF5321B63F6D1AF33E
45F6613EA1D87ABF2C81403F37B91B3F38191CBF040F023F098D503F3CDEBC3E
00000000DC2E88BF2C81403F0000000087BF43BF4AF7243F603C573F93548E3E
000000802576A1BF0D1BED3E00000000A18D50BF2975143FB0E87A3F6F12933E
402F4C3EC65098BF0D1BED3EBD89DE3E3C371EBF4FAF273FAB5F753FBCEBBC3E
4C4FF83E8B8AA2BF0000000056232B3F78353CBFCB51E5BDDE938F3F0ADB033F
45F6613EF228B3BF000000009D69CE3ECEE966BF3C111EBECA6A943F2120CF3E
00000080711EC0BF0000000000000000F36779BFCED166BE9832983F4754A03E
4C4FF83E18B496BF1AC4573E6161303F676B33BF7AF93C3E31EF833F3387003F
45F6613E44A8AEBF1AC4573EAEE9D63EA43F52BF8CD1C53ED1068A3FE3A8C43E
00000080B16BB9BF1AC4573E00000000D38369BFA4CDD13EA46E8D3FBB27973E
FE60E03EFBB084BF0D1BED3EAD41D6BCF9597CBEF001783F51FA6A3FB5C4F23E
19AEC83F73BE963FCADE36BF0581823E0CEF053FA02B503F3DD38BBE8463B63E
3203B73F5919833F479307BF3F859F3EB7715B3EDAFB6C3F64CA87BD6D1E8F3E
35B29D3FC6858B3ED42ACABE763D3B3F8EC1C6BD5ACB2C3F48E0CF3E5C71B93E
1408AD3F5E658D3EE38D0CBFDD6B6E3FE8E173BE1A018D3EC214B53E2CF5EC3E
E50DC43FDAFF9C3F4E254BBF2FB9173EDF796F3F4949A4BE55C09D3D5A83073F
19AEC83F73BE963FCADE36BF0581823E0CEF053FA02B503F06B8803D28B5F73E
1408AD3F5E658D3EE38D0CBFDD6B6E3FE8E173BE1A018D3EA86F053FDD99F13E
323EAA3F8603113E8BAA23BF96314B3F5AD1ACBE038901BF7095133FE99A093F
34136C3FE54146BFC0968FBEA979543FAD79D6BE798DBC3EB5A3B83C27DDE63E
26715A3F464362BFC83FCBBE5A0B2D3F3A231DBFA2C9D0BEEA208F3DCDCC0C3F
323EAA3F8603113E8BAA23BF96314B3F5AD1ACBE038901BF20D5D8BEE99A093F
1408AD3F5E658D3EE38D0CBFDD6B6E3FE8E173BE1A018D3EB020F5BEDD99F13E
90A2623F416124BF59DA49BE617D303F39791CBE6B41353F0B09743F1EA3CC3E
34136C3FE54146BFC0968FBEA979543FAD79D6BE798DBC3E2810803F58FEF43E
D1B28C3F6DE2C43E4F5DC1BE48E123BF099F043F2237113F2A56013F8D43CD3E
D3DC923FB29B993ED7A4ABBE15810A3D23B1913EEB41753FB60E0A3F77A0B63E
3203B73F5919833F479307BF3F859F3EB7715B3EDAFB6C3FF629473E6688C33E
19AEC83F73BE963FCADE36BF0581823E0CEF053FA02B503F06B8803D8F1BDE3E
DB6E883FC5C6FC3EB28203BF82C540BF11A7083F8AF5C43E17D7E83E0000003F
E50DC43FDAFF9C3F4E254BBF2FB9173EDF796F3F4949A4BE55C09D3D1A6DF53E
01DA5E3FE96188BDE41081BEEA1175BE5203293F6C3F363F7E90393F8D43CD3E
637F4D3F89CFD5BE7251CDBD641DB23E4E01273ED9576C3FDC80633F8997A73E
4D2E4E3FE96188BD75C8BDBE48D323BF8805443F07A1833D7E90393F0000003F
B96F153FD6E08DBFBEBFC1BDFBB5FD3E40CD1FBF359B1A3FB4C85A3F8D43CD3E
A707FD3E753B99BF2D944CBE34E9193EF34179BF5F712FBEBB9C5E3F0000003F
26715A3F464362BFC83FCBBE5A0B2D3F3A231DBFA2C9D0BEBF45173F0000003F
34136C3FE54146BFC0968FBEA979543FAD79D6BE798DBC3EBC22183F8D43CD3E
5776213F4C1B72BFDF1501BD1F5D0F3FD6C96ABE98CB4B3FD6C5973FF2D3A83E
B96F153FD6E08DBFBEBFC1BDFBB5FD3E40CD1FBF359B1A3FCFF4A23FD908C43E
7DEBB93F1728973F190456BFE8C973BE2B81153EECCF75BF22E13B3DCCED1A3F
323EAA3F8603113E8BAA23BF96314B3F5AD1ACBE038901BF7095133F399CF93E
268E963F53E9DF3EACE54EBF3161983EDF616FBEDAF36CBF01FBE83E2671263F
26715A3F464362BFC83FCBBE5A0B2D3F3A231DBFA2C9D0BEEA208F3D0000003F
1074403F63B624BFCBF619BF18218C3D5381A9BEE2EB70BF16FB0BBDDBC32A3F
268E963F53E9DF3EACE54EBF3161983EDF616FBEDAF36CBF80820BBF2671263F
323EAA3F8603113E8BAA23BF96314B3F5AD1ACBE038901BF20D5D8BE399CF93E
27FA683FB29B993E9F7244BF8B6D45BF30C9973E203510BFE4BEFD3EF4C0373F
DB6E883FC5C6FC3EB28203BF82C540BF11A7083F8AF5C43EE63DFE3E0000003F
7DEBB93F1728973F190456BFE8C973BE2B81153EECCF75BFFCAA2C3ECCED1A3F
D3DC923FB29B993ED7A4ABBE15810A3D23B1913EEB41753F50A8D73E3E76973E
1074403F63B624BFCBF619BF18218C3D5381A9BEE2EB70BF5E2B193F4F40773F
27FA683FB29B993E9F7244BF8B6D45BF30C9973E203510BFE4BEFD3EB60E0A3F
7DEBB93F1728973F190456BFE8C973BE2B81153EECCF75BFFCAA2C3E22E13B3D
268E963F53E9DF3EACE54EBF3161983EDF616FBEDAF36CBF5AF3A33E01FBE83E
5B23E23E3D4780BF4E62D8BE5159A8BEC399E1BEACD355BFC232563F014E1F3E
3ECF0B3F89CFD5BE624911BF5ACF2CBF24D1913E5C392EBF0D1B413F1EF9E3BD
27FA683FB29B993E9F7244BF8B6D45BF30C9973E203510BFE4BEFD3E93E2EBBE
1074403F63B624BFCBF619BF18218C3D5381A9BEE2EB70BF5E2B193F16FB0BBD
637F4D3F89CFD5BE7251CDBD641DB23E4E01273ED9576C3FDD0B603F6D1E8F3E
3ECF0B3F89CFD5BE624911BF5ACF2CBF24D1913E5C392EBFDC80633FF4C0373F
27FA683FB29B993E9F7244BF8B6D45BF30C9973E203510BFB60E0A3FF4C0373F
5B23E23E3D4780BF4E62D8BE5159A8BEC399E1BEACD355BFC232563FA25D293F
1074403F63B624BFCBF619BF18218C3D5381A9BEE2EB70BF5E2B193FDBC32A3F
6E4FF83E4A7925BF0D1BED3E5DB32E3F1DBD8EBE5AF92C3F7F17B6BB73DAD33E
C0ED2D3FB75E13BE0D1BED3E9C3F4E3F7F51BFBD2BBF153F81ECD53D8BC6A23E
1C78013F9544AE3E3257983FE627733FBFA1DFBD2C09963EB421A73E06BED23E
A6D1BC3E48FD25BE3257983FA979543F4D6DA6BED009E83E8A205E3E1B0D003F
41F11F3FB954313F0D1BED3E4B59253F23AD913E6B59353FDCA0963E3DB6453E
0C92E63E59A7963F3257983FB6C15A3F0977043F714138BDD927043FFD33933E
6E4FF83E4A7925BF0D1BED3E5DB32E3F1DBD8EBE5AF92C3FF7564C3F7253133F
A6D1BC3E48FD25BE3257983FA979543F4D6DA6BED009E83E548CEB3E2E8DF73E
97FD3A3E64210ABF3257983F16050B3F0A2105BF52C3283FC0031B3FD63BAC3E
000000003A7620BF3257983F0000000041A520BF8F4F473F65C5203F266E853E
158CB23ED8B8663F1AC0E73FC545623FCE21E7BDD15DE83E77870C3F9E28F13E
4738853EACE1063F1AC0E73F4EE1263F1C3D8EBE69A1343FB421EF3EAE11093F
4660BC3E2926C33F1AC0E73FA78D533F042D023FEFA177BE5C76303FFD68C03E
4738853EACE1063F1AC0E73F4EE1263F1C3D8EBE69A1343F6A86B43DCBBFE63E
01330F3E8880C33E1AC0E73F5A11AD3E8425C2BEB9815C3FDB34063E8DF0C63E
000000008239A23E1AC0E73F00000000A56DD2BED35F693FA6EF153E2A1BA63E
4A7A583E520B0140B5510D40482F243FD971ECBD842B423FAAF05F3F1809CD3E
3A951C3EE961EC3FB5510D408199C03E8B8145BED0FD673FA569543FD443E43E
F38D803E601D1340B5510D40BAC55C3FF141F83E2AD114BE658D723F88B8B13E
3A951C3EE961EC3FB5510D408199C03E8B8145BED0FD673F9D2EB3BE732A093F
3752963D16F9E33FB5510D401379093ECD7166BEEE0B773F48A9A4BE5CAAF23E
0000008099F1E23FB5510D4000000000D34969BEF343793FD7A0A7BEF86CD53E
C6DEBB3E158D83BF4549C83C81B1403E457F22BF80D93F3F7FF9843F8D43CD3E
FB068E3EB4E78EBF4B56A5BD5151A8BEE2D570BF54D1A93D8AE3863F0000003F
B96F153FD6E08DBFBEBFC1BDFBB5FD3E40CD1FBF359B1A3FB4C85A3F8464513E
5776213F4C1B72BFDF1501BD1F5D0F3FD6C96ABE98CB4B3F9A3E5B3FBBD4083E
99F1D63EB8735DBF384BC93DA4E1D13EF03178BEC219613F7234853FC493FD3D
C6DEBB3E158D83BF4549C83C81B1403E457F22BF80D93F3F7FF9843FAB59473E
01DA5E3FE96188BDE41081BEEA1175BE5203293F6C3F363FD4D12D3F8D43CD3E
4D2E4E3FE96188BD75C8BDBE48D323BF8805443F07A1833DD4D12D3F0000003F
FA45113F0FB402BE11C875BE5419AABED003683F0BA985BE514F5F3F0000003F
AEF1213F0FB402BEDDB1F8BD10C9073E943B4A3F323F193F514F5F3F8D43CD3E
637F4D3F89CFD5BE7251CDBD641DB23E4E01273ED9576C3F0D1B413FDC80633F
01DA5E3FE96188BDE41081BEEA1175BE5203293F6C3F363FD4D12D3F7E90393F
AEF1213F0FB402BEDDB1F8BD10C9073E943B4A3F323F193F514F5F3FA73B473F
B22A223F1B82D3BE31ED9BBCCD8DE63E21A9103EC3AF613F09FE633F0FD2673F
42B5713EF7E66BBFC90391BE299D14BFB18DD8BE641D32BF8EAE823FC903253F
3ECF0B3F89CFD5BE624911BF5ACF2CBF24D1913E5C392EBF0D1B413FF4C0373F
A67DC33EF981D3BE2460F4BE12FD08BF3F699F3E920749BF09FE633FF4C0373F
637F4D3F89CFD5BE7251CDBD641DB23E4E01273ED9576C3F0D1B413F1EF9E3BD
B22A223F1B82D3BE31ED9BBCCD8DE63E21A9103EC3AF613F09FE633F876FC1BD
3ECF0B3F89CFD5BE624911BF5ACF2CBF24D1913E5C392EBF0D1B413FDC80633F
5B23E23E3D4780BF4E62D8BE5159A8BEC399E1BEACD355BFC232563FC0E9933F
42B5713EF7E66BBFC90391BE299D14BFB18DD8BE641D32BF8EAE823F65A8923F
A67DC33EF981D3BE2460F4BE12FD08BF3F699F3E920749BF09FE633F0FD2673F
16A7FA3E1C5CBABDA245E6BE4B7F253FEDB1F6BD82D940BF5B7CC03F05505C3F
09C47B3ED47CC5BEA75D20BF455F223FC829E4BE43B921BF37FBC53F0CE7323F
4359B03E827431BD895D33BFC61D633F3D691EBEBD8DDEBE7158CE3F4297543F
ED2AFC3E0133233F1D3DA6BEA5B1523E2F73173F8F8D47BF36B1C83FBD38913F
31EAAA3E32ABC73EF14745BFA77F533F8ADDC43EA6D9D2BE5FD4DA3FF06A7D3F
931BE53DC4B304BF4B0119BF9429CA3E134109BF7EFD3EBFE3C5C43FD3A51F3F
000000007C0D21BF1ADC12BF000000001E3F0FBFA82954BF9ACDC33FE6910F3F
66862D3E85EF7DBD6FD583BF7E35BF3EC6C1E2BEA1A950BF2B4CDF3F0F63263F
2717733EF705243E52808CBF1CCB0D3F203590BE919148BFFA80E43F8EE73B3F
2717733EF705243E52808CBF1CCB0D3F203590BE919148BFFA80E43F2881593F
80D65C3E41F3993E8BFB91BF22E1103F5B812D3CA60953BF554FEA3FADA76E3F
2DE89D3DED9F17BECC7980BFB7B95B3E03B501BFACC155BFB686DE3F2E3A193F
0000000084F349BE4B587BBF000000000A0F05BFB5B35ABF2EE2DD3FAB3F0E3F
3752963DBCAD1840D6C514406CF1B53E08E5833ECC05663F18253CBF1CB2113F
00000000FE291840D6C5144000000000D21B693FA799D33E1BD53DBF32AB033F
3752963DBCAD1840D6C514406CF1B53E08E5833ECC05663F6BF0803F3CDAC83E
AF25823FB003D13F1AC4573E0F59073F5035A83E9159483F9FE4823F3290373F
48DE8B3FB003D13F0000000058C12B3F0B61053F0E1107BF70B48B3FCE6F683F
D0455B3F2F8AD03FE4F30A3CC0C1DFBE38131C3F534929BFE09D603FD97A663F
9DD4473FB003D13F1AC4573EDDB1EEBE660B333F15AF0A3F26004F3F3290373F
9DD4473FB003D13F1AC4573EDDB1EEBE660B333F15AF0A3F624A64BE64AE3C3E
00000000492CB13F3257983F00000000EF71773F063983BED942F03E4E98083F
E2AE4E3ED89FA83F3257983FA61DD33EBE235F3F0FA587BEC809FB3EB9FDD23E
64739D3E2AAD9D3FE678053FFF91FF3EAC0B563FD2D168BE50A6653F3A06FC3E
00000000492CB13FE678053F00000000E823743F34F999BE6F84593FC4EE1B3F
41F11F3FB954313F0D1BED3E4B59253F23AD913E6B59353FE7DF803F51130D3E
0C92E63E59A7963F3257983FB6C15A3F0977043F714138BDE6B1063F34F47F3E
4660BC3E2926C33F1AC0E73FA78D533F042D023FEFA177BE1494E23D6440963E
000000002E75D23FF5F4DF3F000000008AF9443F478123BF1A34D43D7FBF083F
319A053E2E75D23FF5F4DF3F75A93A3E6BA9353F5C392EBF5B40C83D9127E93E
3752963DBCAD1840D6C514406CF1B53E08E5833ECC05663F4980EABE552E0C3F
00000000FE291840D6C5144000000000D21B693FA799D33E39F0E2BE10AD1D3F
F38D803E601D1340B5510D40BAC55C3FF141F83E2AD114BEBA65C7BE6D1EDF3E
E201053F6A15893F1F64913E075F03BFB75D5B3F8AE1443DD8B7893F03EBC03E
41F11F3FB954313F0D1BED3E4B59253F23AD913E6B59353FB779473F3D0F0E3E
9DD4473FB003D13F1AC4573EDDB1EEBE660B333F15AF0A3F05690A3F035E163F
E201053F6A15893F1F64913E075F03BFB75D5B3F8AE1443DC5C9193FB9FD8A3E
D0455B3F2F8AD03FE4F30A3CC0C1DFBE38131C3F534929BF60E6DB3E7FF6173F
ED2AFC3E0133233F1D3DA6BEA5B1523E2F73173F8F8D47BF36ADC03F56BCC93E
64739D3EC807353FD5958FBE5CFDAD3E9B654D3FF635FBBE4B8FBA3F0D34FF3E
0000000008065C3FD5958FBE00000000BAE35C3F036101BFD994B33FCD1E203F
0000000008065C3FD5958FBE00000000BAE35C3F036101BF7A8E48BC3222513F
64739D3EC807353FD5958FBE5CFDAD3E9B654D3FF635FBBE7A8E48BCB41FE93E
09365E3E44DEFA3E2A6F4BBFF5A5FA3E93B1493F7F45BFBEA242053F5131EE3E
00000000A950153F2A6F4BBF00000000DE396F3F6C3DB6BED23A063F86E2363F
2CB8DF3D669FDF3E904A97BF9AFDCC3E4C15A63EB7635BBFC6DD7C3F317C043F
00000000E4BFF83EAD3499BF00000000D811EC3EC62763BF18777B3F180B273F
31EAAA3E32ABC73EF14745BFA77F533F8ADDC43EA6D9D2BEEA58153F3D487F3E
80D65C3E41F3993E8BFB91BF22E1103F5B812D3CA60953BF5EA2723FE4D7A73E
ED2AFC3E0133233F1D3DA6BEA5B1523E2F73173F8F8D47BFC285BC3C3A777B3E
FE60E03EFBB084BF0D1BED3EAD41D6BCF9597CBEF001783FC747773F601F153F
20D42D3FA43912BF4DF8C53EC23961BE15630A3FA0DF4F3F9676563FE1EC0A3F
C9AF4F3F639B20BF1AC4573EFED17E3F8821C4BDF801FCBA58E7583F59A3FE3E
4C4FF83E18B496BF1AC4573E6161303F676B33BF7AF93C3E0000803F7809FE3E
D5EC553FD447F0BE959F283F37811B3C2F8997BEE983743F4F5C423F00001C3F
19E64C3F6EFC81BE2428163FDCF36DBF7979BC3E6381B1BC7AA62F3FC009093F
4C4FF83E18B496BF1AC4573E6161303F676B33BF7AF93C3E0000803F1BD4123F
07B56B3F43AD05BFE84BD73EE559723F48D5A3BE2DA116BDFE2B373FF8FF213F
D5EC553FD447F0BE959F283F37811B3C2F8997BEE983743F26AB323FDC9D153F
FE60E03EFBB084BF0D1BED3EAD41D6BCF9597CBEF001783F9A25613FBC780B3F
20D42D3FA43912BF4DF8C53EC23961BE15630A3FA0DF4F3F8A77483F130DFA3E
19E64C3F6EFC81BE2428163FDCF36DBF7979BC3E6381B1BC056E213F85B3033F
44886F3FBC4184BEE84BD73EC611E33D34D1993EE58372BF0A85203F92CEF03E
C9AF4F3F639B20BF1AC4573EFED17E3F8821C4BDF801FCBA64954E3F2409CA3E
44886F3FBC4184BEE84BD73EC611E33D34D1993EE58372BFD3BE313F3CF8F93E
07B56B3F43AD05BFE84BD73EE559723F48D5A3BE2DA116BD5C054D3FB153DC3E
A708703F81CC6E3E5986283FC6C962BE1B998D3EDF636FBF7B31943E96ECF03E
95EF853F57042F3E5986283FE985743F720139BD2CC995BE2EE2B33EB153DC3E
2FA35C3FB8E7693E1BD53D3FF2FD78BF3A011D3E66C9323E10CA933EDB6CF43E
A708703F81CC6E3E5986283FC6C962BE1B998D3EDF636FBF5ED5913E2DCDDD3E
95EF853F57042F3E5986283FE985743F720139BD2CC995BEB059A63E3F73123F
00FE793F35EC373EC216473F0B6D853EB7995BBEE2F9703FFE29A53E0F5F063F
00FE793F35EC373EC216473F0B6D853EB7995BBEE2F9703FD07CAE3EC784103F
2FA35C3FB8E7693E1BD53D3FF2FD78BF3A011D3E66C9323E68EB983E4F04053F
D063943FD8F3B93FB8016F3FDE01EF3E3EC19E3EA803543F000000002C9A063F
C66B8C3F79ACBD3F9E24693FF789FBBE8809443FA979D43EA438473DA740FE3E
573E993F1B4AB93F2BA55B3FB0F1573F0791033F3F991FBE00000000B3B2F53E
D063943FD8F3B93FB8016F3FDE01EF3E3EC19E3EA803543F85D0813D1442E73E
C66B8C3F79ACBD3F9E24693FF789FBBE8809443FA979D43EF5BB903D19E8DA3E
B8AF913FBB09BE3F2BA55B3F014100BE554F2A3F79693CBFFB928D3C2409CA3E
B8AF913FBB09BE3F2BA55B3F014100BE554F2A3F79693CBF4FCA243D2578F33E
573E993F1B4AB93F2BA55B3FB0F1573F0791033F3F991FBECFA18C3C4F07E23E
0000000017B7AD3F72DE6F3F0000000076E73ABF5EED2E3FF8FF313F7ADFD03E
0000000017B7AD3F1762313F00000000834741BF50DB27BFF8FF313F94A3283F
3A1F1E3EE1EEA43F1762313F7615BB3E7A353DBF22DB10BF2862093F94A3283F
3A1F1E3E23A3A73F72DE6F3F6E01B73E6F9337BF322B193F2862093F7ADFD03E
00000000D448573FB9A79BBE00000000400B20BF90CB473F71C6503F274A0E3F
000000800C8F2D3F302922BF00000000AF4557BF15890ABFBF45873F274A0E3F
0151503E7C0C163F302922BF7991BC3E96D14ABFF211F9BEBF45873F586F343F
6F105D3EB614343FB9A79BBE0ECD863E4F6B27BF6B8D353F71C6503F83A7403F
6F105D3EB614343FB9A79BBE0ECD863E4F6B27BF6B8D353FBC57153F001EB93E
3A418B3E6840813F8D7A78BE7039383F62C1B0BC63A9313F6E17123F0E12123F
000000006840813F8D7A78BE0000000012C108BD00DA7F3F0344C93EB840123F
00000000D448573FB9A79BBE00000000400B20BF90CB473F6C08CE3EC4CCDE3E
0151503E7C0C163F302922BF7991BC3E96D14ABFF211F9BEA018513F2E718C3E
F3E6703E6840813F6ADE31BF5E1B2F3F2601133C75B93ABF075E5D3F6F82133F
000000800C8F2D3F302922BF00000000AF4557BF15890ABF83867E3D274A0E3F
000000806840813F6ADE31BF000000002781133C00FC7FBFCD3C39BEF60B063F
F3E6703E6840813F6ADE31BF5E1B2F3F2601133C75B93ABFCD3C39BEDC663A3F
0151503E7C0C163F302922BF7991BC3E96D14ABFF211F9BEBF82043E586F343F
000000806840813F6ADE31BF000000002781133C00FC7FBFCDB0513FF60B063F
00000000D602AD3F302922BF00000000895B443F483F24BF6496113F274A0E3F
0151503ED602AD3F302922BF7585BA3EB20F593F8A31C5BE6496113F586F343F
F3E6703E6840813F6ADE31BF5E1B2F3F2601133C75B93ABFCDB0513FDC663A3F
0151503ED602AD3F302922BF7585BA3EB20F593F8A31C5BE840E4E3FB8E4503F
6F105D3ED602AD3FB9A79BBE7BB1BD3EBAC15C3F61ADB03EAD69123F62A34C3F
00000080D602AD3FB9A79BBE00000000895B443F483F243F45F5D63EB8E4503F
00000080D602AD3FB9A79BBE00000000895B443F483F243F71C6503F274A0E3F
6F105D3ED602AD3FB9A79BBE7BB1BD3EBAC15C3F61ADB03E71C6503F83A7403F
ABD0403ED602AD3F9813ACBEA571D2BEA5AB523F92C9C8BE04CA563F4A7B3B3F
00000000D602AD3F9813ACBE000000006A03353F6A0335BF04CA563F274A0E3F
0151503ED602AD3F302922BF7585BA3EB20F593F8A31C5BEBF45873F586F343F
3C11343ED602AD3F41F319BF9E2DCFBE9F674F3FB221D93EF643843F20432F3F
00000000D602AD3F302922BF00000000895B443F483F24BFBF45873F274A0E3F
00000000D602AD3F41F319BF000000006A03353F6A03353FF643843F274A0E3F
3C11343ED602AD3F41F319BF9E2DCFBE9F674F3FB221D93E6496113F20432F3F
00000000D602AD3F41F319BF000000006A03353F6A03353F6496113F274A0E3F
00000080406BA03F41F319BF000000006A03353F6A03353FA708243F274A0E3F
3C11343E406BA03F41F319BF236111BF238B113F315D183FA708243F20432F3F
ABD0403ED602AD3F9813ACBEA571D2BEA5AB523F92C9C8BE04CA563F95BB0B3F
3C11343ED602AD3F41F319BF9E2DCFBE9F674F3FB221D93EF643843F95BB0B3F
3C11343E406BA03F41F319BF236111BF238B113F315D183FF643843FA392F23E
ABD0403E406BA03F9813ACBE2CFF15BF2C29163F1E1F0FBF04CA563FA392F23E
00000000D602AD3F9813ACBE000000006A03353F6A0335BF6496113F274A0E3F
ABD0403ED602AD3F9813ACBEA571D2BEA5AB523F92C9C8BE6496113F4A7B3B3F
ABD0403E406BA03F9813ACBE2CFF15BF2C29163F1E1F0FBFA708243F4A7B3B3F
00000000406BA03F9813ACBE000000006A03353F6A0335BFA708243F274A0E3F
00000080406BA03F41F319BF000000006A03353F6A03353FDBE0343E58016A3F
00000000406BA03F9813ACBE000000006A03353F6A0335BFD8B7033EBCB0293F
ABD0403E406BA03F9813ACBE2CFF15BF2C29163F1E1F0FBF0B0D443CEE242A3F
3C11343E406BA03F41F319BF236111BF238B113F315D183F7F30F03B58016A3F
3A1F1E3E23A3A73F72DE6F3F6E01B73E6F9337BF322B193F4241F93E7578583E
7442483E249BCB3F6CCD7A3F68CD333F8581423D6CD1353FB458F23E2A720C3F
00000000249BCB3F6CCD7A3F00000000E801F43C00E27F3F57267C3E3D7E0F3F
0000000017B7AD3F72DE6F3F0000000076E73ABF5EED2E3F22A5893E79067D3E
3A1F1E3EE1EEA43F1762313F7615BB3E7A353DBF22DB10BFACC54B3FF209393E
7442483E249BCB3F0C73263F68D1333F9BA14D3D6BBF35BF62F65A3F6B0D113F
0000000017B7AD3F1762313F00000000834741BF50DB27BFF8FF313F39B4083E
00000000249BCB3F0C73263F000000001141083D00DA7FBFF8FF313F2BFCD9BD
7442483E249BCB3F0C73263F68D1333F9BA14D3D6BBF35BF751EFD3E2BFCD9BD
3A1F1E3EE1EEA43F1762313F7615BB3E7A353DBF22DB10BF2862093F54E4503E
00000000DEC9E33F1762313F0000000090FB473F40D11FBFF8FF313FCC09D2BE
3A1F1E3EDEC9E33F1762313F66CDB23EBDA75E3F657DB2BE2862093FE1F1ADBE
3A1F1E3EDEC9E33F1762313F66CDB23EBDA75E3F657DB2BE6500483F39424E3F
3A1F1E3EDEC9E33F72DE6F3F66CDB23EBDA75E3F657DB23E7994F23E9EB5473F
00000000DEC9E33F72DE6F3F0000000090FB473F40D11F3F24818E3E39424E3F
00000000DEC9E33F72DE6F3F0000000090FB473F40D11F3F0000003FC16F3F3F
3A1F1E3EDEC9E33F72DE6F3F66CDB23EBDA75E3F657DB23E3FC4AE3EC16F3F3F
1F6AFB3DDEC9E33FAFB3693FA205D1BEA205513FA205D1BE5D6BBF3ED6C5453F
00000000DEC9E33FC0B3693F000000006A03353F6A0335BF0000003FD6C5453F
3A1F1E3EDEC9E33F1762313F66CDB23EBDA75E3F657DB2BE3FC4AE3E98A37F3F
1F6AFB3DDEC9E33FCA8C373FA205D1BEA205513FA205D13E5D6BBF3E834D793F
00000000DEC9E33F1762313F0000000090FB473F40D11FBF0000003F98A37F3F
00000000DEC9E33FCA8C373F000000006A03353F6A03353F0000003F834D793F
1F6AFB3DDEC9E33FCA8C373FA205D1BEA205513FA205D13EF8FF313F94A3283F
00000000DEC9E33FCA8C373F000000006A03353F6A03353FF8FF313F7ADFD03E
00000000AF5EDB3FCA8C373F000000006A03353F6A03353F2862093F7ADFD03E
1F6AFB3DAF5EDB3FCA8C373F28CD13BF28CD133F28CD133F2862093F94A3283F
1F6AFB3DDEC9E33FAFB3693FA205D1BEA205513FA205D1BEF8FF313F94A3283F
1F6AFB3DDEC9E33FCA8C373FA205D1BEA205513FA205D13EF8FF313F7ADFD03E
1F6AFB3DAF5EDB3FCA8C373F28CD13BF28CD133F28CD133F2862093F7ADFD03E
1F6AFB3DAF5EDB3FAFB3693F28CD13BF28CD133F28CD13BF2862093F94A3283F
00000000DEC9E33FC0B3693F000000006A03353F6A0335BFF8FF313F94A3283F
1F6AFB3DDEC9E33FAFB3693FA205D1BEA205513FA205D1BEF8FF313F7ADFD03E
1F6AFB3DAF5EDB3FAFB3693F28CD13BF28CD133F28CD13BF2862093F7ADFD03E
00000000AF5EDB3FAFB3693F000000006A03353F6A0335BF2862093F94A3283F
00000000AF5EDB3FCA8C373F000000006A03353F6A03353F0400733F94A3683F
00000000AF5EDB3FAFB3693F000000006A03353F6A0335BF0400733FBD6F283F
1F6AFB3DAF5EDB3FAFB3693F28CD13BF28CD133F28CD13BF24624A3FBD6F283F
1F6AFB3DAF5EDB3FCA8C373F28CD13BF28CD133F28CD133F24624A3F94A3683F
402F4C3EC65098BF0D1BED3EBD89DE3E3C371EBF4FAF273FE813553FC825C03F
48DE8B3FB003D13F0000000058C12B3F0B61053F0E1107BFB5DEA73E2429293F
66862D3E85EF7DBD6FD583BF7E35BF3EC6C1E2BEA1A950BF910B7E3F74B4EA3E
00000000D6AA1D3EC0248DBF000000002E1597BEE99774BF69A8553FEC69133F
2717733EF705243E52808CBF1CCB0D3F203590BE919148BFF8DD543F389FD23E
2DE89D3DED9F17BECC7980BFB7B95B3E03B501BFACC155BF3700873FDCB8053F
0000000084F349BE4B587BBF000000000A0F05BFB5B35ABF6EC08B3FD76A133F
80D65C3E41F3993E8BFB91BF22E1103F5B812D3CA60953BF63D33A3F4852DA3E
2CB8DF3D669FDF3E904A97BF9AFDCC3E4C15A63EB7635BBF8999213F7105003F
00000000E4BFF83EAD3499BF00000000D811EC3EC62763BF247F183F4162133F
3A5B403D14ECFF3EA86FB5BF0813043FEE3977BEA56552BFD68E123E15E3043F
93FF093D4F03DE3E3CDAB2BF3005983E7361B9BEC43162BF38C06C3E33C00D3F
0000000098F9FE3EB6A0B5BF00000000A83154BEF56F7ABF36E4DF3D0BD0163F
6E34803C22E0D03EFDD9B1BFD9A1EC3DA0E1CFBED00F68BF00738D3EB2F6173F
00000000CC5FC93E0C04B1BF00000000AAFDD4BED2CB68BF1C429D3E9A99213F
05F82E3DF3AE0A3FF911B7BF3E131F3F27A9133E8A2345BF5989B93D514A003F
40A0B33C6B11153F9DD4B5BF0F53073F4E3B273F16C30ABFB37B323D2D0AFB3E
1F671A3A24D0183FBA66B6BF1B470D3F75B33A3F9E0DCFBE00000000CD77F83E
DDCEFE3DE6779ABB6E1586BF32EB183FF2E9F8BE474523BF02F2613F0000F03E
90F9A03D01192A3EE8A19CBF255D123FC4CDE1BE621931BFEA211A3F3E79083F
0344E13D637F913E9FE49EBFBB615D3F221111BEEDA5F6BE508FF53E670CEB3E
EA7A323E3B36223E8F728CBFB5615A3F461123BEFD69FEBECB9F333F5C71C13E
1CB3CC3DE0B9B73E9C52A0BFE21B713F54DDA93EB6E15ABD2BA2C63EDBDFD93E
6824223EA2EC853ED97890BFDAEF6C3F6CF5B53E0BA105BE6FB7143FB9C7B23E
E3DF673DEC148BBD499E83BF6F99B73E476923BF5D5D2EBF2654743FAC1D0D3F
1826133D8C84F63DADC19BBF3F959F3E219B10BF879743BF8FAB253F7C65163F
00000000DBFBD4BD608F81BF0000000066F332BF6E0D37BF0000803F70D11D3F
0000000084F5BF3D57CE9ABF0000000036C11ABF98EB4BBF3BA72D3F9A99213F
FF41A43D2B14B93EAB5E94BF29B3143F7EFB3E3F4DB1A63EAB7BDC3E61389F3E
66F84F3D16C0DC3E18B5A1BF2F93173F6417323FA03DD03EFBCB8E3E4419C23E
AAB69BB9501AEA3EEC34A2BF080184BA9F8B4F3F2CDB153FA6815F3E9643AB3E
00000000F486CB3E7EC695BF300118BABA255D3F02F1003F8CBCAC3E95617C3E
1CB3CCBDE0B9B73E9C52A0BFE21B71BF54DDA93EB6E15ABD2BA2C63EDBDFD93E
66F84FBD16C0DC3E18B5A1BF30C917BF64F7313FA011D03EFBCB8E3E4419C23E
40A0B3BC6B11153F9DD4B5BF0F8F07BF4E07273F16C50ABFB37B323D2D0AFB3E
05F82EBDF3AE0A3FF911B7BF3E131FBF27A9133E8A2345BF5989B93D514A003F
682422BEA2EC853ED97890BFDAEF6CBF6CF5B53E0BA105BE6FB7143FB9C7B23E
FF41A4BD2B14B93EAB5E94BF2AD314BF7EDD3E3F4EC5A63EAB7BDC3E61389F3E
182613BD8C84F63DADC19BBF3F959FBE219B10BF879743BF8FAB253F7C65163F
6E3480BC22E0D03EFDD9B1BFD9A1ECBDA0E1CFBED00F68BF00738D3EB2F6173F
E3DF67BDEC148BBD499E83BF6F99B7BE476923BF5D5D2EBF2654743FAC1D0D3F
90F9A0BD01192A3EE8A19CBF255D12BFC4CDE1BE621931BFEA211A3F3E79083F
93FF09BD4F03DE3E3CDAB2BF300598BE7361B9BEC43162BF38C06C3E33C00D3F
DDCEFEBDE6779ABB6E1586BF32EB18BFF2E9F8BE474523BF02F2613F0000F03E
0344E1BD637F913E9FE49EBFBB615DBF221111BEEDA5F6BE508FF53E670CEB3E
3A5B40BD14ECFF3EA86FB5BF081304BFEE3977BEA56552BFD68E123E15E3043F
EA7A32BE3B36223E8F728CBFB5615ABF461123BEFD69FEBECB9F333F5C71C13E
2CB8DFBD669FDF3E904A97BF9AFDCCBE4C15A63EB7635BBF8999213F7105003F
80D65CBE41F3993E8BFB91BF22E110BF5B812D3CA60953BF63D33A3F4852DA3E
271773BEF705243E52808CBF1CCB0DBF203590BE919148BFF8DD543F389FD23E
2DE89DBDED9F17BECC7980BFB7B95BBE03B501BFACC155BF3700873FDCB8053F
66862DBE85EF7DBD6FD583BF7E35BFBEC6C1E2BEA1A950BF910B7E3F74B4EA3E
D0455BBF2F8AD03FE4F30A3CC0C1DF3E38131C3F534929BF60E6DB3E7FF6173F
D8D253BF05190D3F73F799BEB9A5DCBE8371C13DCBBB65BF4FCE003E5F0DD03D
48DE8BBFB003D13F0000000058C12BBF0B61053F0E1107BFB5DEA73E2429293F
ED2AFCBE0133233F1D3DA6BEA5B152BE2F73173F8F8D47BFFB21963EF5A0203D
6E4FF8BE4A7925BF0D1BED3E5DB32EBF1DBD8EBE5AF92C3F0E16F63EEFE1263F
FE60E0BEFBB084BF0D1BED3EAD41D63CF9597CBEF001783F5D8BFE3E49BA9E3F
402F4CBEC65098BF0D1BED3EBD89DEBE3C371EBF4FAF273FE813553FC825C03F
6E4FF8BE4A7925BF0D1BED3E5DB32EBF1DBD8EBE5AF92C3FF7564C3F7253133F
402F4CBEC65098BF0D1BED3EBD89DEBE3C371EBF4FAF273FAB5F753FBCEBBC3E
45F661BEA1D87ABF2C81403F37B91BBF38191CBF040F023F098D503F3CDEBC3E
1F6AFBBDAF5EDB3FCA8C373F28CD133F28CD133F28CD133F24624A3F94A3683F
1F6AFBBDAF5EDB3FC0B3693F28CD133F28CD133F28CD13BF24624A3FBD6F283F
1F6AFBBDAF5EDB3FC0B3693F28CD133F28CD133F28CD13BF2862093F7ADFD03E
1F6AFBBDDEC9E33FC0B3693FA205D13EA205513FA205D1BEF8FF313F7ADFD03E
1F6AFBBDDEC9E33FC0B3693FA205D13EA205513FA205D1BEF8FF313F94A3283F
1F6AFBBDAF5EDB3FC0B3693F28CD133F28CD133F28CD13BF2862093F94A3283F
1F6AFBBDAF5EDB3FCA8C373F28CD133F28CD133F28CD133F2862093F7ADFD03E
1F6AFBBDDEC9E33FCA8C373FA205D13EA205513FA205D13EF8FF313F7ADFD03E
1F6AFBBDDEC9E33FCA8C373FA205D13EA205513FA205D13EF8FF313F94A3283F
1F6AFBBDAF5EDB3FCA8C373F28CD133F28CD133F28CD133F2862093F94A3283F
3A1F1EBEDEC9E33F1762313F66CDB2BEBDA75E3F657DB2BE3FC4AE3E98A37F3F
1F6AFBBDDEC9E33FCA8C373FA205D13EA205513FA205D13E5D6BBF3E834D793F
3A1F1EBEDEC9E33F72DE6F3F66CDB2BEBDA75E3F657DB23E3FC4AE3EC16F3F3F
1F6AFBBDDEC9E33FC0B3693FA205D13EA205513FA205D1BE5D6BBF3ED6C5453F
744248BE249BCB3F6CCD7A3F68CD33BF8581423D6CD1353FB458F23E2A720C3F
3A1F1EBEDEC9E33F72DE6F3F66CDB2BEBDA75E3F657DB23E7994F23E9EB5473F
744248BE249BCB3F0C73263F68D133BF9BA14D3D6BBF35BF62F65A3F6B0D113F
3A1F1EBEDEC9E33F1762313F66CDB2BEBDA75E3F657DB2BE6500483F39424E3F
744248BE249BCB3F0C73263F68D133BF9BA14D3D6BBF35BF751EFD3E2BFCD9BD
3A1F1EBEDEC9E33F1762313F66CDB2BEBDA75E3F657DB2BE2862093FE1F1ADBE
3A1F1EBEE1EEA43F1762313F7615BBBE7A353DBF22DB10BF2862093F54E4503E
3A1F1EBEE1EEA43F1762313F7615BBBE7A353DBF22DB10BFACC54B3FF209393E
3A1F1EBE23A3A73F72DE6F3F6E01B7BE6F9337BF322B193F4241F93E7578583E
3C1134BE406BA03F41F319BF2361113F238B113F315D183F7F30F03B58016A3F
ABD040BE406BA03F9813ACBE2CFF153F2C29163F1E1F0FBF0B0D443CEE242A3F
ABD040BE406BA03F9813ACBE2CFF153F2C29163F1E1F0FBFA708243F4A7B3B3F
ABD040BED602AD3F9813ACBEA571D23EA5AB523F92C9C8BE6496113F4A7B3B3F
ABD040BED602AD3F9813ACBEA571D23EA5AB523F92C9C8BE04CA563F95BB0B3F
ABD040BE406BA03F9813ACBE2CFF153F2C29163F1E1F0FBF04CA563FA392F23E
3C1134BE406BA03F41F319BF2361113F238B113F315D183FF643843FA392F23E
3C1134BED602AD3F41F319BF9E2DCF3E9F674F3FB221D93EF643843F95BB0B3F
3C1134BED602AD3F41F319BF9E2DCF3E9F674F3FB221D93E6496113F20432F3F
3C1134BE406BA03F41F319BF2361113F238B113F315D183FA708243F20432F3F
015150BED602AD3F302922BF7585BABEB20F593F8A31C5BEBF45873F586F343F
3C1134BED602AD3F41F319BF9E2DCF3E9F674F3FB221D93EF643843F20432F3F
6F105DBED602AD3FB9A79BBE7BB1BDBEBAC15C3F61ADB03E71C6503F83A7403F
ABD040BED602AD3F9813ACBEA571D23EA5AB523F92C9C8BE04CA563F4A7B3B3F
3A418BBE6840813F8D7A78BE703938BF62C1B0BC63A9313F6E17123F0E12123F
6F105DBED602AD3FB9A79BBE7BB1BDBEBAC15C3F61ADB03EAD69123F62A34C3F
F3E670BE6840813F6ADE31BF5E1B2FBF2601133C75B93ABF075E5D3F6F82133F
015150BED602AD3F302922BF7585BABEB20F593F8A31C5BE840E4E3FB8E4503F
F3E670BE6840813F6ADE31BF5E1B2FBF2601133C75B93ABFCDB0513FDC663A3F
015150BED602AD3F302922BF7585BABEB20F593F8A31C5BE6496113F586F343F
015150BE7C0C163F302922BF7991BCBE96D14ABFF211F9BEBF82043E586F343F
F3E670BE6840813F6ADE31BF5E1B2FBF2601133C75B93ABFCD3C39BEDC663A3F
015150BE7C0C163F302922BF7991BCBE96D14ABFF211F9BEA018513F2E718C3E
6F105DBEB614343FB9A79BBE0ECD86BE4F6B27BF6B8D353FBC57153F001EB93E
6F105DBEB614343FB9A79BBE0ECD86BE4F6B27BF6B8D353F71C6503F83A7403F
015150BE7C0C163F302922BF7991BCBE96D14ABFF211F9BEBF45873F586F343F
3A1F1EBE23A3A73F72DE6F3F6E01B7BE6F9337BF322B193F2862093F7ADFD03E
3A1F1EBEE1EEA43F1762313F7615BBBE7A353DBF22DB10BF2862093F94A3283F
C66B8CBF79ACBD3F9E24693FF789FB3E8809443FA979D43EA438473DA740FE3E
B8AF91BFBB09BE3F2BA55B3F0141003E554F2A3F79693CBF4FCA243D2578F33E
573E99BF1B4AB93F2BA55B3FB0F157BF0791033F3F991FBECFA18C3C4F07E23E
D06394BFD8F3B93FB8016F3FDE01EFBE3EC19E3EA803543F000000002C9A063F
95EF85BF57042F3E5986283FE98574BF720139BD2CC995BE2EE2B33EB153DC3E
A70870BF81CC6E3E5986283FC6C9623E1B998D3EDF636FBF7B31943E96ECF03E
A70870BF81CC6E3E5986283FC6C9623E1B998D3EDF636FBF5ED5913E2DCDDD3E
B8AF91BFBB09BE3F2BA55B3F0141003E554F2A3F79693CBFFB928D3C2409CA3E
C66B8CBF79ACBD3F9E24693FF789FB3E8809443FA979D43EF5BB903D19E8DA3E
2FA35CBFB8E7693E1BD53D3FF2FD783F3A011D3E66C9323E10CA933EDB6CF43E
00FE79BF35EC373EC216473F0B6D85BEB7995BBEE2F9703FFE29A53E0F5F063F
D06394BFD8F3B93FB8016F3FDE01EFBE3EC19E3EA803543F85D0813D1442E73E
573E99BF1B4AB93F2BA55B3FB0F157BF0791033F3F991FBE00000000B3B2F53E
95EF85BF57042F3E5986283FE98574BF720139BD2CC995BEB059A63E3F73123F
2FA35CBFB8E7693E1BD53D3FF2FD783F3A011D3E66C9323E68EB983E4F04053F
00FE79BF35EC373EC216473F0B6D85BEB7995BBEE2F9703FD07CAE3EC784103F
19E64CBF6EFC81BE2428163FDCF36D3F7979BC3E6381B1BC7AA62F3FC009093F
D5EC55BFD447F0BE959F283F37811BBC2F8997BEE983743F4F5C423F00001C3F
D5EC55BFD447F0BE959F283F37811BBC2F8997BEE983743F26AB323FDC9D153F
07B56BBF43AD05BF0A4CD73EE55972BF48D5A3BE2DA116BDFE2B373FF8FF213F
44886FBFBC4184BE0A4CD73EC611E3BD34D1993EE58372BF0A85203F92CEF03E
19E64CBF6EFC81BE2428163FDCF36D3F7979BC3E6381B1BC056E213F85B3033F
07B56BBF43AD05BF0A4CD73EE55972BF48D5A3BE2DA116BD5C054D3FB153DC3E
44886FBFBC4184BE0A4CD73EC611E3BD34D1993EE58372BFD3BE313F3CF8F93E
C9AF4FBF639B20BF1AC4573EFED17EBF8821C4BDF801FCBA58E7583F59A3FE3E
4C4FF8BE18B496BF1AC4573E616130BF676B33BF7AF93C3E0000803F7809FE3E
20D42DBFA43912BF4DF8C53EC239613E15630A3FA0DF4F3F8A77483F130DFA3E
C9AF4FBF639B20BF1AC4573EFED17EBF8821C4BDF801FCBA64954E3F2409CA3E
4C4FF8BE18B496BF1AC4573E616130BF676B33BF7AF93C3E0000803F1BD4123F
FE60E0BEFBB084BF0D1BED3EAD41D63CF9597CBEF001783F9A25613FBC780B3F
FE60E0BEFBB084BF0D1BED3EAD41D63CF9597CBEF001783FC747773F601F153F
20D42DBFA43912BF4DF8C53EC239613E15630A3FA0DF4F3F9676563FE1EC0A3F
ED2AFCBE0133233F1D3DA6BEA5B152BE2F73173F8F8D47BFC285BC3C3A777B3E
64739DBEC807353FD5958FBE5CFDADBE9B654D3FF635FBBE7A8E48BCB41FE93E
09365EBE44DEFA3E2A6F4BBFF5A5FABE93B1493F7F45BFBEA242053F5131EE3E
31EAAABE32ABC73EF14745BFA77F53BF8ADDC43EA6D9D2BEEA58153F3D487F3E
2CB8DFBD669FDF3E904A97BF9AFDCCBE4C15A63EB7635BBFC6DD7C3F317C043F
80D65CBE41F3993E8BFB91BF22E110BF5B812D3CA60953BF5EA2723FE4D7A73E
ED2AFCBE0133233F1D3DA6BEA5B152BE2F73173F8F8D47BF36ADC03F56BCC93E
64739DBE2AAD9D3FE678053FFF91FFBEAC0B563FD2D168BE50A6653F3A06FC3E
64739DBEC807353FD5958FBE5CFDADBE9B654D3FF635FBBE4B8FBA3F0D34FF3E
E20105BF6A15893F1F64913E075F033FB75D5B3F8AE1443DD8B7893F03EBC03E
E20105BF6A15893F1F64913E075F033FB75D5B3F8AE1443DC5C9193FB9FD8A3E
9DD447BFB003D13F1AC4573EDDB1EE3E660B333F15AF0A3F05690A3F035E163F
41F11FBFB954313F0D1BED3E4B5925BF23AD913E6B59353FB779473F3D0F0E3E
41F11FBFB954313F0D1BED3E4B5925BF23AD913E6B59353FE7DF803F51130D3E
48DE8BBFB003D13F0000000058C12BBF0B61053F0E1107BF3F026FBEEE96D43E
D8D253BF05190D3F73F799BEB9A5DCBE8371C13DCBBB65BF69C3993E16F7273F
48DE8BBF9B73003F00000000F6D17ABF6D71B6BD6F6137BE09E2A43EB3B6E93E
4660BCBE2926C33F1AC0E73FA78D53BF042D023FEFA177BE1494E23D6440963E
F38D80BE601D1340B5510D40BAC55CBFF141F83E2AD114BEBA65C7BE6D1EDF3E
319A05BE2E75D23FF5F4DF3F75A93ABE6BA9353F5C392EBF5B40C83D9127E93E
375296BDBCAD1840D6C514406CF1B5BE08E5833ECC05663F4980EABE552E0C3F
E2AE4EBED89FA83F3257983FA61DD3BEBE235F3F0FA587BEC809FB3EB9FDD23E
0C92E6BE59A7963F3257983FB6C15ABF0977043F714138BDE6B1063F34F47F3E
41F11FBFB954313F0D1BED3E4B5925BF23AD913E6B59353F94A5863EB8E8E43D
9DD447BFB003D13F1AC4573EDDB1EE3E660B333F15AF0A3F624A64BE64AE3C3E
AF2582BFB003D13F1AC4573E0F5907BF5035A83E9159483F539265BE31999A3E
AF2582BFB003D13F1AC4573E0F5907BF5035A83E9159483F9FE4823F3290373F
9DD447BFB003D13F1AC4573EDDB1EE3E660B333F15AF0A3F26004F3F3290373F
D0455BBF2F8AD03FE4F30A3CC0C1DF3E38131C3F534929BFE09D603FD97A663F
48DE8BBFB003D13F0000000058C12BBF0B61053F0E1107BF70B48B3FCE6F683F
FA0D4FBF54E0EC3E9351AD3E3F691FBFAB81D5BC9031483FEC85BA3ECF136F3E
A5F981BF8120183F1AC4573E9C214EBF14118ABD2ED1163FF986923E5B40B03E
4A7A58BE520B0140B5510D40482F24BFD971ECBD842B423FAAF05F3F1809CD3E
375296BDBCAD1840D6C514406CF1B5BE08E5833ECC05663F6BF0803F3CDAC83E
F38D80BE601D1340B5510D40BAC55CBFF141F83E2AD114BE658D723F88B8B13E
3A951CBEE961EC3FB5510D408199C0BE8B8145BED0FD673FA569543FD443E43E
3A951CBEE961EC3FB5510D408199C0BE8B8145BED0FD673F9D2EB3BE732A093F
375296BD16F9E33FB5510D40137909BECD7166BEEE0B773F48A9A4BE5CAAF23E
375296BDBCAD1840D6C514406CF1B5BE08E5833ECC05663F18253CBF1CB2113F
931BE5BDC4B304BF4B0119BF9429CABE134109BF7EFD3EBFE3C5C43FD3A51F3F
2DE89DBDED9F17BECC7980BFB7B95BBE03B501BFACC155BFB686DE3F2E3A193F
09C47BBED47CC5BEA75D20BF455F22BFC829E4BE43B921BF37FBC53F0CE7323F
66862DBE85EF7DBD6FD583BF7E35BFBEC6C1E2BEA1A950BF2B4CDF3F0F63263F
31EAAABE32ABC73EF14745BFA77F53BF8ADDC43EA6D9D2BE5FD4DA3FF06A7D3F
80D65CBE41F3993E8BFB91BF22E110BF5B812D3CA60953BF554FEA3FADA76E3F
271773BEF705243E52808CBF1CCB0DBF203590BE919148BFFA80E43F2881593F
4359B0BE827431BD895D33BFC61D63BF3D691EBEBD8DDEBE7158CE3F4297543F
271773BEF705243E52808CBF1CCB0DBF203590BE919148BFFA80E43F8EE73B3F
E7FF15BEC2C249BFA245E6BE35419ABEB211D9BEB5A35ABFC214B73F03D10F3F
C973ADBE20ED17BFA245E6BECD71E6BE6011B0BEA6F752BF8ECEB73FF7AC2B3F
ED2AFCBE0133233F1D3DA6BEA5B152BE2F73173F8F8D47BF36B1C83FBD38913F
16A7FABE1C5CBABDA245E6BE4B7F25BFEDB1F6BD82D940BF5B7CC03F05505C3F
3ECF0BBF89CFD5BE624911BF5ACF2C3F24D1913E5C392EBF0D1B413FDC80633F
A67DC3BEF981D3BE2460F4BE12FD083F3F699F3E920749BF09FE633F0FD2673F
42B571BEF7E66BBFC90391BE299D143FB18DD8BE641D32BF8EAE823F65A8923F
5B23E2BE3D4780BF4E62D8BE5159A83EC399E1BEACD355BFC232563FC0E9933F
577621BF4C1B72BFDF1501BD1F5D0FBFD6C96ABE98CB4B3F9A3E5B3FBBD4083E
99F1D6BEB8735DBF384BC93DA4E1D1BEF03178BEC219613F7234853FC493FD3D
B22A22BF1B82D3BE31ED9BBCCD8DE6BE21A9103EC3AF613F09FE633F876FC1BD
637F4DBF89CFD5BE7251CDBD641DB2BE4E01273ED9576C3F0D1B413F1EF9E3BD
4D2E4EBFE96188BD75C8BDBE48D3233F8805443F07A1833DD4D12D3F0000003F
FA4511BF0FB402BE11C875BE5419AA3ED003683F0BA985BE514F5F3F0000003F
A67DC3BEF981D3BE2460F4BE12FD083F3F699F3E920749BF09FE633FF4C0373F
3ECF0BBF89CFD5BE624911BF5ACF2C3F24D1913E5C392EBF0D1B413FF4C0373F
5B23E2BE3D4780BF4E62D8BE5159A83EC399E1BEACD355BFC232563FA25D293F
42B571BEF7E66BBFC90391BE299D143FB18DD8BE641D32BF8EAE823FC903253F
FB068EBEB4E78EBF4B56A5BD5151A83EE2D570BF54D1A93D8AE3863F0000003F
A707FDBE753B99BF2D944CBE34E919BEF34179BF5F712FBEBB9C5E3F0000003F
637F4DBF89CFD5BE7251CDBD641DB2BE4E01273ED9576C3F0D1B413FDC80633F
B22A22BF1B82D3BE31ED9BBCCD8DE6BE21A9103EC3AF613F09FE633F0FD2673F
AEF121BF0FB402BEDDB1F8BD10C907BE943B4A3F323F193F514F5F3FA73B473F
01DA5EBFE96188BDE41081BEEA11753E5203293F6C3F363FD4D12D3F7E90393F
01DA5EBFE96188BDE41081BEEA11753E5203293F6C3F363FD4D12D3F8D43CD3E
AEF121BF0FB402BEDDB1F8BD10C907BE943B4A3F323F193F514F5F3F8D43CD3E
B96F15BFD6E08DBFBEBFC1BDFBB5FDBE40CD1FBF359B1A3FB4C85A3F8464513E
C6DEBBBE158D83BF4549C83C81B140BE457F22BF80D93F3F7FF9843FAB59473E
C6DEBBBE158D83BF4549C83C81B140BE457F22BF80D93F3F7FF9843F8D43CD3E
B96F15BFD6E08DBFBEBFC1BDFBB5FDBE40CD1FBF359B1A3FB4C85A3F8D43CD3E
01330FBE8880C33E1AC0E73F5A11ADBE8425C2BEB9815C3FDB34063E8DF0C63E
473885BEACE1063F1AC0E73F4EE126BF1C3D8EBE69A1343F6A86B43DCBBFE63E
158CB2BED8B8663F1AC0E73FC54562BFCE21E7BDD15DE83E77870C3F9E28F13E
4660BCBE2926C33F1AC0E73FA78D53BF042D023FEFA177BE5C76303FFD68C03E
473885BEACE1063F1AC0E73F4EE126BF1C3D8EBE69A1343FB421EF3EAE11093F
97FD3ABE64210ABF3257983F16050BBF0A2105BF52C3283FC0031B3FD63BAC3E
A6D1BCBE48FD25BE3257983FA97954BF4D6DA6BED009E83E548CEB3E2E8DF73E
1C7801BF9544AE3E3257983FE62773BFBFA1DFBD2C09963EB421A73E06BED23E
0C92E6BE59A7963F3257983FB6C15ABF0977043F714138BDD927043FFD33933E
A6D1BCBE48FD25BE3257983FA97954BF4D6DA6BED009E83E8A205E3E1B0D003F
C0ED2DBFB75E13BE0D1BED3E9C3F4EBF7F51BFBD2BBF153F81ECD53D8BC6A23E
41F11FBFB954313F0D1BED3E4B5925BF23AD913E6B59353FDCA0963E3DB6453E
6E4FF8BE4A7925BF0D1BED3E5DB32EBF1DBD8EBE5AF92C3F7F17B6BB73DAD33E
26715ABF464362BFC83FCBBE5A0B2DBF3A231DBFA2C9D0BEBF45173F0000003F
107440BF63B624BFCBF619BF18218CBD5381A9BEE2EB70BF5E2B193FDBC32A3F
3ECF0BBF89CFD5BE624911BF5ACF2C3F24D1913E5C392EBFDC80633FF4C0373F
27FA68BFB29B993E9F7244BF8B6D453F30C9973E203510BFB60E0A3FF4C0373F
DB6E88BFC5C6FC3EB28203BF82C5403F11A7083F8AF5C43E17D7E83E0000003F
4D2E4EBFE96188BD75C8BDBE48D3233F8805443F07A1833D7E90393F0000003F
637F4DBF89CFD5BE7251CDBD641DB2BE4E01273ED9576C3FDD0B603F6D1E8F3E
D3DC92BFB29B993ED7A4ABBE15810ABD23B1913EEB41753F50A8D73E3E76973E
90A262BF416124BF59DA49BE617D30BF39791CBE6B41353F0B09743F1EA3CC3E
577621BF4C1B72BFDF1501BD1F5D0FBFD6C96ABE98CB4B3FD6C5973FF2D3A83E
5B23E2BE3D4780BF4E62D8BE5159A83EC399E1BEACD355BFC232563F014E1F3E
107440BF63B624BFCBF619BF18218CBD5381A9BEE2EB70BF5E2B193F16FB0BBD
27FA68BFB29B993E9F7244BF8B6D453F30C9973E203510BFE4BEFD3E93E2EBBE
3ECF0BBF89CFD5BE624911BF5ACF2C3F24D1913E5C392EBF0D1B413F1EF9E3BD
107440BF63B624BFCBF619BF18218CBD5381A9BEE2EB70BF5E2B193F4F40773F
268E96BF53E9DF3EACE54EBF316198BEDF616FBEDAF36CBF5AF3A33E01FBE83E
7DEBB9BF1728973F190456BFE8C9733E2B81153EECCF75BFFCAA2C3E22E13B3D
27FA68BFB29B993E9F7244BF8B6D453F30C9973E203510BFE4BEFD3EB60E0A3F
3203B7BF5919833F479307BF3F859FBEB7715B3EDAFB6C3F64CA87BD6D1E8F3E
35B29DBFC6858B3ED42ACABE763D3BBF8EC1C6BD5ACB2C3F48E0CF3E5C71B93E
27FA68BFB29B993E9F7244BF8B6D453F30C9973E203510BFE4BEFD3EF4C0373F
7DEBB9BF1728973F190456BFE8C9733E2B81153EECCF75BFFCAA2C3ECCED1A3F
E50DC4BFDAFF9C3F4E254BBF2FB917BEDF796F3F4949A4BED2C2A53D1A6DF53E
DB6E88BFC5C6FC3EB28203BF82C5403F11A7083F8AF5C43EE63DFE3E0000003F
26715ABF464362BFC83FCBBE5A0B2DBF3A231DBFA2C9D0BEEA208F3D0000003F
323EAABF8603113E8BAA23BF96314BBF5AD1ACBE038901BF20D5D8BE399CF93E
268E96BF53E9DF3EACE54EBF316198BEDF616FBEDAF36CBF80820BBF2671263F
107440BF63B624BFCBF619BF18218CBD5381A9BEE2EB70BF16FB0BBDDBC32A3F
7DEBB9BF1728973F190456BFE8C9733E2B81153EECCF75BF22E13B3DCCED1A3F
268E96BF53E9DF3EACE54EBF316198BEDF616FBEDAF36CBF01FBE83E2671263F
323EAABF8603113E8BAA23BF96314BBF5AD1ACBE038901BF7095133F399CF93E
34136CBFE54146BFC0968FBEA97954BFAD79D6BE798DBC3E2810803F58FEF43E
B96F15BFD6E08DBFBEBFC1BDFBB5FDBE40CD1FBF359B1A3FCFF4A23FD908C43E
34136CBFE54146BFC0968FBEA97954BFAD79D6BE798DBC3EBC22183F8D43CD3E
D1B28CBF6DE2C43E4F5DC1BE48E1233F099F043F2237113F2A56013F8D43CD3E
01DA5EBFE96188BDE41081BEEA11753E5203293F6C3F363F7E90393F8D43CD3E
D3DC92BFB29B993ED7A4ABBE15810ABD23B1913EEB41753FB60E0A3F77A0B63E
637F4DBF89CFD5BE7251CDBD641DB2BE4E01273ED9576C3FDC80633F8997A73E
19AEC8BF73BE963FCADE36BF058182BE0CEF053FA02B503F06B8803D8F1BDE3E
3203B7BF5919833F479307BF3F859FBEB7715B3EDAFB6C3FF629473E6688C33E
1408ADBF5E658D3EE38D0CBFDD6B6EBFE8E173BE1A018D3EC214B53E2CF5EC3E
34136CBFE54146BFC0968FBEA97954BFAD79D6BE798DBC3EB5A3B83C27DDE63E
1408ADBF5E658D3EE38D0CBFDD6B6EBFE8E173BE1A018D3EB020F5BEDD99F13E
323EAABF8603113E8BAA23BF96314BBF5AD1ACBE038901BF20D5D8BEE99A093F
26715ABF464362BFC83FCBBE5A0B2DBF3A231DBFA2C9D0BEEA208F3DCDCC0C3F
E50DC4BFDAFF9C3F4E254BBF2FB917BEDF796F3F4949A4BE55C09D3D5A83073F
323EAABF8603113E8BAA23BF96314BBF5AD1ACBE038901BF7095133FE99A093F
1408ADBF5E658D3EE38D0CBFDD6B6EBFE8E173BE1A018D3EA86F053FDD99F13E
19AEC8BF73BE963FCADE36BF058182BE0CEF053FA02B503F06B8803D28B5F73E
19AEC8BF73BE963FCADE36BF058182BE0CEF053FA02B503F3DD38BBE8463B63E
45F661BE44A8AEBF1AC4573EAEE9D6BEA43F52BF8CD1C53ED1068A3FE3A8C43E
FE60E0BEFBB084BF0D1BED3EAD41D63CF9597CBEF001783F51FA6A3FB5C4F23E
4C4FF8BE18B496BF1AC4573E616130BF676B33BF7AF93C3E31EF833F3387003F
45F661BEF228B3BF000000009D69CEBECEE966BF3C111EBECA6A943F2120CF3E
4C4FF8BE8B8AA2BF0000000056232BBF78353CBFCB51E5BDDE938F3F0ADB033F
0B9C3CBE772DA5BF19FE43BE295194BE48E723BF6C1F36BF80EF9E3FF10EE03E
6343CFBED6379CBF91444FBECD99E6BE04EF01BF78073CBF5DDE9A3FD925063F
C9AF4FBF639B20BF1AC4573EFED17EBF8821C4BDF801FCBAA56B663F6117B53E
029E58BF494838BF00000000D8156CBF6F49B7BE2B9115BE876A6E3FE42DEF3E
20D42DBFA43912BF4DF8C53EC239613E15630A3FA0DF4F3F00C7623F4E64763E
4C4FF8BE18B496BF1AC4573E616130BF676B33BF7AF93C3E79AE9D3FC0CFC03E
4C4FF8BE8B8AA2BF0000000056232BBF78353CBFCB51E5BD48E0A13FB667FE3E
2F6D24BFF0A22BBF73F799BE30FB17BFA62953BE8E1D47BFE0D86F3F16F7273F
C0ED2DBFB75E13BE0D1BED3E9C3F4EBF7F51BFBD2BBF153FAFEE2C3F734B3B3E
2F6D24BFF0A22BBF73F799BE30FB17BFA62953BE8E1D47BF1A363ABE5473E9BE
16A7FABE1C5CBABDA245E6BE4B7F25BFEDB1F6BD82D940BFA46EA73D18278EBE
6343CFBED6379CBF91444FBECD99E6BE04EF01BF78073CBF3848E83E4DF4F93E
2F6D24BFF0A22BBF73F799BE30FB17BFA62953BE8E1D47BFBF47C53E17BB0D3F
16A7FABE1C5CBABDA245E6BE4B7F25BFEDB1F6BD82D940BF59A3A63EB038383F
C973ADBE20ED17BFA245E6BECD71E6BE6011B0BEA6F752BFFF3DD03E766E263F
C0ED2DBFB75E13BE0D1BED3E9C3F4EBF7F51BFBD2BBF153F5C908D3E747903BE
20D42DBFA43912BF4DF8C53EC239613E15630A3FA0DF4F3F2C0E373EC495033F
6343CFBED6379CBF91444FBECD99E6BE04EF01BF78073CBFE6AFA03F79571D3F
]
[
m_Materials
3
ships\\mi\\materials\\innards.prt
ships\\mi\\materials\\panels 12.prt
ships\\mi\\materials\\panels 06.prt
]
[
m_Triangles
1
3
6
040005000600
060007000400
040038010500
700171017201
70016A026B02
6B0271017001
572
000001000200
020003000000
080009000A00
0A000B000800
0C000D000E00
0E000F000C00
100011001200
120013001000
030002001400
140015000300
160000000300
030017001600
110017001800
180012001100
170003001500
150018001700
19001A001800
180015001900
1B001C001D00
1D001E001B00
1E001F002000
20001B001E00
210022002300
230024002100
250026001E00
1E001D002500
260027001F00
1F001E002600
280029002600
260025002800
29002A002700
270026002900
2B0024002900
290028002B00
240023002A00
2A0029002400
2C002D002E00
2E002F002C00
300031003200
320033003000
340035003600
360037003400
380039002F00
2F002E003800
3A003B003C00
3C003D003A00
3E003A003D00
3D003F003E00
400041003B00
3B003A004000
420040003A00
3A003E004200
430044004500
450046004300
470048003900
390038004700
49003F004A00
4A004B004900
4C004D004E00
4E004F004C00
500051003F00
3F0052005000
530038002E00
2E002D005300
540055005600
560057005400
580059005A00
5A005B005800
5C0047003800
380053005C00
5D0042003E00
3E005E005D00
44005F006000
600045004400
610062006300
630064006100
620065006600
660063006200
210067006800
680069002100
220021006900
69006A002200
640063006B00
6B006C006400
630066006D00
6D006B006300
690068006E00
6E006F006900
6A0069006F00
6F0070006A00
6C006B007100
710072006C00
6B006D007300
730071006B00
6F006E007400
740075006F00
70006F007500
750076007000
440043007700
770078004400
79007A007B00
7B007C007900
7D007E007F00
7F0080007D00
810082008300
830084008100
5F0044007800
780085005F00
7E0086008700
87007F007E00
7A0088008900
89007B007A00
8A008B008C00
8C008D008A00
8E001C008F00
8F0090008E00
91008E009000
900092009100
1C001B009300
93008F001C00
1B0020009400
940093001B00
90008F009500
950096009000
920090009700
970098009200
8F0093009900
990095008F00
930094009A00
9A0099009300
760075009B00
9B009C007600
74009B007500
71009D007200
710073009D00
120018001A00
130012001A00
13001A00A200
A300A400A500
A500A600A300
A700A500A800
A800A500A400
A800A400A900
A400A300AA00
AA00AB00A400
A900A400AB00
AC00AB00AA00
AA00AD00AC00
AE00AB00AC00
A900AB00AE00
190015001400
A700AF00A500
B000B100B200
B300B200B100
0E00B200B300
B400A500AF00
A600A500B500
B500B600A600
B400B500A500
B700B800B900
B900BA00B700
BA00B900BB00
BB00BC00BA00
BD00BE00BB00
BB00B900BD00
BF00BD00B900
B900B800BF00
C000C100C200
C200C300C000
C000C400C500
C500C100C000
C600C700C800
C800C900C600
CA00CB00CC00
CC00CD00CA00
C200CE00CF00
CF00C300C200
CF00CE00D000
D000D100CF00
CC00CB00D200
D200D300CC00
C800C700D400
D400D500C800
C500C400D600
D600D700C500
D700D600D800
D800D900D700
D500D400DA00
DA00DB00D500
D300D200DC00
DC00DD00D300
D100D000DE00
DE00DF00D100
D900D800DF00
DF00DE00D900
E000E100E200
E200E300E000
E400E500E600
E600E700E400
E800E900EA00
EA00EB00E800
EC00ED00E900
E900E800EC00
EE00EF00F000
F000F100EE00
F200F300F400
F400F500F200
ED00F600F700
F700E900ED00
E900F700F800
F800EA00E900
F900FA00FB00
FB00FC00F900
FA00FD00FE00
FE00FB00FA00
FD00FF000001
0001FE00FD00
010102010301
030104010101
050106010701
070108010501
09010A010B01
0B010C010901
110112011301
130114011101
150116011201
120111011501
170118011901
19011A011701
18011B011C01
1C0119011801
16011D011E01
1E0112011601
12011E011F01
1F0113011201
200121012201
220123012001
210124012501
250122012101
240126012701
270125012401
280129012A01
2A012B012801
2C012D012E01
2E012F012C01
300131013201
320133013001
670021002400
0E00B3000F00
B30039010F00
3A013B013C01
3A013D013B01
3D013E013B01
3C013B013F01
3F013B014001
40013B014101
420143014401
440143014501
440145014601
470142014401
480147014401
490148014401
4A014B014C01
4C014D014A01
4B0143014201
42014C014B01
4D014C014E01
4E014F014D01
4C0142014701
47014E014C01
500151014B01
4B014A015001
510145014301
43014B015101
520153015101
510150015201
530146014501
450151015301
540155015601
560157015401
550148014901
490156015501
4F014E015501
550154014F01
4E0147014801
480155014E01
580159015A01
5A015B015801
5C015D015901
590158015C01
590156014901
49015A015901
5D0157015601
560159015D01
53015E015F01
5F0146015301
520160015E01
5E0153015201
5E0161016201
62015F015E01
600163016101
61015E016001
640158015B01
5B0165016401
66015C015801
580164016601
610164016501
650162016101
630166016401
640161016301
490144015A01
5A0144015B01
5B0144016501
440146015F01
44015F016201
650144016201
670141013B01
680167013B01
690168013B01
6A013B013E01
6B013B016A01
6B0169013B01
6C016D016E01
6F016D016C01
730174017501
300133017801
780179013001
7A017B017C01
7C017D017A01
7E017F012A01
2A0129017E01
800181012701
270126018001
820183018101
810180018201
200123018301
830182012001
840113011F01
1F0185018401
860184018501
850187018601
180188018901
89011B011801
17018A018801
880118011701
8B018C018401
840186018B01
8C0114011301
130184018C01
09010C018F01
8F0190010901
910192019301
930194019101
950196010301
030102019501
970198010001
0001FF009701
99019A019801
980197019901
F900FC009A01
9A019901F900
9B01EA00F800
F8009C019B01
9D019B019C01
9C019E019D01
F2009F01A001
A001F300F200
EE00A101A201
A201EF00EE00
A301A4019B01
9B019D01A301
A401EB00EA00
EA009B01A401
E400A501A601
A601E500E400
E000A701A801
A801E100E000
A901AA01AB01
AB01AC01A901
AD01AB01AA01
AA01AE01AD01
AF01B001B101
B101B201AF01
B301B401B501
B501B601B301
B701A901AC01
AC01B801B701
B901B701B801
B801BA01B901
BB01B301B601
B601BC01BB01
BD01AF01B201
B201BE01BD01
BF01AD01AE01
AE01C001BF01
C101C201BF01
BF01C001C101
C301C401BD01
BD01BE01C301
C501C601BB01
BB01BC01C501
C701C801B901
B901BA01C701
C701C201C101
C101C801C701
C901CA01CB01
CB01CC01C901
CC01CB01CD01
CD01CE01CC01
BA00BC00CD01
CD01CB01BA00
B700BA00CB01
CB01CA01B700
CF01D001D101
A600B600D101
D101D001A600
CF01D201D001
6F016C01D301
6C01D401D301
D501D301D401
D601D001D201
D701D801D901
DA01DB01DC01
DB01DD01DC01
DD01AD00AA00
AA00DC01DD01
DA01DC01DE01
DE01DC01AA00
AA00A300DE01
DF01DA01DE01
DF01DE01D001
D601DF01D001
A300A600D001
D001DE01A300
E001E101E201
E001E201E701
E701E201E801
E901EA01EB01
E901EC01EA01
ED01EE01EF01
76009C00EF01
EF01EE017600
F001F1019A00
9A009400F001
F201F301F101
F101F001F201
F401F501F601
F601F701F401
F701F801F301
F301F201F701
F901F0019400
94002000F901
FA01F201F001
F001F901FA01
FB01F401F701
F701FC01FB01
FC01F701F201
F201FA01FC01
FD01FE01FF01
FF010002FD01
010202020302
030204020102
050206020702
070208020502
09020A020B02
0B020C020902
0D020E020F02
0F0210020D02
110212020602
060205021102
130214020202
020201021302
0C020B021502
150216020C02
70007600EE01
EE0117027000
1702EE01ED01
ED0118021702
1902E901EB01
EB011A021902
1B02EC01E901
E90119021B02
6A0070001702
17021C026A00
1C0217021802
18021D021C02
1E0219021A02
1A021F021E02
20021B021902
19021E022002
22006A001C02
1C0275012200
75011C021D02
1D0273017501
21021E021F02
1F0222022102
230220021E02
1E0221022302
0C0224022502
250209020C02
260227022802
280229022602
2A022B022C02
2C022D022A02
2E022F023002
300231022E02
320233023402
340235023202
2B0236023702
37022C022B02
380239023A02
3A023B023802
3C023D023E02
3E023F023C02
400241024202
42023A024002
2D022C024302
430244022D02
160245022402
24020C021602
290228024602
460247022902
470246024802
480249024702
28023A024A02
4A0246022802
46024A024B02
4B0248024602
2C0237024C02
4C0243022C02
4D024E024F02
4F0250024D02
510252025302
530254025102
55024C023702
370236025502
740156022A00
2A0023007401
570258025602
560274015702
560259022700
27002A005602
58025A025902
590256025802
59025B021F00
1F0027005902
5A025C025B02
5B0259025A02
750174012300
230022007501
5B02F9012000
20001F005B02
F9015B025C02
5C02FA01F901
D701D901E801
E801E201D701
5D02E801D901
D9015E025D02
5F02E701E801
E8015D025F02
60025D025E02
5E0261026002
5E02D901D801
D80162025E02
6302E001E701
E7015F026302
64026D016F01
6F0165026402
660267026802
680269026602
61025E026202
62026C026102
12
9E009F00A000
A000A1009E00
0D010E010F01
0F0110010D01
340135013601
360137013401
340176017701
770135013401
0D018D018E01
8E010E010D01
E301E401E501
E501E601E301
]
[
m_Fps
15.000000
]
[
m_fMeshScale
1.000000
]
[
m_Reverse
0
]
[
m_Optimize
1
]
[
m_CalcNormals
0
]
[
m_EnableLOD
0
]
[
m_MinLOD
1.000000
]
[
m_MaxLOD
750.000000
]
}
F40F11A9E5528EFD
1C5CA7C6FFFFFFFF
{
[
m_NodeKey
0B5CA7C6FFFFFFFF
]
[
m_Class
C34AD77CBDD85FAC
]
[
m_Name
Trusters
]
[
m_pTemplate
C34AD77CBDD85FAC
1D5CA7C6FFFFFFFF
{
[
m_Name

]
[
m_nNodeFlags
0
]
[
m_Children
0
]
[
m_Bits
0
]
[
m_Type
00000000
]
[
m_MinDistance
0.000000
]
[
m_MaxDistance
32768.000000
]
[
m_fFadePercent
0.100000
]
[
m_MinDetailLevel
00000000
]
[
m_MaxDetailLevel
02000000
]
[
m_bZeroTime
0
]
}
]
[
m_Children
2
23E338DC4B2BBF92
515CA7C6FFFFFFFF
{
[
m_NodeKey
1E5CA7C6FFFFFFFF
]
[
m_Class
913D1AE2AA2BB936
]
[
m_Name
Node
]
[
m_pTemplate
913D1AE2AA2BB936
525CA7C6FFFFFFFF
{
[
m_Name

]
[
m_nNodeFlags
0
]
[
m_Children
0
]
[
m_Position
000000000000000000000000
]
[
m_Frame
0000803F0000000000000000000000000000803F0000000000000000000000000000803F
]
[
m_pScene
0000000000000000
]
[
m_bNormalizeFrame
1
]
}
]
[
m_Children
0
]
[
m_Position
000000006666E6BE6666A6BF
]
[
m_Frame
0000803F0000000000000000000000000000803F0000000000000000000000000000803F
]
[
m_fFrameScale
0.900000
]
[
m_ScenePort
ships\\mi\\thrusters\\mi thruster.prt
]
[
m_NormalizeFrame
0
]
}
23E338DC4B2BBF92
535CA7C6FFFFFFFF
{
[
m_NodeKey
1F5CA7C6FFFFFFFF
]
[
m_Class
913D1AE2AA2BB936
]
[
m_Name
Node
]
[
m_pTemplate
913D1AE2AA2BB936
545CA7C6FFFFFFFF
{
[
m_Name

]
[
m_nNodeFlags
0
]
[
m_Children
0
]
[
m_Position
000000000000000000000000
]
[
m_Frame
0000803F0000000000000000000000000000803F0000000000000000000000000000803F
]
[
m_pScene
0000000000000000
]
[
m_bNormalizeFrame
1
]
}
]
[
m_Children
0
]
[
m_Position
00000000CDCC4C3F0000E0BF
]
[
m_Frame
0000803F0000000000000000000000000000803F0000000000000000000000000000803F
]
[
m_fFrameScale
0.900000
]
[
m_ScenePort
ships\\mi\\thrusters\\mi thruster.prt
]
[
m_NormalizeFrame
0
]
}
]
[
m_Bits
2
]
[
m_Type
01000000
]
[
m_MinDistance
0.000000
]
[
m_MaxDistance
32768.000000
]
[
m_fFadePercent
0.100000
]
[
m_MinDetailLevel
00000000
]
[
m_MaxDetailLevel
02000000
]
[
m_bZeroTime
0
]
}
F40F11A9E5528EFD
555CA7C6FFFFFFFF
{
[
m_NodeKey
4E5CA7C6FFFFFFFF
]
[
m_Class
C34AD77CBDD85FAC
]
[
m_Name
Damage1
]
[
m_pTemplate
C34AD77CBDD85FAC
565CA7C6FFFFFFFF
{
[
m_Name

]
[
m_nNodeFlags
0
]
[
m_Children
0
]
[
m_Bits
0
]
[
m_Type
00000000
]
[
m_MinDistance
0.000000
]
[
m_MaxDistance
32768.000000
]
[
m_fFadePercent
0.100000
]
[
m_MinDetailLevel
00000000
]
[
m_MaxDetailLevel
02000000
]
[
m_bZeroTime
0
]
}
]
[
m_Children
0
]
[
m_Bits
0
]
[
m_Type
01000000
]
[
m_MinDistance
0.000000
]
[
m_MaxDistance
32768.000000
]
[
m_fFadePercent
0.100000
]
[
m_MinDetailLevel
00000000
]
[
m_MaxDetailLevel
02000000
]
[
m_bZeroTime
0
]
}
F40F11A9E5528EFD
575CA7C6FFFFFFFF
{
[
m_NodeKey
4F5CA7C6FFFFFFFF
]
[
m_Class
C34AD77CBDD85FAC
]
[
m_Name
Damage2
]
[
m_pTemplate
C34AD77CBDD85FAC
585CA7C6FFFFFFFF
{
[
m_Name

]
[
m_nNodeFlags
0
]
[
m_Children
0
]
[
m_Bits
0
]
[
m_Type
00000000
]
[
m_MinDistance
0.000000
]
[
m_MaxDistance
32768.000000
]
[
m_fFadePercent
0.100000
]
[
m_MinDetailLevel
00000000
]
[
m_MaxDetailLevel
02000000
]
[
m_bZeroTime
0
]
}
]
[
m_Children
0
]
[
m_Bits
0
]
[
m_Type
01000000
]
[
m_MinDistance
0.000000
]
[
m_MaxDistance
32768.000000
]
[
m_fFadePercent
0.100000
]
[
m_MinDetailLevel
00000000
]
[
m_MaxDetailLevel
02000000
]
[
m_bZeroTime
0
]
}
F40F11A9E5528EFD
595CA7C6FFFFFFFF
{
[
m_NodeKey
505CA7C6FFFFFFFF
]
[
m_Class
C34AD77CBDD85FAC
]
[
m_Name
Damage2
]
[
m_pTemplate
C34AD77CBDD85FAC
5A5CA7C6FFFFFFFF
{
[
m_Name

]
[
m_nNodeFlags
0
]
[
m_Children
0
]
[
m_Bits
0
]
[
m_Type
00000000
]
[
m_MinDistance
0.000000
]
[
m_MaxDistance
32768.000000
]
[
m_fFadePercent
0.100000
]
[
m_MinDetailLevel
00000000
]
[
m_MaxDetailLevel
02000000
]
[
m_bZeroTime
0
]
}
]
[
m_Children
0
]
[
m_Bits
0
]
[
m_Type
01000000
]
[
m_MinDistance
0.000000
]
[
m_MaxDistance
32768.000000
]
[
m_fFadePercent
0.100000
]
[
m_MinDetailLevel
00000000
]
[
m_MaxDetailLevel
02000000
]
[
m_bZeroTime
0
]
}
F40F11A9E5528EFD
7D895B2DABBF525A
{
[
m_NodeKey
7B895B2DABBF525A
]
[
m_Class
C34AD77CBDD85FAC
]
[
m_Name
Sound
]
[
m_pTemplate
C34AD77CBDD85FAC
7E895B2DABBF525A
{
[
m_Name

]
[
m_nNodeFlags
0
]
[
m_Children
0
]
[
m_Bits
0
]
[
m_Type
00000000
]
[
m_MinDistance
0.000000
]
[
m_MaxDistance
32768.000000
]
[
m_fFadePercent
0.100000
]
[
m_MinDetailLevel
00000000
]
[
m_MaxDetailLevel
02000000
]
[
m_bZeroTime
0
]
}
]
[
m_Children
1
A3EF38DE4BABBF9C
7F895B2DABBF525A
{
[
m_NodeKey
7C895B2DABBF525A
]
[
m_Class
B13DD2E2A2CBB936
]
[
m_Name
NodeSound
]
[
m_pTemplate
B13DD2E2A2CBB936
80895B2DABBF525A
{
[
m_Name

]
[
m_nNodeFlags
0
]
[
m_Children
0
]
[
m_Sound
0000000000000000
]
[
m_Falloff
0.010000
]
[
m_Loop
0
]
}
]
[
m_Children
0
]
[
m_SoundPort
sound\\neno\\ships\\03 alien truster.prt
]
[
m_Falloff
0.009000
]
[
m_Loop
1
]
}
]
[
m_Bits
2
]
[
m_Type
01000000
]
[
m_MinDistance
0.000000
]
[
m_MaxDistance
32768.000000
]
[
m_fFadePercent
0.100000
]
[
m_MinDetailLevel
00000000
]
[
m_MaxDetailLevel
02000000
]
[
m_bZeroTime
0
]
}
]
}
]
[
m_Bits
0
]
[
m_Type
01000000
]
[
m_MinDistance
0.000000
]
[
m_MaxDistance
32768.000000
]
[
m_fFadePercent
0.100000
]
[
m_MinDetailLevel
00000000
]
[
m_MaxDetailLevel
02000000
]
[
m_bZeroTime
0
]
}
]
[
m_Position
000000000000000000000000
]
[
m_Frame
0000803F0000000000000000000000000000803F0000000000000000000000000000803F
]
[
m_fFrameScale
1.000000
]
}
]
[
m_Fps
15.000000
]
[
m_Segments
0
]
[
m_TargetPosition
EB3940BD4C6405BF01BEC33D
]
[
m_TargetDistance
10.801656
]
[
m_TargetFrame
F3CA5F3F06BF163EF9EAEC3E8D168BBE1429703F7DE95B3E7012CEBE977BA0BE0C2F5C3F
]
}
