PRT
DC32FE2C658C0772
346DD1071D530507
{
[
m_Flammable
0.500000
]
[
m_Hardness
0.500000
]
[
m_Strength
0.500000
]
[
m_Friction
0.500000
]
[
m_nPass
2
]
[
m_Width
10.000000
]
[
m_Height
10.000000
]
[
m_Diffuse
FFFFFFFF
]
[
m_Ambient
FFFFFF00
]
[
m_Emissive
FFFFFF00
]
[
m_Specular
FFFFFF00
]
[
m_SpecularPower
0.000000
]
[
m_LightEnable
1
]
[
m_Blending
03000000
]
[
m_DoubleSided
1
]
[
m_Fps
15.000000
]
[
m_Frames
1
]
[
m_Textures
1
1
00000000
universe\\events\\DarkSpaceWars\\Arena assets\\arena_ip.PRT
1
0
0
0.000000
0.000000
0.000000
0.000000
0.000000
0.000000
]
[
m_sShader

]
[
m_MipMap
0
]
[
m_DiffusePort

]
[
m_AlphaPort

]
[
m_LightMap

]
}
