PRT
BBE32C0F2208BFD2
336DD1871D537D07
{
[
m_Root
E98E268F2008D746
0E19EA2297BBBC5A
{
[
m_NodeKey
0919EA2297BBBC5A
]
[
m_Class
231158F1834B35BB
]
[
m_Name
Node
]
[
m_pTemplate
231158F1834B35BB
0F19EA2297BBBC5A
{
[
m_Name

]
[
m_nNodeFlags
0
]
[
m_Children
0
]
[
m_Position
000000000000000000000000
]
[
m_Frame
0000803F0000000000000000000000000000803F0000000000000000000000000000803F
]
}
]
[
m_Children
1
F40F11A9E5528EFD
1019EA2297BBBC5A
{
[
m_NodeKey
0A19EA2297BBBC5A
]
[
m_Class
C34AD77CBDD85FAC
]
[
m_Name
Node
]
[
m_pTemplate
C34AD77CBDD85FAC
1119EA2297BBBC5A
{
[
m_Name

]
[
m_nNodeFlags
0
]
[
m_Children
0
]
[
m_Bits
0
]
[
m_Type
00000000
]
[
m_MinDistance
0.000000
]
[
m_MaxDistance
32768.000000
]
[
m_fFadePercent
0.100000
]
[
m_MinDetailLevel
00000000
]
[
m_MaxDetailLevel
02000000
]
[
m_bZeroTime
0
]
}
]
[
m_Children
2
C781E0EC7C13561A
1219EA2297BBBC5A
{
[
m_NodeKey
0B19EA2297BBBC5A
]
[
m_Class
9C7E346439A5C1B5
]
[
m_Name
Node
]
[
m_pTemplate
9C7E346439A5C1B5
1319EA2297BBBC5A
{
[
m_Name

]
[
m_nNodeFlags
0
]
[
m_Children
0
]
[
m_Position
000000000000000000000000
]
[
m_Frame
0000803F0000000000000000000000000000803F0000000000000000000000000000803F
]
[
m_Scale
1.000000
]
[
m_ScaleLock
0
]
[
m_ClampBack
0
]
[
m_EnableAlpha
0
]
[
m_Alpha
0.000000
]
[
m_AlphaV
0.000000
]
[
m_AlphaA
0.000000
]
[
m_AxisLock
00000000
]
[
m_Material
0000000000000000
]
}
]
[
m_Children
0
]
[
m_Position
000000000000000000000000
]
[
m_Frame
000080BF00000080000000800000000000000000000080BF00000000000080BF00000000
]
[
m_fFrameScale
1.000000
]
[
m_Scale
4750.000000
]
[
m_ScaleLock
0
]
[
m_ClampBack
0
]
[
m_EnableAlpha
1
]
[
m_Alpha
0.400000
]
[
m_AlphaV
0.000000
]
[
m_AlphaA
0.000000
]
[
m_AxisLock
07000000
]
[
m_MaterialPort
universe\\events\\DarkSpaceWars\\Arena assets\\arena_mp.PRT
]
}
C781E0EC7C13561A
7319EA2297BBBC5A
{
[
m_NodeKey
7219EA2297BBBC5A
]
[
m_Class
9C7E346439A5C1B5
]
[
m_Name
Node
]
[
m_pTemplate
9C7E346439A5C1B5
7419EA2297BBBC5A
{
[
m_Name

]
[
m_nNodeFlags
0
]
[
m_Children
0
]
[
m_Position
000000000000000000000000
]
[
m_Frame
0000803F0000000000000000000000000000803F0000000000000000000000000000803F
]
[
m_Scale
1.000000
]
[
m_ScaleLock
0
]
[
m_ClampBack
0
]
[
m_EnableAlpha
0
]
[
m_Alpha
0.000000
]
[
m_AlphaV
0.000000
]
[
m_AlphaA
0.000000
]
[
m_AxisLock
00000000
]
[
m_Material
0000000000000000
]
}
]
[
m_Children
0
]
[
m_Position
000000000000000000000000
]
[
m_Frame
000080BF00000080000000800000000000000000000080BF00000000000080BF00000000
]
[
m_fFrameScale
1.000000
]
[
m_Scale
4750.000000
]
[
m_ScaleLock
0
]
[
m_ClampBack
0
]
[
m_EnableAlpha
1
]
[
m_Alpha
0.400000
]
[
m_AlphaV
0.000000
]
[
m_AlphaA
0.000000
]
[
m_AxisLock
07000000
]
[
m_MaterialPort
universe\\events\\DarkSpaceWars\\Arena assets\\arena_mp.PRT
]
}
]
[
m_Bits
0
]
[
m_Type
01000000
]
[
m_MinDistance
0.000000
]
[
m_MaxDistance
21000.000000
]
[
m_fFadePercent
0.000000
]
[
m_MinDetailLevel
00000000
]
[
m_MaxDetailLevel
02000000
]
[
m_bZeroTime
0
]
}
]
[
m_Position
000000000000000000000000
]
[
m_Frame
0000803F0000000000000000000000000000803F0000000000000000000000000000803F
]
[
m_fFrameScale
1.000000
]
}
]
[
m_Fps
15.000000
]
[
m_Segments
1
Effect
0.000000
500000.000000
]
[
m_TargetPosition
000000000000000000000000
]
[
m_TargetDistance
3158536.500000
]
[
m_TargetFrame
F504353F00000000F50435BFEC05D13EEC05513FEC05D13E3BCD133F3BCD13BF3BCD133F
]
}
