PRT
BBE32C0F2208BFD2
1E757B6EC61C771A
{
[
m_Root
E98E268F2008D746
FBB6462291EE5E52
{
[
m_NodeKey
1C4922E11FD19351
]
[
m_Class
231158F1834B35BB
]
[
m_Name
Node
]
[
m_pTemplate
231158F1834B35BB
8196012691EE5E52
{
[
m_Name

]
[
m_nNodeFlags
0
]
[
m_Children
0
]
[
m_Position
000000000000000000000000
]
[
m_Frame
0000803F0000000000000000000000000000803F0000000000000000000000000000803F
]
}
]
[
m_Children
1
D653FB23498C096B
1C8022E11FD19351
{
[
m_NodeKey
FA8222E11FD19351
]
[
m_Class
6F591505547C1D6E
]
[
m_Name
M-193B/M Commando Destroyer
]
[
m_pTemplate
6F591505547C1D6E
10030F679A85BD54
{
[
m_Name

]
[
m_nNodeFlags
0
]
[
m_Children
0
]
[
m_Position
000000000000000000000000
]
[
m_Frame
0000803F0000000000000000000000000000803F0000000000000000000000000000803F
]
[
m_vOrientation
0
0
0
]
[
m_Flags
0
]
[
m_Tick
0
]
[
m_NounContext
0000000000000000
]
[
m_Traits
3
407D5D0F92E49EA5
{
}
DD2D5A9AF73452D9
0
4F7B2D2FC7265684
{
}
]
[
m_nTeamId
0
]
[
m_nUserId
0
]
[
m_DetectionFlags
4294967295
]
[
m_nCredits
0
]
[
m_Rank
0
]
[
m_Damage
0
]
[
m_Energy
100
]
[
m_fVelocity
0.000000
]
[
m_fSetVelocity
0.000000
]
[
m_RepairQueue
0
]
[
m_Order
00000000
]
[
m_OrderTarget
0
0000000000000000
]
[
m_pOrderFrom
0000000000000000
]
[
m_nOrderTime
0
]
[
m_Command
00000000
]
[
m_CommandTarget
0
0000000000000000
]
[
m_pHome
0000000000000000
]
[
m_bOutOfCombat
0
]
[
m_nAllyTime
0
]
}
]
[
m_Children
30
B2B7329B7F92DA85
F9AB23E11FD19351
{
[
m_NodeKey
18AF23E11FD19351
]
[
m_Class
9489CBAA441BE0BE
]
[
m_Name
Tachyon Drive
]
[
m_pTemplate
9489CBAA441BE0BE
11030F679A85BD54
{
[
m_Name

]
[
m_nNodeFlags
0
]
[
m_Children
0
]
[
m_Position
000000000000000000000000
]
[
m_Frame
0000803F0000000000000000000000000000803F0000000000000000000000000000803F
]
[
m_vOrientation
0
0
0
]
[
m_Flags
65536
]
[
m_Tick
0
]
[
m_NounContext
0000000000000000
]
[
m_Traits
1
4F7B2D2FC7265684
{
}
]
[
m_nTeamId
0
]
[
m_nUserId
0
]
[
m_DetectionFlags
4294967295
]
[
m_nDamage
0
]
[
m_nGroup
0
]
[
m_Energy
0
]
[
m_Fuel
0
]
[
m_JumpTime
0
]
[
m_JumpVelocity
000000000000000000000000
]
[
m_JumpTarget
0
0000000000000000
]
}
]
[
m_Children
0
]
[
m_Position
00000000CDCC4C3D3333F3BF
]
[
m_Frame
0000803F0000000000000000000000000000803F0000000000000000000000000000803F
]
[
m_fFrameScale
1.000000
]
[
m_NounContext
gadgets\\tachyon drive.prt
]
[
m_nDamage
0
]
[
m_bMountFore
0
]
[
m_bMountRight
0
]
[
m_bMountLeft
0
]
[
m_bMountAft
1
]
}
B2B7329B7F92DA85
E35224E11FD19351
{
[
m_NodeKey
B85624E11FD19351
]
[
m_Class
1373B36827E9E15D
]
[
m_Name
PD Beam Full
]
[
m_pTemplate
1373B36827E9E15D
987424E11FD19351
{
[
m_Name

]
[
m_nNodeFlags
0
]
[
m_Children
0
]
[
m_Position
000000000000000000000000
]
[
m_Frame
0000803F0000000000000000000000000000803F0000000000000000000000000000803F
]
[
m_vOrientation
0
0
0
]
[
m_Flags
65536
]
[
m_Tick
0
]
[
m_NounContext
0000000000000000
]
[
m_Traits
1
4F7B2D2FC7265684
{
}
]
[
m_nTeamId
0
]
[
m_nUserId
0
]
[
m_DetectionFlags
4294967295
]
[
m_nDamage
0
]
[
m_nGroup
0
]
[
m_Energy
0
]
[
m_Duration
-1
]
[
m_PointDefense
0
]
[
m_Target
0
0000000000000000
]
}
]
[
m_Children
0
]
[
m_Position
000000003D0AB73FF628FCBF
]
[
m_Frame
0000803F0000000000000000000000000000803F0000000000000000000000000000803F
]
[
m_fFrameScale
1.000000
]
[
m_NounContext
gadgets\\pulse beam.prt
]
[
m_nDamage
0
]
[
m_bMountFore
1
]
[
m_bMountRight
1
]
[
m_bMountLeft
1
]
[
m_bMountAft
1
]
}
B2B7329B7F92DA85
A6EB24E11FD19351
{
[
m_NodeKey
95EF24E11FD19351
]
[
m_Class
1373B36827E9E15D
]
[
m_Name
PD Beam Full
]
[
m_pTemplate
1373B36827E9E15D
650925E11FD19351
{
[
m_Name

]
[
m_nNodeFlags
0
]
[
m_Children
0
]
[
m_Position
000000000000000000000000
]
[
m_Frame
0000803F0000000000000000000000000000803F0000000000000000000000000000803F
]
[
m_vOrientation
0
0
0
]
[
m_Flags
65536
]
[
m_Tick
0
]
[
m_NounContext
0000000000000000
]
[
m_Traits
1
4F7B2D2FC7265684
{
}
]
[
m_nTeamId
0
]
[
m_nUserId
0
]
[
m_DetectionFlags
4294967295
]
[
m_nDamage
0
]
[
m_nGroup
0
]
[
m_Energy
0
]
[
m_Duration
-1
]
[
m_PointDefense
0
]
[
m_Target
0
0000000000000000
]
}
]
[
m_Children
0
]
[
m_Position
000000003D0AB7BFF628FCBF
]
[
m_Frame
0000803F0000000000000000000000000000803F0000000000000000000000000000803F
]
[
m_fFrameScale
1.000000
]
[
m_NounContext
gadgets\\pulse beam.prt
]
[
m_nDamage
0
]
[
m_bMountFore
1
]
[
m_bMountRight
1
]
[
m_bMountLeft
1
]
[
m_bMountAft
1
]
}
B2B7329B7F92DA85
857A25E11FD19351
{
[
m_NodeKey
787D25E11FD19351
]
[
m_Class
94AE4317687AE909
]
[
m_Name
IE Drive
]
[
m_pTemplate
94AE4317687AE909
12030F679A85BD54
{
[
m_Name

]
[
m_nNodeFlags
0
]
[
m_Children
0
]
[
m_Position
000000000000000000000000
]
[
m_Frame
0000803F0000000000000000000000000000803F0000000000000000000000000000803F
]
[
m_vOrientation
0
0
0
]
[
m_Flags
65537
]
[
m_Tick
0
]
[
m_NounContext
0000000000000000
]
[
m_Traits
1
4F7B2D2FC7265684
{
}
]
[
m_nTeamId
0
]
[
m_nUserId
0
]
[
m_DetectionFlags
4294967295
]
[
m_nDamage
0
]
[
m_nGroup
0
]
}
]
[
m_Children
0
]
[
m_Position
000000000000803E666616C0
]
[
m_Frame
0000803F0000000000000000000000000000803F0000000000000000000000000000803F
]
[
m_fFrameScale
1.000000
]
[
m_NounContext
gadgets\\drive - ie.prt
]
[
m_nDamage
0
]
[
m_bMountFore
0
]
[
m_bMountRight
0
]
[
m_bMountLeft
0
]
[
m_bMountAft
1
]
}
B2B7329B7F92DA85
DD0126E11FD19351
{
[
m_NodeKey
FB0426E11FD19351
]
[
m_Class
94AE4317687AE909
]
[
m_Name
IE Drive
]
[
m_pTemplate
94AE4317687AE909
13030F679A85BD54
{
[
m_Name

]
[
m_nNodeFlags
0
]
[
m_Children
0
]
[
m_Position
000000000000000000000000
]
[
m_Frame
0000803F0000000000000000000000000000803F0000000000000000000000000000803F
]
[
m_vOrientation
0
0
0
]
[
m_Flags
65537
]
[
m_Tick
0
]
[
m_NounContext
0000000000000000
]
[
m_Traits
1
4F7B2D2FC7265684
{
}
]
[
m_nTeamId
0
]
[
m_nUserId
0
]
[
m_DetectionFlags
4294967295
]
[
m_nDamage
0
]
[
m_nGroup
0
]
}
]
[
m_Children
0
]
[
m_Position
000000009A9919BE666616C0
]
[
m_Frame
0000803F0000000000000000000000000000803F0000000000000000000000000000803F
]
[
m_fFrameScale
1.000000
]
[
m_NounContext
gadgets\\drive - ie.prt
]
[
m_nDamage
0
]
[
m_bMountFore
0
]
[
m_bMountRight
0
]
[
m_bMountLeft
0
]
[
m_bMountAft
1
]
}
B2B7329B7F92DA85
F28426E11FD19351
{
[
m_NodeKey
658826E11FD19351
]
[
m_Class
5CEA75607F8527BD
]
[
m_Name
Ion Tracker Missile
]
[
m_pTemplate
5CEA75607F8527BD
283EB7F1E981B451
{
[
m_Name

]
[
m_nNodeFlags
0
]
[
m_Children
0
]
[
m_Position
000000000000000000000000
]
[
m_Frame
0000803F0000000000000000000000000000803F0000000000000000000000000000803F
]
[
m_vOrientation
0
0
0
]
[
m_Flags
65536
]
[
m_Tick
0
]
[
m_NounContext
0000000000000000
]
[
m_Traits
1
4F7B2D2FC7265684
{
}
]
[
m_nTeamId
0
]
[
m_nUserId
0
]
[
m_DetectionFlags
4294967295
]
[
m_nDamage
0
]
[
m_nGroup
0
]
[
m_Energy
0
]
[
m_Ammo
0
]
}
]
[
m_Children
0
]
[
m_Position
000000005C8FC23ECDCCEC3F
]
[
m_Frame
0000803F00000080000000000000000000000000000080BF000000000000803F00000000
]
[
m_fFrameScale
1.000000
]
[
m_NounContext
gadgets\\Ion Tracker Missile.prt
]
[
m_nDamage
0
]
[
m_bMountFore
1
]
[
m_bMountRight
1
]
[
m_bMountLeft
1
]
[
m_bMountAft
1
]
}
B2B7329B7F92DA85
621227E11FD19351
{
[
m_NodeKey
571727E11FD19351
]
[
m_Class
5CEA75607F8527BD
]
[
m_Name
Ion Tracker Missile
]
[
m_pTemplate
5CEA75607F8527BD
E49449F41982B451
{
[
m_Name

]
[
m_nNodeFlags
0
]
[
m_Children
0
]
[
m_Position
000000000000000000000000
]
[
m_Frame
0000803F0000000000000000000000000000803F0000000000000000000000000000803F
]
[
m_vOrientation
0
0
0
]
[
m_Flags
65536
]
[
m_Tick
0
]
[
m_NounContext
0000000000000000
]
[
m_Traits
1
4F7B2D2FC7265684
{
}
]
[
m_nTeamId
0
]
[
m_nUserId
0
]
[
m_DetectionFlags
4294967295
]
[
m_nDamage
0
]
[
m_nGroup
0
]
[
m_Energy
0
]
[
m_Ammo
0
]
}
]
[
m_Children
0
]
[
m_Position
0000803E9A99993E00001040
]
[
m_Frame
0000803F00000080000000000000000000000000000080BF000000000000803F00000000
]
[
m_fFrameScale
1.000000
]
[
m_NounContext
gadgets\\Ion Tracker Missile.prt
]
[
m_nDamage
0
]
[
m_bMountFore
1
]
[
m_bMountRight
1
]
[
m_bMountLeft
1
]
[
m_bMountAft
1
]
}
B2B7329B7F92DA85
5B9E27E11FD19351
{
[
m_NodeKey
6AA227E11FD19351
]
[
m_Class
5CEA75607F8527BD
]
[
m_Name
Ion Tracker Missile
]
[
m_pTemplate
5CEA75607F8527BD
BB1CF4BD0E82B451
{
[
m_Name

]
[
m_nNodeFlags
0
]
[
m_Children
0
]
[
m_Position
000000000000000000000000
]
[
m_Frame
0000803F0000000000000000000000000000803F0000000000000000000000000000803F
]
[
m_vOrientation
0
0
0
]
[
m_Flags
65536
]
[
m_Tick
0
]
[
m_NounContext
0000000000000000
]
[
m_Traits
1
4F7B2D2FC7265684
{
}
]
[
m_nTeamId
0
]
[
m_nUserId
0
]
[
m_DetectionFlags
4294967295
]
[
m_nDamage
0
]
[
m_nGroup
0
]
[
m_Energy
0
]
[
m_Ammo
0
]
}
]
[
m_Children
0
]
[
m_Position
000080BE9A99993E00001040
]
[
m_Frame
0000803F00000080000000000000000000000000000080BF000000000000803F00000000
]
[
m_fFrameScale
1.000000
]
[
m_NounContext
gadgets\\Ion Tracker Missile.prt
]
[
m_nDamage
0
]
[
m_bMountFore
1
]
[
m_bMountRight
1
]
[
m_bMountLeft
1
]
[
m_bMountAft
1
]
}
B2B7329B7F92DA85
B42828E11FD19351
{
[
m_NodeKey
B72C28E11FD19351
]
[
m_Class
5CEA75607F8527BD
]
[
m_Name
Ion Tracker Missile
]
[
m_pTemplate
5CEA75607F8527BD
A65BAF0E3F82B451
{
[
m_Name

]
[
m_nNodeFlags
0
]
[
m_Children
0
]
[
m_Position
000000000000000000000000
]
[
m_Frame
0000803F0000000000000000000000000000803F0000000000000000000000000000803F
]
[
m_vOrientation
0
0
0
]
[
m_Flags
65536
]
[
m_Tick
0
]
[
m_NounContext
0000000000000000
]
[
m_Traits
1
4F7B2D2FC7265684
{
}
]
[
m_nTeamId
0
]
[
m_nUserId
0
]
[
m_DetectionFlags
4294967295
]
[
m_nDamage
0
]
[
m_nGroup
0
]
[
m_Energy
0
]
[
m_Ammo
0
]
}
]
[
m_Children
0
]
[
m_Position
0000803E9A99993E8FC2953F
]
[
m_Frame
0000803F00000080000000000000000000000000000080BF000000000000803F00000000
]
[
m_fFrameScale
1.000000
]
[
m_NounContext
gadgets\\Ion Tracker Missile.prt
]
[
m_nDamage
0
]
[
m_bMountFore
1
]
[
m_bMountRight
1
]
[
m_bMountLeft
1
]
[
m_bMountAft
1
]
}
B2B7329B7F92DA85
E9B028E11FD19351
{
[
m_NodeKey
C6B428E11FD19351
]
[
m_Class
5CEA75607F8527BD
]
[
m_Name
Ion Tracker Missile
]
[
m_pTemplate
5CEA75607F8527BD
53CBB5CD5482B451
{
[
m_Name

]
[
m_nNodeFlags
0
]
[
m_Children
0
]
[
m_Position
000000000000000000000000
]
[
m_Frame
0000803F0000000000000000000000000000803F0000000000000000000000000000803F
]
[
m_vOrientation
0
0
0
]
[
m_Flags
65536
]
[
m_Tick
0
]
[
m_NounContext
0000000000000000
]
[
m_Traits
1
4F7B2D2FC7265684
{
}
]
[
m_nTeamId
0
]
[
m_nUserId
0
]
[
m_DetectionFlags
4294967295
]
[
m_nDamage
0
]
[
m_nGroup
0
]
[
m_Energy
0
]
[
m_Ammo
0
]
}
]
[
m_Children
0
]
[
m_Position
000080BE9A99993E8FC2953F
]
[
m_Frame
0000803F00000080000000000000000000000000000080BF000000000000803F00000000
]
[
m_fFrameScale
1.000000
]
[
m_NounContext
gadgets\\Ion Tracker Missile.prt
]
[
m_nDamage
0
]
[
m_bMountFore
1
]
[
m_bMountRight
1
]
[
m_bMountLeft
1
]
[
m_bMountAft
1
]
}
B2B7329B7F92DA85
BB3929E11FD19351
{
[
m_NodeKey
7F3D29E11FD19351
]
[
m_Class
B327164F37779600
]
[
m_Name
Auxiliary Fusion Generator F
]
[
m_pTemplate
B327164F37779600
515829E11FD19351
{
[
m_Name

]
[
m_nNodeFlags
0
]
[
m_Children
0
]
[
m_Position
000000000000000000000000
]
[
m_Frame
0000803F0000000000000000000000000000803F0000000000000000000000000000803F
]
[
m_vOrientation
0
0
0
]
[
m_Flags
65537
]
[
m_Tick
0
]
[
m_NounContext
0000000000000000
]
[
m_Traits
1
4F7B2D2FC7265684
{
}
]
[
m_nTeamId
0
]
[
m_nUserId
0
]
[
m_DetectionFlags
4294967295
]
[
m_nDamage
0
]
[
m_nGroup
0
]
}
]
[
m_Children
0
]
[
m_Position
0000000000000000CDCC8CBF
]
[
m_Frame
FEFF41B400000000000080BF000000000000803F000000000000803F00000000FEFF41B4
]
[
m_fFrameScale
1.000000
]
[
m_NounContext
gadgets\\reactor icc.prt
]
[
m_nDamage
0
]
[
m_bMountFore
1
]
[
m_bMountRight
0
]
[
m_bMountLeft
0
]
[
m_bMountAft
0
]
}
B2B7329B7F92DA85
1F442AE11FD19351
{
[
m_NodeKey
01482AE11FD19351
]
[
m_Class
953E49D61840A02D
]
[
m_Name
Active Shields F
]
[
m_pTemplate
953E49D61840A02D
BD622AE11FD19351
{
[
m_Name

]
[
m_nNodeFlags
0
]
[
m_Children
0
]
[
m_Position
000000000000000000000000
]
[
m_Frame
0000803F0000000000000000000000000000803F0000000000000000000000000000803F
]
[
m_vOrientation
0
0
0
]
[
m_Flags
65537
]
[
m_Tick
0
]
[
m_NounContext
0000000000000000
]
[
m_Traits
1
4F7B2D2FC7265684
{
}
]
[
m_nTeamId
0
]
[
m_nUserId
0
]
[
m_DetectionFlags
4294967295
]
[
m_nDamage
0
]
[
m_nGroup
0
]
[
m_Charge
0
]
}
]
[
m_Children
0
]
[
m_Position
00000000295C8F3D33333340
]
[
m_Frame
0000803F0000000000000000000000000000803F0000000000000000000000000000803F
]
[
m_fFrameScale
1.000000
]
[
m_NounContext
gadgets\\active shields.prt
]
[
m_nDamage
0
]
[
m_bMountFore
1
]
[
m_bMountRight
0
]
[
m_bMountLeft
0
]
[
m_bMountAft
0
]
}
B2B7329B7F92DA85
C3CD2AE11FD19351
{
[
m_NodeKey
60D12AE11FD19351
]
[
m_Class
953E49D61840A02D
]
[
m_Name
Active Shields P
]
[
m_pTemplate
953E49D61840A02D
B9E92AE11FD19351
{
[
m_Name

]
[
m_nNodeFlags
0
]
[
m_Children
0
]
[
m_Position
000000000000000000000000
]
[
m_Frame
0000803F0000000000000000000000000000803F0000000000000000000000000000803F
]
[
m_vOrientation
0
0
0
]
[
m_Flags
65537
]
[
m_Tick
0
]
[
m_NounContext
0000000000000000
]
[
m_Traits
1
4F7B2D2FC7265684
{
}
]
[
m_nTeamId
0
]
[
m_nUserId
0
]
[
m_DetectionFlags
4294967295
]
[
m_nDamage
0
]
[
m_nGroup
0
]
[
m_Charge
0
]
}
]
[
m_Children
0
]
[
m_Position
7B148EBF8FC2F53C000020C0
]
[
m_Frame
0000803F0000000000000000000000000000803F0000000000000000000000000000803F
]
[
m_fFrameScale
1.000000
]
[
m_NounContext
gadgets\\active shields.prt
]
[
m_nDamage
0
]
[
m_bMountFore
0
]
[
m_bMountRight
0
]
[
m_bMountLeft
1
]
[
m_bMountAft
0
]
}
B2B7329B7F92DA85
81522BE11FD19351
{
[
m_NodeKey
C5552BE11FD19351
]
[
m_Class
953E49D61840A02D
]
[
m_Name
Active Shields S
]
[
m_pTemplate
953E49D61840A02D
0D6E2BE11FD19351
{
[
m_Name

]
[
m_nNodeFlags
0
]
[
m_Children
0
]
[
m_Position
000000000000000000000000
]
[
m_Frame
0000803F0000000000000000000000000000803F0000000000000000000000000000803F
]
[
m_vOrientation
0
0
0
]
[
m_Flags
65537
]
[
m_Tick
0
]
[
m_NounContext
0000000000000000
]
[
m_Traits
1
4F7B2D2FC7265684
{
}
]
[
m_nTeamId
0
]
[
m_nUserId
0
]
[
m_DetectionFlags
4294967295
]
[
m_nDamage
0
]
[
m_nGroup
0
]
[
m_Charge
0
]
}
]
[
m_Children
0
]
[
m_Position
7B148E3F8FC2F53C000020C0
]
[
m_Frame
0000803F0000000000000000000000000000803F0000000000000000000000000000803F
]
[
m_fFrameScale
1.000000
]
[
m_NounContext
gadgets\\active shields.prt
]
[
m_nDamage
0
]
[
m_bMountFore
0
]
[
m_bMountRight
1
]
[
m_bMountLeft
0
]
[
m_bMountAft
0
]
}
B2B7329B7F92DA85
14D72BE11FD19351
{
[
m_NodeKey
D4DA2BE11FD19351
]
[
m_Class
953E49D61840A02D
]
[
m_Name
Active Shields A
]
[
m_pTemplate
953E49D61840A02D
D0F22BE11FD19351
{
[
m_Name

]
[
m_nNodeFlags
0
]
[
m_Children
0
]
[
m_Position
000000000000000000000000
]
[
m_Frame
0000803F0000000000000000000000000000803F0000000000000000000000000000803F
]
[
m_vOrientation
0
0
0
]
[
m_Flags
65537
]
[
m_Tick
0
]
[
m_NounContext
0000000000000000
]
[
m_Traits
1
4F7B2D2FC7265684
{
}
]
[
m_nTeamId
0
]
[
m_nUserId
0
]
[
m_DetectionFlags
4294967295
]
[
m_nDamage
0
]
[
m_nGroup
0
]
[
m_Charge
0
]
}
]
[
m_Children
0
]
[
m_Position
00000000295C8F3D666686BF
]
[
m_Frame
0000803F0000000000000000000000000000803F0000000000000000000000000000803F
]
[
m_fFrameScale
1.000000
]
[
m_NounContext
gadgets\\active shields.prt
]
[
m_nDamage
0
]
[
m_bMountFore
0
]
[
m_bMountRight
0
]
[
m_bMountLeft
0
]
[
m_bMountAft
1
]
}
B2B7329B7F92DA85
C55B2CE11FD19351
{
[
m_NodeKey
A05E2CE11FD19351
]
[
m_Class
3CE5D56D701CC3DF
]
[
m_Name
Composite Armor F
]
[
m_pTemplate
3CE5D56D701CC3DF
73782CE11FD19351
{
[
m_Name

]
[
m_nNodeFlags
0
]
[
m_Children
0
]
[
m_Position
000000000000000000000000
]
[
m_Frame
0000803F0000000000000000000000000000803F0000000000000000000000000000803F
]
[
m_vOrientation
0
0
0
]
[
m_Flags
65536
]
[
m_Tick
0
]
[
m_NounContext
0000000000000000
]
[
m_Traits
1
4F7B2D2FC7265684
{
}
]
[
m_nTeamId
0
]
[
m_nUserId
0
]
[
m_DetectionFlags
4294967295
]
[
m_nDamage
0
]
[
m_nGroup
0
]
[
m_Armor
0
]
}
]
[
m_Children
0
]
[
m_Position
000000009A99993E33332340
]
[
m_Frame
0000803F0000000000000000000000000000803F0000000000000000000000000000803F
]
[
m_fFrameScale
1.000000
]
[
m_NounContext
gadgets\\armorcomposite.prt
]
[
m_nDamage
0
]
[
m_bMountFore
1
]
[
m_bMountRight
0
]
[
m_bMountLeft
0
]
[
m_bMountAft
0
]
}
B2B7329B7F92DA85
63E12CE11FD19351
{
[
m_NodeKey
87E42CE11FD19351
]
[
m_Class
489FC3D8107F475A
]
[
m_Name
Scanner
]
[
m_pTemplate
489FC3D8107F475A
4E23696DC7D09351
{
[
m_Name

]
[
m_nNodeFlags
0
]
[
m_Children
0
]
[
m_Position
000000000000000000000000
]
[
m_Frame
0000803F0000000000000000000000000000803F0000000000000000000000000000803F
]
[
m_vOrientation
0
0
0
]
[
m_Flags
65536
]
[
m_Tick
0
]
[
m_NounContext
0000000000000000
]
[
m_Traits
1
4F7B2D2FC7265684
{
}
]
[
m_nTeamId
0
]
[
m_nUserId
0
]
[
m_DetectionFlags
4294967295
]
[
m_nDamage
0
]
[
m_nGroup
0
]
}
]
[
m_Children
0
]
[
m_Position
000000000000003FCDCCCC3E
]
[
m_Frame
00000000000080BF000000000000803F000000000000008000000000000000000000803F
]
[
m_fFrameScale
1.000000
]
[
m_NounContext
gadgets\\scanner.prt
]
[
m_nDamage
0
]
[
m_bMountFore
1
]
[
m_bMountRight
0
]
[
m_bMountLeft
0
]
[
m_bMountAft
0
]
}
B2B7329B7F92DA85
53652DE11FD19351
{
[
m_NodeKey
F0682DE11FD19351
]
[
m_Class
3CE5D56D701CC3DF
]
[
m_Name
Composite Armor A
]
[
m_pTemplate
3CE5D56D701CC3DF
42802DE11FD19351
{
[
m_Name

]
[
m_nNodeFlags
0
]
[
m_Children
0
]
[
m_Position
000000000000000000000000
]
[
m_Frame
0000803F0000000000000000000000000000803F0000000000000000000000000000803F
]
[
m_vOrientation
0
0
0
]
[
m_Flags
65536
]
[
m_Tick
0
]
[
m_NounContext
0000000000000000
]
[
m_Traits
1
4F7B2D2FC7265684
{
}
]
[
m_nTeamId
0
]
[
m_nUserId
0
]
[
m_DetectionFlags
4294967295
]
[
m_nDamage
0
]
[
m_nGroup
0
]
[
m_Armor
0
]
}
]
[
m_Children
0
]
[
m_Position
000000009A99993E666686BF
]
[
m_Frame
00000000000080BF000000000000803F000000000000008000000000000000000000803F
]
[
m_fFrameScale
1.000000
]
[
m_NounContext
gadgets\\armorcomposite.prt
]
[
m_nDamage
0
]
[
m_bMountFore
0
]
[
m_bMountRight
0
]
[
m_bMountLeft
0
]
[
m_bMountAft
1
]
}
021294066BAB277B
72E72DE11FD19351
{
[
m_NodeKey
41EA2DE11FD19351
]
[
m_Class
3B20082D22B2B734
]
[
m_Name
Top Trail
]
[
m_pTemplate
3B20082D22B2B734
{
[
m_Name

]
[
m_nNodeFlags
0
]
[
m_Children
0
]
[
m_Position
000000000000000000000000
]
[
m_Frame
0000803F0000000000000000000000000000803F0000000000000000000000000000803F
]
[
m_vOrientation
0
0
0
]
[
m_Flags
0
]
[
m_Tick
0
]
[
m_NounContext
0000000000000000
]
[
m_Traits
1
4F7B2D2FC7265684
{
}
]
[
m_nTeamId
0
]
[
m_nUserId
0
]
[
m_DetectionFlags
4294967295
]
}
]
[
m_Children
0
]
[
m_Position
0000000085EBD13E1F853BC0
]
[
m_Frame
0000803F0000000000000000000000000000803F0000000000000000000000000000803F
]
[
m_fFrameScale
0.100000
]
[
m_NounContext
misc\\trail - icc.prt
]
}
021294066BAB277B
666F2EE11FD19351
{
[
m_NodeKey
61722EE11FD19351
]
[
m_Class
3B20082D22B2B734
]
[
m_Name
Middle Trail
]
[
m_pTemplate
3B20082D22B2B734
{
[
m_Name

]
[
m_nNodeFlags
0
]
[
m_Children
0
]
[
m_Position
000000000000000000000000
]
[
m_Frame
0000803F0000000000000000000000000000803F0000000000000000000000000000803F
]
[
m_vOrientation
0
0
0
]
[
m_Flags
0
]
[
m_Tick
0
]
[
m_NounContext
0000000000000000
]
[
m_Traits
1
4F7B2D2FC7265684
{
}
]
[
m_nTeamId
0
]
[
m_nUserId
0
]
[
m_DetectionFlags
4294967295
]
}
]
[
m_Children
0
]
[
m_Position
00000000CDCC4C3D3D0A47C0
]
[
m_Frame
0000803F0000000000000000000000000000803F0000000000000000000000000000803F
]
[
m_fFrameScale
0.150000
]
[
m_NounContext
misc\\trail - icc.prt
]
}
021294066BAB277B
7DEF2EE11FD19351
{
[
m_NodeKey
84F22EE11FD19351
]
[
m_Class
3B20082D22B2B734
]
[
m_Name
Bottom Trail
]
[
m_pTemplate
3B20082D22B2B734
{
[
m_Name

]
[
m_nNodeFlags
0
]
[
m_Children
0
]
[
m_Position
000000000000000000000000
]
[
m_Frame
0000803F0000000000000000000000000000803F0000000000000000000000000000803F
]
[
m_vOrientation
0
0
0
]
[
m_Flags
0
]
[
m_Tick
0
]
[
m_NounContext
0000000000000000
]
[
m_Traits
1
4F7B2D2FC7265684
{
}
]
[
m_nTeamId
0
]
[
m_nUserId
0
]
[
m_DetectionFlags
4294967295
]
}
]
[
m_Children
0
]
[
m_Position
00000000E17A94BE1F853BC0
]
[
m_Frame
0000803F0000000000000000000000000000803F0000000000000000000000000000803F
]
[
m_fFrameScale
0.100000
]
[
m_NounContext
misc\\trail - icc.prt
]
}
B2B7329B7F92DA85
966D2FE11FD19351
{
[
m_NodeKey
BE702FE11FD19351
]
[
m_Class
5226331171D546F5
]
[
m_Name
Mirv Bomb
]
[
m_pTemplate
5226331171D546F5
68874B5624D19351
{
[
m_Name

]
[
m_nNodeFlags
0
]
[
m_Children
0
]
[
m_Position
000000000000000000000000
]
[
m_Frame
0000803F0000000000000000000000000000803F0000000000000000000000000000803F
]
[
m_vOrientation
0
0
0
]
[
m_Flags
65536
]
[
m_Tick
0
]
[
m_NounContext
0000000000000000
]
[
m_Traits
1
4F7B2D2FC7265684
{
}
]
[
m_nTeamId
0
]
[
m_nUserId
0
]
[
m_DetectionFlags
4294967295
]
[
m_nDamage
0
]
[
m_nGroup
0
]
[
m_Energy
0
]
[
m_Ammo
0
]
}
]
[
m_Children
0
]
[
m_Position
1F858B3F0AD7233E85EB91BF
]
[
m_Frame
0000803F0000008000000000000000004215763F4A208DBE000000004A208D3E4215763F
]
[
m_fFrameScale
1.000000
]
[
m_NounContext
gadgets\\mirv bomb.prt
]
[
m_nDamage
0
]
[
m_bMountFore
1
]
[
m_bMountRight
1
]
[
m_bMountLeft
1
]
[
m_bMountAft
1
]
}
B2B7329B7F92DA85
FDF52FE11FD19351
{
[
m_NodeKey
D7F92FE11FD19351
]
[
m_Class
0BF6792865C0FD10
]
[
m_Name
Chemical Beam Laser FP
]
[
m_pTemplate
0BF6792865C0FD10
F91A29E3C219B251
{
[
m_Name

]
[
m_nNodeFlags
0
]
[
m_Children
0
]
[
m_Position
000000000000000000000000
]
[
m_Frame
0000803F0000000000000000000000000000803F0000000000000000000000000000803F
]
[
m_vOrientation
0
0
0
]
[
m_Flags
65536
]
[
m_Tick
0
]
[
m_NounContext
0000000000000000
]
[
m_Traits
1
4F7B2D2FC7265684
{
}
]
[
m_nTeamId
0
]
[
m_nUserId
0
]
[
m_DetectionFlags
4294967295
]
[
m_nDamage
0
]
[
m_nGroup
0
]
[
m_Energy
0
]
[
m_Duration
-1
]
[
m_PointDefense
0
]
[
m_Target
0
0000000000000000
]
}
]
[
m_Children
0
]
[
m_Position
7B148EBF85EBD13ECDCC1CC0
]
[
m_Frame
0000803F0000000000000000000000000000803F0000000000000000000000000000803F
]
[
m_fFrameScale
1.000000
]
[
m_NounContext
gadgets\\cl standard icc.prt
]
[
m_nDamage
0
]
[
m_bMountFore
1
]
[
m_bMountRight
0
]
[
m_bMountLeft
1
]
[
m_bMountAft
0
]
}
B2B7329B7F92DA85
038630E11FD19351
{
[
m_NodeKey
CD8930E11FD19351
]
[
m_Class
0BF6792865C0FD10
]
[
m_Name
Chemical Beam Laser FS
]
[
m_pTemplate
0BF6792865C0FD10
691BACE8C319B251
{
[
m_Name

]
[
m_nNodeFlags
0
]
[
m_Children
0
]
[
m_Position
000000000000000000000000
]
[
m_Frame
0000803F0000000000000000000000000000803F0000000000000000000000000000803F
]
[
m_vOrientation
0
0
0
]
[
m_Flags
65536
]
[
m_Tick
0
]
[
m_NounContext
0000000000000000
]
[
m_Traits
1
4F7B2D2FC7265684
{
}
]
[
m_nTeamId
0
]
[
m_nUserId
0
]
[
m_DetectionFlags
4294967295
]
[
m_nDamage
0
]
[
m_nGroup
0
]
[
m_Energy
0
]
[
m_Duration
-1
]
[
m_PointDefense
0
]
[
m_Target
0
0000000000000000
]
}
]
[
m_Children
0
]
[
m_Position
7B148E3F85EBD13ECDCC1CC0
]
[
m_Frame
0000803F0000000000000000000000000000803F0000000000000000000000000000803F
]
[
m_fFrameScale
1.000000
]
[
m_NounContext
gadgets\\cl standard icc.prt
]
[
m_nDamage
0
]
[
m_bMountFore
1
]
[
m_bMountRight
1
]
[
m_bMountLeft
0
]
[
m_bMountAft
0
]
}
B2B7329B7F92DA85
811431E11FD19351
{
[
m_NodeKey
071831E11FD19351
]
[
m_Class
5226331171D546F5
]
[
m_Name
Mirv Bomb
]
[
m_pTemplate
5226331171D546F5
18BD5A7FDED09351
{
[
m_Name

]
[
m_nNodeFlags
0
]
[
m_Children
0
]
[
m_Position
000000000000000000000000
]
[
m_Frame
0000803F0000000000000000000000000000803F0000000000000000000000000000803F
]
[
m_vOrientation
0
0
0
]
[
m_Flags
65536
]
[
m_Tick
0
]
[
m_NounContext
0000000000000000
]
[
m_Traits
1
4F7B2D2FC7265684
{
}
]
[
m_nTeamId
0
]
[
m_nUserId
0
]
[
m_DetectionFlags
4294967295
]
[
m_nDamage
0
]
[
m_nGroup
0
]
[
m_Energy
0
]
[
m_Ammo
0
]
}
]
[
m_Children
0
]
[
m_Position
1F858BBF0AD7233E85EB91BF
]
[
m_Frame
0000803F0000008000000000000000004215763F4A208DBE000000004A208D3E4215763F
]
[
m_fFrameScale
1.000000
]
[
m_NounContext
gadgets\\mirv bomb.prt
]
[
m_nDamage
0
]
[
m_bMountFore
1
]
[
m_bMountRight
1
]
[
m_bMountLeft
1
]
[
m_bMountAft
1
]
}
B2B7329B7F92DA85
619C31E11FD19351
{
[
m_NodeKey
8F9F31E11FD19351
]
[
m_Class
BC69EE7D970BCC7A
]
[
m_Name
Pulse Shield
]
[
m_pTemplate
BC69EE7D970BCC7A
97B831E11FD19351
{
[
m_Name

]
[
m_nNodeFlags
0
]
[
m_Children
0
]
[
m_Position
000000000000000000000000
]
[
m_Frame
0000803F0000000000000000000000000000803F0000000000000000000000000000803F
]
[
m_vOrientation
0
0
0
]
[
m_Flags
65536
]
[
m_Tick
0
]
[
m_NounContext
0000000000000000
]
[
m_Traits
1
4F7B2D2FC7265684
{
}
]
[
m_nTeamId
0
]
[
m_nUserId
0
]
[
m_DetectionFlags
4294967295
]
[
m_nDamage
0
]
[
m_nGroup
0
]
[
m_Energy
0
]
}
]
[
m_Children
0
]
[
m_Position
0000000000000000666626BF
]
[
m_Frame
0000803F0000000000000000000000000000803F0000000000000000000000000000803F
]
[
m_fFrameScale
1.000000
]
[
m_NounContext
gadgets\\pulse shield.prt
]
[
m_nDamage
0
]
[
m_bMountFore
1
]
[
m_bMountRight
1
]
[
m_bMountLeft
1
]
[
m_bMountAft
1
]
}
B2B7329B7F92DA85
0C2332E11FD19351
{
[
m_NodeKey
FC2632E11FD19351
]
[
m_Class
5CEA75607F8527BD
]
[
m_Name
Ion Tracker Missile
]
[
m_pTemplate
5CEA75607F8527BD
7CF1E2E24782B451
{
[
m_Name

]
[
m_nNodeFlags
0
]
[
m_Children
0
]
[
m_Position
000000000000000000000000
]
[
m_Frame
0000803F0000000000000000000000000000803F0000000000000000000000000000803F
]
[
m_vOrientation
0
0
0
]
[
m_Flags
65536
]
[
m_Tick
0
]
[
m_NounContext
0000000000000000
]
[
m_Traits
1
4F7B2D2FC7265684
{
}
]
[
m_nTeamId
0
]
[
m_nUserId
0
]
[
m_DetectionFlags
4294967295
]
[
m_nDamage
0
]
[
m_nGroup
0
]
[
m_Energy
0
]
[
m_Ammo
0
]
}
]
[
m_Children
0
]
[
m_Position
7B148EBF7B14AE3ECDCC0CC0
]
[
m_Frame
0000803F00000080000000000000000000000000000080BF000000000000803F00000000
]
[
m_fFrameScale
1.000000
]
[
m_NounContext
gadgets\\Ion Tracker Missile.prt
]
[
m_nDamage
0
]
[
m_bMountFore
1
]
[
m_bMountRight
1
]
[
m_bMountLeft
1
]
[
m_bMountAft
1
]
}
B2B7329B7F92DA85
2BAA32E11FD19351
{
[
m_NodeKey
30AE32E11FD19351
]
[
m_Class
5CEA75607F8527BD
]
[
m_Name
Ion Tracker Missile
]
[
m_pTemplate
5CEA75607F8527BD
F688F07B7482B451
{
[
m_Name

]
[
m_nNodeFlags
0
]
[
m_Children
0
]
[
m_Position
000000000000000000000000
]
[
m_Frame
0000803F0000000000000000000000000000803F0000000000000000000000000000803F
]
[
m_vOrientation
0
0
0
]
[
m_Flags
65536
]
[
m_Tick
0
]
[
m_NounContext
0000000000000000
]
[
m_Traits
1
4F7B2D2FC7265684
{
}
]
[
m_nTeamId
0
]
[
m_nUserId
0
]
[
m_DetectionFlags
4294967295
]
[
m_nDamage
0
]
[
m_nGroup
0
]
[
m_Energy
0
]
[
m_Ammo
0
]
}
]
[
m_Children
0
]
[
m_Position
7B148E3F7B14AE3ECDCC0CC0
]
[
m_Frame
0000803F00000080000000000000000000000000000080BF000000000000803F00000000
]
[
m_fFrameScale
1.000000
]
[
m_NounContext
gadgets\\Ion Tracker Missile.prt
]
[
m_nDamage
0
]
[
m_bMountFore
1
]
[
m_bMountRight
1
]
[
m_bMountLeft
1
]
[
m_bMountAft
1
]
}
B2B7329B7F92DA85
388A5147FFD09351
{
[
m_NodeKey
4A855647FFD09351
]
[
m_Class
0BF6792865C0FD10
]
[
m_Name
CL FP
]
[
m_pTemplate
0BF6792865C0FD10
14030F679A85BD54
{
[
m_Name

]
[
m_nNodeFlags
0
]
[
m_Children
0
]
[
m_Position
000000000000000000000000
]
[
m_Frame
0000803F0000000000000000000000000000803F0000000000000000000000000000803F
]
[
m_vOrientation
0
0
0
]
[
m_Flags
65536
]
[
m_Tick
0
]
[
m_NounContext
0000000000000000
]
[
m_Traits
1
4F7B2D2FC7265684
{
}
]
[
m_nTeamId
0
]
[
m_nUserId
0
]
[
m_DetectionFlags
4294967295
]
[
m_nDamage
0
]
[
m_nGroup
0
]
[
m_Energy
0
]
[
m_Duration
-1
]
[
m_PointDefense
0
]
[
m_Target
0
0000000000000000
]
}
]
[
m_Children
0
]
[
m_Position
3333B3BE9A99993EA4702D40
]
[
m_Frame
0000803F0000000000000000000000000000803F0000000000000000000000000000803F
]
[
m_fFrameScale
1.000000
]
[
m_NounContext
gadgets\\cl standard icc.prt
]
[
m_nDamage
0
]
[
m_bMountFore
1
]
[
m_bMountRight
0
]
[
m_bMountLeft
1
]
[
m_bMountAft
0
]
}
B2B7329B7F92DA85
9FCB26CCFFD09351
{
[
m_NodeKey
C6D626CCFFD09351
]
[
m_Class
0BF6792865C0FD10
]
[
m_Name
CL FS
]
[
m_pTemplate
0BF6792865C0FD10
15030F679A85BD54
{
[
m_Name

]
[
m_nNodeFlags
0
]
[
m_Children
0
]
[
m_Position
000000000000000000000000
]
[
m_Frame
0000803F0000000000000000000000000000803F0000000000000000000000000000803F
]
[
m_vOrientation
0
0
0
]
[
m_Flags
65536
]
[
m_Tick
0
]
[
m_NounContext
0000000000000000
]
[
m_Traits
1
4F7B2D2FC7265684
{
}
]
[
m_nTeamId
0
]
[
m_nUserId
0
]
[
m_DetectionFlags
4294967295
]
[
m_nDamage
0
]
[
m_nGroup
0
]
[
m_Energy
0
]
[
m_Duration
-1
]
[
m_PointDefense
0
]
[
m_Target
0
0000000000000000
]
}
]
[
m_Children
0
]
[
m_Position
3333B33E9A99993EA4702D40
]
[
m_Frame
0000803F0000000000000000000000000000803F0000000000000000000000000000803F
]
[
m_fFrameScale
1.000000
]
[
m_NounContext
gadgets\\cl standard icc.prt
]
[
m_nDamage
0
]
[
m_bMountFore
1
]
[
m_bMountRight
1
]
[
m_bMountLeft
0
]
[
m_bMountAft
0
]
}
]
[
m_Position
000000000000000000000000
]
[
m_Frame
0000803F0000000000000000000000000000803F0000000000000000000000000000803F
]
[
m_fFrameScale
1.000000
]
[
m_NounContext
ships\\icc\\destroyer\\m193bm\\nc_m193.prt
]
[
m_nFleetId
-1
]
[
m_Orbiting

]
[
m_OrbitVelocity
0.000000
]
}
]
[
m_Position
000000000000000000000000
]
[
m_Frame
0000803F0000000000000000000000000000803F0000000000000000000000000000803F
]
[
m_fFrameScale
1.000000
]
}
]
[
m_Fps
15.000000
]
[
m_Segments
0
]
[
m_TargetPosition
E43EA83F64F3003E73E0B83D
]
[
m_TargetDistance
13.055368
]
[
m_TargetFrame
0000000000000000000080BF000000800000803F000000000000803F0000000000000000
]
}
