PRT
D037916DD75AE7ED
8AC8A249CBF30899
{
[
m_Name
Sapper
]
[
m_Description
"Need a hand?"
]
[
m_Class
84AAF83E9E65A811
]
[
m_Type
E61E2947C36CFB37
]
[
m_Scene
ships\\mi\\frigate\\frigate.prt
]
[
m_Mass
12.000000
]
[
m_bHullOverride
1
]
[
m_Hull
A4705DC0A4705DC0A4705DC0A4705D40A4705D40A4705D40
]
[
m_Flags
0
]
[
m_Data
2
8EC3E5980911121D
A4DF78A9FFFFFFFF
{
[
m_sID
DESTROY
]
[
m_sPort

]
}
8EC3E5980911121D
A5DF78A9FFFFFFFF
{
[
m_sID
NC_POD
]
[
m_sPort
ships\\icc\\pod\\nc_pod.prt
]
}
]
[
m_Resources
0
]
[
m_Drops
0
]
}
