PRT
BBE32C0F2208BFD2
D44F80E576A379F2
{
[
m_Root
E98E268F2008D746
D4E178A9FFFFFFFF
{
[
m_NodeKey
A8E178A9FFFFFFFF
]
[
m_Class
231158F1834B35BB
]
[
m_Name
Node
]
[
m_pTemplate
231158F1834B35BB
D5E178A9FFFFFFFF
{
[
m_Name

]
[
m_nNodeFlags
0
]
[
m_Children
0
]
[
m_Position
000000000000000000000000
]
[
m_Frame
0000803F0000000000000000000000000000803F0000000000000000000000000000803F
]
}
]
[
m_Children
1
D653FB23498C096B
D6E178A9FFFFFFFF
{
[
m_NodeKey
A9E178A9FFFFFFFF
]
[
m_Class
84AAF83E9E65A811
]
[
m_Name
Sapper
]
[
m_pTemplate
84AAF83E9E65A811
EBF04E16FDE3525A
{
[
m_Name

]
[
m_nNodeFlags
0
]
[
m_Children
0
]
[
m_Position
000000000000000000000000
]
[
m_Frame
0000803F0000000000000000000000000000803F0000000000000000000000000000803F
]
[
m_vOrientation
0
0
0
]
[
m_Flags
0
]
[
m_Tick
0
]
[
m_NounContext
0000000000000000
]
[
m_Traits
3
407D5D0F92E49EA5
{
}
DD2D5A9AF73452D9
0
4F7B2D2FC7265684
{
}
]
[
m_nTeamId
0
]
[
m_nUserId
0
]
[
m_DetectionFlags
4294967295
]
[
m_nCredits
0
]
[
m_Rank
0
]
[
m_Damage
0
]
[
m_Energy
100
]
[
m_fVelocity
0.000000
]
[
m_fSetVelocity
0.000000
]
[
m_RepairQueue
0
]
[
m_Order
00000000
]
[
m_OrderTarget
0
0000000000000000
]
[
m_pOrderFrom
0000000000000000
]
[
m_nOrderTime
0
]
[
m_Command
00000000
]
[
m_CommandTarget
0
0000000000000000
]
[
m_pHome
0000000000000000
]
[
m_bOutOfCombat
0
]
[
m_nAllyTime
0
]
}
]
[
m_Children
22
B2B7329B7F92DA85
D8E178A9FFFFFFFF
{
[
m_NodeKey
AAE178A9FFFFFFFF
]
[
m_Class
94361E336B7CE971
]
[
m_Name
Singularity Jump Drive
]
[
m_pTemplate
94361E336B7CE971
99E278A9FFFFFFFF
{
[
m_Name

]
[
m_nNodeFlags
0
]
[
m_Children
0
]
[
m_Position
000000000000000000000000
]
[
m_Frame
0000803F0000000000000000000000000000803F0000000000000000000000000000803F
]
[
m_vOrientation
0
0
0
]
[
m_Flags
65536
]
[
m_Tick
0
]
[
m_NounContext
0000000000000000
]
[
m_Traits
1
4F7B2D2FC7265684
{
}
]
[
m_nTeamId
0
]
[
m_nUserId
0
]
[
m_DetectionFlags
4294967295
]
[
m_nDamage
0
]
[
m_nGroup
0
]
[
m_Energy
0
]
[
m_Fuel
0
]
[
m_JumpTime
0
]
[
m_JumpVelocity
000000000000000000000000
]
[
m_JumpTarget
0
0000000000000000
]
}
]
[
m_Children
0
]
[
m_Position
000000009A99193FCDCC4C3F
]
[
m_Frame
0000803F0000000000000000000000000000803F0000000000000000000000000000803F
]
[
m_fFrameScale
1.000000
]
[
m_NounContext
gadgets\\singularity jump drive.PRT
]
[
m_nDamage
0
]
[
m_bMountFore
0
]
[
m_bMountRight
0
]
[
m_bMountLeft
0
]
[
m_bMountAft
1
]
}
B2B7329B7F92DA85
DAE178A9FFFFFFFF
{
[
m_NodeKey
ABE178A9FFFFFFFF
]
[
m_Class
94C64317E87CE909
]
[
m_Name
Singularity Drive
]
[
m_pTemplate
94C64317E87CE909
9AE278A9FFFFFFFF
{
[
m_Name

]
[
m_nNodeFlags
0
]
[
m_Children
0
]
[
m_Position
000000000000000000000000
]
[
m_Frame
0000803F0000000000000000000000000000803F0000000000000000000000000000803F
]
[
m_vOrientation
0
0
0
]
[
m_Flags
65537
]
[
m_Tick
0
]
[
m_NounContext
0000000000000000
]
[
m_Traits
1
4F7B2D2FC7265684
{
}
]
[
m_nTeamId
0
]
[
m_nUserId
0
]
[
m_DetectionFlags
4294967295
]
[
m_nDamage
0
]
[
m_nGroup
0
]
}
]
[
m_Children
0
]
[
m_Position
CDCC0C40000000809A9999BF
]
[
m_Frame
0000803F0000000000000000000000000000803F0000000000000000000000000000803F
]
[
m_fFrameScale
1.000000
]
[
m_NounContext
gadgets\\drive - se.PRT
]
[
m_nDamage
0
]
[
m_bMountFore
0
]
[
m_bMountRight
0
]
[
m_bMountLeft
0
]
[
m_bMountAft
1
]
}
B2B7329B7F92DA85
DEE178A9FFFFFFFF
{
[
m_NodeKey
ADE178A9FFFFFFFF
]
[
m_Class
94C64317E87CE909
]
[
m_Name
Singularity Drive
]
[
m_pTemplate
94C64317E87CE909
9CE278A9FFFFFFFF
{
[
m_Name

]
[
m_nNodeFlags
0
]
[
m_Children
0
]
[
m_Position
000000000000000000000000
]
[
m_Frame
0000803F0000000000000000000000000000803F0000000000000000000000000000803F
]
[
m_vOrientation
0
0
0
]
[
m_Flags
65537
]
[
m_Tick
0
]
[
m_NounContext
0000000000000000
]
[
m_Traits
1
4F7B2D2FC7265684
{
}
]
[
m_nTeamId
0
]
[
m_nUserId
0
]
[
m_DetectionFlags
4294967295
]
[
m_nDamage
0
]
[
m_nGroup
0
]
}
]
[
m_Children
0
]
[
m_Position
CDCC0CC0000000809A9999BF
]
[
m_Frame
0000803F0000000000000000000000000000803F0000000000000000000000000000803F
]
[
m_fFrameScale
1.000000
]
[
m_NounContext
gadgets\\drive - se.PRT
]
[
m_nDamage
0
]
[
m_bMountFore
0
]
[
m_bMountRight
0
]
[
m_bMountLeft
0
]
[
m_bMountAft
1
]
}
B2B7329B7F92DA85
071068BFFFFFFFFF
{
[
m_NodeKey
F40F68BFFFFFFFFF
]
[
m_Class
94C64317E87CE909
]
[
m_Name
Singularity Drive
]
[
m_pTemplate
94C64317E87CE909
081068BFFFFFFFFF
{
[
m_Name

]
[
m_nNodeFlags
0
]
[
m_Children
0
]
[
m_Position
000000000000000000000000
]
[
m_Frame
0000803F0000000000000000000000000000803F0000000000000000000000000000803F
]
[
m_vOrientation
0
0
0
]
[
m_Flags
65537
]
[
m_Tick
0
]
[
m_NounContext
0000000000000000
]
[
m_Traits
1
4F7B2D2FC7265684
{
}
]
[
m_nTeamId
0
]
[
m_nUserId
0
]
[
m_DetectionFlags
4294967295
]
[
m_nDamage
0
]
[
m_nGroup
0
]
}
]
[
m_Children
0
]
[
m_Position
00000000CDCC4C3FCDCC4C3E
]
[
m_Frame
0000803F0000000000000000000000000000803F0000000000000000000000000000803F
]
[
m_fFrameScale
1.000000
]
[
m_NounContext
gadgets\\drive - se.PRT
]
[
m_nDamage
0
]
[
m_bMountFore
0
]
[
m_bMountRight
0
]
[
m_bMountLeft
0
]
[
m_bMountAft
1
]
}
021294066BAB277B
091068BFFFFFFFFF
{
[
m_NodeKey
F50F68BFFFFFFFFF
]
[
m_Class
3B20082D22B2B734
]
[
m_Name
Trail
]
[
m_pTemplate
3B20082D22B2B734
{
[
m_Name

]
[
m_nNodeFlags
0
]
[
m_Children
0
]
[
m_Position
000000000000000000000000
]
[
m_Frame
0000803F0000000000000000000000000000803F0000000000000000000000000000803F
]
[
m_vOrientation
0
0
0
]
[
m_Flags
0
]
[
m_Tick
0
]
[
m_NounContext
0000000000000000
]
[
m_Traits
1
4F7B2D2FC7265684
{
}
]
[
m_nTeamId
0
]
[
m_nUserId
0
]
[
m_DetectionFlags
4294967295
]
}
]
[
m_Children
0
]
[
m_Position
000080BECDCC4C3ECDCC4C3E
]
[
m_Frame
0000803F0000000000000000000000000000803F0000000000000000000000000000803F
]
[
m_fFrameScale
0.500000
]
[
m_NounContext
misc\\trail - mi.PRT
]
}
021294066BAB277B
0A1068BFFFFFFFFF
{
[
m_NodeKey
F60F68BFFFFFFFFF
]
[
m_Class
3B20082D22B2B734
]
[
m_Name
Trail
]
[
m_pTemplate
3B20082D22B2B734
{
[
m_Name

]
[
m_nNodeFlags
0
]
[
m_Children
0
]
[
m_Position
000000000000000000000000
]
[
m_Frame
0000803F0000000000000000000000000000803F0000000000000000000000000000803F
]
[
m_vOrientation
0
0
0
]
[
m_Flags
0
]
[
m_Tick
0
]
[
m_NounContext
0000000000000000
]
[
m_Traits
1
4F7B2D2FC7265684
{
}
]
[
m_nTeamId
0
]
[
m_nUserId
0
]
[
m_DetectionFlags
4294967295
]
}
]
[
m_Children
0
]
[
m_Position
0000803ECDCC4C3ECDCC4C3E
]
[
m_Frame
0000803F0000000000000000000000000000803F0000000000000000000000000000803F
]
[
m_fFrameScale
0.500000
]
[
m_NounContext
misc\\trail - mi.PRT
]
}
021294066BAB277B
0B1068BFFFFFFFFF
{
[
m_NodeKey
F70F68BFFFFFFFFF
]
[
m_Class
3B20082D22B2B734
]
[
m_Name
Trail
]
[
m_pTemplate
3B20082D22B2B734
{
[
m_Name

]
[
m_nNodeFlags
0
]
[
m_Children
0
]
[
m_Position
000000000000000000000000
]
[
m_Frame
0000803F0000000000000000000000000000803F0000000000000000000000000000803F
]
[
m_vOrientation
0
0
0
]
[
m_Flags
0
]
[
m_Tick
0
]
[
m_NounContext
0000000000000000
]
[
m_Traits
1
4F7B2D2FC7265684
{
}
]
[
m_nTeamId
0
]
[
m_nUserId
0
]
[
m_DetectionFlags
4294967295
]
}
]
[
m_Children
0
]
[
m_Position
000080BE9A9999BE6666E63E
]
[
m_Frame
0000803F0000000000000000000000000000803F0000000000000000000000000000803F
]
[
m_fFrameScale
0.500000
]
[
m_NounContext
misc\\trail - mi.PRT
]
}
021294066BAB277B
0C1068BFFFFFFFFF
{
[
m_NodeKey
F80F68BFFFFFFFFF
]
[
m_Class
3B20082D22B2B734
]
[
m_Name
Trail
]
[
m_pTemplate
3B20082D22B2B734
{
[
m_Name

]
[
m_nNodeFlags
0
]
[
m_Children
0
]
[
m_Position
000000000000000000000000
]
[
m_Frame
0000803F0000000000000000000000000000803F0000000000000000000000000000803F
]
[
m_vOrientation
0
0
0
]
[
m_Flags
0
]
[
m_Tick
0
]
[
m_NounContext
0000000000000000
]
[
m_Traits
1
4F7B2D2FC7265684
{
}
]
[
m_nTeamId
0
]
[
m_nUserId
0
]
[
m_DetectionFlags
4294967295
]
}
]
[
m_Children
0
]
[
m_Position
0000803E9A9999BE6666E63E
]
[
m_Frame
0000803F0000000000000000000000000000803F0000000000000000000000000000803F
]
[
m_fFrameScale
0.500000
]
[
m_NounContext
misc\\trail - mi.PRT
]
}
B2B7329B7F92DA85
0D1068BFFFFFFFFF
{
[
m_NodeKey
F90F68BFFFFFFFFF
]
[
m_Class
BC501CBB547A1DC6
]
[
m_Name
Drones 1
]
[
m_pTemplate
BC501CBB547A1DC6
0E1068BFFFFFFFFF
{
[
m_Name

]
[
m_nNodeFlags
0
]
[
m_Children
0
]
[
m_Position
000000000000000000000000
]
[
m_Frame
0000803F0000000000000000000000000000803F0000000000000000000000000000803F
]
[
m_vOrientation
0
0
0
]
[
m_Flags
65536
]
[
m_Tick
0
]
[
m_NounContext
0000000000000000
]
[
m_Traits
1
4F7B2D2FC7265684
{
}
]
[
m_nTeamId
0
]
[
m_nUserId
0
]
[
m_DetectionFlags
4294967295
]
[
m_nDamage
0
]
[
m_nGroup
0
]
[
m_Reloading
0000000000000000
]
[
m_Reloads
0
]
}
]
[
m_Children
0
]
[
m_Position
9A99D9BF0000008000000040
]
[
m_Frame
0000803F0000000000000000000000000000803F0000000000000000000000000000803F
]
[
m_fFrameScale
1.000000
]
[
m_NounContext
gadgets\\reload.prt
]
[
m_nDamage
0
]
[
m_bMountFore
1
]
[
m_bMountRight
1
]
[
m_bMountLeft
1
]
[
m_bMountAft
1
]
}
B2B7329B7F92DA85
0F1068BFFFFFFFFF
{
[
m_NodeKey
FA0F68BFFFFFFFFF
]
[
m_Class
BC501CBB547A1DC6
]
[
m_Name
Drones 2
]
[
m_pTemplate
BC501CBB547A1DC6
101068BFFFFFFFFF
{
[
m_Name

]
[
m_nNodeFlags
0
]
[
m_Children
0
]
[
m_Position
000000000000000000000000
]
[
m_Frame
0000803F0000000000000000000000000000803F0000000000000000000000000000803F
]
[
m_vOrientation
0
0
0
]
[
m_Flags
65536
]
[
m_Tick
0
]
[
m_NounContext
0000000000000000
]
[
m_Traits
1
4F7B2D2FC7265684
{
}
]
[
m_nTeamId
0
]
[
m_nUserId
0
]
[
m_DetectionFlags
4294967295
]
[
m_nDamage
0
]
[
m_nGroup
0
]
[
m_Reloading
0000000000000000
]
[
m_Reloads
0
]
}
]
[
m_Children
0
]
[
m_Position
9A99D93F0000008000000040
]
[
m_Frame
0000803F0000000000000000000000000000803F0000000000000000000000000000803F
]
[
m_fFrameScale
1.000000
]
[
m_NounContext
gadgets\\reload.prt
]
[
m_nDamage
0
]
[
m_bMountFore
1
]
[
m_bMountRight
1
]
[
m_bMountLeft
1
]
[
m_bMountAft
1
]
}
B2B7329B7F92DA85
111068BFFFFFFFFF
{
[
m_NodeKey
FB0F68BFFFFFFFFF
]
[
m_Class
BC501CBB547A1DC6
]
[
m_Name
Drones 3
]
[
m_pTemplate
BC501CBB547A1DC6
121068BFFFFFFFFF
{
[
m_Name

]
[
m_nNodeFlags
0
]
[
m_Children
0
]
[
m_Position
000000000000000000000000
]
[
m_Frame
0000803F0000000000000000000000000000803F0000000000000000000000000000803F
]
[
m_vOrientation
0
0
0
]
[
m_Flags
65536
]
[
m_Tick
0
]
[
m_NounContext
0000000000000000
]
[
m_Traits
1
4F7B2D2FC7265684
{
}
]
[
m_nTeamId
0
]
[
m_nUserId
0
]
[
m_DetectionFlags
4294967295
]
[
m_nDamage
0
]
[
m_nGroup
0
]
[
m_Reloading
0000000000000000
]
[
m_Reloads
0
]
}
]
[
m_Children
0
]
[
m_Position
3333F3BF00000080CDCCCC3F
]
[
m_Frame
0000803F0000000000000000000000000000803F0000000000000000000000000000803F
]
[
m_fFrameScale
1.000000
]
[
m_NounContext
gadgets\\reload.prt
]
[
m_nDamage
0
]
[
m_bMountFore
1
]
[
m_bMountRight
1
]
[
m_bMountLeft
1
]
[
m_bMountAft
1
]
}
B2B7329B7F92DA85
131068BFFFFFFFFF
{
[
m_NodeKey
FC0F68BFFFFFFFFF
]
[
m_Class
BC501CBB547A1DC6
]
[
m_Name
Drones 4
]
[
m_pTemplate
BC501CBB547A1DC6
141068BFFFFFFFFF
{
[
m_Name

]
[
m_nNodeFlags
0
]
[
m_Children
0
]
[
m_Position
000000000000000000000000
]
[
m_Frame
0000803F0000000000000000000000000000803F0000000000000000000000000000803F
]
[
m_vOrientation
0
0
0
]
[
m_Flags
65536
]
[
m_Tick
0
]
[
m_NounContext
0000000000000000
]
[
m_Traits
1
4F7B2D2FC7265684
{
}
]
[
m_nTeamId
0
]
[
m_nUserId
0
]
[
m_DetectionFlags
4294967295
]
[
m_nDamage
0
]
[
m_nGroup
0
]
[
m_Reloading
0000000000000000
]
[
m_Reloads
0
]
}
]
[
m_Children
0
]
[
m_Position
3333F33F00000080CDCCCC3F
]
[
m_Frame
0000803F0000000000000000000000000000803F0000000000000000000000000000803F
]
[
m_fFrameScale
1.000000
]
[
m_NounContext
gadgets\\reload.prt
]
[
m_nDamage
0
]
[
m_bMountFore
1
]
[
m_bMountRight
1
]
[
m_bMountLeft
1
]
[
m_bMountAft
1
]
}
B2B7329B7F92DA85
151068BFFFFFFFFF
{
[
m_NodeKey
FD0F68BFFFFFFFFF
]
[
m_Class
24CEC3CBB515CF69
]
[
m_Name
Nanite Injector
]
[
m_pTemplate
24CEC3CBB515CF69
161068BFFFFFFFFF
{
[
m_Name

]
[
m_nNodeFlags
0
]
[
m_Children
0
]
[
m_Position
000000000000000000000000
]
[
m_Frame
0000803F0000000000000000000000000000803F0000000000000000000000000000803F
]
[
m_vOrientation
0
0
0
]
[
m_Flags
65536
]
[
m_Tick
0
]
[
m_NounContext
0000000000000000
]
[
m_Traits
1
4F7B2D2FC7265684
{
}
]
[
m_nTeamId
0
]
[
m_nUserId
0
]
[
m_DetectionFlags
4294967295
]
[
m_nDamage
0
]
[
m_nGroup
0
]
[
m_nSupply
0
]
}
]
[
m_Children
0
]
[
m_Position
0000004000000040000080BF
]
[
m_Frame
0000803F0000000000000000000000000000803F0000000000000000000000000000803F
]
[
m_fFrameScale
1.000000
]
[
m_NounContext
gadgets\\nanite injector.prt
]
[
m_nDamage
0
]
[
m_bMountFore
1
]
[
m_bMountRight
1
]
[
m_bMountLeft
1
]
[
m_bMountAft
1
]
}
B2B7329B7F92DA85
171068BFFFFFFFFF
{
[
m_NodeKey
FE0F68BFFFFFFFFF
]
[
m_Class
D1F3B6358873B1AF
]
[
m_Name
Molecular Armor F
]
[
m_pTemplate
D1F3B6358873B1AF
181068BFFFFFFFFF
{
[
m_Name

]
[
m_nNodeFlags
0
]
[
m_Children
0
]
[
m_Position
000000000000000000000000
]
[
m_Frame
0000803F0000000000000000000000000000803F0000000000000000000000000000803F
]
[
m_vOrientation
0
0
0
]
[
m_Flags
65536
]
[
m_Tick
0
]
[
m_NounContext
0000000000000000
]
[
m_Traits
1
4F7B2D2FC7265684
{
}
]
[
m_nTeamId
0
]
[
m_nUserId
0
]
[
m_DetectionFlags
4294967295
]
[
m_nDamage
0
]
[
m_nGroup
0
]
[
m_Armor
0
]
}
]
[
m_Children
0
]
[
m_Position
00000080000080BF33335340
]
[
m_Frame
0000803F0000000000000000000000000000803F0000000000000000000000000000803F
]
[
m_fFrameScale
1.000000
]
[
m_NounContext
gadgets\\armormolecular.prt
]
[
m_nDamage
0
]
[
m_bMountFore
1
]
[
m_bMountRight
0
]
[
m_bMountLeft
0
]
[
m_bMountAft
0
]
}
B2B7329B7F92DA85
191068BFFFFFFFFF
{
[
m_NodeKey
FF0F68BFFFFFFFFF
]
[
m_Class
D1F3B6358873B1AF
]
[
m_Name
Molecular Armor P
]
[
m_pTemplate
D1F3B6358873B1AF
1A1068BFFFFFFFFF
{
[
m_Name

]
[
m_nNodeFlags
0
]
[
m_Children
0
]
[
m_Position
000000000000000000000000
]
[
m_Frame
0000803F0000000000000000000000000000803F0000000000000000000000000000803F
]
[
m_vOrientation
0
0
0
]
[
m_Flags
65536
]
[
m_Tick
0
]
[
m_NounContext
0000000000000000
]
[
m_Traits
1
4F7B2D2FC7265684
{
}
]
[
m_nTeamId
0
]
[
m_nUserId
0
]
[
m_DetectionFlags
4294967295
]
[
m_nDamage
0
]
[
m_nGroup
0
]
[
m_Armor
0
]
}
]
[
m_Children
0
]
[
m_Position
48E1BABF295C8FBEA4707D3F
]
[
m_Frame
0000803F0000000000000000000000000000803F0000000000000000000000000000803F
]
[
m_fFrameScale
1.000000
]
[
m_NounContext
gadgets\\armormolecular.prt
]
[
m_nDamage
0
]
[
m_bMountFore
0
]
[
m_bMountRight
0
]
[
m_bMountLeft
1
]
[
m_bMountAft
0
]
}
B2B7329B7F92DA85
1B1068BFFFFFFFFF
{
[
m_NodeKey
001068BFFFFFFFFF
]
[
m_Class
D1F3B6358873B1AF
]
[
m_Name
Molecular Armor S
]
[
m_pTemplate
D1F3B6358873B1AF
1C1068BFFFFFFFFF
{
[
m_Name

]
[
m_nNodeFlags
0
]
[
m_Children
0
]
[
m_Position
000000000000000000000000
]
[
m_Frame
0000803F0000000000000000000000000000803F0000000000000000000000000000803F
]
[
m_vOrientation
0
0
0
]
[
m_Flags
65536
]
[
m_Tick
0
]
[
m_NounContext
0000000000000000
]
[
m_Traits
1
4F7B2D2FC7265684
{
}
]
[
m_nTeamId
0
]
[
m_nUserId
0
]
[
m_DetectionFlags
4294967295
]
[
m_nDamage
0
]
[
m_nGroup
0
]
[
m_Armor
0
]
}
]
[
m_Children
0
]
[
m_Position
48E1BA3F295C8FBEA4707D3F
]
[
m_Frame
0000803F0000000000000000000000000000803F0000000000000000000000000000803F
]
[
m_fFrameScale
1.000000
]
[
m_NounContext
gadgets\\armormolecular.prt
]
[
m_nDamage
0
]
[
m_bMountFore
0
]
[
m_bMountRight
1
]
[
m_bMountLeft
0
]
[
m_bMountAft
0
]
}
B2B7329B7F92DA85
1D1068BFFFFFFFFF
{
[
m_NodeKey
011068BFFFFFFFFF
]
[
m_Class
D1F3B6358873B1AF
]
[
m_Name
Molecular Armor A
]
[
m_pTemplate
D1F3B6358873B1AF
1E1068BFFFFFFFFF
{
[
m_Name

]
[
m_nNodeFlags
0
]
[
m_Children
0
]
[
m_Position
000000000000000000000000
]
[
m_Frame
0000803F0000000000000000000000000000803F0000000000000000000000000000803F
]
[
m_vOrientation
0
0
0
]
[
m_Flags
65536
]
[
m_Tick
0
]
[
m_NounContext
0000000000000000
]
[
m_Traits
1
4F7B2D2FC7265684
{
}
]
[
m_nTeamId
0
]
[
m_nUserId
0
]
[
m_DetectionFlags
4294967295
]
[
m_nDamage
0
]
[
m_nGroup
0
]
[
m_Armor
0
]
}
]
[
m_Children
0
]
[
m_Position
0AD7233D3333933F00000080
]
[
m_Frame
0000803F0000000000000000000000000000803F0000000000000000000000000000803F
]
[
m_fFrameScale
1.000000
]
[
m_NounContext
gadgets\\armormolecular.prt
]
[
m_nDamage
0
]
[
m_bMountFore
0
]
[
m_bMountRight
0
]
[
m_bMountLeft
0
]
[
m_bMountAft
1
]
}
B2B7329B7F92DA85
1F1068BFFFFFFFFF
{
[
m_NodeKey
021068BFFFFFFFFF
]
[
m_Class
1CB9C89AC2FF43F4
]
[
m_Name
Phased Energy Beam FS
]
[
m_pTemplate
1CB9C89AC2FF43F4
201068BFFFFFFFFF
{
[
m_Name

]
[
m_nNodeFlags
0
]
[
m_Children
0
]
[
m_Position
000000000000000000000000
]
[
m_Frame
0000803F0000000000000000000000000000803F0000000000000000000000000000803F
]
[
m_vOrientation
0
0
0
]
[
m_Flags
65536
]
[
m_Tick
0
]
[
m_NounContext
0000000000000000
]
[
m_Traits
1
4F7B2D2FC7265684
{
}
]
[
m_nTeamId
0
]
[
m_nUserId
0
]
[
m_DetectionFlags
4294967295
]
[
m_nDamage
0
]
[
m_nGroup
0
]
[
m_Energy
0
]
[
m_Duration
-1
]
[
m_PointDefense
0
]
[
m_Target
0
0000000000000000
]
}
]
[
m_Children
0
]
[
m_Position
0000C03F9A9999BE9A993940
]
[
m_Frame
0000803F0000000000000000000000000000803F0000000000000000000000000000803F
]
[
m_fFrameScale
1.000000
]
[
m_NounContext
gadgets\\fep.prt
]
[
m_nDamage
0
]
[
m_bMountFore
1
]
[
m_bMountRight
1
]
[
m_bMountLeft
0
]
[
m_bMountAft
0
]
}
B2B7329B7F92DA85
211068BFFFFFFFFF
{
[
m_NodeKey
031068BFFFFFFFFF
]
[
m_Class
1CB9C89AC2FF43F4
]
[
m_Name
Phased Energy Beam FP
]
[
m_pTemplate
1CB9C89AC2FF43F4
221068BFFFFFFFFF
{
[
m_Name

]
[
m_nNodeFlags
0
]
[
m_Children
0
]
[
m_Position
000000000000000000000000
]
[
m_Frame
0000803F0000000000000000000000000000803F0000000000000000000000000000803F
]
[
m_vOrientation
0
0
0
]
[
m_Flags
65536
]
[
m_Tick
0
]
[
m_NounContext
0000000000000000
]
[
m_Traits
1
4F7B2D2FC7265684
{
}
]
[
m_nTeamId
0
]
[
m_nUserId
0
]
[
m_DetectionFlags
4294967295
]
[
m_nDamage
0
]
[
m_nGroup
0
]
[
m_Energy
0
]
[
m_Duration
-1
]
[
m_PointDefense
0
]
[
m_Target
0
0000000000000000
]
}
]
[
m_Children
0
]
[
m_Position
0000C0BF9A9999BE9A993940
]
[
m_Frame
0000803F0000000000000000000000000000803F0000000000000000000000000000803F
]
[
m_fFrameScale
1.000000
]
[
m_NounContext
gadgets\\fep.prt
]
[
m_nDamage
0
]
[
m_bMountFore
1
]
[
m_bMountRight
0
]
[
m_bMountLeft
1
]
[
m_bMountAft
0
]
}
B2B7329B7F92DA85
231068BFFFFFFFFF
{
[
m_NodeKey
041068BFFFFFFFFF
]
[
m_Class
1CB9C89AC2FF43F4
]
[
m_Name
Phased Energy Beam PSA
]
[
m_pTemplate
1CB9C89AC2FF43F4
241068BFFFFFFFFF
{
[
m_Name

]
[
m_nNodeFlags
0
]
[
m_Children
0
]
[
m_Position
000000000000000000000000
]
[
m_Frame
0000803F0000000000000000000000000000803F0000000000000000000000000000803F
]
[
m_vOrientation
0
0
0
]
[
m_Flags
65536
]
[
m_Tick
0
]
[
m_NounContext
0000000000000000
]
[
m_Traits
1
4F7B2D2FC7265684
{
}
]
[
m_nTeamId
0
]
[
m_nUserId
0
]
[
m_DetectionFlags
4294967295
]
[
m_nDamage
0
]
[
m_nGroup
0
]
[
m_Energy
0
]
[
m_Duration
-1
]
[
m_PointDefense
0
]
[
m_Target
0
0000000000000000
]
}
]
[
m_Children
0
]
[
m_Position
000000009A99D9BFCDCC8CBF
]
[
m_Frame
0000803F0000000000000000000000000000803F0000000000000000000000000000803F
]
[
m_fFrameScale
1.000000
]
[
m_NounContext
gadgets\\fep.prt
]
[
m_nDamage
0
]
[
m_bMountFore
0
]
[
m_bMountRight
1
]
[
m_bMountLeft
1
]
[
m_bMountAft
1
]
}
ED42FB71490CD97A
251068BFFFFFFFFF
{
[
m_NodeKey
051068BFFFFFFFFF
]
[
m_Class
4488E57094DBFCA1
]
[
m_Name
Automaton
]
[
m_pTemplate
4488E57094DBFCA1
261068BFFFFFFFFF
{
[
m_Name

]
[
m_nNodeFlags
0
]
[
m_Children
0
]
[
m_Position
000000000000000000000000
]
[
m_Frame
0000803F0000000000000000000000000000803F0000000000000000000000000000803F
]
[
m_vOrientation
0
0
0
]
[
m_Flags
0
]
[
m_Tick
0
]
[
m_NounContext
0000000000000000
]
[
m_Traits
2
DD2D5A9AF73452D9
0
4F7B2D2FC7265684
{
}
]
[
m_nTeamId
0
]
[
m_nUserId
0
]
[
m_DetectionFlags
4294967295
]
[
m_nHex
65535
]
[
m_Damage
0
]
[
m_Experience
 ]
[
m_Order
1
]
}
]
[
m_Children
0
]
[
m_Position
000000000000000000000000
]
[
m_Frame
0000803F0000000000000000000000000000803F0000000000000000000000000000803F
]
[
m_fFrameScale
1.000000
]
[
m_NounContext
units\\infantry.prt
]
[
m_nFleetId
-1
]
[
m_Orbiting

]
[
m_OrbitVelocity
0.000000
]
}
ED42FB71490CD97A
271068BFFFFFFFFF
{
[
m_NodeKey
061068BFFFFFFFFF
]
[
m_Class
4488E57094DBFCA1
]
[
m_Name
Automaton
]
[
m_pTemplate
4488E57094DBFCA1
281068BFFFFFFFFF
{
[
m_Name

]
[
m_nNodeFlags
0
]
[
m_Children
0
]
[
m_Position
000000000000000000000000
]
[
m_Frame
0000803F0000000000000000000000000000803F0000000000000000000000000000803F
]
[
m_vOrientation
0
0
0
]
[
m_Flags
0
]
[
m_Tick
0
]
[
m_NounContext
0000000000000000
]
[
m_Traits
2
DD2D5A9AF73452D9
0
4F7B2D2FC7265684
{
}
]
[
m_nTeamId
0
]
[
m_nUserId
0
]
[
m_DetectionFlags
4294967295
]
[
m_nHex
65535
]
[
m_Damage
0
]
[
m_Experience
 ]
[
m_Order
1
]
}
]
[
m_Children
0
]
[
m_Position
000000000000000000000000
]
[
m_Frame
0000803F0000000000000000000000000000803F0000000000000000000000000000803F
]
[
m_fFrameScale
1.000000
]
[
m_NounContext
units\\infantry.prt
]
[
m_nFleetId
-1
]
[
m_Orbiting

]
[
m_OrbitVelocity
0.000000
]
}
]
[
m_Position
000000000000000000000000
]
[
m_Frame
0000803F0000000000000000000000000000803F0000000000000000000000000000803F
]
[
m_fFrameScale
1.000000
]
[
m_NounContext
ships\\mi\\frigate\\sapper\\nc_sapper.prt
]
[
m_nFleetId
-1
]
[
m_Orbiting

]
[
m_OrbitVelocity
0.000000
]
}
]
[
m_Position
000000000000000000000000
]
[
m_Frame
0000803F0000000000000000000000000000803F0000000000000000000000000000803F
]
[
m_fFrameScale
1.000000
]
}
]
[
m_Fps
15.000000
]
[
m_Segments
0
]
[
m_TargetPosition
F643C33FF65D69BF4481823E
]
[
m_TargetDistance
13.078266
]
[
m_TargetFrame
73477D3FD78D103E50DA0E3D9E5814BEB2AD6F3F57E3A33E795A4D3CA5BBA4BECB5D723F
]
}
