PRT
DC32FE2C658C0772
7AC7FBD55D71FD53
{
[
m_Flammable
0.500000
]
[
m_Hardness
0.500000
]
[
m_Strength
0.500000
]
[
m_Friction
0.000000
]
[
m_nPass
1
]
[
m_Width
10.000000
]
[
m_Height
10.000000
]
[
m_Diffuse
FFFFFFFF
]
[
m_Ambient
FFFFFF00
]
[
m_Emissive
00000000
]
[
m_Specular
00000000
]
[
m_SpecularPower
0.000000
]
[
m_LightEnable
1
]
[
m_Blending
00000000
]
[
m_DoubleSided
0
]
[
m_Fps
15.000000
]
[
m_Frames
1
]
[
m_Textures
2
1
00000000
planets\\mars\\images\\mars.prt
1
0
0
0.000000
0.000000
0.000000
0.000000
0.000000
0.000000
1
02000000
planets\\mars\\images\\mars_nm.prt
1
0
0
0.000000
0.000000
0.000000
0.000000
0.000000
0.000000
]
[
m_sShader

]
[
m_MipMap
1
]
[
m_DiffusePort

]
[
m_AlphaPort

]
[
m_LightMap

]
}
