PRT
D037916DD75AE7ED
72283614700D4652
{
[
m_Name
Chasseur
]
[
m_Description
"We move, We find."
]
[
m_Class
DCF41CA2E2394DD8
]
[
m_Type
E61E2947C36CFB37
]
[
m_Scene
ships\\mi\\corvette\\corvette.prt
]
[
m_Mass
7.000000
]
[
m_bHullOverride
1
]
[
m_Hull
A4705DC0A4705DC0A4705DC0A4705D40A4705D40A4705D40
]
[
m_Flags
0
]
[
m_Data
2
8EC3E5980911121D
80DF78A9FFFFFFFF
{
[
m_sID
DESTROY
]
[
m_sPort

]
}
8EC3E5980911121D
81DF78A9FFFFFFFF
{
[
m_sID
NC_POD
]
[
m_sPort
ships\\icc\\pod\\nc_pod.prt
]
}
]
[
m_Resources
0
]
[
m_Drops
0
]
}
