PRT
BBE32C0F2208BFD2
4D76976F0DE0D759
{
[
m_Root
E98E268F2008D746
7020A60085AB5053
{
[
m_NodeKey
0E20A60085AB5053
]
[
m_Class
231158F1834B35BB
]
[
m_Name
Node
]
[
m_pTemplate
231158F1834B35BB
1D20A60085AB5053
{
[
m_Name

]
[
m_nNodeFlags
0
]
[
m_Children
0
]
[
m_Position
000000000000000000000000
]
[
m_Frame
0000803F0000000000000000000000000000803F0000000000000000000000000000803F
]
}
]
[
m_Children
1
F40F11A9E5528EFD
1E20A60085AB5053
{
[
m_NodeKey
0F20A60085AB5053
]
[
m_Class
C34AD77CBDD85FAC
]
[
m_Name
Node
]
[
m_pTemplate
C34AD77CBDD85FAC
1F20A60085AB5053
{
[
m_Name

]
[
m_nNodeFlags
0
]
[
m_Children
0
]
[
m_Bits
0
]
[
m_Type
00000000
]
[
m_MinDistance
0.000000
]
[
m_MaxDistance
32768.000000
]
[
m_fFadePercent
0.100000
]
[
m_MinDetailLevel
00000000
]
[
m_MaxDetailLevel
02000000
]
[
m_bZeroTime
0
]
}
]
[
m_Children
1
ED8E26D920889646
2A20A60085AB5053
{
[
m_NodeKey
1520A60085AB5053
]
[
m_Class
C0DDC60430690400
]
[
m_Name
Node
]
[
m_pTemplate
C0DDC60430690400
2B20A60085AB5053
{
[
m_Name

]
[
m_nNodeFlags
0
]
[
m_Children
0
]
[
m_Position
000000000000000000000000
]
[
m_Frame
0000803F0000000000000000000000000000803F0000000000000000000000000000803F
]
[
m_vOrientation
0
0
0
]
[
m_Flags
0
]
[
m_Tick
0
]
[
m_NounContext
0000000000000000
]
[
m_Traits
1
4F7B2D2FC7265684
{
}
]
[
m_nTeamId
0
]
[
m_nUserId
0
]
}
]
[
m_Children
1
A7576C18F8579FE1
2C20A60085AB5053
{
[
m_NodeKey
1620A60085AB5053
]
[
m_Class
D47152A9AD198EFD
]
[
m_Name
Node
]
[
m_pTemplate
D47152A9AD198EFD
2D20A60085AB5053
{
[
m_Name

]
[
m_nNodeFlags
0
]
[
m_Children
0
]
[
m_Begin
0.000000
]
[
m_End
0.000000
]
[
m_Invert
0
]
[
m_WarpTime
1
]
[
m_Loop
0
]
[
m_LoopEnd
0.000000
]
}
]
[
m_Children
3
A3EF38DE4BABBF9C
2E20A60085AB5053
{
[
m_NodeKey
1720A60085AB5053
]
[
m_Class
B13DD2E2A2CBB936
]
[
m_Name
NodeSound
]
[
m_pTemplate
B13DD2E2A2CBB936
2F20A60085AB5053
{
[
m_Name

]
[
m_nNodeFlags
0
]
[
m_Children
0
]
[
m_Sound
0000000000000000
]
[
m_Falloff
0.020000
]
[
m_Loop
0
]
}
]
[
m_Children
0
]
[
m_SoundPort
sound\\neno\\explosion3.prt
]
[
m_Falloff
0.000300
]
[
m_Loop
0
]
}
9EE0BD55188E0467
3020A60085AB5053
{
[
m_NodeKey
1820A60085AB5053
]
[
m_Class
09E521B210708663
]
[
m_Name
Node
]
[
m_pTemplate
09E521B210708663
3120A60085AB5053
{
[
m_Name

]
[
m_nNodeFlags
2
]
[
m_Children
0
]
[
m_Position
000000000000000000000000
]
[
m_Frame
0000803F0000000000000000000000000000803F0000000000000000000000000000803F
]
[
m_Particles
0
]
[
m_Life
1.000000
]
[
m_ReverseTime
0
]
[
m_Material
0000000000000000
]
[
m_Visible
1.000000
]
[
m_VisibleV
0.000000
]
[
m_VisibleA
0.000000
]
[
m_Scale
1.000000
]
[
m_ScaleV
0.000000
]
[
m_ScaleA
0.000000
]
[
m_Alpha
0.500000
]
[
m_AlphaV
0.000000
]
[
m_AlphaA
0.000000
]
[
m_bLocalSpace
0
]
}
]
[
m_Children
0
]
[
m_Position
000000000000000000000000
]
[
m_Frame
0000803F0000000000000000000000000000803F0000000000000000000000000000803F
]
[
m_fFrameScale
1.000000
]
[
m_Seed
87
]
[
m_ParticleCount
48
]
[
m_OriginType
1
]
[
m_MinOrigin
6666663F0AD7233C0AD7233C
]
[
m_MaxOrigin
6666663F0AD7233C0AD7233C
]
[
m_MinVelocity
000000000000000000000000
]
[
m_MaxVelocity
000000000000000000000000
]
[
m_MinAcceleration
0000D0C0000000C00000D0C0
]
[
m_MaxAcceleration
0000D040000000400000D040
]
[
m_MinLife
1.550000
]
[
m_MaxLife
1.550000
]
[
m_ReverseTime
0
]
[
m_bLocalSpace
0
]
[
m_Life
1.550000
]
[
m_MaterialPort
effects\\materials\\m_orange_particle_d1.prt
]
[
m_Visible
1.000000
]
[
m_VisibleV
0.000000
]
[
m_VisibleA
0.000000
]
[
m_Scale
0.600000
]
[
m_ScaleV
0.000000
]
[
m_ScaleA
0.000000
]
[
m_ScaleVar
1.000000
]
[
m_Alpha
1.200000
]
[
m_AlphaV
-1.000000
]
[
m_AlphaA
0.000000
]
}
C781E0EC7C13561A
3220A60085AB5053
{
[
m_NodeKey
1920A60085AB5053
]
[
m_Class
9C7E346439A5C1B5
]
[
m_Name
Node
]
[
m_pTemplate
9C7E346439A5C1B5
3320A60085AB5053
{
[
m_Name

]
[
m_nNodeFlags
0
]
[
m_Children
0
]
[
m_Position
000000000000000000000000
]
[
m_Frame
0000803F0000000000000000000000000000803F0000000000000000000000000000803F
]
[
m_Scale
1.000000
]
[
m_ScaleLock
0
]
[
m_ClampBack
0
]
[
m_EnableAlpha
0
]
[
m_Alpha
0.000000
]
[
m_AlphaV
0.000000
]
[
m_AlphaA
0.000000
]
[
m_AxisLock
00000000
]
[
m_Material
0000000000000000
]
}
]
[
m_Children
0
]
[
m_Position
000000000000000000000000
]
[
m_Frame
05F67F3F59F88EBC0000000059F88E3C05F67F3F0000008000000000000000000000803F
]
[
m_fFrameScale
1.000000
]
[
m_Scale
3.500000
]
[
m_ScaleLock
0
]
[
m_ClampBack
0
]
[
m_EnableAlpha
1
]
[
m_Alpha
1.250000
]
[
m_AlphaV
-1.000000
]
[
m_AlphaA
0.000000
]
[
m_AxisLock
00000000
]
[
m_MaterialPort
effects\\materials\\flux use material.prt
]
}
]
[
m_Begin
0.000000
]
[
m_End
6.000000
]
[
m_Invert
0
]
[
m_WarpTime
0
]
[
m_Loop
0
]
[
m_LoopTime
0.000000
]
}
]
[
m_Position
000000000000000000000000
]
[
m_Frame
0000803F0000000000000000000000000000803F0000000000000000000000000000803F
]
[
m_fFrameScale
1.000000
]
[
m_NounContext

]
}
]
[
m_Bits
0
]
[
m_Type
01000000
]
[
m_MinDistance
0.000000
]
[
m_MaxDistance
10000.000000
]
[
m_fFadePercent
0.100000
]
[
m_MinDetailLevel
00000000
]
[
m_MaxDetailLevel
02000000
]
[
m_bZeroTime
0
]
}
]
[
m_Position
000000000000000000000000
]
[
m_Frame
0000803F0000000000000000000000000000803F0000000000000000000000000000803F
]
[
m_fFrameScale
1.000000
]
}
]
[
m_Fps
15.000000
]
[
m_Segments
1
Effect
0.000000
6.000000
]
[
m_TargetPosition
594A6B3ECEF5183F32E302C0
]
[
m_TargetDistance
159.735016
]
[
m_TargetFrame
561C2C3FFAA5EE3E023A133FB8B1263F18EE3DBFAABC23BE9F4CB43E16C6F63EA4634DBF
]
}
