PRT
BBE32C0F2208BFD2
87D4247621809BC1
{
[
m_Root
E98E268F2008D746
D5925FA9FFFFFFFF
{
[
m_NodeKey
D43047683F84B351
]
[
m_Class
231158F1834B35BB
]
[
m_Name
Node
]
[
m_pTemplate
231158F1834B35BB
D6925FA9FFFFFFFF
{
[
m_Name

]
[
m_nNodeFlags
0
]
[
m_Children
0
]
[
m_Position
000000000000000000000000
]
[
m_Frame
0000803F0000000000000000000000000000803F0000000000000000000000000000803F
]
}
]
[
m_Children
1
F40F11A9E5528EFD
C2F6A2FB8600DC41
{
[
m_NodeKey
A01148683F84B351
]
[
m_Class
C34AD77CBDD85FAC
]
[
m_Name
Node
]
[
m_pTemplate
C34AD77CBDD85FAC
753F2726AA528151
{
[
m_Name

]
[
m_nNodeFlags
0
]
[
m_Children
0
]
[
m_Bits
0
]
[
m_Type
00000000
]
[
m_MinDistance
0.000000
]
[
m_MaxDistance
32768.000000
]
[
m_fFadePercent
0.100000
]
[
m_MinDetailLevel
00000000
]
[
m_MaxDetailLevel
02000000
]
[
m_bZeroTime
0
]
}
]
[
m_Children
2
1633BE1F4D8C0670
9269A7FB8600DC41
{
[
m_NodeKey
17F248683F84B351
]
[
m_Class
A961198F3000D746
]
[
m_Name
Node
]
[
m_pTemplate
A961198F3000D746
8591DC26AA528151
{
[
m_Name

]
[
m_nNodeFlags
0
]
[
m_Children
0
]
[
m_Position
000000000000000000000000
]
[
m_Frame
0000803F0000000000000000000000000000803F0000000000000000000000000000803F
]
[
m_Yaw
0.000000
]
[
m_Pitch
0.000000
]
[
m_Roll
0.000000
]
}
]
[
m_Children
3
C781E0EC7C13561A
8E66A9FB8600DC41
{
[
m_NodeKey
C0B849683F84B351
]
[
m_Class
9C7E346439A5C1B5
]
[
m_Name
Node
]
[
m_pTemplate
9C7E346439A5C1B5
B9F5DD26AA528151
{
[
m_Name

]
[
m_nNodeFlags
0
]
[
m_Children
0
]
[
m_Position
000000000000000000000000
]
[
m_Frame
0000803F0000000000000000000000000000803F0000000000000000000000000000803F
]
[
m_Scale
1.000000
]
[
m_ScaleLock
0
]
[
m_ClampBack
0
]
[
m_EnableAlpha
0
]
[
m_Alpha
1.000000
]
[
m_AlphaV
0.000000
]
[
m_AlphaA
-0.000000
]
[
m_AxisLock
00000000
]
[
m_Material
0000000000000000
]
}
]
[
m_Children
0
]
[
m_Position
000000000000000000000000
]
[
m_Frame
0000803F0000000000000000000000000000803F0000000000000000000000000000803F
]
[
m_fFrameScale
1.000000
]
[
m_Scale
1.000000
]
[
m_ScaleLock
0
]
[
m_ClampBack
0
]
[
m_EnableAlpha
1
]
[
m_Alpha
1.000000
]
[
m_AlphaV
0.000000
]
[
m_AlphaA
0.000000
]
[
m_AxisLock
07000000
]
[
m_MaterialPort
effects\\materials\\ion cannon hit material.prt
]
}
C781E0EC7C13561A
F2FDAEFB8600DC41
{
[
m_NodeKey
CA2382683F84B351
]
[
m_Class
9C7E346439A5C1B5
]
[
m_Name
Node
]
[
m_pTemplate
9C7E346439A5C1B5
A5901A28AA528151
{
[
m_Name

]
[
m_nNodeFlags
0
]
[
m_Children
0
]
[
m_Position
000000000000000000000000
]
[
m_Frame
0000803F0000000000000000000000000000803F0000000000000000000000000000803F
]
[
m_Scale
1.000000
]
[
m_ScaleLock
0
]
[
m_ClampBack
0
]
[
m_EnableAlpha
0
]
[
m_Alpha
288441785873825230000000000000.000000
]
[
m_AlphaV
1158685175381158700000000.000000
]
[
m_AlphaA
17464688824623399000000000000000.000000
]
[
m_AxisLock
00000000
]
[
m_Material
0000000000000000
]
}
]
[
m_Children
0
]
[
m_Position
000000000000000000000000
]
[
m_Frame
FFFFFF3100000000000080BF000000000000803F000000000000803F00000000FFFFFF31
]
[
m_fFrameScale
1.000000
]
[
m_Scale
1.000000
]
[
m_ScaleLock
0
]
[
m_ClampBack
0
]
[
m_EnableAlpha
1
]
[
m_Alpha
1.000000
]
[
m_AlphaV
0.000000
]
[
m_AlphaA
0.000000
]
[
m_AxisLock
07000000
]
[
m_MaterialPort
effects\\materials\\ion cannon hit material.prt
]
}
C781E0EC7C13561A
5A5EB4FB8600DC41
{
[
m_NodeKey
40A6A2683F84B351
]
[
m_Class
9C7E346439A5C1B5
]
[
m_Name
Node
]
[
m_pTemplate
9C7E346439A5C1B5
F18A6228AA528151
{
[
m_Name

]
[
m_nNodeFlags
0
]
[
m_Children
0
]
[
m_Position
000000000000000000000000
]
[
m_Frame
0000803F0000000000000000000000000000803F0000000000000000000000000000803F
]
[
m_Scale
1.000000
]
[
m_ScaleLock
0
]
[
m_ClampBack
0
]
[
m_EnableAlpha
0
]
[
m_Alpha
0.000000
]
[
m_AlphaV
0.000000
]
[
m_AlphaA
0.000000
]
[
m_AxisLock
00000000
]
[
m_Material
0000000000000000
]
}
]
[
m_Children
0
]
[
m_Position
000000000000000000000000
]
[
m_Frame
FFFFFF3100000000000080BF0000803FF9FF4FB4FFFFFF31F9FF4FB4000080BF0100D0A6
]
[
m_fFrameScale
1.000000
]
[
m_Scale
1.000000
]
[
m_ScaleLock
0
]
[
m_ClampBack
0
]
[
m_EnableAlpha
1
]
[
m_Alpha
1.000000
]
[
m_AlphaV
0.000000
]
[
m_AlphaA
0.000000
]
[
m_AxisLock
07000000
]
[
m_MaterialPort
effects\\materials\\ion cannon hit material.prt
]
}
]
[
m_Position
000000000000000000000000
]
[
m_Frame
0000803F0000000000000000000000000000803F0000000000000000000000000000803F
]
[
m_fFrameScale
1.000000
]
[
m_Pitch
3.141593
]
[
m_Yaw
5.707960
]
[
m_Roll
2.813549
]
}
1633BE1F4D8C0670
D42B0DD6FC528151
{
[
m_NodeKey
2025C0683F84B351
]
[
m_Class
A961198F3000D746
]
[
m_Name
Node
]
[
m_pTemplate
A961198F3000D746
D53F22D6FC528151
{
[
m_Name

]
[
m_nNodeFlags
0
]
[
m_Children
0
]
[
m_Position
000000000000000000000000
]
[
m_Frame
0000803F0000000000000000000000000000803F0000000000000000000000000000803F
]
[
m_Yaw
0.000000
]
[
m_Pitch
0.000000
]
[
m_Roll
0.000000
]
}
]
[
m_Children
2
A7576C18F8579FE1
C22C7CB7F9528151
{
[
m_NodeKey
4CF7C0683F84B351
]
[
m_Class
D47152A9AD198EFD
]
[
m_Name
Node
]
[
m_pTemplate
D47152A9AD198EFD
38C9F0B7F9528151
{
[
m_Name

]
[
m_nNodeFlags
0
]
[
m_Children
0
]
[
m_Begin
0.000000
]
[
m_End
0.000000
]
[
m_Invert
0
]
[
m_WarpTime
1
]
[
m_Loop
0
]
[
m_LoopEnd
0.000000
]
}
]
[
m_Children
1
23E338DC4B2BBF92
5DD6FC663F528151
{
[
m_NodeKey
38BFC1683F84B351
]
[
m_Class
913D1AE2AA2BB936
]
[
m_Name
Node
]
[
m_pTemplate
913D1AE2AA2BB936
1F2D53673F528151
{
[
m_Name

]
[
m_nNodeFlags
0
]
[
m_Children
0
]
[
m_Position
000000000000000000000000
]
[
m_Frame
0000803F0000000000000000000000000000803F0000000000000000000000000000803F
]
[
m_pScene
0000000000000000
]
[
m_bNormalizeFrame
1
]
}
]
[
m_Children
0
]
[
m_Position
000000000000000000000000
]
[
m_Frame
0000803F000000000000000000000000000080BF000000000000000000000000000080BF
]
[
m_fFrameScale
1.000000
]
[
m_ScenePort
gadgets\\emp mine\\Projectile2.PRT
]
[
m_NormalizeFrame
1
]
}
]
[
m_Begin
0.000000
]
[
m_End
0.100000
]
[
m_Invert
0
]
[
m_WarpTime
1
]
[
m_Loop
1
]
[
m_LoopTime
0.020000
]
}
A7576C18F8579FE1
2C09C24A06528151
{
[
m_NodeKey
1F66FE683F84B351
]
[
m_Class
D47152A9AD198EFD
]
[
m_Name
Node
]
[
m_pTemplate
D47152A9AD198EFD
7C8DD74A06528151
{
[
m_Name

]
[
m_nNodeFlags
0
]
[
m_Children
0
]
[
m_Begin
0.000000
]
[
m_End
0.000000
]
[
m_Invert
0
]
[
m_WarpTime
1
]
[
m_Loop
0
]
[
m_LoopEnd
0.000000
]
}
]
[
m_Children
1
23E338DC4B2BBF92
F96443154B528151
{
[
m_NodeKey
9D47FF683F84B351
]
[
m_Class
913D1AE2AA2BB936
]
[
m_Name
Node
]
[
m_pTemplate
913D1AE2AA2BB936
C0A25C154B528151
{
[
m_Name

]
[
m_nNodeFlags
0
]
[
m_Children
0
]
[
m_Position
000000000000000000000000
]
[
m_Frame
0000803F0000000000000000000000000000803F0000000000000000000000000000803F
]
[
m_pScene
0000000000000000
]
[
m_bNormalizeFrame
1
]
}
]
[
m_Children
0
]
[
m_Position
000000000000000000000000
]
[
m_Frame
0000803F0000000000000000000000000000803F0000000000000000000000000000803F
]
[
m_fFrameScale
1.000000
]
[
m_ScenePort
gadgets\\emp mine\\Projectile2.PRT
]
[
m_NormalizeFrame
1
]
}
]
[
m_Begin
0.000000
]
[
m_End
0.100000
]
[
m_Invert
0
]
[
m_WarpTime
1
]
[
m_Loop
1
]
[
m_LoopTime
0.200000
]
}
]
[
m_Position
000000000000000000000000
]
[
m_Frame
0000803F0000000000000000000000000000803F0000000000000000000000000000803F
]
[
m_fFrameScale
1.000000
]
[
m_Pitch
5.321699
]
[
m_Yaw
-3.987654
]
[
m_Roll
4.321654
]
}
]
[
m_Bits
0
]
[
m_Type
01000000
]
[
m_MinDistance
0.000000
]
[
m_MaxDistance
2000.000000
]
[
m_fFadePercent
0.100000
]
[
m_MinDetailLevel
00000000
]
[
m_MaxDetailLevel
02000000
]
[
m_bZeroTime
0
]
}
]
[
m_Position
000000000000000000000000
]
[
m_Frame
0000803F0000000000000000000000000000803F0000000000000000000000000000803F
]
[
m_fFrameScale
1.000000
]
}
]
[
m_Fps
15.000000
]
[
m_Segments
0
]
[
m_TargetPosition
D45B22BE1E0665BD0C5619BD
]
[
m_TargetDistance
9.463672
]
[
m_TargetFrame
0B15FCBEF95A763E2624563FD99E5EBF2B1235BE6A06ECBEF596173DA65274BF11B1973E
]
}
