PRT
BBE32C0F2208BFD2
6E827BFD2E66D40C
{
[
m_Root
E98E268F2008D746
FD05A60085AB5053
{
[
m_NodeKey
CD7F66AA8CCB8151
]
[
m_Class
231158F1834B35BB
]
[
m_Name
Node
]
[
m_pTemplate
231158F1834B35BB
FE05A60085AB5053
{
[
m_Name

]
[
m_nNodeFlags
0
]
[
m_Children
0
]
[
m_Position
000000000000000000000000
]
[
m_Frame
0000803F0000000000000000000000000000803F0000000000000000000000000000803F
]
}
]
[
m_Children
1
F40F11A9E5528EFD
FBC725FCC2CB8151
{
[
m_NodeKey
A4F025FCC2CB8151
]
[
m_Class
C34AD77CBDD85FAC
]
[
m_Name
Node
]
[
m_pTemplate
C34AD77CBDD85FAC
C48633FCC2CB8151
{
[
m_Name

]
[
m_nNodeFlags
0
]
[
m_Children
0
]
[
m_Bits
0
]
[
m_Type
00000000
]
[
m_MinDistance
0.000000
]
[
m_MaxDistance
32768.000000
]
[
m_fFadePercent
0.100000
]
[
m_MinDetailLevel
00000000
]
[
m_MaxDetailLevel
02000000
]
[
m_bZeroTime
0
]
}
]
[
m_Children
2
1633BE1F4D8C0670
E0BFBEB6A1CA8151
{
[
m_NodeKey
76F3BEB6A1CA8151
]
[
m_Class
A961198F3000D746
]
[
m_Name
Node
]
[
m_pTemplate
A961198F3000D746
CB23CDB6A1CA8151
{
[
m_Name

]
[
m_nNodeFlags
0
]
[
m_Children
0
]
[
m_Position
000000000000000000000000
]
[
m_Frame
0000803F0000000000000000000000000000803F0000000000000000000000000000803F
]
[
m_Yaw
0.000000
]
[
m_Pitch
0.000000
]
[
m_Roll
0.000000
]
}
]
[
m_Children
2
23E338DC4B2BBF92
8DD38668B1CA8151
{
[
m_NodeKey
B3FB8668B1CA8151
]
[
m_Class
913D1AE2AA2BB936
]
[
m_Name
Node
]
[
m_pTemplate
913D1AE2AA2BB936
42F3A468B1CA8151
{
[
m_Name

]
[
m_nNodeFlags
0
]
[
m_Children
0
]
[
m_Position
000000000000000000000000
]
[
m_Frame
0000803F0000000000000000000000000000803F0000000000000000000000000000803F
]
[
m_pScene
0000000000000000
]
[
m_bNormalizeFrame
1
]
}
]
[
m_Children
0
]
[
m_Position
0000803E0000000000000000
]
[
m_Frame
0000803F0000000000000000000000000000803F0000000000000000000000000000803F
]
[
m_fFrameScale
1.000000
]
[
m_ScenePort
gadgets\\Variance Torpedo\\projectile.prt
]
[
m_NormalizeFrame
1
]
}
23E338DC4B2BBF92
31A1E0FA98CA8151
{
[
m_NodeKey
15D0E0FA98CA8151
]
[
m_Class
913D1AE2AA2BB936
]
[
m_Name
Node
]
[
m_pTemplate
913D1AE2AA2BB936
5FB3F1FA98CA8151
{
[
m_Name

]
[
m_nNodeFlags
0
]
[
m_Children
0
]
[
m_Position
000000000000000000000000
]
[
m_Frame
0000803F0000000000000000000000000000803F0000000000000000000000000000803F
]
[
m_pScene
0000000000000000
]
[
m_bNormalizeFrame
1
]
}
]
[
m_Children
0
]
[
m_Position
000080BE0000000000000000
]
[
m_Frame
0000803F0000000000000000000000000000803F0000000000000000000000000000803F
]
[
m_fFrameScale
1.000000
]
[
m_ScenePort
gadgets\\Variance Torpedo\\projectile.prt
]
[
m_NormalizeFrame
1
]
}
]
[
m_Position
000000000000000000000000
]
[
m_Frame
0000803F0000000000000000000000000000803F0000000000000000000000000000803F
]
[
m_fFrameScale
1.000000
]
[
m_Pitch
0.000000
]
[
m_Yaw
0.000000
]
[
m_Roll
2.500000
]
}
A3EF38DE4BABBF9C
087E6BB13CC08151
{
[
m_NodeKey
A1A86BB13CC08151
]
[
m_Class
B13DD2E2A2CBB936
]
[
m_Name
NodeSound
]
[
m_pTemplate
B13DD2E2A2CBB936
90B3A1B13CC08151
{
[
m_Name

]
[
m_nNodeFlags
0
]
[
m_Children
0
]
[
m_Sound
0000000000000000
]
[
m_Falloff
0.020000
]
[
m_Loop
0
]
}
]
[
m_Children
0
]
[
m_SoundPort
sound\\neno\\gadgets\\projectile\\torpedo projectile.prt
]
[
m_Falloff
0.007000
]
[
m_Loop
1
]
}
]
[
m_Bits
0
]
[
m_Type
01000000
]
[
m_MinDistance
0.000000
]
[
m_MaxDistance
2000.000000
]
[
m_fFadePercent
0.100000
]
[
m_MinDetailLevel
00000000
]
[
m_MaxDetailLevel
02000000
]
[
m_bZeroTime
0
]
}
]
[
m_Position
000000000000000000000000
]
[
m_Frame
0000803F0000000000000000000000000000803F0000000000000000000000000000803F
]
[
m_fFrameScale
1.000000
]
}
]
[
m_Fps
15.000000
]
[
m_Segments
0
]
[
m_TargetPosition
3D89C93EC382AB3E00000000
]
[
m_TargetDistance
10.032971
]
[
m_TargetFrame
82B6663FF918433EF448C73E9E28BF3DC76176BF698D823ED4ABD83E791C46BEF29862BF
]
}
